Removed Pin From Net: NetName=NetU1_8 Pin=U2-8
Added Component: Designator=C72(CERCAP 0402)
Add component (AddParameter): Name = "Diel"; Value = "X7R"; VariantName = "[No Variations]"
Add component (AddParameter): Name = "IsSMT"; Value = "NoSMT"; VariantName = "[No Variations]"
Add component (AddParameter): Name = "Value"; Value = ""; VariantName = "[No Variations]"
Add component (AddParameter): Name = "Voltage"; Value = ""; VariantName = "[No Variations]"
Added Component: Designator=R49(RES 0402)
Add component (AddParameter): Name = "IsSMT"; Value = "NoSMT"; VariantName = "[No Variations]"
Add component (AddParameter): Name = "Value"; Value = "1k"; VariantName = "[No Variations]"
Added Component: Designator=R50(RES 0402)
Add component (AddParameter): Name = "IsSMT"; Value = "NoSMT"; VariantName = "[No Variations]"
Add component (AddParameter): Name = "Value"; Value = "1k"; VariantName = "[No Variations]"
Added Component: Designator=R51(RES 0402)
Add component (AddParameter): Name = "IsSMT"; Value = "NoSMT"; VariantName = "[No Variations]"
Add component (AddParameter): Name = "Value"; Value = "1k"; VariantName = "[No Variations]"
Added Component: Designator=R52(RES 0402)
Add component (AddParameter): Name = "IsSMT"; Value = "NoSMT"; VariantName = "[No Variations]"
Add component (AddParameter): Name = "Value"; Value = "1k"; VariantName = "[No Variations]"
Added Component: Designator=R53(RES 0402)
Add component (AddParameter): Name = "IsSMT"; Value = "NoSMT"; VariantName = "[No Variations]"
Add component (AddParameter): Name = "Value"; Value = "1k"; VariantName = "[No Variations]"
Added Component: Designator=R54(RES 0402)
Add component (AddParameter): Name = "IsSMT"; Value = "NoSMT"; VariantName = "[No Variations]"
Add component (AddParameter): Name = "Value"; Value = "1k"; VariantName = "[No Variations]"
Added Component: Designator=R66(RES 0402)
Add component (AddParameter): Name = "IsSMT"; Value = "NoSMT"; VariantName = "[No Variations]"
Add component (AddParameter): Name = "Value"; Value = "0.2"; VariantName = "[No Variations]"
Added Component: Designator=R67(RES 0402)
Add component (AddParameter): Name = "IsSMT"; Value = "NoSMT"; VariantName = "[No Variations]"
Add component (AddParameter): Name = "Value"; Value = "1k"; VariantName = "[No Variations]"
Added Component: Designator=R68(RES 0402)
Add component (AddParameter): Name = "IsSMT"; Value = "NoSMT"; VariantName = "[No Variations]"
Add component (AddParameter): Name = "Value"; Value = ""; VariantName = "[No Variations]"
Added Component: Designator=R69(RES 0402)
Add component (AddParameter): Name = "IsSMT"; Value = "NoSMT"; VariantName = "[No Variations]"
Add component (AddParameter): Name = "Value"; Value = ""; VariantName = "[No Variations]"
Added Component: Designator=U15(SO-8)
Added Component: Designator=VD4(SOD-323)
Add component (AddParameter): Name = "BuyLink1"; Value = ""; VariantName = "[No Variations]"
Add component (AddParameter): Name = "IsSMT"; Value = "NoSMT"; VariantName = "[No Variations]"
Add component (AddParameter): Name = "LCSC Part #"; Value = ""; VariantName = "[No Variations]"
Add component (AddParameter): Name = "Order"; Value = ""; VariantName = "[No Variations]"
Added Component: Designator=VD5(SOD-323)
Add component (AddParameter): Name = "BuyLink1"; Value = ""; VariantName = "[No Variations]"
Add component (AddParameter): Name = "IsSMT"; Value = "NoSMT"; VariantName = "[No Variations]"
Add component (AddParameter): Name = "LCSC Part #"; Value = ""; VariantName = "[No Variations]"
Add component (AddParameter): Name = "Order"; Value = ""; VariantName = "[No Variations]"
Added Component: Designator=VD5(SOD-123)
Add component (AddParameter): Name = "IsSMT"; Value = "NoSMT"; VariantName = "[No Variations]"
Added Component: Designator=VD6(SOD-323)
Add component (AddParameter): Name = "BuyLink1"; Value = ""; VariantName = "[No Variations]"
Add component (AddParameter): Name = "IsSMT"; Value = "NoSMT"; VariantName = "[No Variations]"
Add component (AddParameter): Name = "LCSC Part #"; Value = ""; VariantName = "[No Variations]"
Add component (AddParameter): Name = "Order"; Value = ""; VariantName = "[No Variations]"
Added Component: Designator=VD7(SOD-323)
Add component (AddParameter): Name = "BuyLink1"; Value = ""; VariantName = "[No Variations]"
Add component (AddParameter): Name = "IsSMT"; Value = "NoSMT"; VariantName = "[No Variations]"
Add component (AddParameter): Name = "LCSC Part #"; Value = ""; VariantName = "[No Variations]"
Add component (AddParameter): Name = "Order"; Value = ""; VariantName = "[No Variations]"
Added Component: Designator=VD8(SOD-323)
Add component (AddParameter): Name = "BuyLink1"; Value = ""; VariantName = "[No Variations]"
Add component (AddParameter): Name = "IsSMT"; Value = "NoSMT"; VariantName = "[No Variations]"
Add component (AddParameter): Name = "LCSC Part #"; Value = ""; VariantName = "[No Variations]"
Add component (AddParameter): Name = "Order"; Value = ""; VariantName = "[No Variations]"
Added Component: Designator=VD9(SOD-323)
Add component (AddParameter): Name = "BuyLink1"; Value = ""; VariantName = "[No Variations]"
Add component (AddParameter): Name = "IsSMT"; Value = "NoSMT"; VariantName = "[No Variations]"
Add component (AddParameter): Name = "LCSC Part #"; Value = ""; VariantName = "[No Variations]"
Add component (AddParameter): Name = "Order"; Value = ""; VariantName = "[No Variations]"
Added Component: Designator=VT7(SOT23-3)
Add component (AddParameter): Name = "IsSMT"; Value = "NoSMT"; VariantName = "[No Variations]"
Added Component: Designator=VT8(SOT23-3)
Add component (AddParameter): Name = "IsSMT"; Value = "NoSMT"; VariantName = "[No Variations]"
Added Component: Designator=VT8(SOT23-3)
Add component (AddParameter): Name = "IsSMT"; Value = "NoSMT"; VariantName = "[No Variations]"
Added Component: Designator=VT9(SOT23-3)
Add component (AddParameter): Name = "IsSMT"; Value = "NoSMT"; VariantName = "[No Variations]"
Added Component: Designator=VT10(SOT23-3)
Add component (AddParameter): Name = "IsSMT"; Value = "NoSMT"; VariantName = "[No Variations]"
Added Component: Designator=VT11(SOT23-3)
Add component (AddParameter): Name = "IsSMT"; Value = "NoSMT"; VariantName = "[No Variations]"
Added Component: Designator=VT12(SOT23-3)
Add component (AddParameter): Name = "IsSMT"; Value = "NoSMT"; VariantName = "[No Variations]"
Added Component: Designator=X2(PLS-4-2.54)
Add component (AddParameter): Name = "IsSMT"; Value = "NoSMT"; VariantName = "[No Variations]"
Add component (AddParameter): Name = "Purpose"; Value = "SolarPanel"; VariantName = "[No Variations]"
Added Component: Designator=X3(PLS-4-2.54)
Add component (AddParameter): Name = "IsSMT"; Value = "NoSMT"; VariantName = "[No Variations]"
Add component (AddParameter): Name = "Purpose"; Value = "SolarPanel"; VariantName = "[No Variations]"
Added Component: Designator=X4(PLS-4-2.54)
Add component (AddParameter): Name = "IsSMT"; Value = "NoSMT"; VariantName = "[No Variations]"
Add component (AddParameter): Name = "Purpose"; Value = "SolarPanel"; VariantName = "[No Variations]"
Added Component: Designator=X5(PLS-4-2.54)
Add component (AddParameter): Name = "IsSMT"; Value = "NoSMT"; VariantName = "[No Variations]"
Add component (AddParameter): Name = "Purpose"; Value = "SolarPanel"; VariantName = "[No Variations]"
Added Component: Designator=X6(PLS-4-2.54)
Add component (AddParameter): Name = "IsSMT"; Value = "NoSMT"; VariantName = "[No Variations]"
Add component (AddParameter): Name = "Purpose"; Value = "SolarPanel"; VariantName = "[No Variations]"
Added Component: Designator=X7(PLS-4-2.54)
Add component (AddParameter): Name = "IsSMT"; Value = "NoSMT"; VariantName = "[No Variations]"
Add component (AddParameter): Name = "Purpose"; Value = "SolarPanel"; VariantName = "[No Variations]"
Added Pin To Net: NetName=GND Pin=C72-1
Added Pin To Net: NetName=GND Pin=R49-1
Added Pin To Net: NetName=GND Pin=R50-1
Added Pin To Net: NetName=GND Pin=R51-1
Added Pin To Net: NetName=GND Pin=R52-1
Added Pin To Net: NetName=GND Pin=R53-1
Added Pin To Net: NetName=GND Pin=R54-1
Added Pin To Net: NetName=GND Pin=R69-1
Added Pin To Net: NetName=BAT_2S Pin=U15-2
Added Pin To Net: NetName=GND Pin=U15-6
Added Pin To Net: NetName=GND Pin=VD4-A
Added Pin To Net: NetName=GND Pin=VD5-A
Added Pin To Net: NetName=NetUSB1_A4B9 Pin=VD5-A
Added Pin To Net: NetName=GND Pin=VD6-A
Added Pin To Net: NetName=GND Pin=VD7-A
Added Pin To Net: NetName=GND Pin=VD8-A
Added Pin To Net: NetName=GND Pin=VD9-A
Added Pin To Net: NetName=NetR38_2 Pin=VT7-2
Added Pin To Net: NetName=NetR38_2 Pin=VT8-2
Added Pin To Net: NetName=BAT_2S Pin=VT8-3
Added Pin To Net: NetName=NetR38_2 Pin=VT9-2
Added Pin To Net: NetName=NetR47_2 Pin=VT10-2
Added Pin To Net: NetName=NetR47_2 Pin=VT11-2
Added Pin To Net: NetName=NetR47_2 Pin=VT12-2
Added Pin To Net: NetName=NetC22_2 Pin=X1-77
Added Pin To Net: NetName=NetC22_2 Pin=X1-78
Added Pin To Net: NetName=NetC63_2 Pin=X1-79
Added Pin To Net: NetName=NetC63_2 Pin=X1-80
Added Pin To Net: NetName=GND Pin=X1-81
Added Pin To Net: NetName=GND Pin=X1-82
Added Pin To Net: NetName=GND Pin=X1-84
Added Pin To Net: NetName=GND Pin=X2-1
Added Pin To Net: NetName=GND Pin=X2-2
Added Pin To Net: NetName=GND Pin=X3-1
Added Pin To Net: NetName=GND Pin=X3-2
Added Pin To Net: NetName=GND Pin=X4-1
Added Pin To Net: NetName=GND Pin=X4-2
Added Pin To Net: NetName=GND Pin=X5-1
Added Pin To Net: NetName=GND Pin=X5-2
Added Pin To Net: NetName=GND Pin=X6-1
Added Pin To Net: NetName=GND Pin=X6-2
Added Pin To Net: NetName=GND Pin=X7-1
Added Pin To Net: NetName=GND Pin=X7-2
Added Pin To Net: NetName=NetC72_2 Pin=C72-2
Added Pin To Net: NetName=NetC72_2 Pin=R66-1
Added Pin To Net: NetName=NetC72_2 Pin=R67-1
Added Pin To Net: NetName=NetC72_2 Pin=R68-2
Added Pin To Net: NetName=NetC72_2 Pin=U15-3
Added Pin To Net: NetName=NetC72_2 Pin=U15-8
Added Pin To Net: NetName=NetC72_2 Pin=VD5-C
Added Net: Name=NetC72_2
Added Pin To Net: NetName=NetR49_2 Pin=R49-2
Added Pin To Net: NetName=NetR49_2 Pin=VD4-C
Added Pin To Net: NetName=NetR49_2 Pin=VT7-1
Added Net: Name=NetR49_2
Added Pin To Net: NetName=NetR50_2 Pin=R50-2
Added Pin To Net: NetName=NetR50_2 Pin=VD5-C
Added Pin To Net: NetName=NetR50_2 Pin=VT8-1
Added Net: Name=NetR50_2
Added Pin To Net: NetName=NetR51_2 Pin=R51-2
Added Pin To Net: NetName=NetR51_2 Pin=VD6-C
Added Pin To Net: NetName=NetR51_2 Pin=VT9-1
Added Net: Name=NetR51_2
Added Pin To Net: NetName=NetR52_2 Pin=R52-2
Added Pin To Net: NetName=NetR52_2 Pin=VD7-C
Added Pin To Net: NetName=NetR52_2 Pin=VT10-1
Added Net: Name=NetR52_2
Added Pin To Net: NetName=NetR53_2 Pin=R53-2
Added Pin To Net: NetName=NetR53_2 Pin=VD8-C
Added Pin To Net: NetName=NetR53_2 Pin=VT11-1
Added Net: Name=NetR53_2
Added Pin To Net: NetName=NetR54_2 Pin=R54-2
Added Pin To Net: NetName=NetR54_2 Pin=VD9-C
Added Pin To Net: NetName=NetR54_2 Pin=VT12-1
Added Net: Name=NetR54_2
Added Pin To Net: NetName=NetR66_2 Pin=R66-2
Added Pin To Net: NetName=NetR66_2 Pin=U15-1
Added Pin To Net: NetName=NetR66_2 Pin=VT8-2
Added Net: Name=NetR66_2
Added Pin To Net: NetName=NetR67_2 Pin=R67-2
Added Pin To Net: NetName=NetR67_2 Pin=U15-7
Added Pin To Net: NetName=NetR67_2 Pin=VT8-1
Added Net: Name=NetR67_2
Added Pin To Net: NetName=NetR68_1 Pin=R68-1
Added Pin To Net: NetName=NetR68_1 Pin=R69-2
Added Pin To Net: NetName=NetR68_1 Pin=U15-4
Added Net: Name=NetR68_1
Added Pin To Net: NetName=NetU2_8 Pin=U2-8
Added Net: Name=NetU2_8
Added Pin To Net: NetName=NetVT7_D1 Pin=X2-3
Added Pin To Net: NetName=NetVT7_D1 Pin=X2-4
Added Pin To Net: NetName=NetVT7_D1 Pin=VT7-3
Added Net: Name=NetVT7_D1
Added Pin To Net: NetName=NetVT8_D1 Pin=X3-3
Added Pin To Net: NetName=NetVT8_D1 Pin=X3-4
Added Pin To Net: NetName=NetVT8_D1 Pin=VT8-3
Added Net: Name=NetVT8_D1
Added Pin To Net: NetName=NetVT9_D1 Pin=X4-3
Added Pin To Net: NetName=NetVT9_D1 Pin=X4-4
Added Pin To Net: NetName=NetVT9_D1 Pin=VT9-3
Added Net: Name=NetVT9_D1
Added Pin To Net: NetName=NetVT10_D1 Pin=X5-3
Added Pin To Net: NetName=NetVT10_D1 Pin=X5-4
Added Pin To Net: NetName=NetVT10_D1 Pin=VT10-3
Added Net: Name=NetVT10_D1
Added Pin To Net: NetName=NetVT11_D1 Pin=X6-3
Added Pin To Net: NetName=NetVT11_D1 Pin=X6-4
Added Pin To Net: NetName=NetVT11_D1 Pin=VT11-3
Added Net: Name=NetVT11_D1
Added Pin To Net: NetName=NetVT12_D1 Pin=X7-3
Added Pin To Net: NetName=NetVT12_D1 Pin=X7-4
Added Pin To Net: NetName=NetVT12_D1 Pin=VT12-3
Added Net: Name=NetVT12_D1
Added Pin To Net: NetName=NetX1_1 Pin=X1-1
Added Net: Name=NetX1_1
Added Pin To Net: NetName=NetX1_3 Pin=X1-3
Added Net: Name=NetX1_3
Added Pin To Net: NetName=NetX1_17 Pin=X1-17
Added Net: Name=NetX1_17
Added Pin To Net: NetName=NetX1_18 Pin=X1-18
Added Net: Name=NetX1_18
Added Pin To Net: NetName=NetX1_19 Pin=X1-19
Added Net: Name=NetX1_19
Added Pin To Net: NetName=NetX1_20 Pin=X1-20
Added Net: Name=NetX1_20
Added Pin To Net: NetName=NetX1_21 Pin=X1-21
Added Net: Name=NetX1_21
Added Pin To Net: NetName=NetX1_23 Pin=X1-23
Added Net: Name=NetX1_23
Added Pin To Net: NetName=NetX1_39 Pin=X1-39
Added Net: Name=NetX1_39
Added Pin To Net: NetName=NetX1_40 Pin=X1-40
Added Net: Name=NetX1_40
Added Pin To Net: NetName=NetX1_41 Pin=X1-41
Added Net: Name=NetX1_41
Added Pin To Net: NetName=NetX1_43 Pin=X1-43
Added Net: Name=NetX1_43
Added Pin To Net: NetName=NetX1_53 Pin=X1-53
Added Net: Name=NetX1_53
Added Pin To Net: NetName=NetX1_55 Pin=X1-55
Added Net: Name=NetX1_55
Added Pin To Net: NetName=NetX1_73 Pin=X1-73
Added Net: Name=NetX1_73
Added Pin To Net: NetName=NetX1_74 Pin=X1-74
Added Net: Name=NetX1_74
Added Pin To Net: NetName=NetX1_94 Pin=X1-94
Added Net: Name=NetX1_94
Added Pin To Net: NetName=NetX1_97 Pin=X1-97
Added Pin To Net: NetName=NetX1_97 Pin=X1-98
Added Net: Name=NetX1_97
Added Class: Name=Connectors
Added Room: Name=Connectors
