Removed Pin From Net: NetName=GND Pin=C29-2
Removed Pin From Net: NetName=GND Pin=C59-1
Removed Pin From Net: NetName=GND Pin=C71-1
Removed Pin From Net: NetName=NetR33_1 Pin=R34-2
Removed Pin From Net: NetName=NetC22_2 Pin=R61-1
Removed Pin From Net: NetName=NetC20_2 Pin=R62-1
Removed Pin From Net: NetName=NetC63_2 Pin=R64-1
Removed Pin From Net: NetName=NetC17_2 Pin=R65-1
Removed Pin From Net: NetName=GND Pin=U10-TH
Removed Pin From Net: NetName=GND Pin=U13-1
Removed Pin From Net: NetName=GND Pin=U13-2
Removed Pin From Net: NetName=GND Pin=U14-1
Removed Pin From Net: NetName=GND Pin=U14-2
Change Component Comment : Designator=R33 Old Comment=RES 0402 * New Comment=RES 0402 X
Change Component Comment : Designator=R34 Old Comment=RES 0402 * New Comment=RES 0402 10k
Change Component Comment : Designator=R62 Old Comment=RES 0402 5 Ohm New Comment=RES 0402 X
Change Component Comment : Designator=R65 Old Comment=RES 0402 5 Ohm New Comment=RES 0402 X
Change Component Comment : Designator=R61 Old Comment=RES 0402 5 Ohm New Comment=RES 0402 10k
Change Component Comment : Designator=R64 Old Comment=RES 0402 5 Ohm New Comment=RES 0402 10k
Change component parameters: Designator = "R33" ("R40"); Footprint = "RES 0402"; UniqueID = "\POBQOFNL\WGAUFZDM" ("\POBQOFNL\WGAUFZDM")
Change component parameters (AddParameter): Name = "IsSMT"; Value = "NoSMT"; VariantName = "[No Variations]"
Change component parameters (AddParameter): Name = "Value"; Value = "X"; VariantName = "[No Variations]"
Change component parameters: Designator = "R34" ("R41"); Footprint = "RES 0402"; UniqueID = "\POBQOFNL\NONQRWXK" ("\POBQOFNL\NONQRWXK")
Change component parameters (AddParameter): Name = "IsSMT"; Value = "NoSMT"; VariantName = "[No Variations]"
Change component parameters (AddParameter): Name = "Value"; Value = "10k"; VariantName = "[No Variations]"
Change component parameters: Designator = "R61" ("R51"); Footprint = "RES 0402"; UniqueID = "\POBQOFNL\WJEELMGC" ("\POBQOFNL\WJEELMGC")
Change component parameters (AddParameter): Name = "IsSMT"; Value = "NoSMT"; VariantName = "[No Variations]"
Change component parameters (AddParameter): Name = "Value"; Value = "10k"; VariantName = "[No Variations]"
Change component parameters: Designator = "R62" ("R54"); Footprint = "RES 0402"; UniqueID = "\POBQOFNL\IRWCXWXB" ("\POBQOFNL\IRWCXWXB")
Change component parameters (AddParameter): Name = "IsSMT"; Value = "NoSMT"; VariantName = "[No Variations]"
Change component parameters (AddParameter): Name = "Value"; Value = "X"; VariantName = "[No Variations]"
Change component parameters: Designator = "R64" ("R55"); Footprint = "RES 0402"; UniqueID = "\POBQOFNL\VILWCGHZ" ("\POBQOFNL\VILWCGHZ")
Change component parameters (AddParameter): Name = "IsSMT"; Value = "NoSMT"; VariantName = "[No Variations]"
Change component parameters (AddParameter): Name = "Value"; Value = "10k"; VariantName = "[No Variations]"
Change component parameters: Designator = "R65" ("R57"); Footprint = "RES 0402"; UniqueID = "\POBQOFNL\GGOOZOJZ" ("\POBQOFNL\GGOOZOJZ")
Change component parameters (AddParameter): Name = "IsSMT"; Value = "NoSMT"; VariantName = "[No Variations]"
Change component parameters (AddParameter): Name = "Value"; Value = "X"; VariantName = "[No Variations]"
Added Component: Designator=C57_OverCurrent_Protection_1(CERCAP 0402)
Add component (AddParameter): Name = "Diel"; Value = "X7R"; VariantName = "[No Variations]"
Add component (AddParameter): Name = "IsSMT"; Value = "NoSMT"; VariantName = "[No Variations]"
Add component (AddParameter): Name = "Value"; Value = "0.1uF"; VariantName = "[No Variations]"
Add component (AddParameter): Name = "Voltage"; Value = ""; VariantName = "[No Variations]"
Added Component: Designator=R50(RES 0402)
Add component (AddParameter): Name = "IsSMT"; Value = "NoSMT"; VariantName = "[No Variations]"
Add component (AddParameter): Name = "Value"; Value = "X"; VariantName = "[No Variations]"
Added Component: Designator=R52_OverCurrent_Protection_1(RES 0402)
Add component (AddParameter): Name = "IsSMT"; Value = "NoSMT"; VariantName = "[No Variations]"
Add component (AddParameter): Name = "Value"; Value = ""; VariantName = "[No Variations]"
Added Component: Designator=R58_OverCurrent_Protection_1(RES 0402)
Add component (AddParameter): Name = "IsSMT"; Value = "NoSMT"; VariantName = "[No Variations]"
Add component (AddParameter): Name = "Value"; Value = "10k"; VariantName = "[No Variations]"
Added Component: Designator=R59_OverCurrent_Protection_1(RES 0402)
Add component (AddParameter): Name = "IsSMT"; Value = "NoSMT"; VariantName = "[No Variations]"
Add component (AddParameter): Name = "Value"; Value = ""; VariantName = "[No Variations]"
Added Component: Designator=R60_OverCurrent_Protection_1(RES 0402)
Add component (AddParameter): Name = "IsSMT"; Value = "NoSMT"; VariantName = "[No Variations]"
Add component (AddParameter): Name = "Value"; Value = ""; VariantName = "[No Variations]"
Added Component: Designator=R61_OverCurrent_Protection_1(RES 0402)
Add component (AddParameter): Name = "IsSMT"; Value = "NoSMT"; VariantName = "[No Variations]"
Add component (AddParameter): Name = "Value"; Value = ""; VariantName = "[No Variations]"
Added Component: Designator=R62_OverCurrent_Protection_1(RES 0402)
Add component (AddParameter): Name = "IsSMT"; Value = "NoSMT"; VariantName = "[No Variations]"
Add component (AddParameter): Name = "Value"; Value = ""; VariantName = "[No Variations]"
Added Component: Designator=R63_OverCurrent_Protection_1(RES 0402)
Add component (AddParameter): Name = "IsSMT"; Value = "NoSMT"; VariantName = "[No Variations]"
Add component (AddParameter): Name = "Value"; Value = ""; VariantName = "[No Variations]"
Added Component: Designator=R64_OverCurrent_Protection_1(RES 0402)
Add component (AddParameter): Name = "IsSMT"; Value = "NoSMT"; VariantName = "[No Variations]"
Add component (AddParameter): Name = "Value"; Value = ""; VariantName = "[No Variations]"
Added Component: Designator=R65_OverCurrent_Protection_1(RES 0402)
Add component (AddParameter): Name = "IsSMT"; Value = "NoSMT"; VariantName = "[No Variations]"
Add component (AddParameter): Name = "Value"; Value = ""; VariantName = "[No Variations]"
Added Component: Designator=R66_OverCurrent_Protection_1(RES 0402)
Add component (AddParameter): Name = "IsSMT"; Value = "NoSMT"; VariantName = "[No Variations]"
Add component (AddParameter): Name = "Value"; Value = ""; VariantName = "[No Variations]"
Added Component: Designator=R78(RES 0402)
Add component (AddParameter): Name = "IsSMT"; Value = "NoSMT"; VariantName = "[No Variations]"
Add component (AddParameter): Name = "Value"; Value = "10k"; VariantName = "[No Variations]"
Added Component: Designator=U7_OverCurrent_Protection_1(DFN-8-2x2)
Added Component: Designator=U12_OverCurrent_Protection_1(DFN-8-2x2)
Added Component: Designator=VT7_OverCurrent_Protection_1(SOT23-3)
Add component (AddParameter): Name = "IsSMT"; Value = "NoSMT"; VariantName = "[No Variations]"
Added Component: Designator=VT7(SOT23-3)
Add component (AddParameter): Name = "IsSMT"; Value = "NoSMT"; VariantName = "[No Variations]"
Added Component: Designator=VT8(SOT23-3)
Add component (AddParameter): Name = "IsSMT"; Value = "NoSMT"; VariantName = "[No Variations]"
Added Component: Designator=VT9(SOT23-3)
Add component (AddParameter): Name = "IsSMT"; Value = "NoSMT"; VariantName = "[No Variations]"
Added Component: Designator=VT10(SOT23-3)
Add component (AddParameter): Name = "IsSMT"; Value = "NoSMT"; VariantName = "[No Variations]"
Added Pin To Net: NetName=GND Pin=C57_OverCurrent_Protection_1-1
Added Pin To Net: NetName=V_SYS Pin=C57_OverCurrent_Protection_1-2
Added Pin To Net: NetName=GND Pin=R33-2
Added Pin To Net: NetName=GND Pin=R50-2
Added Pin To Net: NetName=V_SYS Pin=R58_OverCurrent_Protection_1-2
Added Pin To Net: NetName=GND Pin=R61-1
Added Pin To Net: NetName=GND Pin=R62-2
Added Pin To Net: NetName=GND Pin=R64-1
Added Pin To Net: NetName=V_SYS Pin=R64_OverCurrent_Protection_1-2
Added Pin To Net: NetName=GND Pin=R65-2
Added Pin To Net: NetName=GND Pin=R65_OverCurrent_Protection_1-1
Added Pin To Net: NetName=GND Pin=R66_OverCurrent_Protection_1-2
Added Pin To Net: NetName=GND Pin=R78-1
Added Pin To Net: NetName=NetC17_2 Pin=U7_OverCurrent_Protection_1-3
Added Pin To Net: NetName=GND Pin=U7_OverCurrent_Protection_1-4
Added Pin To Net: NetName=NetC63_2 Pin=U7_OverCurrent_Protection_1-5
Added Pin To Net: NetName=V_SYS Pin=U7_OverCurrent_Protection_1-8
Added Pin To Net: NetName=NetC20_2 Pin=U8-3
Added Pin To Net: NetName=NetC22_2 Pin=U8-5
Added Pin To Net: NetName=NetR52_1 Pin=U9-8
Added Pin To Net: NetName=GND Pin=U12_OverCurrent_Protection_1-4
Added Pin To Net: NetName=V_SYS Pin=U12_OverCurrent_Protection_1-8
Added Pin To Net: NetName=GND Pin=VT7-2
Added Pin To Net: NetName=GND Pin=VT7_OverCurrent_Protection_1-2
Added Pin To Net: NetName=GND Pin=VT8-2
Added Pin To Net: NetName=GND Pin=VT9-2
Added Pin To Net: NetName=GND Pin=VT10-2
Added Pin To Net: NetName=BAT_2S Pin=X11-2
Added Pin To Net: NetName=NetR33_1 Pin=X11-3
Added Pin To Net: NetName=BAT_2S Pin=X12-2
Added Pin To Net: NetName=BAT_2S Pin=X13-2
Added Pin To Net: NetName=BAT_2S Pin=X14-2
Change Net Name : Old Net Name=NetC17_2 New Net Name=IN+_OverCurrent_Protection_1
Change Net Name : Old Net Name=NetC20_2 New Net Name=IN+_OverCurrent_Protection_2
Change Net Name : Old Net Name=NetC22_2 New Net Name=IN-_OverCurrent_Protection_2
Change Net Name : Old Net Name=NetC63_2 New Net Name=IN-_OverCurrent_Protection_1
Change Net Name : Old Net Name=V_SYS New Net Name=V_SYS_OverCurrent_Protection_1
Added Pin To Net: NetName=NetR34_2 Pin=R34-2
Added Pin To Net: NetName=NetR34_2 Pin=VT7-1
Added Net: Name=NetR34_2
Added Pin To Net: NetName=NetR50_1 Pin=R50-1
Added Pin To Net: NetName=NetR50_1 Pin=X12-3
Added Net: Name=NetR50_1
Added Pin To Net: NetName=NetR52_OverCurrent_Protection_1_1 Pin=R52_OverCurrent_Protection_1-1
Added Pin To Net: NetName=NetR52_OverCurrent_Protection_1_1 Pin=U12_OverCurrent_Protection_1-3
Added Pin To Net: NetName=NetR52_OverCurrent_Protection_1_1 Pin=U12_OverCurrent_Protection_1-7
Added Net: Name=NetR52_OverCurrent_Protection_1_1
Added Pin To Net: NetName=NetR52_OverCurrent_Protection_1_2 Pin=R52_OverCurrent_Protection_1-2
Added Pin To Net: NetName=NetR52_OverCurrent_Protection_1_2 Pin=R60_OverCurrent_Protection_1-2
Added Pin To Net: NetName=NetR52_OverCurrent_Protection_1_2 Pin=U12_OverCurrent_Protection_1-5
Added Net: Name=NetR52_OverCurrent_Protection_1_2
Added Pin To Net: NetName=NetR58_OverCurrent_Protection_1_1 Pin=R58_OverCurrent_Protection_1-1
Added Pin To Net: NetName=NetR58_OverCurrent_Protection_1_1 Pin=U7-8
Added Pin To Net: NetName=NetR58_OverCurrent_Protection_1_1 Pin=VT7_OverCurrent_Protection_1-3
Added Net: Name=NetR58_OverCurrent_Protection_1_1
Added Pin To Net: NetName=NetR59_OverCurrent_Protection_1_1 Pin=R59_OverCurrent_Protection_1-1
Added Pin To Net: NetName=NetR59_OverCurrent_Protection_1_1 Pin=R61_OverCurrent_Protection_1-2
Added Pin To Net: NetName=NetR59_OverCurrent_Protection_1_1 Pin=U7_OverCurrent_Protection_1-2
Added Net: Name=NetR59_OverCurrent_Protection_1_1
Added Pin To Net: NetName=NetR59_OverCurrent_Protection_1_2 Pin=R59_OverCurrent_Protection_1-2
Added Pin To Net: NetName=NetR59_OverCurrent_Protection_1_2 Pin=R60_OverCurrent_Protection_1-1
Added Pin To Net: NetName=NetR59_OverCurrent_Protection_1_2 Pin=U7_OverCurrent_Protection_1-1
Added Net: Name=NetR59_OverCurrent_Protection_1_2
Added Pin To Net: NetName=NetR61_2 Pin=R61-2
Added Pin To Net: NetName=NetR61_2 Pin=VT8-1
Added Net: Name=NetR61_2
Added Pin To Net: NetName=NetR61_OverCurrent_Protection_1_1 Pin=R61_OverCurrent_Protection_1-1
Added Pin To Net: NetName=NetR61_OverCurrent_Protection_1_1 Pin=R62_OverCurrent_Protection_1-1
Added Pin To Net: NetName=NetR61_OverCurrent_Protection_1_1 Pin=U7_OverCurrent_Protection_1-6
Added Net: Name=NetR61_OverCurrent_Protection_1_1
Added Pin To Net: NetName=NetR62_1 Pin=R62-1
Added Pin To Net: NetName=NetR62_1 Pin=X13-3
Added Net: Name=NetR62_1
Added Pin To Net: NetName=NetR62_OverCurrent_Protection_1_2 Pin=R62_OverCurrent_Protection_1-2
Added Pin To Net: NetName=NetR62_OverCurrent_Protection_1_2 Pin=R63_OverCurrent_Protection_1-1
Added Pin To Net: NetName=NetR62_OverCurrent_Protection_1_2 Pin=U7_OverCurrent_Protection_1-7
Added Net: Name=NetR62_OverCurrent_Protection_1_2
Added Pin To Net: NetName=NetR63_OverCurrent_Protection_1_2 Pin=R63_OverCurrent_Protection_1-2
Added Pin To Net: NetName=NetR63_OverCurrent_Protection_1_2 Pin=R65_OverCurrent_Protection_1-2
Added Pin To Net: NetName=NetR63_OverCurrent_Protection_1_2 Pin=U12_OverCurrent_Protection_1-6
Added Net: Name=NetR63_OverCurrent_Protection_1_2
Added Pin To Net: NetName=NetR64_2 Pin=R64-2
Added Pin To Net: NetName=NetR64_2 Pin=VT9-1
Added Net: Name=NetR64_2
Added Pin To Net: NetName=NetR64_OverCurrent_Protection_1_1 Pin=R64_OverCurrent_Protection_1-1
Added Pin To Net: NetName=NetR64_OverCurrent_Protection_1_1 Pin=R66_OverCurrent_Protection_1-1
Added Pin To Net: NetName=NetR64_OverCurrent_Protection_1_1 Pin=U12_OverCurrent_Protection_1-2
Added Net: Name=NetR64_OverCurrent_Protection_1_1
Added Pin To Net: NetName=NetR65_1 Pin=R65-1
Added Pin To Net: NetName=NetR65_1 Pin=X14-3
Added Net: Name=NetR65_1
Added Pin To Net: NetName=NetR78_2 Pin=R78-2
Added Pin To Net: NetName=NetR78_2 Pin=VT10-1
Added Net: Name=NetR78_2
Added Pin To Net: NetName=NetU12_OverCurrent_Protection_1_1 Pin=U12_OverCurrent_Protection_1-1
Added Pin To Net: NetName=NetU12_OverCurrent_Protection_1_1 Pin=VT7_OverCurrent_Protection_1-1
Added Net: Name=NetU12_OverCurrent_Protection_1_1
Added Pin To Net: NetName=NetVT7_D6 Pin=X11-1
Added Pin To Net: NetName=NetVT7_D6 Pin=VT7-3
Added Net: Name=NetVT7_D6
Added Pin To Net: NetName=NetVT8_D6 Pin=X12-1
Added Pin To Net: NetName=NetVT8_D6 Pin=VT8-3
Added Net: Name=NetVT8_D6
Added Pin To Net: NetName=NetVT9_D6 Pin=X13-1
Added Pin To Net: NetName=NetVT9_D6 Pin=VT9-3
Added Net: Name=NetVT9_D6
Added Pin To Net: NetName=NetVT10_D6 Pin=X14-1
Added Pin To Net: NetName=NetVT10_D6 Pin=VT10-3
Added Net: Name=NetVT10_D6
Added Class: Name=OverCurrent_Protection
Added Room: Name=V_SYS_Regulator
