Change Component Comment : Designator=R67 Old Comment=RES 0402 X New Comment=RES 0402 1k
Change Component Comment : Designator=R75 Old Comment=RES 0402 X New Comment=RES 0402 1k
Change Component Comment : Designator=R68 Old Comment=RES 0402 X New Comment=RES 0402 2k
Change Component Comment : Designator=R76 Old Comment=RES 0402 X New Comment=RES 0402 2k
Change Component Comment : Designator=R55 Old Comment=RES 0402 X New Comment=RES 0402 4.7k
Change Component Comment : Designator=R56 Old Comment=RES 0402 X New Comment=RES 0402 4.7k
Change component parameters: Designator = "R55" ("R25"); Footprint = "RES 0402"; UniqueID = "\POBQOFNL\VXFZKGHN" ("\POBQOFNL\VXFZKGHN")
Change component parameters (AddParameter): Name = "IsSMT"; Value = "NoSMT"; VariantName = "[No Variations]"
Change component parameters (AddParameter): Name = "Value"; Value = "4.7k"; VariantName = "[No Variations]"
Change component parameters: Designator = "R56" ("R26"); Footprint = "RES 0402"; UniqueID = "\POBQOFNL\BLKYRWOM" ("\POBQOFNL\BLKYRWOM")
Change component parameters (AddParameter): Name = "IsSMT"; Value = "NoSMT"; VariantName = "[No Variations]"
Change component parameters (AddParameter): Name = "Value"; Value = "4.7k"; VariantName = "[No Variations]"
Change component parameters: Designator = "R67" ("R46"); Footprint = "RES 0402"; UniqueID = "\CSBXWPJF\TVDUVPNV" ("\CSBXWPJF\TVDUVPNV")
Change component parameters (AddParameter): Name = "IsSMT"; Value = "NoSMT"; VariantName = "[No Variations]"
Change component parameters (AddParameter): Name = "Value"; Value = "1k"; VariantName = "[No Variations]"
Change component parameters: Designator = "R68" ("R47"); Footprint = "RES 0402"; UniqueID = "\CSBXWPJF\HTXIRGFB" ("\CSBXWPJF\HTXIRGFB")
Change component parameters (AddParameter): Name = "IsSMT"; Value = "NoSMT"; VariantName = "[No Variations]"
Change component parameters (AddParameter): Name = "Value"; Value = "2k"; VariantName = "[No Variations]"
Change component parameters: Designator = "R75" ("R46"); Footprint = "RES 0402"; UniqueID = "\MAGJEHQF\TVDUVPNV" ("\MAGJEHQF\TVDUVPNV")
Change component parameters (AddParameter): Name = "IsSMT"; Value = "NoSMT"; VariantName = "[No Variations]"
Change component parameters (AddParameter): Name = "Value"; Value = "1k"; VariantName = "[No Variations]"
Change component parameters: Designator = "R76" ("R47"); Footprint = "RES 0402"; UniqueID = "\MAGJEHQF\HTXIRGFB" ("\MAGJEHQF\HTXIRGFB")
Change component parameters (AddParameter): Name = "IsSMT"; Value = "NoSMT"; VariantName = "[No Variations]"
Change component parameters (AddParameter): Name = "Value"; Value = "2k"; VariantName = "[No Variations]"
