Removed Pin From Net: NetName=GND Pin=U?_MPPT1-TH
Removed Pin From Net: NetName=GND Pin=U?_MPPT2-TH
Change Component Designator: OldDesignator=R? NewDesignator=R30
Change Component Designator: OldDesignator=U?_MPPT1 NewDesignator=U4_MPPT1
Change Component Designator: OldDesignator=U?_MPPT2 NewDesignator=U4_MPPT2
Added Component: Designator=USB1(USB_Type-C)
Added Pin To Net: NetName=GND Pin=USB1-A1B12
Added Pin To Net: NetName=NetUSB1_A4B9 Pin=USB1-A4B9
Added Pin To Net: NetName=USB_DP Pin=USB1-A6
Added Pin To Net: NetName=USB_DN Pin=USB1-A7
Added Pin To Net: NetName=GND Pin=USB1-B1A12
Added Pin To Net: NetName=NetUSB1_A4B9 Pin=USB1-B4A9
Added Pin To Net: NetName=NetR29_2 Pin=USB1-B5
Added Pin To Net: NetName=USB_DP Pin=USB1-B6
Added Pin To Net: NetName=USB_DN Pin=USB1-B7
Added Pin To Net: NetName=GND Pin=USB1-TH
Added Pin To Net: NetName=GND Pin=USB1-TH
Added Pin To Net: NetName=GND Pin=USB1-TH
Added Pin To Net: NetName=GND Pin=USB1-TH
Change Net Name : Old Net Name=NetU?_MPPT1_13 New Net Name=NetU4_MPPT1_13
Change Net Name : Old Net Name=NetU?_MPPT1_15 New Net Name=NetU4_MPPT1_15
Change Net Name : Old Net Name=NetU?_MPPT2_13 New Net Name=NetU4_MPPT2_13
Change Net Name : Old Net Name=NetU?_MPPT2_15 New Net Name=NetU4_MPPT2_15
Added Pin To Net: NetName=NetR30_2 Pin=R30-2
Added Pin To Net: NetName=NetR30_2 Pin=USB1-A5
Added Net: Name=NetR30_2
