Removed Pin From Net: NetName=NetBAT1_BAT1_K Pin=VT?_BAT1-1
Removed Pin From Net: NetName=NetBAT1_BAT1_K Pin=VT?_BAT1-2
Removed Pin From Net: NetName=NetBAT1_BAT1_K Pin=VT?_BAT1-3
Removed Pin From Net: NetName=NetBAT1_BAT4_K Pin=VT?_BAT4-1
Removed Pin From Net: NetName=NetBAT1_BAT4_K Pin=VT?_BAT4-2
Removed Pin From Net: NetName=NetBAT1_BAT4_K Pin=VT?_BAT4-3
Change Component Comment : Designator=R1 Old Comment=RES 0402 10k New Comment=RES 0402 *
Change Component Designator: OldDesignator=U?_BAT1 NewDesignator=U2_BAT1
Change Component Designator: OldDesignator=U?_BAT2 NewDesignator=U2_BAT2
Change Component Designator: OldDesignator=U?_BAT3 NewDesignator=U2_BAT3
Change Component Designator: OldDesignator=U?_BAT4 NewDesignator=U2_BAT4
Change component parameters: Designator = "R1" ("R1"); Footprint = "RES 0402"; UniqueID = "\POBQOFNL\VQXFVNAK" ("\POBQOFNL\VQXFVNAK")
Change component parameters (AddParameter): Name = "IsSMT"; Value = "NoSMT"; VariantName = "[No Variations]"
Change component parameters (AddParameter): Name = "Value"; Value = ""; VariantName = "[No Variations]"
Added Component: Designator=C1_BAT1(CERCAP 0402)
Add component (AddParameter): Name = "Diel"; Value = "X7R"; VariantName = "[No Variations]"
Add component (AddParameter): Name = "IsSMT"; Value = "NoSMT"; VariantName = "[No Variations]"
Add component (AddParameter): Name = "Value"; Value = "0.1uF"; VariantName = "[No Variations]"
Add component (AddParameter): Name = "Voltage"; Value = ""; VariantName = "[No Variations]"
Added Component: Designator=C1_BAT2(CERCAP 0402)
Add component (AddParameter): Name = "Diel"; Value = "X7R"; VariantName = "[No Variations]"
Add component (AddParameter): Name = "IsSMT"; Value = "NoSMT"; VariantName = "[No Variations]"
Add component (AddParameter): Name = "Value"; Value = "0.1uF"; VariantName = "[No Variations]"
Add component (AddParameter): Name = "Voltage"; Value = ""; VariantName = "[No Variations]"
Added Component: Designator=C1_BAT3(CERCAP 0402)
Add component (AddParameter): Name = "Diel"; Value = "X7R"; VariantName = "[No Variations]"
Add component (AddParameter): Name = "IsSMT"; Value = "NoSMT"; VariantName = "[No Variations]"
Add component (AddParameter): Name = "Value"; Value = "0.1uF"; VariantName = "[No Variations]"
Add component (AddParameter): Name = "Voltage"; Value = ""; VariantName = "[No Variations]"
Added Component: Designator=C1_BAT4(CERCAP 0402)
Add component (AddParameter): Name = "Diel"; Value = "X7R"; VariantName = "[No Variations]"
Add component (AddParameter): Name = "IsSMT"; Value = "NoSMT"; VariantName = "[No Variations]"
Add component (AddParameter): Name = "Value"; Value = "0.1uF"; VariantName = "[No Variations]"
Add component (AddParameter): Name = "Voltage"; Value = ""; VariantName = "[No Variations]"
Added Component: Designator=R2_BAT1(RES 0402)
Add component (AddParameter): Name = "IsSMT"; Value = "NoSMT"; VariantName = "[No Variations]"
Add component (AddParameter): Name = "Value"; Value = "330"; VariantName = "[No Variations]"
Added Component: Designator=R2_BAT2(RES 0402)
Add component (AddParameter): Name = "IsSMT"; Value = "NoSMT"; VariantName = "[No Variations]"
Add component (AddParameter): Name = "Value"; Value = "330"; VariantName = "[No Variations]"
Added Component: Designator=R2_BAT3(RES 0402)
Add component (AddParameter): Name = "IsSMT"; Value = "NoSMT"; VariantName = "[No Variations]"
Add component (AddParameter): Name = "Value"; Value = "330"; VariantName = "[No Variations]"
Added Component: Designator=R2_BAT4(RES 0402)
Add component (AddParameter): Name = "IsSMT"; Value = "NoSMT"; VariantName = "[No Variations]"
Add component (AddParameter): Name = "Value"; Value = "330"; VariantName = "[No Variations]"
Added Component: Designator=R3_BAT1(RES 0402)
Add component (AddParameter): Name = "IsSMT"; Value = "NoSMT"; VariantName = "[No Variations]"
Add component (AddParameter): Name = "Value"; Value = "2.7k"; VariantName = "[No Variations]"
Added Component: Designator=R3_BAT2(RES 0402)
Add component (AddParameter): Name = "IsSMT"; Value = "NoSMT"; VariantName = "[No Variations]"
Add component (AddParameter): Name = "Value"; Value = "2.7k"; VariantName = "[No Variations]"
Added Component: Designator=R3_BAT3(RES 0402)
Add component (AddParameter): Name = "IsSMT"; Value = "NoSMT"; VariantName = "[No Variations]"
Add component (AddParameter): Name = "Value"; Value = "2.7k"; VariantName = "[No Variations]"
Added Component: Designator=R3_BAT4(RES 0402)
Add component (AddParameter): Name = "IsSMT"; Value = "NoSMT"; VariantName = "[No Variations]"
Add component (AddParameter): Name = "Value"; Value = "2.7k"; VariantName = "[No Variations]"
Added Pin To Net: NetName=NetBAT1_BAT1_K Pin=C1_BAT1-1
Added Pin To Net: NetName=NetBAT1_BAT2_K Pin=C1_BAT2-1
Added Pin To Net: NetName=NetBAT1_BAT3_K Pin=C1_BAT3-1
Added Pin To Net: NetName=NetBAT1_BAT4_K Pin=C1_BAT4-1
Added Pin To Net: NetName=BAT_2S Pin=R2_BAT1-2
Added Pin To Net: NetName=BAT_2S Pin=R2_BAT2-2
Added Pin To Net: NetName=BAT_1S Pin=R2_BAT3-2
Added Pin To Net: NetName=BAT_1S Pin=R2_BAT4-2
Added Pin To Net: NetName=BAT_1S Pin=R3_BAT1-1
Added Pin To Net: NetName=BAT_1S Pin=R3_BAT2-1
Added Pin To Net: NetName=NetVT1_S1 Pin=R3_BAT3-1
Added Pin To Net: NetName=NetVT1_S1 Pin=R3_BAT4-1
Added Pin To Net: NetName=NetBAT1_BAT1_K Pin=U2_BAT1-1
Added Pin To Net: NetName=NetBAT1_BAT1_K Pin=U2_BAT1-2
Added Pin To Net: NetName=BAT_1S Pin=U2_BAT1-6
Added Pin To Net: NetName=NetBAT1_BAT2_K Pin=U2_BAT2-1
Added Pin To Net: NetName=NetBAT1_BAT2_K Pin=U2_BAT2-2
Added Pin To Net: NetName=BAT_1S Pin=U2_BAT2-6
Added Pin To Net: NetName=NetBAT1_BAT3_K Pin=U2_BAT3-1
Added Pin To Net: NetName=NetBAT1_BAT3_K Pin=U2_BAT3-2
Added Pin To Net: NetName=NetVT1_S1 Pin=U2_BAT3-6
Added Pin To Net: NetName=NetBAT1_BAT4_K Pin=U2_BAT4-1
Added Pin To Net: NetName=NetBAT1_BAT4_K Pin=U2_BAT4-2
Added Pin To Net: NetName=NetVT1_S1 Pin=U2_BAT4-6
Change Net Name : Old Net Name=NetVT1_S1 New Net Name=NetR3_BAT3_1
Added Pin To Net: NetName=NetC1_BAT1_2 Pin=C1_BAT1-2
Added Pin To Net: NetName=NetC1_BAT1_2 Pin=R2_BAT1-1
Added Pin To Net: NetName=NetC1_BAT1_2 Pin=U2_BAT1-3
Added Net: Name=NetC1_BAT1_2
Added Pin To Net: NetName=NetC1_BAT2_2 Pin=C1_BAT2-2
Added Pin To Net: NetName=NetC1_BAT2_2 Pin=R2_BAT2-1
Added Pin To Net: NetName=NetC1_BAT2_2 Pin=U2_BAT2-3
Added Net: Name=NetC1_BAT2_2
Added Pin To Net: NetName=NetC1_BAT3_2 Pin=C1_BAT3-2
Added Pin To Net: NetName=NetC1_BAT3_2 Pin=R2_BAT3-1
Added Pin To Net: NetName=NetC1_BAT3_2 Pin=U2_BAT3-3
Added Net: Name=NetC1_BAT3_2
Added Pin To Net: NetName=NetC1_BAT4_2 Pin=C1_BAT4-2
Added Pin To Net: NetName=NetC1_BAT4_2 Pin=R2_BAT4-1
Added Pin To Net: NetName=NetC1_BAT4_2 Pin=U2_BAT4-3
Added Net: Name=NetC1_BAT4_2
Added Pin To Net: NetName=NetR3_BAT1_2 Pin=R3_BAT1-2
Added Pin To Net: NetName=NetR3_BAT1_2 Pin=U2_BAT1-5
Added Net: Name=NetR3_BAT1_2
Added Pin To Net: NetName=NetR3_BAT2_2 Pin=R3_BAT2-2
Added Pin To Net: NetName=NetR3_BAT2_2 Pin=U2_BAT2-5
Added Net: Name=NetR3_BAT2_2
Added Pin To Net: NetName=NetR3_BAT3_2 Pin=R3_BAT3-2
Added Pin To Net: NetName=NetR3_BAT3_2 Pin=U2_BAT3-5
Added Net: Name=NetR3_BAT3_2
Added Pin To Net: NetName=NetR3_BAT4_2 Pin=R3_BAT4-2
Added Pin To Net: NetName=NetR3_BAT4_2 Pin=U2_BAT4-5
Added Net: Name=NetR3_BAT4_2
