Change Component Designator: OldDesignator=C13 NewDesignator=C26
Change Component Designator: OldDesignator=C14 NewDesignator=C27
Change Component Designator: OldDesignator=C15 NewDesignator=C28
Change Component Designator: OldDesignator=C16 NewDesignator=C29
Change Component Designator: OldDesignator=C17 NewDesignator=C30
Change Component Designator: OldDesignator=C18 NewDesignator=C31
Change Component Designator: OldDesignator=C19 NewDesignator=C32
Change Component Designator: OldDesignator=C20 NewDesignator=C33
Change Component Designator: OldDesignator=C21 NewDesignator=C34
Change Component Designator: OldDesignator=C22 NewDesignator=C35
Change Component Designator: OldDesignator=C23 NewDesignator=C36
Change Component Designator: OldDesignator=C24 NewDesignator=C37
Change Component Designator: OldDesignator=C25 NewDesignator=C38
Change Component Designator: OldDesignator=C26 NewDesignator=C39
Change Component Designator: OldDesignator=C27 NewDesignator=C40
Change Component Designator: OldDesignator=C28 NewDesignator=C41
Change Component Designator: OldDesignator=C29 NewDesignator=C18
Change Component Designator: OldDesignator=C29 NewDesignator=C42
Change Component Designator: OldDesignator=C30 NewDesignator=C19
Change Component Designator: OldDesignator=C30 NewDesignator=C43
Change Component Designator: OldDesignator=C31 NewDesignator=C20
Change Component Designator: OldDesignator=C31 NewDesignator=C44
Change Component Designator: OldDesignator=C32 NewDesignator=C21
Change Component Designator: OldDesignator=C32 NewDesignator=C45
Change Component Designator: OldDesignator=C33 NewDesignator=C24
Change Component Designator: OldDesignator=C33 NewDesignator=C46
Change Component Designator: OldDesignator=C34 NewDesignator=C25
Change Component Designator: OldDesignator=C34 NewDesignator=C47
Change Component Designator: OldDesignator=C35 NewDesignator=C48
Change Component Designator: OldDesignator=C35 NewDesignator=C54
Change Component Designator: OldDesignator=C36 NewDesignator=C22
Change Component Designator: OldDesignator=C36 NewDesignator=C49
Change Component Designator: OldDesignator=C37 NewDesignator=C23
Change Component Designator: OldDesignator=C37 NewDesignator=C50
Change Component Designator: OldDesignator=C38 NewDesignator=C51
Change Component Designator: OldDesignator=C39 NewDesignator=C52
Change Component Designator: OldDesignator=C40 NewDesignator=C53
Change Component Designator: OldDesignator=C46 NewDesignator=C13
Change Component Designator: OldDesignator=C47 NewDesignator=C14
Change Component Designator: OldDesignator=C48 NewDesignator=C15
Change Component Designator: OldDesignator=C49 NewDesignator=C17
Change Component Designator: OldDesignator=C50 NewDesignator=C16
Change Component Designator: OldDesignator=L1 NewDesignator=L3
Change Component Designator: OldDesignator=L2 NewDesignator=L4
Change Component Designator: OldDesignator=L3 NewDesignator=L2
Change Component Designator: OldDesignator=L4 NewDesignator=L1
Change Component Designator: OldDesignator=R24 NewDesignator=R35
Change Component Designator: OldDesignator=R25 NewDesignator=R36
Change Component Designator: OldDesignator=R26 NewDesignator=R37
Change Component Designator: OldDesignator=R27 NewDesignator=R38
Change Component Designator: OldDesignator=R28 NewDesignator=R39
Change Component Designator: OldDesignator=R29 NewDesignator=R40
Change Component Designator: OldDesignator=R30 NewDesignator=R41
Change Component Designator: OldDesignator=R31 NewDesignator=R42
Change Component Designator: OldDesignator=R32 NewDesignator=R43
Change Component Designator: OldDesignator=R33 NewDesignator=R44
Change Component Designator: OldDesignator=R34 NewDesignator=R45
Change Component Designator: OldDesignator=R35 NewDesignator=R28
Change Component Designator: OldDesignator=R35 NewDesignator=R46
Change Component Designator: OldDesignator=R36 NewDesignator=R29
Change Component Designator: OldDesignator=R36 NewDesignator=R47
Change Component Designator: OldDesignator=R37 NewDesignator=R30
Change Component Designator: OldDesignator=R37 NewDesignator=R48
Change Component Designator: OldDesignator=R38 NewDesignator=R31
Change Component Designator: OldDesignator=R38 NewDesignator=R49
Change Component Designator: OldDesignator=R39 NewDesignator=R32
Change Component Designator: OldDesignator=R39 NewDesignator=R50
Change Component Designator: OldDesignator=R40 NewDesignator=R33
Change Component Designator: OldDesignator=R40 NewDesignator=R51
Change Component Designator: OldDesignator=R41 NewDesignator=R34
Change Component Designator: OldDesignator=R41 NewDesignator=R52
Change Component Designator: OldDesignator=R42 NewDesignator=R53
Change Component Designator: OldDesignator=R43 NewDesignator=R54
Change Component Designator: OldDesignator=R44 NewDesignator=R55
Change Component Designator: OldDesignator=R45 NewDesignator=R56
Change Component Designator: OldDesignator=R46 NewDesignator=R57
Change Component Designator: OldDesignator=R47 NewDesignator=R58
Change Component Designator: OldDesignator=R48 NewDesignator=R59
Change Component Designator: OldDesignator=R49 NewDesignator=R60
Change Component Designator: OldDesignator=R54 NewDesignator=R24
Change Component Designator: OldDesignator=R55 NewDesignator=R25
Change Component Designator: OldDesignator=R56 NewDesignator=R26
Change Component Designator: OldDesignator=R57 NewDesignator=R27
Change Component Designator: OldDesignator=U6 NewDesignator=U9
Change Component Designator: OldDesignator=U7 NewDesignator=U8
Change Component Designator: OldDesignator=U7 NewDesignator=U10
Change Component Designator: OldDesignator=U8 NewDesignator=U11
Change Component Designator: OldDesignator=U8 NewDesignator=U13
Change Component Designator: OldDesignator=U9 NewDesignator=U12
Change Component Designator: OldDesignator=U11 NewDesignator=U7
Change Net Name : Old Net Name=NetC13_1 New Net Name=NetC26_1
Change Net Name : Old Net Name=NetC14_1 New Net Name=NetC27_1
Change Net Name : Old Net Name=NetC15_2 New Net Name=NetC28_2
Change Net Name : Old Net Name=NetC21_2 New Net Name=NetC34_2
Change Net Name : Old Net Name=NetC22_2 New Net Name=NetC35_2
Change Net Name : Old Net Name=NetC23_1 New Net Name=NetC36_1
Change Net Name : Old Net Name=NetC24_2 New Net Name=NetC37_2
Change Net Name : Old Net Name=NetC25_1 New Net Name=NetC38_1
Change Net Name : Old Net Name=NetC25_2 New Net Name=NetC38_2
Change Net Name : Old Net Name=NetC26_1 New Net Name=NetC39_1
Change Net Name : Old Net Name=NetC29_1 New Net Name=NetC42_1
Change Net Name : Old Net Name=NetC29_2 New Net Name=NetC18_2
Change Net Name : Old Net Name=NetC30_2 New Net Name=NetC43_2
Change Net Name : Old Net Name=NetC31_1 New Net Name=NetC20_1
Change Net Name : Old Net Name=NetC31_2 New Net Name=NetC44_2
Change Net Name : Old Net Name=NetC32_1 New Net Name=NetC21_1
Change Net Name : Old Net Name=NetC32_2 New Net Name=NetC21_2
Change Net Name : Old Net Name=NetC32_2 New Net Name=NetC45_2
Change Net Name : Old Net Name=NetC33_1 New Net Name=NetC46_1
Change Net Name : Old Net Name=NetC33_2 New Net Name=NetC24_2
Change Net Name : Old Net Name=NetC34_2 New Net Name=NetC47_2
Change Net Name : Old Net Name=NetC35_1 New Net Name=NetC48_1
Change Net Name : Old Net Name=NetC35_2 New Net Name=NetC48_2
Change Net Name : Old Net Name=NetC36_1 New Net Name=NetC49_1
Change Net Name : Old Net Name=NetC37_1 New Net Name=NetC23_1
Change Net Name : Old Net Name=NetC39_1 New Net Name=NetC52_1
Change Net Name : Old Net Name=NetC40_2 New Net Name=NetC53_2
Change Net Name : Old Net Name=NetC46_1 New Net Name=NetC13_1
Change Net Name : Old Net Name=NetC46_2 New Net Name=NetC13_2
Change Net Name : Old Net Name=NetC48_1 New Net Name=NetC15_1
Change Net Name : Old Net Name=NetC49_1 New Net Name=NetC17_1
Change Net Name : Old Net Name=NetC49_2 New Net Name=NetC16_2
Change Net Name : Old Net Name=NetR24_1 New Net Name=NetR35_1
Change Net Name : Old Net Name=NetR25_2 New Net Name=NetR36_2
Change Net Name : Old Net Name=NetR27_2 New Net Name=NetR38_2
Change Net Name : Old Net Name=NetR28_1 New Net Name=NetR39_1
Change Net Name : Old Net Name=NetR36_2 New Net Name=NetR47_2
Change Net Name : Old Net Name=NetR38_2 New Net Name=NetR31_2
Change Net Name : Old Net Name=NetR40_1 New Net Name=NetR33_1
Change Net Name : Old Net Name=NetR48_2 New Net Name=NetR59_2
Change Net Name : Old Net Name=NetR49_2 New Net Name=NetR60_2
Change Net Name : Old Net Name=NetR54_1 New Net Name=NetR24_1
Change Net Name : Old Net Name=NetR56_2 New Net Name=NetR26_2
Change Net Name : Old Net Name=NetU6_8 New Net Name=NetU8_1
Change Net Name : Old Net Name=NetU7_3 New Net Name=NetU8_3
Change Net Name : Old Net Name=NetU7_34 New Net Name=NetU10_34
Change Net Name : Old Net Name=NetU7_37 New Net Name=NetU10_37
Change Net Name : Old Net Name=NetU8_13 New Net Name=NetU11_13
Change Net Name : Old Net Name=NetU8_15 New Net Name=NetU11_15
Change Net Name : Old Net Name=NetU9_13 New Net Name=NetU12_13
Change Net Name : Old Net Name=NetU9_15 New Net Name=NetU12_15
Added Pin To Net: NetName=NetC18_1 Pin=C18-1
Added Pin To Net: NetName=NetC18_1 Pin=U9-9
Added Net: Name=NetC18_1
