Removed Pin From Net: NetName=I2C0_SDA Pin=X5-23
Removed Pin From Net: NetName=I2C1_SDA Pin=X5-41
Removed Pin From Net: NetName=I2C1_SCL Pin=X5-43
Added Component: Designator=R109(RES 0402)
Add component (AddParameter): Name = "IsSMT"; Value = "NoSMT"; VariantName = "[No Variations]"
Add component (AddParameter): Name = "Value"; Value = "0"; VariantName = "[No Variations]"
Added Component: Designator=R110(RES 0402)
Add component (AddParameter): Name = "IsSMT"; Value = "NoSMT"; VariantName = "[No Variations]"
Add component (AddParameter): Name = "Value"; Value = "0"; VariantName = "[No Variations]"
Added Component: Designator=R111(RES 0402)
Add component (AddParameter): Name = "IsSMT"; Value = "NoSMT"; VariantName = "[No Variations]"
Add component (AddParameter): Name = "Value"; Value = "0"; VariantName = "[No Variations]"
Added Component: Designator=R112(RES 0402)
Add component (AddParameter): Name = "IsSMT"; Value = "NoSMT"; VariantName = "[No Variations]"
Add component (AddParameter): Name = "Value"; Value = "0"; VariantName = "[No Variations]"
Added Pin To Net: NetName=I2C0_SDA Pin=R110-1
Added Pin To Net: NetName=I2C1_SDA Pin=R111-1
Added Pin To Net: NetName=I2C1_SCL Pin=R112-1
Added Pin To Net: NetName=NetR109_1 Pin=R109-1
Added Net: Name=NetR109_1
Added Pin To Net: NetName=NetR109_2 Pin=R109-2
Added Pin To Net: NetName=NetR109_2 Pin=X5-21
Added Net: Name=NetR109_2
Added Pin To Net: NetName=NetR110_2 Pin=R110-2
Added Pin To Net: NetName=NetR110_2 Pin=X5-23
Added Net: Name=NetR110_2
Added Pin To Net: NetName=NetR111_2 Pin=R111-2
Added Pin To Net: NetName=NetR111_2 Pin=X5-41
Added Net: Name=NetR111_2
Added Pin To Net: NetName=NetR112_2 Pin=R112-2
Added Pin To Net: NetName=NetR112_2 Pin=X5-43
Added Net: Name=NetR112_2
