Removed Pin From Net: NetName=BAT_1S Pin=BAT1_BAT1-K
Removed Pin From Net: NetName=BAT_1S Pin=BAT1_BAT1-K
Removed Pin From Net: NetName=BAT_1S Pin=BAT1_BAT1-K
Removed Pin From Net: NetName=BAT_1S Pin=BAT1_BAT2-K
Removed Pin From Net: NetName=BAT_1S Pin=BAT1_BAT2-K
Removed Pin From Net: NetName=BAT_1S Pin=BAT1_BAT2-K
Removed Pin From Net: NetName=NetBAT1_BAT3_K Pin=BAT1_BAT3-K
Removed Pin From Net: NetName=NetBAT1_BAT3_K Pin=BAT1_BAT3-K
Removed Pin From Net: NetName=NetBAT1_BAT3_K Pin=BAT1_BAT3-K
Removed Pin From Net: NetName=NetBAT1_BAT3_K Pin=BAT1_BAT4-K
Removed Pin From Net: NetName=NetBAT1_BAT3_K Pin=BAT1_BAT4-K
Removed Pin From Net: NetName=NetBAT1_BAT3_K Pin=BAT1_BAT4-K
Added Component: Designator=VT?_BAT1(DFN-8_3x3)
Add component (AddParameter): Name = "IsSMT"; Value = "NoSMT"; VariantName = "[No Variations]"
Added Component: Designator=VT?_BAT1(DFN-8_3x3)
Add component (AddParameter): Name = "IsSMT"; Value = "NoSMT"; VariantName = "[No Variations]"
Added Component: Designator=VT?_BAT2(DFN-8_3x3)
Add component (AddParameter): Name = "IsSMT"; Value = "NoSMT"; VariantName = "[No Variations]"
Added Component: Designator=VT?_BAT2(DFN-8_3x3)
Add component (AddParameter): Name = "IsSMT"; Value = "NoSMT"; VariantName = "[No Variations]"
Added Component: Designator=VT?_BAT3(DFN-8_3x3)
Add component (AddParameter): Name = "IsSMT"; Value = "NoSMT"; VariantName = "[No Variations]"
Added Component: Designator=VT?_BAT3(DFN-8_3x3)
Add component (AddParameter): Name = "IsSMT"; Value = "NoSMT"; VariantName = "[No Variations]"
Added Component: Designator=VT?_BAT4(DFN-8_3x3)
Add component (AddParameter): Name = "IsSMT"; Value = "NoSMT"; VariantName = "[No Variations]"
Added Component: Designator=VT?_BAT4(DFN-8_3x3)
Add component (AddParameter): Name = "IsSMT"; Value = "NoSMT"; VariantName = "[No Variations]"
Change Net Name : Old Net Name=NetBAT1_BAT3_K New Net Name=NetVT1_S1
Added Pin To Net: NetName=NetBAT1_BAT1_K Pin=BAT1_BAT1-K
Added Pin To Net: NetName=NetBAT1_BAT1_K Pin=BAT1_BAT1-K
Added Pin To Net: NetName=NetBAT1_BAT1_K Pin=BAT1_BAT1-K
Added Pin To Net: NetName=NetBAT1_BAT1_K Pin=VT?_BAT1-1
Added Pin To Net: NetName=NetBAT1_BAT1_K Pin=VT?_BAT1-2
Added Pin To Net: NetName=NetBAT1_BAT1_K Pin=VT?_BAT1-3
Added Net: Name=NetBAT1_BAT1_K
Added Pin To Net: NetName=NetBAT1_BAT2_K Pin=BAT1_BAT2-K
Added Pin To Net: NetName=NetBAT1_BAT2_K Pin=BAT1_BAT2-K
Added Pin To Net: NetName=NetBAT1_BAT2_K Pin=BAT1_BAT2-K
Added Pin To Net: NetName=NetBAT1_BAT2_K Pin=VT?_BAT2-1
Added Pin To Net: NetName=NetBAT1_BAT2_K Pin=VT?_BAT2-2
Added Pin To Net: NetName=NetBAT1_BAT2_K Pin=VT?_BAT2-3
Added Net: Name=NetBAT1_BAT2_K
Added Pin To Net: NetName=NetBAT1_BAT3_K Pin=BAT1_BAT3-K
Added Pin To Net: NetName=NetBAT1_BAT3_K Pin=BAT1_BAT3-K
Added Pin To Net: NetName=NetBAT1_BAT3_K Pin=BAT1_BAT3-K
Added Pin To Net: NetName=NetBAT1_BAT3_K Pin=VT?_BAT3-1
Added Pin To Net: NetName=NetBAT1_BAT3_K Pin=VT?_BAT3-2
Added Pin To Net: NetName=NetBAT1_BAT3_K Pin=VT?_BAT3-3
Added Net: Name=NetBAT1_BAT3_K
Added Pin To Net: NetName=NetBAT1_BAT4_K Pin=BAT1_BAT4-K
Added Pin To Net: NetName=NetBAT1_BAT4_K Pin=BAT1_BAT4-K
Added Pin To Net: NetName=NetBAT1_BAT4_K Pin=BAT1_BAT4-K
Added Pin To Net: NetName=NetBAT1_BAT4_K Pin=VT?_BAT4-1
Added Pin To Net: NetName=NetBAT1_BAT4_K Pin=VT?_BAT4-2
Added Pin To Net: NetName=NetBAT1_BAT4_K Pin=VT?_BAT4-3
Added Net: Name=NetBAT1_BAT4_K
Added Pin To Net: NetName=NetVT?_BAT1_D6 Pin=VT?_BAT1-5
Added Pin To Net: NetName=NetVT?_BAT1_D6 Pin=VT?_BAT1-6
Added Pin To Net: NetName=NetVT?_BAT1_D6 Pin=VT?_BAT1-7
Added Pin To Net: NetName=NetVT?_BAT1_D6 Pin=VT?_BAT1-8
Added Pin To Net: NetName=NetVT?_BAT1_D6 Pin=VT?_BAT1-TH
Added Pin To Net: NetName=NetVT?_BAT1_D6 Pin=VT?_BAT1-5
Added Pin To Net: NetName=NetVT?_BAT1_D6 Pin=VT?_BAT1-6
Added Pin To Net: NetName=NetVT?_BAT1_D6 Pin=VT?_BAT1-7
Added Pin To Net: NetName=NetVT?_BAT1_D6 Pin=VT?_BAT1-8
Added Pin To Net: NetName=NetVT?_BAT1_D6 Pin=VT?_BAT1-TH
Added Net: Name=NetVT?_BAT1_D6
Added Pin To Net: NetName=NetVT?_BAT1_S1 Pin=VT?_BAT1-1
Added Pin To Net: NetName=NetVT?_BAT1_S1 Pin=VT?_BAT1-2
Added Pin To Net: NetName=NetVT?_BAT1_S1 Pin=VT?_BAT1-3
Added Net: Name=NetVT?_BAT1_S1
Added Pin To Net: NetName=NetVT?_BAT2_D6 Pin=VT?_BAT2-5
Added Pin To Net: NetName=NetVT?_BAT2_D6 Pin=VT?_BAT2-6
Added Pin To Net: NetName=NetVT?_BAT2_D6 Pin=VT?_BAT2-7
Added Pin To Net: NetName=NetVT?_BAT2_D6 Pin=VT?_BAT2-8
Added Pin To Net: NetName=NetVT?_BAT2_D6 Pin=VT?_BAT2-TH
Added Pin To Net: NetName=NetVT?_BAT2_D6 Pin=VT?_BAT2-5
Added Pin To Net: NetName=NetVT?_BAT2_D6 Pin=VT?_BAT2-6
Added Pin To Net: NetName=NetVT?_BAT2_D6 Pin=VT?_BAT2-7
Added Pin To Net: NetName=NetVT?_BAT2_D6 Pin=VT?_BAT2-8
Added Pin To Net: NetName=NetVT?_BAT2_D6 Pin=VT?_BAT2-TH
Added Net: Name=NetVT?_BAT2_D6
Added Pin To Net: NetName=NetVT?_BAT2_S1 Pin=VT?_BAT2-1
Added Pin To Net: NetName=NetVT?_BAT2_S1 Pin=VT?_BAT2-2
Added Pin To Net: NetName=NetVT?_BAT2_S1 Pin=VT?_BAT2-3
Added Net: Name=NetVT?_BAT2_S1
Added Pin To Net: NetName=NetVT?_BAT3_D6 Pin=VT?_BAT3-5
Added Pin To Net: NetName=NetVT?_BAT3_D6 Pin=VT?_BAT3-6
Added Pin To Net: NetName=NetVT?_BAT3_D6 Pin=VT?_BAT3-7
Added Pin To Net: NetName=NetVT?_BAT3_D6 Pin=VT?_BAT3-8
Added Pin To Net: NetName=NetVT?_BAT3_D6 Pin=VT?_BAT3-TH
Added Pin To Net: NetName=NetVT?_BAT3_D6 Pin=VT?_BAT3-5
Added Pin To Net: NetName=NetVT?_BAT3_D6 Pin=VT?_BAT3-6
Added Pin To Net: NetName=NetVT?_BAT3_D6 Pin=VT?_BAT3-7
Added Pin To Net: NetName=NetVT?_BAT3_D6 Pin=VT?_BAT3-8
Added Pin To Net: NetName=NetVT?_BAT3_D6 Pin=VT?_BAT3-TH
Added Net: Name=NetVT?_BAT3_D6
Added Pin To Net: NetName=NetVT?_BAT3_S1 Pin=VT?_BAT3-1
Added Pin To Net: NetName=NetVT?_BAT3_S1 Pin=VT?_BAT3-2
Added Pin To Net: NetName=NetVT?_BAT3_S1 Pin=VT?_BAT3-3
Added Net: Name=NetVT?_BAT3_S1
Added Pin To Net: NetName=NetVT?_BAT4_D6 Pin=VT?_BAT4-5
Added Pin To Net: NetName=NetVT?_BAT4_D6 Pin=VT?_BAT4-6
Added Pin To Net: NetName=NetVT?_BAT4_D6 Pin=VT?_BAT4-7
Added Pin To Net: NetName=NetVT?_BAT4_D6 Pin=VT?_BAT4-8
Added Pin To Net: NetName=NetVT?_BAT4_D6 Pin=VT?_BAT4-TH
Added Pin To Net: NetName=NetVT?_BAT4_D6 Pin=VT?_BAT4-5
Added Pin To Net: NetName=NetVT?_BAT4_D6 Pin=VT?_BAT4-6
Added Pin To Net: NetName=NetVT?_BAT4_D6 Pin=VT?_BAT4-7
Added Pin To Net: NetName=NetVT?_BAT4_D6 Pin=VT?_BAT4-8
Added Pin To Net: NetName=NetVT?_BAT4_D6 Pin=VT?_BAT4-TH
Added Net: Name=NetVT?_BAT4_D6
Added Pin To Net: NetName=NetVT?_BAT4_S1 Pin=VT?_BAT4-1
Added Pin To Net: NetName=NetVT?_BAT4_S1 Pin=VT?_BAT4-2
Added Pin To Net: NetName=NetVT?_BAT4_S1 Pin=VT?_BAT4-3
Added Net: Name=NetVT?_BAT4_S1
