Change Component Designator: OldDesignator=C20 NewDesignator=C24
Change Component Designator: OldDesignator=C21 NewDesignator=C25
Change Component Designator: OldDesignator=C22 NewDesignator=C26
Change Component Designator: OldDesignator=C23 NewDesignator=C27
Change Component Designator: OldDesignator=C24 NewDesignator=C28
Change Component Designator: OldDesignator=C25 NewDesignator=C29
Change Component Designator: OldDesignator=C26 NewDesignator=C30
Change Component Designator: OldDesignator=C27 NewDesignator=C31
Change Component Designator: OldDesignator=C28 NewDesignator=C32
Change Component Designator: OldDesignator=C29 NewDesignator=C33
Change Component Designator: OldDesignator=C30 NewDesignator=C34
Change Component Designator: OldDesignator=C31 NewDesignator=C35
Change Component Designator: OldDesignator=C32 NewDesignator=C36
Change Component Designator: OldDesignator=C33 NewDesignator=C37
Change Component Designator: OldDesignator=C34 NewDesignator=C38
Change Component Designator: OldDesignator=C35 NewDesignator=C39
Change Component Designator: OldDesignator=C36 NewDesignator=C40
Change Component Designator: OldDesignator=C37 NewDesignator=C41
Change Component Designator: OldDesignator=C38 NewDesignator=C42
Change Component Designator: OldDesignator=C39 NewDesignator=C43
Change Component Designator: OldDesignator=C40 NewDesignator=C44
Change Component Designator: OldDesignator=C41 NewDesignator=C45
Change Component Designator: OldDesignator=C42 NewDesignator=C46
Change Component Designator: OldDesignator=C43 NewDesignator=C47
Change Component Designator: OldDesignator=C44 NewDesignator=C48
Change Component Designator: OldDesignator=C45 NewDesignator=C49
Change Component Designator: OldDesignator=C46 NewDesignator=C50
Change Component Designator: OldDesignator=C47 NewDesignator=C51
Change Component Designator: OldDesignator=C48 NewDesignator=C52
Change Component Designator: OldDesignator=C49 NewDesignator=C53
Change Component Designator: OldDesignator=C50 NewDesignator=C54
Change Component Designator: OldDesignator=C51 NewDesignator=C55
Change Component Designator: OldDesignator=C52 NewDesignator=C56
Change Component Designator: OldDesignator=C53 NewDesignator=C57
Change Component Designator: OldDesignator=C54 NewDesignator=C59
Change Component Designator: OldDesignator=C?1 NewDesignator=C20
Change Component Designator: OldDesignator=C?2 NewDesignator=C21
Change Component Designator: OldDesignator=C?3 NewDesignator=C22
Change Component Designator: OldDesignator=C?4 NewDesignator=C23
Change Component Designator: OldDesignator=C?5 NewDesignator=C58
Change Component Designator: OldDesignator=R?1 NewDesignator=R61
Change Component Designator: OldDesignator=R?2 NewDesignator=R62
Change Net Name : Old Net Name=NetC20_1 New Net Name=NetC20_2
Change Net Name : Old Net Name=NetC21_1 New Net Name=NetC25_1
Change Net Name : Old Net Name=NetC21_2 New Net Name=NetC25_2
Change Net Name : Old Net Name=NetC23_1 New Net Name=NetC27_1
Change Net Name : Old Net Name=NetC24_2 New Net Name=NetC28_2
Change Net Name : Old Net Name=NetC26_1 New Net Name=NetC30_1
Change Net Name : Old Net Name=NetC27_1 New Net Name=NetC31_1
Change Net Name : Old Net Name=NetC28_2 New Net Name=NetC32_2
Change Net Name : Old Net Name=NetC34_2 New Net Name=NetC38_2
Change Net Name : Old Net Name=NetC35_2 New Net Name=NetC39_2
Change Net Name : Old Net Name=NetC36_1 New Net Name=NetC40_1
Change Net Name : Old Net Name=NetC37_2 New Net Name=NetC41_2
Change Net Name : Old Net Name=NetC38_1 New Net Name=NetC42_1
Change Net Name : Old Net Name=NetC38_2 New Net Name=NetC42_2
Change Net Name : Old Net Name=NetC39_1 New Net Name=NetC43_1
Change Net Name : Old Net Name=NetC42_1 New Net Name=NetC46_1
Change Net Name : Old Net Name=NetC43_2 New Net Name=NetC47_2
Change Net Name : Old Net Name=NetC44_2 New Net Name=NetC48_2
Change Net Name : Old Net Name=NetC45_2 New Net Name=NetC49_2
Change Net Name : Old Net Name=NetC46_1 New Net Name=NetC50_1
Change Net Name : Old Net Name=NetC47_2 New Net Name=NetC51_2
Change Net Name : Old Net Name=NetC48_1 New Net Name=NetC52_1
Change Net Name : Old Net Name=NetC48_2 New Net Name=NetC52_2
Change Net Name : Old Net Name=NetC49_1 New Net Name=NetC53_1
Change Net Name : Old Net Name=NetC52_1 New Net Name=NetC56_1
Change Net Name : Old Net Name=NetC53_2 New Net Name=NetC57_2
Change Net Name : Old Net Name=NetC?5_1 New Net Name=NetC58_1
Change Net Name : Old Net Name=NetC?5_2 New Net Name=NetC58_2
