Removed Pin From Net: NetName=NetR3_BAT3_1 Pin=VT1-1
Removed Pin From Net: NetName=NetR3_BAT3_1 Pin=VT1-2
Removed Pin From Net: NetName=NetR3_BAT3_1 Pin=VT1-3
Added Component: Designator=C14_MPPT1(CERCAP 0402)
Add component (AddParameter): Name = "Diel"; Value = "X7R"; VariantName = "[No Variations]"
Add component (AddParameter): Name = "IsSMT"; Value = "NoSMT"; VariantName = "[No Variations]"
Add component (AddParameter): Name = "Value"; Value = ""; VariantName = "[No Variations]"
Add component (AddParameter): Name = "Voltage"; Value = ""; VariantName = "[No Variations]"
Added Component: Designator=C14_MPPT2(CERCAP 0402)
Add component (AddParameter): Name = "Diel"; Value = "X7R"; VariantName = "[No Variations]"
Add component (AddParameter): Name = "IsSMT"; Value = "NoSMT"; VariantName = "[No Variations]"
Add component (AddParameter): Name = "Value"; Value = ""; VariantName = "[No Variations]"
Add component (AddParameter): Name = "Voltage"; Value = ""; VariantName = "[No Variations]"
Added Component: Designator=C15_MPPT1(CERCAP 0402)
Add component (AddParameter): Name = "Diel"; Value = "X7R"; VariantName = "[No Variations]"
Add component (AddParameter): Name = "IsSMT"; Value = "NoSMT"; VariantName = "[No Variations]"
Add component (AddParameter): Name = "Value"; Value = ""; VariantName = "[No Variations]"
Add component (AddParameter): Name = "Voltage"; Value = ""; VariantName = "[No Variations]"
Added Component: Designator=C15_MPPT2(CERCAP 0402)
Add component (AddParameter): Name = "Diel"; Value = "X7R"; VariantName = "[No Variations]"
Add component (AddParameter): Name = "IsSMT"; Value = "NoSMT"; VariantName = "[No Variations]"
Add component (AddParameter): Name = "Value"; Value = ""; VariantName = "[No Variations]"
Add component (AddParameter): Name = "Voltage"; Value = ""; VariantName = "[No Variations]"
Added Component: Designator=C16_MPPT1(CERCAP 0402)
Add component (AddParameter): Name = "Diel"; Value = "X7R"; VariantName = "[No Variations]"
Add component (AddParameter): Name = "IsSMT"; Value = "NoSMT"; VariantName = "[No Variations]"
Add component (AddParameter): Name = "Value"; Value = ""; VariantName = "[No Variations]"
Add component (AddParameter): Name = "Voltage"; Value = ""; VariantName = "[No Variations]"
Added Component: Designator=C16_MPPT2(CERCAP 0402)
Add component (AddParameter): Name = "Diel"; Value = "X7R"; VariantName = "[No Variations]"
Add component (AddParameter): Name = "IsSMT"; Value = "NoSMT"; VariantName = "[No Variations]"
Add component (AddParameter): Name = "Value"; Value = ""; VariantName = "[No Variations]"
Add component (AddParameter): Name = "Voltage"; Value = ""; VariantName = "[No Variations]"
Added Component: Designator=C17_MPPT1(CERCAP 0402)
Add component (AddParameter): Name = "Diel"; Value = "X7R"; VariantName = "[No Variations]"
Add component (AddParameter): Name = "IsSMT"; Value = "NoSMT"; VariantName = "[No Variations]"
Add component (AddParameter): Name = "Value"; Value = ""; VariantName = "[No Variations]"
Add component (AddParameter): Name = "Voltage"; Value = ""; VariantName = "[No Variations]"
Added Component: Designator=C17_MPPT2(CERCAP 0402)
Add component (AddParameter): Name = "Diel"; Value = "X7R"; VariantName = "[No Variations]"
Add component (AddParameter): Name = "IsSMT"; Value = "NoSMT"; VariantName = "[No Variations]"
Add component (AddParameter): Name = "Value"; Value = ""; VariantName = "[No Variations]"
Add component (AddParameter): Name = "Voltage"; Value = ""; VariantName = "[No Variations]"
Added Component: Designator=C18_MPPT1(CERCAP 0402)
Add component (AddParameter): Name = "Diel"; Value = "X7R"; VariantName = "[No Variations]"
Add component (AddParameter): Name = "IsSMT"; Value = "NoSMT"; VariantName = "[No Variations]"
Add component (AddParameter): Name = "Value"; Value = ""; VariantName = "[No Variations]"
Add component (AddParameter): Name = "Voltage"; Value = ""; VariantName = "[No Variations]"
Added Component: Designator=C18_MPPT2(CERCAP 0402)
Add component (AddParameter): Name = "Diel"; Value = "X7R"; VariantName = "[No Variations]"
Add component (AddParameter): Name = "IsSMT"; Value = "NoSMT"; VariantName = "[No Variations]"
Add component (AddParameter): Name = "Value"; Value = ""; VariantName = "[No Variations]"
Add component (AddParameter): Name = "Voltage"; Value = ""; VariantName = "[No Variations]"
Added Component: Designator=C19_MPPT1(CERCAP 0402)
Add component (AddParameter): Name = "Diel"; Value = "X7R"; VariantName = "[No Variations]"
Add component (AddParameter): Name = "IsSMT"; Value = "NoSMT"; VariantName = "[No Variations]"
Add component (AddParameter): Name = "Value"; Value = ""; VariantName = "[No Variations]"
Add component (AddParameter): Name = "Voltage"; Value = ""; VariantName = "[No Variations]"
Added Component: Designator=C19_MPPT2(CERCAP 0402)
Add component (AddParameter): Name = "Diel"; Value = "X7R"; VariantName = "[No Variations]"
Add component (AddParameter): Name = "IsSMT"; Value = "NoSMT"; VariantName = "[No Variations]"
Add component (AddParameter): Name = "Value"; Value = ""; VariantName = "[No Variations]"
Add component (AddParameter): Name = "Voltage"; Value = ""; VariantName = "[No Variations]"
Added Component: Designator=C20_MPPT1(TECAP A)
Add component (AddParameter): Name = "Diel"; Value = "X7R"; VariantName = "[No Variations]"
Add component (AddParameter): Name = "IsSMT"; Value = "NoSMT"; VariantName = "[No Variations]"
Add component (AddParameter): Name = "Value"; Value = ""; VariantName = "[No Variations]"
Add component (AddParameter): Name = "Voltage"; Value = ""; VariantName = "[No Variations]"
Added Component: Designator=C20_MPPT2(TECAP A)
Add component (AddParameter): Name = "Diel"; Value = "X7R"; VariantName = "[No Variations]"
Add component (AddParameter): Name = "IsSMT"; Value = "NoSMT"; VariantName = "[No Variations]"
Add component (AddParameter): Name = "Value"; Value = ""; VariantName = "[No Variations]"
Add component (AddParameter): Name = "Voltage"; Value = ""; VariantName = "[No Variations]"
Added Component: Designator=C21_MPPT1(TECAP A)
Add component (AddParameter): Name = "Diel"; Value = "X7R"; VariantName = "[No Variations]"
Add component (AddParameter): Name = "IsSMT"; Value = "NoSMT"; VariantName = "[No Variations]"
Add component (AddParameter): Name = "Value"; Value = ""; VariantName = "[No Variations]"
Add component (AddParameter): Name = "Voltage"; Value = ""; VariantName = "[No Variations]"
Added Component: Designator=C21_MPPT2(TECAP A)
Add component (AddParameter): Name = "Diel"; Value = "X7R"; VariantName = "[No Variations]"
Add component (AddParameter): Name = "IsSMT"; Value = "NoSMT"; VariantName = "[No Variations]"
Add component (AddParameter): Name = "Value"; Value = ""; VariantName = "[No Variations]"
Add component (AddParameter): Name = "Voltage"; Value = ""; VariantName = "[No Variations]"
Added Component: Designator=C22_MPPT1(CERCAP 0402)
Add component (AddParameter): Name = "Diel"; Value = "X7R"; VariantName = "[No Variations]"
Add component (AddParameter): Name = "IsSMT"; Value = "NoSMT"; VariantName = "[No Variations]"
Add component (AddParameter): Name = "Value"; Value = ""; VariantName = "[No Variations]"
Add component (AddParameter): Name = "Voltage"; Value = ""; VariantName = "[No Variations]"
Added Component: Designator=C22_MPPT2(CERCAP 0402)
Add component (AddParameter): Name = "Diel"; Value = "X7R"; VariantName = "[No Variations]"
Add component (AddParameter): Name = "IsSMT"; Value = "NoSMT"; VariantName = "[No Variations]"
Add component (AddParameter): Name = "Value"; Value = ""; VariantName = "[No Variations]"
Add component (AddParameter): Name = "Voltage"; Value = ""; VariantName = "[No Variations]"
Added Component: Designator=C23_MPPT1(CERCAP 0402)
Add component (AddParameter): Name = "Diel"; Value = "X7R"; VariantName = "[No Variations]"
Add component (AddParameter): Name = "IsSMT"; Value = "NoSMT"; VariantName = "[No Variations]"
Add component (AddParameter): Name = "Value"; Value = ""; VariantName = "[No Variations]"
Add component (AddParameter): Name = "Voltage"; Value = ""; VariantName = "[No Variations]"
Added Component: Designator=C23_MPPT2(CERCAP 0402)
Add component (AddParameter): Name = "Diel"; Value = "X7R"; VariantName = "[No Variations]"
Add component (AddParameter): Name = "IsSMT"; Value = "NoSMT"; VariantName = "[No Variations]"
Add component (AddParameter): Name = "Value"; Value = ""; VariantName = "[No Variations]"
Add component (AddParameter): Name = "Voltage"; Value = ""; VariantName = "[No Variations]"
Added Component: Designator=L1_MPPT1(IND 0603)
Add component (AddParameter): Name = "IsSMT"; Value = "NoSMT"; VariantName = "[No Variations]"
Add component (AddParameter): Name = "Value"; Value = ""; VariantName = "[No Variations]"
Added Component: Designator=L1_MPPT2(IND 0603)
Add component (AddParameter): Name = "IsSMT"; Value = "NoSMT"; VariantName = "[No Variations]"
Add component (AddParameter): Name = "Value"; Value = ""; VariantName = "[No Variations]"
Added Component: Designator=LED1_MPPT1(LED 0603)
Add component (AddParameter): Name = "IsSMT"; Value = "NoSMT"; VariantName = "[No Variations]"
Add component (AddParameter): Name = "Value"; Value = ""; VariantName = "[No Variations]"
Added Component: Designator=LED1_MPPT2(LED 0603)
Add component (AddParameter): Name = "IsSMT"; Value = "NoSMT"; VariantName = "[No Variations]"
Add component (AddParameter): Name = "Value"; Value = ""; VariantName = "[No Variations]"
Added Component: Designator=LED2_MPPT1(LED 0603)
Add component (AddParameter): Name = "IsSMT"; Value = "NoSMT"; VariantName = "[No Variations]"
Add component (AddParameter): Name = "Value"; Value = ""; VariantName = "[No Variations]"
Added Component: Designator=LED2_MPPT2(LED 0603)
Add component (AddParameter): Name = "IsSMT"; Value = "NoSMT"; VariantName = "[No Variations]"
Add component (AddParameter): Name = "Value"; Value = ""; VariantName = "[No Variations]"
Added Component: Designator=R10(RES 0402)
Add component (AddParameter): Name = "IsSMT"; Value = "NoSMT"; VariantName = "[No Variations]"
Add component (AddParameter): Name = "Value"; Value = "HEAT"; VariantName = "[No Variations]"
Added Component: Designator=R11(RES 0402)
Add component (AddParameter): Name = "IsSMT"; Value = "NoSMT"; VariantName = "[No Variations]"
Add component (AddParameter): Name = "Value"; Value = "HEAT"; VariantName = "[No Variations]"
Added Component: Designator=R12(RES 0402)
Add component (AddParameter): Name = "IsSMT"; Value = "NoSMT"; VariantName = "[No Variations]"
Add component (AddParameter): Name = "Value"; Value = "HEAT"; VariantName = "[No Variations]"
Added Component: Designator=R13(RES 0402)
Add component (AddParameter): Name = "IsSMT"; Value = "NoSMT"; VariantName = "[No Variations]"
Add component (AddParameter): Name = "Value"; Value = "HEAT"; VariantName = "[No Variations]"
Added Component: Designator=R14(RES 0402)
Add component (AddParameter): Name = "IsSMT"; Value = "NoSMT"; VariantName = "[No Variations]"
Add component (AddParameter): Name = "Value"; Value = "10k"; VariantName = "[No Variations]"
Added Component: Designator=R15(RES 0805)
Add component (AddParameter): Name = "IsSMT"; Value = "NoSMT"; VariantName = "[No Variations]"
Add component (AddParameter): Name = "Value"; Value = "0"; VariantName = "[No Variations]"
Added Component: Designator=R16_MPPT1(RES 0402)
Add component (AddParameter): Name = "IsSMT"; Value = "NoSMT"; VariantName = "[No Variations]"
Add component (AddParameter): Name = "Value"; Value = ""; VariantName = "[No Variations]"
Added Component: Designator=R16_MPPT2(RES 0402)
Add component (AddParameter): Name = "IsSMT"; Value = "NoSMT"; VariantName = "[No Variations]"
Add component (AddParameter): Name = "Value"; Value = ""; VariantName = "[No Variations]"
Added Component: Designator=R17_MPPT1(RES 0402)
Add component (AddParameter): Name = "IsSMT"; Value = "NoSMT"; VariantName = "[No Variations]"
Add component (AddParameter): Name = "Value"; Value = ""; VariantName = "[No Variations]"
Added Component: Designator=R17_MPPT2(RES 0402)
Add component (AddParameter): Name = "IsSMT"; Value = "NoSMT"; VariantName = "[No Variations]"
Add component (AddParameter): Name = "Value"; Value = ""; VariantName = "[No Variations]"
Added Component: Designator=R18_MPPT1(RES 0402)
Add component (AddParameter): Name = "IsSMT"; Value = "NoSMT"; VariantName = "[No Variations]"
Add component (AddParameter): Name = "Value"; Value = ""; VariantName = "[No Variations]"
Added Component: Designator=R18_MPPT2(RES 0402)
Add component (AddParameter): Name = "IsSMT"; Value = "NoSMT"; VariantName = "[No Variations]"
Add component (AddParameter): Name = "Value"; Value = ""; VariantName = "[No Variations]"
Added Component: Designator=R19_MPPT1(RES 0402)
Add component (AddParameter): Name = "IsSMT"; Value = "NoSMT"; VariantName = "[No Variations]"
Add component (AddParameter): Name = "Value"; Value = ""; VariantName = "[No Variations]"
Added Component: Designator=R19_MPPT2(RES 0402)
Add component (AddParameter): Name = "IsSMT"; Value = "NoSMT"; VariantName = "[No Variations]"
Add component (AddParameter): Name = "Value"; Value = ""; VariantName = "[No Variations]"
Added Component: Designator=R20_MPPT1(RES 0402)
Add component (AddParameter): Name = "IsSMT"; Value = "NoSMT"; VariantName = "[No Variations]"
Add component (AddParameter): Name = "Value"; Value = ""; VariantName = "[No Variations]"
Added Component: Designator=R20_MPPT2(RES 0402)
Add component (AddParameter): Name = "IsSMT"; Value = "NoSMT"; VariantName = "[No Variations]"
Add component (AddParameter): Name = "Value"; Value = ""; VariantName = "[No Variations]"
Added Component: Designator=R21_MPPT1(RES 0402)
Add component (AddParameter): Name = "IsSMT"; Value = "NoSMT"; VariantName = "[No Variations]"
Add component (AddParameter): Name = "Value"; Value = ""; VariantName = "[No Variations]"
Added Component: Designator=R21_MPPT2(RES 0402)
Add component (AddParameter): Name = "IsSMT"; Value = "NoSMT"; VariantName = "[No Variations]"
Add component (AddParameter): Name = "Value"; Value = ""; VariantName = "[No Variations]"
Added Component: Designator=R22_MPPT1(RES 0402)
Add component (AddParameter): Name = "IsSMT"; Value = "NoSMT"; VariantName = "[No Variations]"
Add component (AddParameter): Name = "Value"; Value = ""; VariantName = "[No Variations]"
Added Component: Designator=R22_MPPT2(RES 0402)
Add component (AddParameter): Name = "IsSMT"; Value = "NoSMT"; VariantName = "[No Variations]"
Add component (AddParameter): Name = "Value"; Value = ""; VariantName = "[No Variations]"
Added Component: Designator=R23_MPPT1(RES 0402)
Add component (AddParameter): Name = "IsSMT"; Value = "NoSMT"; VariantName = "[No Variations]"
Add component (AddParameter): Name = "Value"; Value = ""; VariantName = "[No Variations]"
Added Component: Designator=R23_MPPT2(RES 0402)
Add component (AddParameter): Name = "IsSMT"; Value = "NoSMT"; VariantName = "[No Variations]"
Add component (AddParameter): Name = "Value"; Value = ""; VariantName = "[No Variations]"
Added Component: Designator=R24_MPPT1(RES 0402)
Add component (AddParameter): Name = "IsSMT"; Value = "NoSMT"; VariantName = "[No Variations]"
Add component (AddParameter): Name = "Value"; Value = ""; VariantName = "[No Variations]"
Added Component: Designator=R24_MPPT2(RES 0402)
Add component (AddParameter): Name = "IsSMT"; Value = "NoSMT"; VariantName = "[No Variations]"
Add component (AddParameter): Name = "Value"; Value = ""; VariantName = "[No Variations]"
Added Component: Designator=R25(RES 0402)
Add component (AddParameter): Name = "IsSMT"; Value = "NoSMT"; VariantName = "[No Variations]"
Add component (AddParameter): Name = "Value"; Value = "10k"; VariantName = "[No Variations]"
Added Component: Designator=R26(RES 0402)
Add component (AddParameter): Name = "IsSMT"; Value = "NoSMT"; VariantName = "[No Variations]"
Add component (AddParameter): Name = "Value"; Value = "10k"; VariantName = "[No Variations]"
Added Component: Designator=R27(RES 0402)
Add component (AddParameter): Name = "IsSMT"; Value = "NoSMT"; VariantName = "[No Variations]"
Add component (AddParameter): Name = "Value"; Value = "2.2k"; VariantName = "[No Variations]"
Added Component: Designator=R28(RES 0402)
Add component (AddParameter): Name = "IsSMT"; Value = "NoSMT"; VariantName = "[No Variations]"
Add component (AddParameter): Name = "Value"; Value = "2.2k"; VariantName = "[No Variations]"
Added Component: Designator=R29(RES 0402)
Add component (AddParameter): Name = "IsSMT"; Value = "NoSMT"; VariantName = "[No Variations]"
Add component (AddParameter): Name = "Value"; Value = "5.1k"; VariantName = "[No Variations]"
Added Component: Designator=R?(RES 0402)
Add component (AddParameter): Name = "IsSMT"; Value = "NoSMT"; VariantName = "[No Variations]"
Add component (AddParameter): Name = "Value"; Value = "5.1k"; VariantName = "[No Variations]"
Added Component: Designator=VD1_MPPT1(SOD-123)
Add component (AddParameter): Name = "IsSMT"; Value = "NoSMT"; VariantName = "[No Variations]"
Added Component: Designator=VD1_MPPT2(SOD-123)
Add component (AddParameter): Name = "IsSMT"; Value = "NoSMT"; VariantName = "[No Variations]"
Added Component: Designator=VD2_MPPT1(SOD-123)
Add component (AddParameter): Name = "IsSMT"; Value = "NoSMT"; VariantName = "[No Variations]"
Added Component: Designator=VD2_MPPT2(SOD-123)
Add component (AddParameter): Name = "IsSMT"; Value = "NoSMT"; VariantName = "[No Variations]"
Added Component: Designator=VT3(DFN-8_3x3)
Add component (AddParameter): Name = "IsSMT"; Value = "NoSMT"; VariantName = "[No Variations]"
Added Component: Designator=VT4_MPPT1(SOT23-3)
Add component (AddParameter): Name = "IsSMT"; Value = "NoSMT"; VariantName = "[No Variations]"
Added Component: Designator=VT4_MPPT2(SOT23-3)
Add component (AddParameter): Name = "IsSMT"; Value = "NoSMT"; VariantName = "[No Variations]"
Added Component: Designator=VT5_MPPT1(SOT23-3)
Add component (AddParameter): Name = "IsSMT"; Value = "NoSMT"; VariantName = "[No Variations]"
Added Component: Designator=VT5_MPPT2(SOT23-3)
Add component (AddParameter): Name = "IsSMT"; Value = "NoSMT"; VariantName = "[No Variations]"
Added Pin To Net: NetName=GND Pin=C14_MPPT1-1
Added Pin To Net: NetName=GND Pin=C14_MPPT2-1
Added Pin To Net: NetName=GND Pin=C15_MPPT1-1
Added Pin To Net: NetName=GND Pin=C15_MPPT2-1
Added Pin To Net: NetName=GND Pin=C16_MPPT1-2
Added Pin To Net: NetName=GND Pin=C16_MPPT2-2
Added Pin To Net: NetName=GND Pin=C17_MPPT1-1
Added Pin To Net: NetName=GND Pin=C17_MPPT2-1
Added Pin To Net: NetName=GND Pin=C19_MPPT1-2
Added Pin To Net: NetName=GND Pin=C19_MPPT2-2
Added Pin To Net: NetName=BAT_2S Pin=C20_MPPT1-1
Added Pin To Net: NetName=GND Pin=C20_MPPT1-2
Added Pin To Net: NetName=BAT_2S Pin=C20_MPPT2-1
Added Pin To Net: NetName=GND Pin=C20_MPPT2-2
Added Pin To Net: NetName=BAT_2S Pin=C21_MPPT1-1
Added Pin To Net: NetName=GND Pin=C21_MPPT1-2
Added Pin To Net: NetName=BAT_2S Pin=C21_MPPT2-1
Added Pin To Net: NetName=GND Pin=C21_MPPT2-2
Added Pin To Net: NetName=BAT_2S Pin=C22_MPPT1-2
Added Pin To Net: NetName=BAT_2S Pin=C22_MPPT2-2
Added Pin To Net: NetName=BAT_2S Pin=C23_MPPT1-1
Added Pin To Net: NetName=BAT_2S Pin=C23_MPPT2-1
Added Pin To Net: NetName=BAT_2S Pin=R10-2
Added Pin To Net: NetName=BAT_2S Pin=R11-2
Added Pin To Net: NetName=BAT_2S Pin=R12-2
Added Pin To Net: NetName=BAT_2S Pin=R13-2
Added Pin To Net: NetName=GND Pin=R14-1
Added Pin To Net: NetName=NetR3_BAT3_1 Pin=R15-1
Added Pin To Net: NetName=GND Pin=R19_MPPT1-1
Added Pin To Net: NetName=GND Pin=R19_MPPT2-1
Added Pin To Net: NetName=BAT_2S Pin=R20_MPPT1-2
Added Pin To Net: NetName=BAT_2S Pin=R20_MPPT2-2
Added Pin To Net: NetName=BAT_2S Pin=R21_MPPT1-2
Added Pin To Net: NetName=BAT_2S Pin=R21_MPPT2-2
Added Pin To Net: NetName=GND Pin=R22_MPPT1-1
Added Pin To Net: NetName=GND Pin=R22_MPPT2-1
Added Pin To Net: NetName=GND Pin=R29-1
Added Pin To Net: NetName=GND Pin=R?-1
Added Pin To Net: NetName=GND Pin=VT3-1
Added Pin To Net: NetName=GND Pin=VT3-2
Added Pin To Net: NetName=GND Pin=VT3-3
Added Pin To Net: NetName=GND Pin=VT5_MPPT1-2
Added Pin To Net: NetName=GND Pin=VT5_MPPT2-2
Added Pin To Net: NetName=Net*_MPPT1_1 Pin=C15_MPPT1-2
Added Pin To Net: NetName=Net*_MPPT1_1 Pin=R16_MPPT1-1
Added Net: Name=Net*_MPPT1_1
Added Pin To Net: NetName=Net*_MPPT1_2 Pin=R18_MPPT1-1
Added Pin To Net: NetName=Net*_MPPT1_2 Pin=R18_MPPT2-1
Added Pin To Net: NetName=Net*_MPPT1_2 Pin=R19_MPPT1-2
Added Pin To Net: NetName=Net*_MPPT1_2 Pin=R19_MPPT2-2
Added Net: Name=Net*_MPPT1_2
Added Pin To Net: NetName=Net*_MPPT1_3 Pin=LED1_MPPT1-2
Added Net: Name=Net*_MPPT1_3
Added Pin To Net: NetName=Net*_MPPT1_5 Pin=LED2_MPPT1-2
Added Net: Name=Net*_MPPT1_5
Added Pin To Net: NetName=Net*_MPPT1_6 Pin=C19_MPPT1-1
Added Net: Name=Net*_MPPT1_6
Added Pin To Net: NetName=Net*_MPPT1_8 Pin=C22_MPPT1-1
Added Pin To Net: NetName=Net*_MPPT1_8 Pin=R21_MPPT1-1
Added Pin To Net: NetName=Net*_MPPT1_8 Pin=R22_MPPT1-2
Added Net: Name=Net*_MPPT1_8
Added Pin To Net: NetName=Net*_MPPT1_9 Pin=C23_MPPT1-2
Added Pin To Net: NetName=Net*_MPPT1_9 Pin=L1_MPPT1-2
Added Pin To Net: NetName=Net*_MPPT1_9 Pin=R20_MPPT1-1
Added Net: Name=Net*_MPPT1_9
Added Pin To Net: NetName=Net*_MPPT1_12 Pin=C14_MPPT1-2
Added Pin To Net: NetName=Net*_MPPT1_12 Pin=VD2_MPPT1-A
Added Net: Name=Net*_MPPT1_12
Added Pin To Net: NetName=Net*_MPPT1_13 Pin=VT5_MPPT1-1
Added Net: Name=Net*_MPPT1_13
Added Pin To Net: NetName=Net*_MPPT1_14 Pin=C18_MPPT1-1
Added Pin To Net: NetName=Net*_MPPT1_14 Pin=L1_MPPT1-1
Added Pin To Net: NetName=Net*_MPPT1_14 Pin=VT4_MPPT1-2
Added Pin To Net: NetName=Net*_MPPT1_14 Pin=VT5_MPPT1-3
Added Net: Name=Net*_MPPT1_14
Added Pin To Net: NetName=Net*_MPPT1_15 Pin=VT4_MPPT1-1
Added Net: Name=Net*_MPPT1_15
Added Pin To Net: NetName=Net*_MPPT1_16 Pin=C18_MPPT1-2
Added Pin To Net: NetName=Net*_MPPT1_16 Pin=VD2_MPPT1-C
Added Net: Name=Net*_MPPT1_16
Added Pin To Net: NetName=Net*_MPPT2_1 Pin=C15_MPPT2-2
Added Pin To Net: NetName=Net*_MPPT2_1 Pin=R16_MPPT2-1
Added Net: Name=Net*_MPPT2_1
Added Pin To Net: NetName=Net*_MPPT2_3 Pin=LED1_MPPT2-2
Added Net: Name=Net*_MPPT2_3
Added Pin To Net: NetName=Net*_MPPT2_5 Pin=LED2_MPPT2-2
Added Net: Name=Net*_MPPT2_5
Added Pin To Net: NetName=Net*_MPPT2_6 Pin=C19_MPPT2-1
Added Net: Name=Net*_MPPT2_6
Added Pin To Net: NetName=Net*_MPPT2_8 Pin=C22_MPPT2-1
Added Pin To Net: NetName=Net*_MPPT2_8 Pin=R21_MPPT2-1
Added Pin To Net: NetName=Net*_MPPT2_8 Pin=R22_MPPT2-2
Added Net: Name=Net*_MPPT2_8
Added Pin To Net: NetName=Net*_MPPT2_9 Pin=C23_MPPT2-2
Added Pin To Net: NetName=Net*_MPPT2_9 Pin=L1_MPPT2-2
Added Pin To Net: NetName=Net*_MPPT2_9 Pin=R20_MPPT2-1
Added Net: Name=Net*_MPPT2_9
Added Pin To Net: NetName=Net*_MPPT2_12 Pin=C14_MPPT2-2
Added Pin To Net: NetName=Net*_MPPT2_12 Pin=VD2_MPPT2-A
Added Net: Name=Net*_MPPT2_12
Added Pin To Net: NetName=Net*_MPPT2_13 Pin=VT5_MPPT2-1
Added Net: Name=Net*_MPPT2_13
Added Pin To Net: NetName=Net*_MPPT2_14 Pin=C18_MPPT2-1
Added Pin To Net: NetName=Net*_MPPT2_14 Pin=L1_MPPT2-1
Added Pin To Net: NetName=Net*_MPPT2_14 Pin=VT4_MPPT2-2
Added Pin To Net: NetName=Net*_MPPT2_14 Pin=VT5_MPPT2-3
Added Net: Name=Net*_MPPT2_14
Added Pin To Net: NetName=Net*_MPPT2_15 Pin=VT4_MPPT2-1
Added Net: Name=Net*_MPPT2_15
Added Pin To Net: NetName=Net*_MPPT2_16 Pin=C18_MPPT2-2
Added Pin To Net: NetName=Net*_MPPT2_16 Pin=VD2_MPPT2-C
Added Net: Name=Net*_MPPT2_16
Added Pin To Net: NetName=NetC16_MPPT1_1 Pin=C16_MPPT1-1
Added Pin To Net: NetName=NetC16_MPPT1_1 Pin=R16_MPPT1-2
Added Pin To Net: NetName=NetC16_MPPT1_1 Pin=VD1_MPPT1-C
Added Pin To Net: NetName=NetC16_MPPT1_1 Pin=VT4_MPPT1-3
Added Net: Name=NetC16_MPPT1_1
Added Pin To Net: NetName=NetC16_MPPT2_1 Pin=C16_MPPT2-1
Added Pin To Net: NetName=NetC16_MPPT2_1 Pin=R16_MPPT2-2
Added Pin To Net: NetName=NetC16_MPPT2_1 Pin=VD1_MPPT2-C
Added Pin To Net: NetName=NetC16_MPPT2_1 Pin=VT4_MPPT2-3
Added Net: Name=NetC16_MPPT2_1
Added Pin To Net: NetName=NetC17_MPPT1_2 Pin=C17_MPPT1-2
Added Pin To Net: NetName=NetC17_MPPT1_2 Pin=R17_MPPT1-1
Added Net: Name=NetC17_MPPT1_2
Added Pin To Net: NetName=NetC17_MPPT2_2 Pin=C17_MPPT2-2
Added Pin To Net: NetName=NetC17_MPPT2_2 Pin=R17_MPPT2-1
Added Net: Name=NetC17_MPPT2_2
Added Pin To Net: NetName=NetLED1_MPPT1_1 Pin=LED1_MPPT1-1
Added Pin To Net: NetName=NetLED1_MPPT1_1 Pin=R23_MPPT1-2
Added Net: Name=NetLED1_MPPT1_1
Added Pin To Net: NetName=NetLED1_MPPT2_1 Pin=LED1_MPPT2-1
Added Pin To Net: NetName=NetLED1_MPPT2_1 Pin=R23_MPPT2-2
Added Net: Name=NetLED1_MPPT2_1
Added Pin To Net: NetName=NetLED2_MPPT1_1 Pin=LED2_MPPT1-1
Added Pin To Net: NetName=NetLED2_MPPT1_1 Pin=R24_MPPT1-2
Added Net: Name=NetLED2_MPPT1_1
Added Pin To Net: NetName=NetLED2_MPPT2_1 Pin=LED2_MPPT2-1
Added Pin To Net: NetName=NetLED2_MPPT2_1 Pin=R24_MPPT2-2
Added Net: Name=NetLED2_MPPT2_1
Added Pin To Net: NetName=NetR10_1 Pin=R10-1
Added Pin To Net: NetName=NetR10_1 Pin=R11-1
Added Pin To Net: NetName=NetR10_1 Pin=R12-1
Added Pin To Net: NetName=NetR10_1 Pin=R13-1
Added Pin To Net: NetName=NetR10_1 Pin=VT3-5
Added Pin To Net: NetName=NetR10_1 Pin=VT3-6
Added Pin To Net: NetName=NetR10_1 Pin=VT3-7
Added Pin To Net: NetName=NetR10_1 Pin=VT3-8
Added Pin To Net: NetName=NetR10_1 Pin=VT3-TH
Added Net: Name=NetR10_1
Added Pin To Net: NetName=NetR14_2 Pin=R14-2
Added Pin To Net: NetName=NetR14_2 Pin=VT3-4
Added Net: Name=NetR14_2
Added Pin To Net: NetName=NetR15_2 Pin=R15-2
Added Pin To Net: NetName=NetR15_2 Pin=VT1-1
Added Pin To Net: NetName=NetR15_2 Pin=VT1-2
Added Pin To Net: NetName=NetR15_2 Pin=VT1-3
Added Net: Name=NetR15_2
Added Pin To Net: NetName=NetR17_MPPT1_2 Pin=R17_MPPT1-2
Added Pin To Net: NetName=NetR17_MPPT1_2 Pin=R18_MPPT1-2
Added Pin To Net: NetName=NetR17_MPPT1_2 Pin=R23_MPPT1-1
Added Pin To Net: NetName=NetR17_MPPT1_2 Pin=R24_MPPT1-1
Added Pin To Net: NetName=NetR17_MPPT1_2 Pin=VD1_MPPT1-A
Added Net: Name=NetR17_MPPT1_2
Added Pin To Net: NetName=NetR17_MPPT2_2 Pin=R17_MPPT2-2
Added Pin To Net: NetName=NetR17_MPPT2_2 Pin=R18_MPPT2-2
Added Pin To Net: NetName=NetR17_MPPT2_2 Pin=R23_MPPT2-1
Added Pin To Net: NetName=NetR17_MPPT2_2 Pin=R24_MPPT2-1
Added Pin To Net: NetName=NetR17_MPPT2_2 Pin=VD1_MPPT2-A
Added Net: Name=NetR17_MPPT2_2
Added Pin To Net: NetName=NetR29_2 Pin=R29-2
Added Net: Name=NetR29_2
Added Pin To Net: NetName=NetR?_2 Pin=R?-2
Added Net: Name=NetR?_2
Added Net: Name=NetUSB1_A4B9
Added Pin To Net: NetName=QC_DN_D Pin=R27-1
Added Net: Name=QC_DN_D
Added Pin To Net: NetName=QC_DN_U Pin=R25-2
Added Net: Name=QC_DN_U
Added Pin To Net: NetName=QC_DP_D Pin=R28-1
Added Net: Name=QC_DP_D
Added Pin To Net: NetName=QC_DP_U Pin=R26-2
Added Net: Name=QC_DP_U
Added Pin To Net: NetName=USB_DN Pin=R25-1
Added Pin To Net: NetName=USB_DN Pin=R27-2
Added Net: Name=USB_DN
Added Pin To Net: NetName=USB_DP Pin=R26-1
Added Pin To Net: NetName=USB_DP Pin=R28-2
Added Net: Name=USB_DP
