Change Component Designator: OldDesignator=BAT1_BAT1 NewDesignator=BAT1
Change Component Designator: OldDesignator=BAT1_BAT2 NewDesignator=BAT2
Change Component Designator: OldDesignator=BAT1_BAT3 NewDesignator=BAT3
Change Component Designator: OldDesignator=BAT1_BAT4 NewDesignator=BAT4
Change Component Designator: OldDesignator=C1_BAT1 NewDesignator=C9
Change Component Designator: OldDesignator=C1_BAT2 NewDesignator=C10
Change Component Designator: OldDesignator=C1_BAT3 NewDesignator=C11
Change Component Designator: OldDesignator=C1_BAT4 NewDesignator=C12
Change Component Designator: OldDesignator=C2 NewDesignator=C15
Change Component Designator: OldDesignator=C3 NewDesignator=C16
Change Component Designator: OldDesignator=C4 NewDesignator=C17
Change Component Designator: OldDesignator=C5 NewDesignator=C18
Change Component Designator: OldDesignator=C6 NewDesignator=C19
Change Component Designator: OldDesignator=C7 NewDesignator=C20
Change Component Designator: OldDesignator=C8_Balancer1 NewDesignator=C1
Change Component Designator: OldDesignator=C8_Balancer2 NewDesignator=C5
Change Component Designator: OldDesignator=C9_Balancer1 NewDesignator=C2
Change Component Designator: OldDesignator=C9_Balancer2 NewDesignator=C6
Change Component Designator: OldDesignator=C10_Balancer1 NewDesignator=C3
Change Component Designator: OldDesignator=C10_Balancer2 NewDesignator=C7
Change Component Designator: OldDesignator=C11_Balancer1 NewDesignator=C4
Change Component Designator: OldDesignator=C11_Balancer2 NewDesignator=C8
Change Component Designator: OldDesignator=C12 NewDesignator=C13
Change Component Designator: OldDesignator=C13 NewDesignator=C14
Change Component Designator: OldDesignator=C14_MPPT1 NewDesignator=C21
Change Component Designator: OldDesignator=C14_MPPT2 NewDesignator=C31
Change Component Designator: OldDesignator=C15_MPPT1 NewDesignator=C22
Change Component Designator: OldDesignator=C15_MPPT2 NewDesignator=C32
Change Component Designator: OldDesignator=C16_MPPT1 NewDesignator=C23
Change Component Designator: OldDesignator=C16_MPPT2 NewDesignator=C33
Change Component Designator: OldDesignator=C17_MPPT1 NewDesignator=C24
Change Component Designator: OldDesignator=C17_MPPT2 NewDesignator=C34
Change Component Designator: OldDesignator=C18_MPPT1 NewDesignator=C25
Change Component Designator: OldDesignator=C18_MPPT2 NewDesignator=C35
Change Component Designator: OldDesignator=C19_MPPT1 NewDesignator=C26
Change Component Designator: OldDesignator=C19_MPPT2 NewDesignator=C36
Change Component Designator: OldDesignator=C20_MPPT1 NewDesignator=C27
Change Component Designator: OldDesignator=C20_MPPT2 NewDesignator=C37
Change Component Designator: OldDesignator=C21_MPPT1 NewDesignator=C28
Change Component Designator: OldDesignator=C21_MPPT2 NewDesignator=C38
Change Component Designator: OldDesignator=C22_MPPT1 NewDesignator=C29
Change Component Designator: OldDesignator=C22_MPPT2 NewDesignator=C39
Change Component Designator: OldDesignator=C23_MPPT1 NewDesignator=C30
Change Component Designator: OldDesignator=C23_MPPT2 NewDesignator=C40
Change Component Designator: OldDesignator=L1_MPPT1 NewDesignator=L1
Change Component Designator: OldDesignator=L1_MPPT2 NewDesignator=L2
Change Component Designator: OldDesignator=LED1_MPPT1 NewDesignator=LED1
Change Component Designator: OldDesignator=LED1_MPPT2 NewDesignator=LED3
Change Component Designator: OldDesignator=LED2_MPPT1 NewDesignator=LED2
Change Component Designator: OldDesignator=LED2_MPPT2 NewDesignator=LED4
Change Component Designator: OldDesignator=R1 NewDesignator=R13
Change Component Designator: OldDesignator=R2_BAT1 NewDesignator=R16
Change Component Designator: OldDesignator=R2_BAT2 NewDesignator=R18
Change Component Designator: OldDesignator=R2_BAT3 NewDesignator=R20
Change Component Designator: OldDesignator=R2_BAT4 NewDesignator=R22
Change Component Designator: OldDesignator=R3_BAT1 NewDesignator=R17
Change Component Designator: OldDesignator=R3_BAT2 NewDesignator=R19
Change Component Designator: OldDesignator=R3_BAT3 NewDesignator=R21
Change Component Designator: OldDesignator=R3_BAT4 NewDesignator=R23
Change Component Designator: OldDesignator=R4_Balancer1 NewDesignator=R1
Change Component Designator: OldDesignator=R4_Balancer2 NewDesignator=R5
Change Component Designator: OldDesignator=R5_Balancer1 NewDesignator=R2
Change Component Designator: OldDesignator=R5_Balancer2 NewDesignator=R6
Change Component Designator: OldDesignator=R6_Balancer1 NewDesignator=R3
Change Component Designator: OldDesignator=R6_Balancer2 NewDesignator=R7
Change Component Designator: OldDesignator=R7_Balancer1 NewDesignator=R4
Change Component Designator: OldDesignator=R7_Balancer2 NewDesignator=R8
Change Component Designator: OldDesignator=R8 NewDesignator=R24
Change Component Designator: OldDesignator=R9 NewDesignator=R25
Change Component Designator: OldDesignator=R10 NewDesignator=R9
Change Component Designator: OldDesignator=R11 NewDesignator=R10
Change Component Designator: OldDesignator=R12 NewDesignator=R11
Change Component Designator: OldDesignator=R13 NewDesignator=R12
Change Component Designator: OldDesignator=R16_MPPT1 NewDesignator=R26
Change Component Designator: OldDesignator=R16_MPPT2 NewDesignator=R35
Change Component Designator: OldDesignator=R17_MPPT1 NewDesignator=R27
Change Component Designator: OldDesignator=R17_MPPT2 NewDesignator=R36
Change Component Designator: OldDesignator=R18_MPPT1 NewDesignator=R28
Change Component Designator: OldDesignator=R18_MPPT2 NewDesignator=R37
Change Component Designator: OldDesignator=R19_MPPT1 NewDesignator=R29
Change Component Designator: OldDesignator=R19_MPPT2 NewDesignator=R38
Change Component Designator: OldDesignator=R20_MPPT1 NewDesignator=R30
Change Component Designator: OldDesignator=R20_MPPT2 NewDesignator=R39
Change Component Designator: OldDesignator=R21_MPPT1 NewDesignator=R31
Change Component Designator: OldDesignator=R21_MPPT2 NewDesignator=R40
Change Component Designator: OldDesignator=R22_MPPT1 NewDesignator=R32
Change Component Designator: OldDesignator=R22_MPPT2 NewDesignator=R41
Change Component Designator: OldDesignator=R23_MPPT1 NewDesignator=R33
Change Component Designator: OldDesignator=R23_MPPT2 NewDesignator=R42
Change Component Designator: OldDesignator=R24_MPPT1 NewDesignator=R34
Change Component Designator: OldDesignator=R24_MPPT2 NewDesignator=R43
Change Component Designator: OldDesignator=R25 NewDesignator=R44
Change Component Designator: OldDesignator=R26 NewDesignator=R45
Change Component Designator: OldDesignator=R27 NewDesignator=R46
Change Component Designator: OldDesignator=R28 NewDesignator=R47
Change Component Designator: OldDesignator=R29 NewDesignator=R49
Change Component Designator: OldDesignator=R30 NewDesignator=R48
Change Component Designator: OldDesignator=U1 NewDesignator=U7
Change Component Designator: OldDesignator=U2_BAT1 NewDesignator=U3
Change Component Designator: OldDesignator=U2_BAT2 NewDesignator=U4
Change Component Designator: OldDesignator=U2_BAT3 NewDesignator=U5
Change Component Designator: OldDesignator=U2_BAT4 NewDesignator=U6
Change Component Designator: OldDesignator=U3_Balancer1 NewDesignator=U1
Change Component Designator: OldDesignator=U3_Balancer2 NewDesignator=U2
Change Component Designator: OldDesignator=U4_MPPT1 NewDesignator=U8
Change Component Designator: OldDesignator=U4_MPPT2 NewDesignator=U9
Change Component Designator: OldDesignator=VD1_MPPT1 NewDesignator=VD1
Change Component Designator: OldDesignator=VD1_MPPT2 NewDesignator=VD3
Change Component Designator: OldDesignator=VD2_MPPT1 NewDesignator=VD2
Change Component Designator: OldDesignator=VD2_MPPT2 NewDesignator=VD4
Change Component Designator: OldDesignator=VT1 NewDesignator=VT2
Change Component Designator: OldDesignator=VT2 NewDesignator=VT3
Change Component Designator: OldDesignator=VT3 NewDesignator=VT1
Change Component Designator: OldDesignator=VT4_MPPT1 NewDesignator=VT4
Change Component Designator: OldDesignator=VT4_MPPT2 NewDesignator=VT6
Change Component Designator: OldDesignator=VT5_MPPT1 NewDesignator=VT5
Change Component Designator: OldDesignator=VT5_MPPT2 NewDesignator=VT7
Change Net Name : Old Net Name=NetBAT1_BAT1_K New Net Name=NetBAT1_K
Change Net Name : Old Net Name=NetBAT1_BAT2_K New Net Name=NetBAT2_K
Change Net Name : Old Net Name=NetBAT1_BAT3_A New Net Name=NetBAT3_A
Change Net Name : Old Net Name=NetBAT1_BAT3_K New Net Name=NetBAT3_K
Change Net Name : Old Net Name=NetBAT1_BAT4_A New Net Name=NetBAT4_A
Change Net Name : Old Net Name=NetBAT1_BAT4_K New Net Name=NetBAT4_K
Change Net Name : Old Net Name=NetC1_BAT1_2 New Net Name=NetC9_2
Change Net Name : Old Net Name=NetC1_BAT2_2 New Net Name=NetC10_2
Change Net Name : Old Net Name=NetC1_BAT3_2 New Net Name=NetC11_2
Change Net Name : Old Net Name=NetC1_BAT4_2 New Net Name=NetC12_2
Change Net Name : Old Net Name=NetC2_2 New Net Name=NetC15_2
Change Net Name : Old Net Name=NetC8_Balancer1_1 New Net Name=NetC1_1
Change Net Name : Old Net Name=NetC8_Balancer1_2 New Net Name=NetC1_2
Change Net Name : Old Net Name=NetC8_Balancer2_1 New Net Name=NetC5_1
Change Net Name : Old Net Name=NetC8_Balancer2_2 New Net Name=NetC5_2
Change Net Name : Old Net Name=NetC9_Balancer1_2 New Net Name=NetC2_2
Change Net Name : Old Net Name=NetC9_Balancer2_2 New Net Name=NetC6_2
Change Net Name : Old Net Name=NetC11_Balancer1_2 New Net Name=NetC4_2
Change Net Name : Old Net Name=NetC11_Balancer2_2 New Net Name=NetC8_2
Change Net Name : Old Net Name=NetC12_1 New Net Name=NetC13_1
Change Net Name : Old Net Name=NetC13_1 New Net Name=NetC14_1
Change Net Name : Old Net Name=NetC14_MPPT1_2 New Net Name=NetC21_2
Change Net Name : Old Net Name=NetC14_MPPT2_2 New Net Name=NetC31_2
Change Net Name : Old Net Name=NetC15_MPPT1_2 New Net Name=NetC22_2
Change Net Name : Old Net Name=NetC15_MPPT2_2 New Net Name=NetC32_2
Change Net Name : Old Net Name=NetC16_MPPT1_1 New Net Name=NetC23_1
Change Net Name : Old Net Name=NetC16_MPPT2_1 New Net Name=NetC33_1
Change Net Name : Old Net Name=NetC17_MPPT1_2 New Net Name=NetC24_2
Change Net Name : Old Net Name=NetC17_MPPT2_2 New Net Name=NetC34_2
Change Net Name : Old Net Name=NetC18_MPPT1_1 New Net Name=NetC25_1
Change Net Name : Old Net Name=NetC18_MPPT1_2 New Net Name=NetC25_2
Change Net Name : Old Net Name=NetC18_MPPT2_1 New Net Name=NetC35_1
Change Net Name : Old Net Name=NetC18_MPPT2_2 New Net Name=NetC35_2
Change Net Name : Old Net Name=NetC19_MPPT1_1 New Net Name=NetC26_1
Change Net Name : Old Net Name=NetC19_MPPT2_1 New Net Name=NetC36_1
Change Net Name : Old Net Name=NetC22_MPPT1_1 New Net Name=NetC29_1
Change Net Name : Old Net Name=NetC22_MPPT2_1 New Net Name=NetC39_1
Change Net Name : Old Net Name=NetC23_MPPT1_2 New Net Name=NetC30_2
Change Net Name : Old Net Name=NetC23_MPPT2_2 New Net Name=NetC40_2
Change Net Name : Old Net Name=NetLED1_MPPT1_1 New Net Name=NetLED1_1
Change Net Name : Old Net Name=NetLED1_MPPT1_2 New Net Name=NetLED1_2
Change Net Name : Old Net Name=NetLED1_MPPT2_1 New Net Name=NetLED3_1
Change Net Name : Old Net Name=NetLED1_MPPT2_2 New Net Name=NetLED3_2
Change Net Name : Old Net Name=NetLED2_MPPT1_1 New Net Name=NetLED2_1
Change Net Name : Old Net Name=NetLED2_MPPT1_2 New Net Name=NetLED2_2
Change Net Name : Old Net Name=NetLED2_MPPT2_1 New Net Name=NetLED4_1
Change Net Name : Old Net Name=NetLED2_MPPT2_2 New Net Name=NetLED4_2
Change Net Name : Old Net Name=NetR1_1 New Net Name=NetR13_1
Change Net Name : Old Net Name=NetR3_BAT1_2 New Net Name=NetR17_2
Change Net Name : Old Net Name=NetR3_BAT2_2 New Net Name=NetR19_2
Change Net Name : Old Net Name=NetR3_BAT3_1 New Net Name=NetR15_1
Change Net Name : Old Net Name=NetR3_BAT3_2 New Net Name=NetR21_2
Change Net Name : Old Net Name=NetR3_BAT4_2 New Net Name=NetR23_2
Change Net Name : Old Net Name=NetR7_Balancer1_2 New Net Name=NetR4_2
Change Net Name : Old Net Name=NetR7_Balancer2_2 New Net Name=NetR8_2
Change Net Name : Old Net Name=NetR8_1 New Net Name=NetR24_1
Change Net Name : Old Net Name=NetR9_2 New Net Name=NetR25_2
Change Net Name : Old Net Name=NetR10_1 New Net Name=NetR9_1
Change Net Name : Old Net Name=NetR17_MPPT1_2 New Net Name=NetR27_2
Change Net Name : Old Net Name=NetR17_MPPT2_2 New Net Name=NetR36_2
Change Net Name : Old Net Name=NetR18_MPPT1_1 New Net Name=NetR28_1
Change Net Name : Old Net Name=NetR29_2 New Net Name=NetR49_2
Change Net Name : Old Net Name=NetR30_2 New Net Name=NetR48_2
Change Net Name : Old Net Name=NetU1_34 New Net Name=NetU7_34
Change Net Name : Old Net Name=NetU1_37 New Net Name=NetU7_37
Change Net Name : Old Net Name=NetU3_Balancer1_6 New Net Name=NetU1_6
Change Net Name : Old Net Name=NetU3_Balancer1_8 New Net Name=NetU1_8
Change Net Name : Old Net Name=NetU4_MPPT1_13 New Net Name=NetU8_13
Change Net Name : Old Net Name=NetU4_MPPT1_15 New Net Name=NetU8_15
Change Net Name : Old Net Name=NetU4_MPPT2_13 New Net Name=NetU9_13
Change Net Name : Old Net Name=NetU4_MPPT2_15 New Net Name=NetU9_15
Change Net Name : Old Net Name=NetVT1_D6 New Net Name=NetVT2_D6
