Added Component: Designator=R128(RES 0402)
Add component (AddParameter): Name = "IsSMT"; Value = "NoSMT"; VariantName = "[No Variations]"
Add component (AddParameter): Name = "Value"; Value = "1M"; VariantName = "[No Variations]"
Added Component: Designator=R129(RES 0402)
Add component (AddParameter): Name = "IsSMT"; Value = "NoSMT"; VariantName = "[No Variations]"
Add component (AddParameter): Name = "Value"; Value = "1M"; VariantName = "[No Variations]"
Added Component: Designator=R130(RES 0402)
Add component (AddParameter): Name = "IsSMT"; Value = "NoSMT"; VariantName = "[No Variations]"
Add component (AddParameter): Name = "Value"; Value = "1M"; VariantName = "[No Variations]"
Added Component: Designator=R131(RES 0402)
Add component (AddParameter): Name = "IsSMT"; Value = "NoSMT"; VariantName = "[No Variations]"
Add component (AddParameter): Name = "Value"; Value = "1M"; VariantName = "[No Variations]"
Added Pin To Net: NetName=GND Pin=R128-1
Added Pin To Net: NetName=GND Pin=R129-1
Added Pin To Net: NetName=GND Pin=R130-1
Added Pin To Net: NetName=GND Pin=R131-1
Added Pin To Net: NetName=PIN1 Pin=R128-2
Added Net: Name=PIN1
Added Pin To Net: NetName=PIN2 Pin=R129-2
Added Net: Name=PIN2
Added Pin To Net: NetName=PIN3 Pin=R130-2
Added Net: Name=PIN3
Added Pin To Net: NetName=PIN4 Pin=R131-2
Added Net: Name=PIN4
