Change Component Comment : Designator=R9 Old Comment=RES 0402 * New Comment=RES 0402 1k
Change Component Comment : Designator=R51 Old Comment=RES 0402 * New Comment=RES 0402 1k
Change Component Comment : Designator=R71 Old Comment=RES 0402 * New Comment=RES 0402 1k
Change Component Comment : Designator=R72 Old Comment=RES 0402 * New Comment=RES 0402 1k
Change Component Comment : Designator=R83 Old Comment=RES 0402 * New Comment=RES 0402 1k
Change Component Comment : Designator=R84 Old Comment=RES 0402 * New Comment=RES 0402 1k
Change Component Comment : Designator=R88 Old Comment=RES 0402 * New Comment=RES 0402 1k
Change Component Comment : Designator=R95 Old Comment=RES 0402 * New Comment=RES 0402 1k
Change Component Comment : Designator=R96 Old Comment=RES 0402 * New Comment=RES 0402 1k
Change Component Comment : Designator=R14 Old Comment=RES 0402 * New Comment=RES 0402 5k
Change Component Comment : Designator=R57 Old Comment=RES 0402 * New Comment=RES 0402 5k
Change Component Comment : Designator=R92 Old Comment=RES 0402 * New Comment=RES 0402 5k
Change Component Comment : Designator=R11 Old Comment=RES 0402 * New Comment=RES 0402 10k
Change Component Comment : Designator=R53 Old Comment=RES 0402 * New Comment=RES 0402 10k
Change Component Comment : Designator=R58 Old Comment=RES 0402 * New Comment=RES 0402 10k
Change Component Comment : Designator=R80 Old Comment=RES 0402 * New Comment=RES 0402 10k
Change Component Comment : Designator=R90 Old Comment=RES 0402 * New Comment=RES 0402 10k
Change Component Comment : Designator=R93 Old Comment=RES 0402 * New Comment=RES 0402 10k
Change Component Comment : Designator=R12 Old Comment=RES 0402 * New Comment=RES 0402 100
Change Component Comment : Designator=R54 Old Comment=RES 0402 * New Comment=RES 0402 100
Change Component Comment : Designator=R70 Old Comment=RES 0402 * New Comment=RES 0402 100
Change Component Comment : Designator=R73 Old Comment=RES 0402 * New Comment=RES 0402 100
Change Component Comment : Designator=R81 Old Comment=RES 0402 * New Comment=RES 0402 100
Change Component Comment : Designator=R85 Old Comment=RES 0402 * New Comment=RES 0402 100
Change Component Comment : Designator=R91 Old Comment=RES 0402 * New Comment=RES 0402 100
Change Component Comment : Designator=R94 Old Comment=RES 0402 * New Comment=RES 0402 100
Change Component Comment : Designator=R97 Old Comment=RES 0402 * New Comment=RES 0402 100
Change component parameters: Designator = "R9" ("R52"); Footprint = "RES 0402"; UniqueID = "\BNUMWNXD\NVPXESHC\WZJYYTUK" ("\BNUMWNXD\NVPXESHC\WZJYYTUK")
Change component parameters (AddParameter): Name = "IsSMT"; Value = "NoSMT"; VariantName = "[No Variations]"
Change component parameters (AddParameter): Name = "Value"; Value = "1k"; VariantName = "[No Variations]"
Change component parameters: Designator = "R11" ("R59"); Footprint = "RES 0402"; UniqueID = "\BNUMWNXD\NVPXESHC\SPYJHOHF" ("\BNUMWNXD\NVPXESHC\SPYJHOHF")
Change component parameters (AddParameter): Name = "IsSMT"; Value = "NoSMT"; VariantName = "[No Variations]"
Change component parameters (AddParameter): Name = "Value"; Value = "10k"; VariantName = "[No Variations]"
Change component parameters: Designator = "R12" ("R60"); Footprint = "RES 0402"; UniqueID = "\BNUMWNXD\NVPXESHC\VSJZPJMJ" ("\BNUMWNXD\NVPXESHC\VSJZPJMJ")
Change component parameters (AddParameter): Name = "IsSMT"; Value = "NoSMT"; VariantName = "[No Variations]"
Change component parameters (AddParameter): Name = "Value"; Value = "100"; VariantName = "[No Variations]"
Change component parameters: Designator = "R14" ("R61"); Footprint = "RES 0402"; UniqueID = "\BNUMWNXD\NVPXESHC\TLUSTDCP" ("\BNUMWNXD\NVPXESHC\TLUSTDCP")
Change component parameters (AddParameter): Name = "IsSMT"; Value = "NoSMT"; VariantName = "[No Variations]"
Change component parameters (AddParameter): Name = "Value"; Value = "5k"; VariantName = "[No Variations]"
Change component parameters: Designator = "R51" ("R52"); Footprint = "RES 0402"; UniqueID = "\BNUMWNXD\IHJRUMDI\WZJYYTUK" ("\BNUMWNXD\IHJRUMDI\WZJYYTUK")
Change component parameters (AddParameter): Name = "IsSMT"; Value = "NoSMT"; VariantName = "[No Variations]"
Change component parameters (AddParameter): Name = "Value"; Value = "1k"; VariantName = "[No Variations]"
Change component parameters: Designator = "R53" ("R59"); Footprint = "RES 0402"; UniqueID = "\BNUMWNXD\IHJRUMDI\SPYJHOHF" ("\BNUMWNXD\IHJRUMDI\SPYJHOHF")
Change component parameters (AddParameter): Name = "IsSMT"; Value = "NoSMT"; VariantName = "[No Variations]"
Change component parameters (AddParameter): Name = "Value"; Value = "10k"; VariantName = "[No Variations]"
Change component parameters: Designator = "R54" ("R60"); Footprint = "RES 0402"; UniqueID = "\BNUMWNXD\IHJRUMDI\VSJZPJMJ" ("\BNUMWNXD\IHJRUMDI\VSJZPJMJ")
Change component parameters (AddParameter): Name = "IsSMT"; Value = "NoSMT"; VariantName = "[No Variations]"
Change component parameters (AddParameter): Name = "Value"; Value = "100"; VariantName = "[No Variations]"
Change component parameters: Designator = "R57" ("R61"); Footprint = "RES 0402"; UniqueID = "\BNUMWNXD\IHJRUMDI\TLUSTDCP" ("\BNUMWNXD\IHJRUMDI\TLUSTDCP")
Change component parameters (AddParameter): Name = "IsSMT"; Value = "NoSMT"; VariantName = "[No Variations]"
Change component parameters (AddParameter): Name = "Value"; Value = "5k"; VariantName = "[No Variations]"
Change component parameters: Designator = "R58" ("R62"); Footprint = "RES 0402"; UniqueID = "\BNUMWNXD\IHJRUMDI\TMYFOAIZ" ("\BNUMWNXD\IHJRUMDI\TMYFOAIZ")
Change component parameters (AddParameter): Name = "IsSMT"; Value = "NoSMT"; VariantName = "[No Variations]"
Change component parameters (AddParameter): Name = "Value"; Value = "10k"; VariantName = "[No Variations]"
Change component parameters: Designator = "R70" ("R63"); Footprint = "RES 0402"; UniqueID = "\BNUMWNXD\IHJRUMDI\AUKEMUFP" ("\BNUMWNXD\IHJRUMDI\AUKEMUFP")
Change component parameters (AddParameter): Name = "IsSMT"; Value = "NoSMT"; VariantName = "[No Variations]"
Change component parameters (AddParameter): Name = "Value"; Value = "100"; VariantName = "[No Variations]"
Change component parameters: Designator = "R71" ("R64"); Footprint = "RES 0402"; UniqueID = "\BNUMWNXD\IHJRUMDI\JFTYGLXH" ("\BNUMWNXD\IHJRUMDI\JFTYGLXH")
Change component parameters (AddParameter): Name = "IsSMT"; Value = "NoSMT"; VariantName = "[No Variations]"
Change component parameters (AddParameter): Name = "Value"; Value = "1k"; VariantName = "[No Variations]"
Change component parameters: Designator = "R72" ("R65"); Footprint = "RES 0402"; UniqueID = "\BNUMWNXD\IHJRUMDI\ZILTNURR" ("\BNUMWNXD\IHJRUMDI\ZILTNURR")
Change component parameters (AddParameter): Name = "IsSMT"; Value = "NoSMT"; VariantName = "[No Variations]"
Change component parameters (AddParameter): Name = "Value"; Value = "1k"; VariantName = "[No Variations]"
Change component parameters: Designator = "R73" ("R66"); Footprint = "RES 0402"; UniqueID = "\BNUMWNXD\IHJRUMDI\RDSQEIJT" ("\BNUMWNXD\IHJRUMDI\RDSQEIJT")
Change component parameters (AddParameter): Name = "IsSMT"; Value = "NoSMT"; VariantName = "[No Variations]"
Change component parameters (AddParameter): Name = "Value"; Value = "100"; VariantName = "[No Variations]"
Change component parameters: Designator = "R80" ("R62"); Footprint = "RES 0402"; UniqueID = "\BNUMWNXD\NVPXESHC\TMYFOAIZ" ("\BNUMWNXD\NVPXESHC\TMYFOAIZ")
Change component parameters (AddParameter): Name = "IsSMT"; Value = "NoSMT"; VariantName = "[No Variations]"
Change component parameters (AddParameter): Name = "Value"; Value = "10k"; VariantName = "[No Variations]"
Change component parameters: Designator = "R81" ("R63"); Footprint = "RES 0402"; UniqueID = "\BNUMWNXD\NVPXESHC\AUKEMUFP" ("\BNUMWNXD\NVPXESHC\AUKEMUFP")
Change component parameters (AddParameter): Name = "IsSMT"; Value = "NoSMT"; VariantName = "[No Variations]"
Change component parameters (AddParameter): Name = "Value"; Value = "100"; VariantName = "[No Variations]"
Change component parameters: Designator = "R83" ("R64"); Footprint = "RES 0402"; UniqueID = "\BNUMWNXD\NVPXESHC\JFTYGLXH" ("\BNUMWNXD\NVPXESHC\JFTYGLXH")
Change component parameters (AddParameter): Name = "IsSMT"; Value = "NoSMT"; VariantName = "[No Variations]"
Change component parameters (AddParameter): Name = "Value"; Value = "1k"; VariantName = "[No Variations]"
Change component parameters: Designator = "R84" ("R65"); Footprint = "RES 0402"; UniqueID = "\BNUMWNXD\NVPXESHC\ZILTNURR" ("\BNUMWNXD\NVPXESHC\ZILTNURR")
Change component parameters (AddParameter): Name = "IsSMT"; Value = "NoSMT"; VariantName = "[No Variations]"
Change component parameters (AddParameter): Name = "Value"; Value = "1k"; VariantName = "[No Variations]"
Change component parameters: Designator = "R85" ("R66"); Footprint = "RES 0402"; UniqueID = "\BNUMWNXD\NVPXESHC\RDSQEIJT" ("\BNUMWNXD\NVPXESHC\RDSQEIJT")
Change component parameters (AddParameter): Name = "IsSMT"; Value = "NoSMT"; VariantName = "[No Variations]"
Change component parameters (AddParameter): Name = "Value"; Value = "100"; VariantName = "[No Variations]"
Change component parameters: Designator = "R88" ("R52"); Footprint = "RES 0402"; UniqueID = "\NYEOYEHG\XIEHPQUB\WZJYYTUK" ("\NYEOYEHG\XIEHPQUB\WZJYYTUK")
Change component parameters (AddParameter): Name = "IsSMT"; Value = "NoSMT"; VariantName = "[No Variations]"
Change component parameters (AddParameter): Name = "Value"; Value = "1k"; VariantName = "[No Variations]"
Change component parameters: Designator = "R90" ("R59"); Footprint = "RES 0402"; UniqueID = "\NYEOYEHG\XIEHPQUB\SPYJHOHF" ("\NYEOYEHG\XIEHPQUB\SPYJHOHF")
Change component parameters (AddParameter): Name = "IsSMT"; Value = "NoSMT"; VariantName = "[No Variations]"
Change component parameters (AddParameter): Name = "Value"; Value = "10k"; VariantName = "[No Variations]"
Change component parameters: Designator = "R91" ("R60"); Footprint = "RES 0402"; UniqueID = "\NYEOYEHG\XIEHPQUB\VSJZPJMJ" ("\NYEOYEHG\XIEHPQUB\VSJZPJMJ")
Change component parameters (AddParameter): Name = "IsSMT"; Value = "NoSMT"; VariantName = "[No Variations]"
Change component parameters (AddParameter): Name = "Value"; Value = "100"; VariantName = "[No Variations]"
Change component parameters: Designator = "R92" ("R61"); Footprint = "RES 0402"; UniqueID = "\NYEOYEHG\XIEHPQUB\TLUSTDCP" ("\NYEOYEHG\XIEHPQUB\TLUSTDCP")
Change component parameters (AddParameter): Name = "IsSMT"; Value = "NoSMT"; VariantName = "[No Variations]"
Change component parameters (AddParameter): Name = "Value"; Value = "5k"; VariantName = "[No Variations]"
Change component parameters: Designator = "R93" ("R62"); Footprint = "RES 0402"; UniqueID = "\NYEOYEHG\XIEHPQUB\TMYFOAIZ" ("\NYEOYEHG\XIEHPQUB\TMYFOAIZ")
Change component parameters (AddParameter): Name = "IsSMT"; Value = "NoSMT"; VariantName = "[No Variations]"
Change component parameters (AddParameter): Name = "Value"; Value = "10k"; VariantName = "[No Variations]"
Change component parameters: Designator = "R94" ("R63"); Footprint = "RES 0402"; UniqueID = "\NYEOYEHG\XIEHPQUB\AUKEMUFP" ("\NYEOYEHG\XIEHPQUB\AUKEMUFP")
Change component parameters (AddParameter): Name = "IsSMT"; Value = "NoSMT"; VariantName = "[No Variations]"
Change component parameters (AddParameter): Name = "Value"; Value = "100"; VariantName = "[No Variations]"
Change component parameters: Designator = "R95" ("R64"); Footprint = "RES 0402"; UniqueID = "\NYEOYEHG\XIEHPQUB\JFTYGLXH" ("\NYEOYEHG\XIEHPQUB\JFTYGLXH")
Change component parameters (AddParameter): Name = "IsSMT"; Value = "NoSMT"; VariantName = "[No Variations]"
Change component parameters (AddParameter): Name = "Value"; Value = "1k"; VariantName = "[No Variations]"
Change component parameters: Designator = "R96" ("R65"); Footprint = "RES 0402"; UniqueID = "\NYEOYEHG\XIEHPQUB\ZILTNURR" ("\NYEOYEHG\XIEHPQUB\ZILTNURR")
Change component parameters (AddParameter): Name = "IsSMT"; Value = "NoSMT"; VariantName = "[No Variations]"
Change component parameters (AddParameter): Name = "Value"; Value = "1k"; VariantName = "[No Variations]"
Change component parameters: Designator = "R97" ("R66"); Footprint = "RES 0402"; UniqueID = "\NYEOYEHG\XIEHPQUB\RDSQEIJT" ("\NYEOYEHG\XIEHPQUB\RDSQEIJT")
Change component parameters (AddParameter): Name = "IsSMT"; Value = "NoSMT"; VariantName = "[No Variations]"
Change component parameters (AddParameter): Name = "Value"; Value = "100"; VariantName = "[No Variations]"
Added Component: Designator=R48(RES 0402)
Add component (AddParameter): Name = "IsSMT"; Value = "NoSMT"; VariantName = "[No Variations]"
Add component (AddParameter): Name = "Value"; Value = "10k"; VariantName = "[No Variations]"
Added Pin To Net: NetName=5V_CHARGE Pin=R48-1
Added Pin To Net: NetName=5V_CHARGE Pin=R48-2
