Added Component: Designator=U?_MPPT1(QFN-16(3,5x3,5))
Added Component: Designator=U?_MPPT2(QFN-16(3,5x3,5))
Added Pin To Net: NetName=Net*_MPPT1_2 Pin=U?_MPPT1-2
Added Pin To Net: NetName=Net*_MPPT1_8 Pin=U?_MPPT1-8
Added Pin To Net: NetName=Net*_MPPT1_9 Pin=U?_MPPT1-9
Added Pin To Net: NetName=BAT_2S Pin=U?_MPPT1-10
Added Pin To Net: NetName=GND Pin=U?_MPPT1-11
Added Pin To Net: NetName=Net*_MPPT1_14 Pin=U?_MPPT1-14
Added Pin To Net: NetName=GND Pin=U?_MPPT1-TH
Added Pin To Net: NetName=Net*_MPPT1_2 Pin=U?_MPPT2-2
Added Pin To Net: NetName=Net*_MPPT2_8 Pin=U?_MPPT2-8
Added Pin To Net: NetName=Net*_MPPT2_9 Pin=U?_MPPT2-9
Added Pin To Net: NetName=BAT_2S Pin=U?_MPPT2-10
Added Pin To Net: NetName=GND Pin=U?_MPPT2-11
Added Pin To Net: NetName=Net*_MPPT2_14 Pin=U?_MPPT2-14
Added Pin To Net: NetName=GND Pin=U?_MPPT2-TH
Change Net Name : Old Net Name=Net*_MPPT1_2 New Net Name=NetR18_MPPT1_1
Change Net Name : Old Net Name=Net*_MPPT1_8 New Net Name=NetC22_MPPT1_1
Change Net Name : Old Net Name=Net*_MPPT1_9 New Net Name=NetC23_MPPT1_2
Change Net Name : Old Net Name=Net*_MPPT1_14 New Net Name=NetC18_MPPT1_1
Change Net Name : Old Net Name=Net*_MPPT2_8 New Net Name=NetC22_MPPT2_1
Change Net Name : Old Net Name=Net*_MPPT2_9 New Net Name=NetC23_MPPT2_2
Change Net Name : Old Net Name=Net*_MPPT2_14 New Net Name=NetC18_MPPT2_1
Added Pin To Net: NetName=NetC14_MPPT1_2 Pin=C14_MPPT1-2
Added Pin To Net: NetName=NetC14_MPPT1_2 Pin=U?_MPPT1-12
Added Pin To Net: NetName=NetC14_MPPT1_2 Pin=VD2_MPPT1-A
Added Net: Name=NetC14_MPPT1_2
Added Pin To Net: NetName=NetC14_MPPT2_2 Pin=C14_MPPT2-2
Added Pin To Net: NetName=NetC14_MPPT2_2 Pin=U?_MPPT2-12
Added Pin To Net: NetName=NetC14_MPPT2_2 Pin=VD2_MPPT2-A
Added Net: Name=NetC14_MPPT2_2
Added Pin To Net: NetName=NetC15_MPPT1_2 Pin=C15_MPPT1-2
Added Pin To Net: NetName=NetC15_MPPT1_2 Pin=R16_MPPT1-1
Added Pin To Net: NetName=NetC15_MPPT1_2 Pin=U?_MPPT1-1
Added Net: Name=NetC15_MPPT1_2
Added Pin To Net: NetName=NetC15_MPPT2_2 Pin=C15_MPPT2-2
Added Pin To Net: NetName=NetC15_MPPT2_2 Pin=R16_MPPT2-1
Added Pin To Net: NetName=NetC15_MPPT2_2 Pin=U?_MPPT2-1
Added Net: Name=NetC15_MPPT2_2
Added Pin To Net: NetName=NetC18_MPPT1_2 Pin=C18_MPPT1-2
Added Pin To Net: NetName=NetC18_MPPT1_2 Pin=U?_MPPT1-16
Added Pin To Net: NetName=NetC18_MPPT1_2 Pin=VD2_MPPT1-C
Added Net: Name=NetC18_MPPT1_2
Added Pin To Net: NetName=NetC18_MPPT2_2 Pin=C18_MPPT2-2
Added Pin To Net: NetName=NetC18_MPPT2_2 Pin=U?_MPPT2-16
Added Pin To Net: NetName=NetC18_MPPT2_2 Pin=VD2_MPPT2-C
Added Net: Name=NetC18_MPPT2_2
Added Pin To Net: NetName=NetC19_MPPT1_1 Pin=C19_MPPT1-1
Added Pin To Net: NetName=NetC19_MPPT1_1 Pin=U?_MPPT1-6
Added Net: Name=NetC19_MPPT1_1
Added Pin To Net: NetName=NetC19_MPPT2_1 Pin=C19_MPPT2-1
Added Pin To Net: NetName=NetC19_MPPT2_1 Pin=U?_MPPT2-6
Added Net: Name=NetC19_MPPT2_1
Added Pin To Net: NetName=NetLED1_MPPT1_2 Pin=LED1_MPPT1-2
Added Pin To Net: NetName=NetLED1_MPPT1_2 Pin=U?_MPPT1-3
Added Net: Name=NetLED1_MPPT1_2
Added Pin To Net: NetName=NetLED1_MPPT2_2 Pin=LED1_MPPT2-2
Added Pin To Net: NetName=NetLED1_MPPT2_2 Pin=U?_MPPT2-3
Added Net: Name=NetLED1_MPPT2_2
Added Pin To Net: NetName=NetLED2_MPPT1_2 Pin=LED2_MPPT1-2
Added Pin To Net: NetName=NetLED2_MPPT1_2 Pin=U?_MPPT1-5
Added Net: Name=NetLED2_MPPT1_2
Added Pin To Net: NetName=NetLED2_MPPT2_2 Pin=LED2_MPPT2-2
Added Pin To Net: NetName=NetLED2_MPPT2_2 Pin=U?_MPPT2-5
Added Net: Name=NetLED2_MPPT2_2
Added Pin To Net: NetName=NetU?_MPPT1_13 Pin=U?_MPPT1-13
Added Pin To Net: NetName=NetU?_MPPT1_13 Pin=VT5_MPPT1-1
Added Net: Name=NetU?_MPPT1_13
Added Pin To Net: NetName=NetU?_MPPT1_15 Pin=U?_MPPT1-15
Added Pin To Net: NetName=NetU?_MPPT1_15 Pin=VT4_MPPT1-1
Added Net: Name=NetU?_MPPT1_15
Added Pin To Net: NetName=NetU?_MPPT2_13 Pin=U?_MPPT2-13
Added Pin To Net: NetName=NetU?_MPPT2_13 Pin=VT5_MPPT2-1
Added Net: Name=NetU?_MPPT2_13
Added Pin To Net: NetName=NetU?_MPPT2_15 Pin=U?_MPPT2-15
Added Pin To Net: NetName=NetU?_MPPT2_15 Pin=VT4_MPPT2-1
Added Net: Name=NetU?_MPPT2_15
