Change Component Physical Designator: Old Designator=BAT1_BAT1 New Designator=BAT1
Change Component Physical Designator: Old Designator=BAT1_BAT2 New Designator=BAT1
Change Component Physical Designator: Old Designator=BAT1_BAT3 New Designator=BAT1
Change Component Physical Designator: Old Designator=BAT1_BAT4 New Designator=BAT1
Change Component Physical Designator: Old Designator=C1_BAT1 New Designator=C1
Change Component Physical Designator: Old Designator=C1_BAT2 New Designator=C1
Change Component Physical Designator: Old Designator=C1_BAT3 New Designator=C1
Change Component Physical Designator: Old Designator=C1_BAT4 New Designator=C1
Change Component Physical Designator: Old Designator=C8_Balancer1 New Designator=C8
Change Component Physical Designator: Old Designator=C8_Balancer2 New Designator=C8
Change Component Physical Designator: Old Designator=C9_Balancer1 New Designator=C9
Change Component Physical Designator: Old Designator=C9_Balancer2 New Designator=C9
Change Component Physical Designator: Old Designator=C10_Balancer1 New Designator=C10
Change Component Physical Designator: Old Designator=C10_Balancer2 New Designator=C10
Change Component Physical Designator: Old Designator=C11_Balancer1 New Designator=C11
Change Component Physical Designator: Old Designator=C11_Balancer2 New Designator=C11
Change Component Physical Designator: Old Designator=C14_MPPT1 New Designator=C14
Change Component Physical Designator: Old Designator=C14_MPPT2 New Designator=C14
Change Component Physical Designator: Old Designator=C15_MPPT1 New Designator=C15
Change Component Physical Designator: Old Designator=C15_MPPT2 New Designator=C15
Change Component Physical Designator: Old Designator=C16_MPPT1 New Designator=C16
Change Component Physical Designator: Old Designator=C16_MPPT2 New Designator=C16
Change Component Physical Designator: Old Designator=C17_MPPT1 New Designator=C17
Change Component Physical Designator: Old Designator=C17_MPPT2 New Designator=C17
Change Component Physical Designator: Old Designator=C18_MPPT1 New Designator=C18
Change Component Physical Designator: Old Designator=C18_MPPT2 New Designator=C18
Change Component Physical Designator: Old Designator=C19_MPPT1 New Designator=C19
Change Component Physical Designator: Old Designator=C19_MPPT2 New Designator=C19
Change Component Physical Designator: Old Designator=C20_MPPT1 New Designator=C20
Change Component Physical Designator: Old Designator=C20_MPPT2 New Designator=C20
Change Component Physical Designator: Old Designator=C21_MPPT1 New Designator=C21
Change Component Physical Designator: Old Designator=C21_MPPT2 New Designator=C21
Change Component Physical Designator: Old Designator=C22_MPPT1 New Designator=C22
Change Component Physical Designator: Old Designator=C22_MPPT2 New Designator=C22
Change Component Physical Designator: Old Designator=C23_MPPT1 New Designator=C23
Change Component Physical Designator: Old Designator=C23_MPPT2 New Designator=C23
Change Component Physical Designator: Old Designator=L1_MPPT1 New Designator=L1
Change Component Physical Designator: Old Designator=L1_MPPT2 New Designator=L1
Change Component Physical Designator: Old Designator=LED1_MPPT1 New Designator=LED1
Change Component Physical Designator: Old Designator=LED1_MPPT2 New Designator=LED1
Change Component Physical Designator: Old Designator=LED2_MPPT1 New Designator=LED2
Change Component Physical Designator: Old Designator=LED2_MPPT2 New Designator=LED2
Change Component Physical Designator: Old Designator=R2_BAT1 New Designator=R2
Change Component Physical Designator: Old Designator=R2_BAT2 New Designator=R2
Change Component Physical Designator: Old Designator=R2_BAT3 New Designator=R2
Change Component Physical Designator: Old Designator=R2_BAT4 New Designator=R2
Change Component Physical Designator: Old Designator=R3_BAT1 New Designator=R3
Change Component Physical Designator: Old Designator=R3_BAT2 New Designator=R3
Change Component Physical Designator: Old Designator=R3_BAT3 New Designator=R3
Change Component Physical Designator: Old Designator=R3_BAT4 New Designator=R3
Change Component Physical Designator: Old Designator=R4_Balancer1 New Designator=R4
Change Component Physical Designator: Old Designator=R4_Balancer2 New Designator=R4
Change Component Physical Designator: Old Designator=R5_Balancer1 New Designator=R5
Change Component Physical Designator: Old Designator=R5_Balancer2 New Designator=R5
Change Component Physical Designator: Old Designator=R6_Balancer1 New Designator=R6
Change Component Physical Designator: Old Designator=R6_Balancer2 New Designator=R6
Change Component Physical Designator: Old Designator=R7_Balancer1 New Designator=R7
Change Component Physical Designator: Old Designator=R7_Balancer2 New Designator=R7
Change Component Physical Designator: Old Designator=R16_MPPT1 New Designator=R16
Change Component Physical Designator: Old Designator=R16_MPPT2 New Designator=R16
Change Component Physical Designator: Old Designator=R17_MPPT1 New Designator=R17
Change Component Physical Designator: Old Designator=R17_MPPT2 New Designator=R17
Change Component Physical Designator: Old Designator=R18_MPPT1 New Designator=R18
Change Component Physical Designator: Old Designator=R18_MPPT2 New Designator=R18
Change Component Physical Designator: Old Designator=R19_MPPT1 New Designator=R19
Change Component Physical Designator: Old Designator=R19_MPPT2 New Designator=R19
Change Component Physical Designator: Old Designator=R20_MPPT1 New Designator=R20
Change Component Physical Designator: Old Designator=R20_MPPT2 New Designator=R20
Change Component Physical Designator: Old Designator=R21_MPPT1 New Designator=R21
Change Component Physical Designator: Old Designator=R21_MPPT2 New Designator=R21
Change Component Physical Designator: Old Designator=R22_MPPT1 New Designator=R22
Change Component Physical Designator: Old Designator=R22_MPPT2 New Designator=R22
Change Component Physical Designator: Old Designator=R23_MPPT1 New Designator=R23
Change Component Physical Designator: Old Designator=R23_MPPT2 New Designator=R23
Change Component Physical Designator: Old Designator=R24_MPPT1 New Designator=R24
Change Component Physical Designator: Old Designator=R24_MPPT2 New Designator=R24
Change Component Physical Designator: Old Designator=U2_BAT1 New Designator=U2
Change Component Physical Designator: Old Designator=U2_BAT2 New Designator=U2
Change Component Physical Designator: Old Designator=U2_BAT3 New Designator=U2
Change Component Physical Designator: Old Designator=U2_BAT4 New Designator=U2
Change Component Physical Designator: Old Designator=U3_Balancer1 New Designator=U3
Change Component Physical Designator: Old Designator=U3_Balancer2 New Designator=U3
Change Component Physical Designator: Old Designator=U4_MPPT1 New Designator=U4
Change Component Physical Designator: Old Designator=U4_MPPT2 New Designator=U4
Change Component Physical Designator: Old Designator=VD1_MPPT1 New Designator=VD1
Change Component Physical Designator: Old Designator=VD1_MPPT2 New Designator=VD1
Change Component Physical Designator: Old Designator=VD2_MPPT1 New Designator=VD2
Change Component Physical Designator: Old Designator=VD2_MPPT2 New Designator=VD2
Change Component Physical Designator: Old Designator=VT4_MPPT1 New Designator=VT4
Change Component Physical Designator: Old Designator=VT4_MPPT2 New Designator=VT4
Change Component Physical Designator: Old Designator=VT5_MPPT1 New Designator=VT5
Change Component Physical Designator: Old Designator=VT5_MPPT2 New Designator=VT5
