Change Component Physical Designator: Old Designator=C54_CAN_PHY1 New Designator=C73
Change Component Physical Designator: Old Designator=C54_CAN_PHY2 New Designator=C74
Change Component Physical Designator: Old Designator=R25 New Designator=R55
Change Component Physical Designator: Old Designator=R26 New Designator=R56
Change Component Physical Designator: Old Designator=R27 New Designator=R57
Change Component Physical Designator: Old Designator=R28 New Designator=R58
Change Component Physical Designator: Old Designator=R49 New Designator=R70
Change Component Physical Designator: Old Designator=R50 New Designator=R71
Change Component Physical Designator: Old Designator=R51 New Designator=R72
Change Component Physical Designator: Old Designator=R52 New Designator=R73
Change Component Physical Designator: Old Designator=R53_CAN_PHY1 New Designator=R74
Change Component Physical Designator: Old Designator=R53_CAN_PHY2 New Designator=R79
Change Component Physical Designator: Old Designator=R54_CAN_PHY1 New Designator=R75
Change Component Physical Designator: Old Designator=R54_CAN_PHY2 New Designator=R80
Change Component Physical Designator: Old Designator=R55_CAN_PHY1 New Designator=R76
Change Component Physical Designator: Old Designator=R55_CAN_PHY2 New Designator=R81
Change Component Physical Designator: Old Designator=R56_CAN_PHY1 New Designator=R77
Change Component Physical Designator: Old Designator=R56_CAN_PHY2 New Designator=R82
Change Component Physical Designator: Old Designator=R57_CAN_PHY1 New Designator=R78
Change Component Physical Designator: Old Designator=R57_CAN_PHY2 New Designator=R83
Change Component Physical Designator: Old Designator=U10_CAN_PHY1 New Designator=U16
Change Component Physical Designator: Old Designator=U10_CAN_PHY2 New Designator=U17
Change Component Physical Designator: Old Designator=X1 New Designator=X5
Change Component Physical Designator: Old Designator=X1 New Designator=X5
Change Component Physical Designator: Old Designator=X1 New Designator=X5
Change Component Physical Designator: Old Designator=X2 New Designator=X1
Change Component Physical Designator: Old Designator=X3 New Designator=X2
Change Component Physical Designator: Old Designator=X4 New Designator=X3
Change Component Physical Designator: Old Designator=X5 New Designator=X4
