Removed Pin From Net: NetName=3V3_AUX1_EN Pin=VT11-1
Removed Pin From Net: NetName=3V3_AUX1 Pin=VT11-3
Removed Pin From Net: NetName=5V_AUX1_EN Pin=VT12-1
Removed Pin From Net: NetName=5V_AUX1 Pin=VT12-3
Change Component Footprint: Designator=VT11 Old Footprint=SOT23-3 New Footprint=DFN-8_3x3
Change Component Footprint: Designator=VT12 Old Footprint=SOT23-3 New Footprint=DFN-8_3x3
Added Pin To Net: NetName=3V3_MAIN Pin=VT11-1
Added Pin To Net: NetName=3V3_MAIN Pin=VT11-3
Added Pin To Net: NetName=3V3_AUX1_EN Pin=VT11-4
Added Pin To Net: NetName=3V3_AUX1 Pin=VT11-5
Added Pin To Net: NetName=3V3_AUX1 Pin=VT11-6
Added Pin To Net: NetName=3V3_AUX1 Pin=VT11-7
Added Pin To Net: NetName=3V3_AUX1 Pin=VT11-8
Added Pin To Net: NetName=3V3_AUX1 Pin=VT11-TH
Added Pin To Net: NetName=5V_MAIN Pin=VT12-1
Added Pin To Net: NetName=5V_MAIN Pin=VT12-3
Added Pin To Net: NetName=5V_AUX1_EN Pin=VT12-4
Added Pin To Net: NetName=5V_AUX1 Pin=VT12-5
Added Pin To Net: NetName=5V_AUX1 Pin=VT12-6
Added Pin To Net: NetName=5V_AUX1 Pin=VT12-7
Added Pin To Net: NetName=5V_AUX1 Pin=VT12-8
Added Pin To Net: NetName=5V_AUX1 Pin=VT12-TH
Added Room: Name=AuxChannels1
