Removed Member From Class: ClassName=Vbat_key Member=R13
Change Component Designator: OldDesignator=R13 NewDesignator=R102
Added Component: Designator=C71(CERCAP 0402)
Add component (AddParameter): Name = "Diel"; Value = "X7R"; VariantName = "[No Variations]"
Add component (AddParameter): Name = "IsSMT"; Value = "NoSMT"; VariantName = "[No Variations]"
Add component (AddParameter): Name = "Value"; Value = "0.1uF"; VariantName = "[No Variations]"
Add component (AddParameter): Name = "Voltage"; Value = ""; VariantName = "[No Variations]"
Added Component: Designator=C84(CERCAP 0402)
Add component (AddParameter): Name = "Diel"; Value = "X7R"; VariantName = "[No Variations]"
Add component (AddParameter): Name = "IsSMT"; Value = "NoSMT"; VariantName = "[No Variations]"
Add component (AddParameter): Name = "Value"; Value = "0.1uF"; VariantName = "[No Variations]"
Add component (AddParameter): Name = "Voltage"; Value = ""; VariantName = "[No Variations]"
Added Component: Designator=R103(RES 0402)
Add component (AddParameter): Name = "IsSMT"; Value = "NoSMT"; VariantName = "[No Variations]"
Add component (AddParameter): Name = "Value"; Value = "330"; VariantName = "[No Variations]"
Added Component: Designator=R104(RES 0402)
Add component (AddParameter): Name = "IsSMT"; Value = "NoSMT"; VariantName = "[No Variations]"
Add component (AddParameter): Name = "Value"; Value = "10k"; VariantName = "[No Variations]"
Added Component: Designator=U23(TO-92)
Add component (AddParameter): Name = "IsSMT"; Value = "NoSMT"; VariantName = "[No Variations]"
Added Component: Designator=U24(TO-92)
Add component (AddParameter): Name = "IsSMT"; Value = "NoSMT"; VariantName = "[No Variations]"
Added Component: Designator=VD4(SOD-123)
Add component (AddParameter): Name = "IsSMT"; Value = "NoSMT"; VariantName = "[No Variations]"
Added Component: Designator=VT16(SOT23-3)
Add component (AddParameter): Name = "IsSMT"; Value = "NoSMT"; VariantName = "[No Variations]"
Added Component: Designator=VT17(SOT23-3)
Add component (AddParameter): Name = "IsSMT"; Value = "NoSMT"; VariantName = "[No Variations]"
Added Pin To Net: NetName=3V3_SYS Pin=C70-2
Added Pin To Net: NetName=GND Pin=C71-1
Added Pin To Net: NetName=3V3_SYS Pin=C71-2
Added Pin To Net: NetName=GND Pin=C84-1
Added Pin To Net: NetName=3V3_SYS Pin=C84-2
Added Pin To Net: NetName=NetR13_1 Pin=R104-1
Added Pin To Net: NetName=3V3_SYS Pin=R104-2
Added Pin To Net: NetName=3V3_SYS Pin=U22-3
Added Pin To Net: NetName=GND Pin=U23-1
Added Pin To Net: NetName=3V3_SYS Pin=U23-3
Added Pin To Net: NetName=GND Pin=U24-1
Added Pin To Net: NetName=3V3_SYS Pin=U24-3
Added Pin To Net: NetName=3V3_SYS Pin=VD4-A
Added Pin To Net: NetName=NetR13_1 Pin=VT16-1
Added Pin To Net: NetName=RBF_GND Pin=VT16-2
Added Pin To Net: NetName=NetR13_1 Pin=VT17-1
Added Pin To Net: NetName=GND Pin=VT17-2
Change Net Name : Old Net Name=NetR13_2 New Net Name=NetR89_1
Added Pin To Net: NetName=NetC85_1 Pin=R103-2
Added Pin To Net: NetName=NetC85_1 Pin=X5-94
Added Net: Name=NetC85_1
Added Pin To Net: NetName=NetR103_1 Pin=R103-1
Added Pin To Net: NetName=NetR103_1 Pin=VD4-C
Added Net: Name=NetR103_1
Added Pin To Net: NetName=NetU23_2 Pin=U23-2
Added Pin To Net: NetName=NetU23_2 Pin=U24-2
Added Net: Name=NetU23_2
Added Pin To Net: NetName=NetVT16_D6 Pin=VT16-3
Added Pin To Net: NetName=NetVT16_D6 Pin=VT17-3
Added Net: Name=NetVT16_D6
Added Class: Name=DS18B20
Added Class: Name=DS18B21
Added Class: Name=V_BACKUP
Added Class: Name=DS18B20
Added Member To Class: ClassName=Vbat_key Member=Component R102 (R13) RES 0402 10k
Added Room: Name=AuxChannels2
Added Room: Name=DS18B20
Added Room: Name=DS18B21
Added Room: Name=V_BACKUP
Added Room: Name=Vbat_key
