Change Component Designator: OldDesignator=* NewDesignator=*1
Added Component: Designator=B1(button)
Added Component: Designator=C86(CERCAP 0805)
Add component (AddParameter): Name = "Diel"; Value = "X7R"; VariantName = "[No Variations]"
Add component (AddParameter): Name = "IsSMT"; Value = "NoSMT"; VariantName = "[No Variations]"
Add component (AddParameter): Name = "Value"; Value = "10uF"; VariantName = "[No Variations]"
Add component (AddParameter): Name = "Voltage"; Value = ""; VariantName = "[No Variations]"
Added Component: Designator=R105(RES 0402)
Add component (AddParameter): Name = "IsSMT"; Value = "NoSMT"; VariantName = "[No Variations]"
Add component (AddParameter): Name = "Value"; Value = "0"; VariantName = "[No Variations]"
Added Component: Designator=R106(RES 0402)
Add component (AddParameter): Name = "IsSMT"; Value = "NoSMT"; VariantName = "[No Variations]"
Add component (AddParameter): Name = "Value"; Value = "10k"; VariantName = "[No Variations]"
Added Component: Designator=R107(RES 0402)
Add component (AddParameter): Name = "IsSMT"; Value = "NoSMT"; VariantName = "[No Variations]"
Add component (AddParameter): Name = "Value"; Value = "100k"; VariantName = "[No Variations]"
Added Component: Designator=R108(RES 0402)
Add component (AddParameter): Name = "IsSMT"; Value = "NoSMT"; VariantName = "[No Variations]"
Add component (AddParameter): Name = "Value"; Value = "100"; VariantName = "[No Variations]"
Added Component: Designator=VD5(SOD-123)
Add component (AddParameter): Name = "IsSMT"; Value = "NoSMT"; VariantName = "[No Variations]"
Added Component: Designator=VT18(SOT23-3)
Add component (AddParameter): Name = "IsSMT"; Value = "NoSMT"; VariantName = "[No Variations]"
Added Pin To Net: NetName=GND Pin=B1-1
Added Pin To Net: NetName=GND Pin=C86-1
Added Pin To Net: NetName=EPS_RST Pin=R105-2
Added Pin To Net: NetName=3V3_SYS Pin=R106-1
Added Pin To Net: NetName=EPS_RST Pin=R106-2
Added Pin To Net: NetName=BOOT0 Pin=R108-2
Added Pin To Net: NetName=3V3_SYS Pin=VD5-A
Added Pin To Net: NetName=EPS_RST Pin=VT18-1
Added Pin To Net: NetName=NetB1_2 Pin=B1-2
Added Pin To Net: NetName=NetB1_2 Pin=R105-1
Added Net: Name=NetB1_2
Added Pin To Net: NetName=NetC86_2 Pin=C86-2
Added Pin To Net: NetName=NetC86_2 Pin=R107-2
Added Pin To Net: NetName=NetC86_2 Pin=R108-1
Added Net: Name=NetC86_2
Added Pin To Net: NetName=NetR107_1 Pin=R107-1
Added Pin To Net: NetName=NetR107_1 Pin=VT18-3
Added Net: Name=NetR107_1
Added Pin To Net: NetName=NetVD5_C Pin=VD5-C
Added Pin To Net: NetName=NetVD5_C Pin=VT18-2
Added Net: Name=NetVD5_C
Added Class: Name=BootDriver
Added Room: Name=BootDriver
