Change Component Footprint: Designator=X1 Old Footprint=PLS-4-2.54 New Footprint=PicoBlade_4P
Change Component Footprint: Designator=X2 Old Footprint=PLS-4-2.54 New Footprint=PicoBlade_4P
Change Component Footprint: Designator=X3 Old Footprint=PLS-4-2.54 New Footprint=PicoBlade_4P
Change Component Footprint: Designator=X4 Old Footprint=PLS-4-2.54 New Footprint=PicoBlade_4P
Change Component Footprint: Designator=X6 Old Footprint=PLS-4-2.54 New Footprint=PicoBlade_4P
Change Component Footprint: Designator=X7 Old Footprint=PLS-4-2.54 New Footprint=PicoBlade_4P
Change Component Comment : Designator=X1 Old Comment=MolexPicoblade 4p New Comment=Header?
Change Component Comment : Designator=X2 Old Comment=MolexPicoblade 4p New Comment=Header?
Change Component Comment : Designator=X3 Old Comment=MolexPicoblade 4p New Comment=Header?
Change Component Comment : Designator=X4 Old Comment=MolexPicoblade 4p New Comment=Header?
Change Component Comment : Designator=X6 Old Comment=MolexPicoblade 4p New Comment=Header?
Change Component Comment : Designator=X7 Old Comment=MolexPicoblade 4p New Comment=Header?
Change component parameters: Designator = "X1" ("X2"); Footprint = "PLS-4-2.54"; UniqueID = "\FPSBJFZE\YYPJOTBN" ("\FPSBJFZE\YYPJOTBN")
Change component parameters (AddParameter): Name = "IsSMT"; Value = "NoSMT"; VariantName = "[No Variations]"
Change component parameters (AddParameter): Name = "Purpose"; Value = "Purpose?"; VariantName = "[No Variations]"
Change component parameters: Designator = "X2" ("X3"); Footprint = "PLS-4-2.54"; UniqueID = "\FPSBJFZE\LIBAARRI" ("\FPSBJFZE\LIBAARRI")
Change component parameters (AddParameter): Name = "IsSMT"; Value = "NoSMT"; VariantName = "[No Variations]"
Change component parameters (AddParameter): Name = "Purpose"; Value = "Purpose?"; VariantName = "[No Variations]"
Change component parameters: Designator = "X3" ("X4"); Footprint = "PLS-4-2.54"; UniqueID = "\FPSBJFZE\NZSXMQQE" ("\FPSBJFZE\NZSXMQQE")
Change component parameters (AddParameter): Name = "IsSMT"; Value = "NoSMT"; VariantName = "[No Variations]"
Change component parameters (AddParameter): Name = "Purpose"; Value = "Purpose?"; VariantName = "[No Variations]"
Change component parameters: Designator = "X4" ("X5"); Footprint = "PLS-4-2.54"; UniqueID = "\FPSBJFZE\UDSNQDEA" ("\FPSBJFZE\UDSNQDEA")
Change component parameters (AddParameter): Name = "IsSMT"; Value = "NoSMT"; VariantName = "[No Variations]"
Change component parameters (AddParameter): Name = "Purpose"; Value = "Purpose?"; VariantName = "[No Variations]"
Change component parameters: Designator = "X6" ("X6"); Footprint = "PLS-4-2.54"; UniqueID = "\FPSBJFZE\OBUAWJLB" ("\FPSBJFZE\OBUAWJLB")
Change component parameters (AddParameter): Name = "IsSMT"; Value = "NoSMT"; VariantName = "[No Variations]"
Change component parameters (AddParameter): Name = "Purpose"; Value = "Purpose?"; VariantName = "[No Variations]"
Change component parameters: Designator = "X7" ("X7"); Footprint = "PLS-4-2.54"; UniqueID = "\FPSBJFZE\YZVJNVGJ" ("\FPSBJFZE\YZVJNVGJ")
Change component parameters (AddParameter): Name = "IsSMT"; Value = "NoSMT"; VariantName = "[No Variations]"
Change component parameters (AddParameter): Name = "Purpose"; Value = "Purpose?"; VariantName = "[No Variations]"
Added Component: Designator=R?(RES 0402)
Add component (AddParameter): Name = "IsSMT"; Value = "NoSMT"; VariantName = "[No Variations]"
Add component (AddParameter): Name = "Value"; Value = "10k"; VariantName = "[No Variations]"
Added Pin To Net: NetName=5V_CHARGE Pin=R?-2
Added Pin To Net: NetName=NetR?_1 Pin=R?-1
Added Pin To Net: NetName=NetR?_1 Pin=U12-4
Added Net: Name=NetR?_1
