Removed Pin From Net: NetName=+3.3V Pin=U10-9
Change Component Comment : Designator=R57 Old Comment=RES 0402 2.2k New Comment=RES 0402 330
Change Component Comment : Designator=R58 Old Comment=RES 0402 2.2k New Comment=RES 0402 330
Change Component Comment : Designator=R55 Old Comment=RES 0402 10k New Comment=RES 0402 X
Change Component Comment : Designator=R56 Old Comment=RES 0402 10k New Comment=RES 0402 X
Change Component Designator: OldDesignator=X1 NewDesignator=X5
Change Component Designator: OldDesignator=X2 NewDesignator=X1
Change Component Designator: OldDesignator=X3 NewDesignator=X2
Change Component Designator: OldDesignator=X4 NewDesignator=X3
Change Component Designator: OldDesignator=X5 NewDesignator=X4
Change component parameters: Designator = "R55" ("R25"); Footprint = "RES 0402"; UniqueID = "\POBQOFNL\VXFZKGHN" ("\POBQOFNL\VXFZKGHN")
Change component parameters (AddParameter): Name = "IsSMT"; Value = "NoSMT"; VariantName = "[No Variations]"
Change component parameters (AddParameter): Name = "Value"; Value = "X"; VariantName = "[No Variations]"
Change component parameters: Designator = "R56" ("R26"); Footprint = "RES 0402"; UniqueID = "\POBQOFNL\BLKYRWOM" ("\POBQOFNL\BLKYRWOM")
Change component parameters (AddParameter): Name = "IsSMT"; Value = "NoSMT"; VariantName = "[No Variations]"
Change component parameters (AddParameter): Name = "Value"; Value = "X"; VariantName = "[No Variations]"
Change component parameters: Designator = "R57" ("R27"); Footprint = "RES 0402"; UniqueID = "\JGUQFWAN\XGNURCLS" ("\JGUQFWAN\XGNURCLS")
Change component parameters (AddParameter): Name = "IsSMT"; Value = "NoSMT"; VariantName = "[No Variations]"
Change component parameters (AddParameter): Name = "Value"; Value = "330"; VariantName = "[No Variations]"
Change component parameters: Designator = "R58" ("R28"); Footprint = "RES 0402"; UniqueID = "\JGUQFWAN\NJGJKANV" ("\JGUQFWAN\NJGJKANV")
Change component parameters (AddParameter): Name = "IsSMT"; Value = "NoSMT"; VariantName = "[No Variations]"
Change component parameters (AddParameter): Name = "Value"; Value = "330"; VariantName = "[No Variations]"
Added Component: Designator=C73(CERCAP 0402)
Add component (AddParameter): Name = "Diel"; Value = "X7R"; VariantName = "[No Variations]"
Add component (AddParameter): Name = "IsSMT"; Value = "NoSMT"; VariantName = "[No Variations]"
Add component (AddParameter): Name = "Value"; Value = ""; VariantName = "[No Variations]"
Add component (AddParameter): Name = "Voltage"; Value = ""; VariantName = "[No Variations]"
Added Component: Designator=C74(CERCAP 0402)
Add component (AddParameter): Name = "Diel"; Value = "X7R"; VariantName = "[No Variations]"
Add component (AddParameter): Name = "IsSMT"; Value = "NoSMT"; VariantName = "[No Variations]"
Add component (AddParameter): Name = "Value"; Value = ""; VariantName = "[No Variations]"
Add component (AddParameter): Name = "Voltage"; Value = ""; VariantName = "[No Variations]"
Added Component: Designator=FLT1(IND 0603)
Add component (AddParameter): Name = "IsSMT"; Value = "NoSMT"; VariantName = "[No Variations]"
Add component (AddParameter): Name = "Value"; Value = ""; VariantName = "[No Variations]"
Added Component: Designator=R70(RES 0402)
Add component (AddParameter): Name = "IsSMT"; Value = "NoSMT"; VariantName = "[No Variations]"
Add component (AddParameter): Name = "Value"; Value = "330"; VariantName = "[No Variations]"
Added Component: Designator=R71(RES 0402)
Add component (AddParameter): Name = "IsSMT"; Value = "NoSMT"; VariantName = "[No Variations]"
Add component (AddParameter): Name = "Value"; Value = "330"; VariantName = "[No Variations]"
Added Component: Designator=R72(RES 0402)
Add component (AddParameter): Name = "IsSMT"; Value = "NoSMT"; VariantName = "[No Variations]"
Add component (AddParameter): Name = "Value"; Value = "330"; VariantName = "[No Variations]"
Added Component: Designator=R73(RES 0402)
Add component (AddParameter): Name = "IsSMT"; Value = "NoSMT"; VariantName = "[No Variations]"
Add component (AddParameter): Name = "Value"; Value = "330"; VariantName = "[No Variations]"
Added Component: Designator=R74(RES 0402)
Add component (AddParameter): Name = "IsSMT"; Value = "NoSMT"; VariantName = "[No Variations]"
Add component (AddParameter): Name = "Value"; Value = ""; VariantName = "[No Variations]"
Added Component: Designator=R77(RES 0402)
Add component (AddParameter): Name = "IsSMT"; Value = "NoSMT"; VariantName = "[No Variations]"
Add component (AddParameter): Name = "Value"; Value = ""; VariantName = "[No Variations]"
Added Component: Designator=R79(RES 0402)
Add component (AddParameter): Name = "IsSMT"; Value = "NoSMT"; VariantName = "[No Variations]"
Add component (AddParameter): Name = "Value"; Value = ""; VariantName = "[No Variations]"
Added Component: Designator=R82(RES 0402)
Add component (AddParameter): Name = "IsSMT"; Value = "NoSMT"; VariantName = "[No Variations]"
Add component (AddParameter): Name = "Value"; Value = ""; VariantName = "[No Variations]"
Added Component: Designator=U16(SO-8)
Added Component: Designator=U17(SO-8)
Added Pin To Net: NetName=+3.3V Pin=FLT1-2
Added Pin To Net: NetName=BAT_2S Pin=R55-2
Added Pin To Net: NetName=GND Pin=R56-1
Added Pin To Net: NetName=NetUSB1_A4B9 Pin=X5-32
Added Pin To Net: NetName=BAT_2S Pin=X5-97
Added Pin To Net: NetName=BAT_2S Pin=X5-98
Change Net Name : Old Net Name=+3.3V New Net Name=V_SYS
Change Net Name : Old Net Name=NetX1_17 New Net Name=NetX5_17
Change Net Name : Old Net Name=NetX1_18 New Net Name=NetX5_18
Change Net Name : Old Net Name=NetX1_19 New Net Name=NetX5_19
Change Net Name : Old Net Name=NetX1_20 New Net Name=NetX5_20
Change Net Name : Old Net Name=NetX1_39 New Net Name=NetX5_39
Change Net Name : Old Net Name=NetX1_40 New Net Name=NetX5_40
Change Net Name : Old Net Name=NetX1_73 New Net Name=NetX5_73
Change Net Name : Old Net Name=NetX1_74 New Net Name=NetX5_74
Change Net Name : Old Net Name=NetX1_94 New Net Name=NetX5_94
Added Pin To Net: NetName=CAN_MP_CAN_PHY1 Pin=R74-1
Added Pin To Net: NetName=CAN_MP_CAN_PHY1 Pin=R77-2
Added Pin To Net: NetName=CAN_MP_CAN_PHY1 Pin=U16-5
Added Net: Name=CAN_MP_CAN_PHY1
Added Pin To Net: NetName=CAN_MP_CAN_PHY2 Pin=R79-1
Added Pin To Net: NetName=CAN_MP_CAN_PHY2 Pin=R82-2
Added Pin To Net: NetName=CAN_MP_CAN_PHY2 Pin=U17-5
Added Net: Name=CAN_MP_CAN_PHY2
Added Pin To Net: NetName=NetC73_1 Pin=C73-1
Added Pin To Net: NetName=NetC73_1 Pin=U16-2
Added Net: Name=NetC73_1
Added Pin To Net: NetName=NetC73_2 Pin=C73-2
Added Pin To Net: NetName=NetC73_2 Pin=U16-3
Added Net: Name=NetC73_2
Added Pin To Net: NetName=NetC74_1 Pin=C74-1
Added Pin To Net: NetName=NetC74_1 Pin=U17-2
Added Net: Name=NetC74_1
Added Pin To Net: NetName=NetC74_2 Pin=C74-2
Added Pin To Net: NetName=NetC74_2 Pin=U17-3
Added Net: Name=NetC74_2
Added Pin To Net: NetName=NetFLT1_1 Pin=FLT1-1
Added Pin To Net: NetName=NetFLT1_1 Pin=U10-9
Added Net: Name=NetFLT1_1
Added Pin To Net: NetName=NetR55_1 Pin=R55-1
Added Pin To Net: NetName=NetR55_1 Pin=R56-2
Added Net: Name=NetR55_1
Added Pin To Net: NetName=NetR57_1 Pin=R57-1
Added Net: Name=NetR57_1
Added Pin To Net: NetName=NetR57_2 Pin=R57-2
Added Pin To Net: NetName=NetR57_2 Pin=U10-12
Added Net: Name=NetR57_2
Added Pin To Net: NetName=NetR58_1 Pin=R58-1
Added Net: Name=NetR58_1
Added Pin To Net: NetName=NetR58_2 Pin=R58-2
Added Pin To Net: NetName=NetR58_2 Pin=U10-13
Added Net: Name=NetR58_2
Added Pin To Net: NetName=NetR70_1 Pin=R70-1
Added Net: Name=NetR70_1
Added Pin To Net: NetName=NetR70_2 Pin=R70-2
Added Pin To Net: NetName=NetR70_2 Pin=U10-30
Added Net: Name=NetR70_2
Added Pin To Net: NetName=NetR71_1 Pin=R71-1
Added Net: Name=NetR71_1
Added Pin To Net: NetName=NetR71_2 Pin=R71-2
Added Pin To Net: NetName=NetR71_2 Pin=U10-31
Added Net: Name=NetR71_2
Added Pin To Net: NetName=NetR72_1 Pin=R72-1
Added Net: Name=NetR72_1
Added Pin To Net: NetName=NetR72_2 Pin=R72-2
Added Pin To Net: NetName=NetR72_2 Pin=U10-42
Added Net: Name=NetR72_2
Added Pin To Net: NetName=NetR73_1 Pin=R73-1
Added Net: Name=NetR73_1
Added Pin To Net: NetName=NetR73_2 Pin=R73-2
Added Pin To Net: NetName=NetR73_2 Pin=U10-43
Added Net: Name=NetR73_2
Added Pin To Net: NetName=NetR74_2 Pin=R74-2
Added Pin To Net: NetName=NetR74_2 Pin=U16-7
Added Pin To Net: NetName=NetR74_2 Pin=X5-55
Added Net: Name=NetR74_2
Added Pin To Net: NetName=NetR75_1 Pin=U16-1
Added Net: Name=NetR75_1
Added Pin To Net: NetName=NetR76_1 Pin=U16-4
Added Net: Name=NetR76_1
Added Pin To Net: NetName=NetR77_1 Pin=R77-1
Added Pin To Net: NetName=NetR77_1 Pin=U16-6
Added Pin To Net: NetName=NetR77_1 Pin=X5-53
Added Net: Name=NetR77_1
Added Pin To Net: NetName=NetR79_2 Pin=R79-2
Added Pin To Net: NetName=NetR79_2 Pin=U17-7
Added Pin To Net: NetName=NetR79_2 Pin=X5-3
Added Net: Name=NetR79_2
Added Pin To Net: NetName=NetR80_1 Pin=U17-1
Added Net: Name=NetR80_1
Added Pin To Net: NetName=NetR81_1 Pin=U17-4
Added Net: Name=NetR81_1
Added Pin To Net: NetName=NetR82_1 Pin=R82-1
Added Pin To Net: NetName=NetR82_1 Pin=U17-6
Added Pin To Net: NetName=NetR82_1 Pin=X5-1
Added Net: Name=NetR82_1
Added Pin To Net: NetName=NetU10_29 Pin=U10-29
Added Pin To Net: NetName=NetU10_29 Pin=X5-43
Added Net: Name=NetU10_29
Added Pin To Net: NetName=NetU10_40 Pin=U10-40
Added Pin To Net: NetName=NetU10_40 Pin=X5-41
Added Net: Name=NetU10_40
Added Pin To Net: NetName=NetU10_45 Pin=U10-45
Added Pin To Net: NetName=NetU10_45 Pin=X5-21
Added Net: Name=NetU10_45
Added Pin To Net: NetName=NetU10_46 Pin=U10-46
Added Pin To Net: NetName=NetU10_46 Pin=X5-23
Added Net: Name=NetU10_46
Added Pin To Net: NetName=NetU16_8 Pin=U16-8
Added Net: Name=NetU16_8
Added Pin To Net: NetName=NetU17_8 Pin=U17-8
Added Net: Name=NetU17_8
Added Pin To Net: NetName=USB_D_N Pin=U10-32
Added Pin To Net: NetName=USB_D_N Pin=USB1-A7
Added Pin To Net: NetName=USB_D_N Pin=USB1-B7
Added Net: Name=USB_D_N
Added Pin To Net: NetName=USB_D_P Pin=U10-33
Added Pin To Net: NetName=USB_D_P Pin=USB1-A6
Added Pin To Net: NetName=USB_D_P Pin=USB1-B6
Added Net: Name=USB_D_P
Added Class: Name=CAN_PHY1
Added Class: Name=CAN_PHY2
Added Class: Name=CAN_PHY
Added Room: Name=CAN_PHY1
Added Room: Name=CAN_PHY2
