Removed Pin From Net: NetName=BAT_1S Pin=BAT1_BAT4-A
Removed Pin From Net: NetName=BAT_1S Pin=BAT1_BAT4-A
Removed Pin From Net: NetName=BAT_1S Pin=BAT1_BAT4-A
Removed Pin From Net: NetName=BAT_1S Pin=R2_BAT4-2
Removed Pin From Net: NetName=BAT_1S Pin=R3_BAT2-1
Removed Pin From Net: NetName=BAT_1S Pin=U2_BAT2-6
Change Component Comment : Designator=R1 Old Comment=RES 0402 * New Comment=RES 0402 10k
Added Component: Designator=C8_Balancer1(CERCAP 0402)
Add component (AddParameter): Name = "Diel"; Value = "X7R"; VariantName = "[No Variations]"
Add component (AddParameter): Name = "IsSMT"; Value = "NoSMT"; VariantName = "[No Variations]"
Add component (AddParameter): Name = "Value"; Value = "0.1uF"; VariantName = "[No Variations]"
Add component (AddParameter): Name = "Voltage"; Value = ""; VariantName = "[No Variations]"
Added Component: Designator=C8_Balancer2(CERCAP 0402)
Add component (AddParameter): Name = "Diel"; Value = "X7R"; VariantName = "[No Variations]"
Add component (AddParameter): Name = "IsSMT"; Value = "NoSMT"; VariantName = "[No Variations]"
Add component (AddParameter): Name = "Value"; Value = "0.1uF"; VariantName = "[No Variations]"
Add component (AddParameter): Name = "Voltage"; Value = ""; VariantName = "[No Variations]"
Added Component: Designator=C9_Balancer1(CERCAP 0402)
Add component (AddParameter): Name = "Diel"; Value = "X7R"; VariantName = "[No Variations]"
Add component (AddParameter): Name = "IsSMT"; Value = "NoSMT"; VariantName = "[No Variations]"
Add component (AddParameter): Name = "Value"; Value = "0.1uF"; VariantName = "[No Variations]"
Add component (AddParameter): Name = "Voltage"; Value = ""; VariantName = "[No Variations]"
Added Component: Designator=C9_Balancer2(CERCAP 0402)
Add component (AddParameter): Name = "Diel"; Value = "X7R"; VariantName = "[No Variations]"
Add component (AddParameter): Name = "IsSMT"; Value = "NoSMT"; VariantName = "[No Variations]"
Add component (AddParameter): Name = "Value"; Value = "0.1uF"; VariantName = "[No Variations]"
Add component (AddParameter): Name = "Voltage"; Value = ""; VariantName = "[No Variations]"
Added Component: Designator=C10_Balancer1(CERCAP 0402)
Add component (AddParameter): Name = "Diel"; Value = "X7R"; VariantName = "[No Variations]"
Add component (AddParameter): Name = "IsSMT"; Value = "NoSMT"; VariantName = "[No Variations]"
Add component (AddParameter): Name = "Value"; Value = "0.1uF"; VariantName = "[No Variations]"
Add component (AddParameter): Name = "Voltage"; Value = ""; VariantName = "[No Variations]"
Added Component: Designator=C10_Balancer2(CERCAP 0402)
Add component (AddParameter): Name = "Diel"; Value = "X7R"; VariantName = "[No Variations]"
Add component (AddParameter): Name = "IsSMT"; Value = "NoSMT"; VariantName = "[No Variations]"
Add component (AddParameter): Name = "Value"; Value = "0.1uF"; VariantName = "[No Variations]"
Add component (AddParameter): Name = "Voltage"; Value = ""; VariantName = "[No Variations]"
Added Component: Designator=C11_Balancer1(CERCAP 0402)
Add component (AddParameter): Name = "Diel"; Value = "X7R"; VariantName = "[No Variations]"
Add component (AddParameter): Name = "IsSMT"; Value = "NoSMT"; VariantName = "[No Variations]"
Add component (AddParameter): Name = "Value"; Value = "0.1uF"; VariantName = "[No Variations]"
Add component (AddParameter): Name = "Voltage"; Value = ""; VariantName = "[No Variations]"
Added Component: Designator=C11_Balancer2(CERCAP 0402)
Add component (AddParameter): Name = "Diel"; Value = "X7R"; VariantName = "[No Variations]"
Add component (AddParameter): Name = "IsSMT"; Value = "NoSMT"; VariantName = "[No Variations]"
Add component (AddParameter): Name = "Value"; Value = "0.1uF"; VariantName = "[No Variations]"
Add component (AddParameter): Name = "Voltage"; Value = ""; VariantName = "[No Variations]"
Added Component: Designator=C12(CERCAP 0402)
Add component (AddParameter): Name = "Diel"; Value = "X7R"; VariantName = "[No Variations]"
Add component (AddParameter): Name = "IsSMT"; Value = "NoSMT"; VariantName = "[No Variations]"
Add component (AddParameter): Name = "Value"; Value = "22pF"; VariantName = "[No Variations]"
Add component (AddParameter): Name = "Voltage"; Value = ""; VariantName = "[No Variations]"
Added Component: Designator=C13(CERCAP 0402)
Add component (AddParameter): Name = "Diel"; Value = "X7R"; VariantName = "[No Variations]"
Add component (AddParameter): Name = "IsSMT"; Value = "NoSMT"; VariantName = "[No Variations]"
Add component (AddParameter): Name = "Value"; Value = "22pF"; VariantName = "[No Variations]"
Add component (AddParameter): Name = "Voltage"; Value = ""; VariantName = "[No Variations]"
Added Component: Designator=G1(3225)
Add component (AddParameter): Name = "IsSMT"; Value = "NoSMT"; VariantName = "[No Variations]"
Add component (AddParameter): Name = "Value"; Value = "12 MHz"; VariantName = "[No Variations]"
Added Component: Designator=R4_Balancer1(RES 0402)
Add component (AddParameter): Name = "IsSMT"; Value = "NoSMT"; VariantName = "[No Variations]"
Add component (AddParameter): Name = "Value"; Value = "160"; VariantName = "[No Variations]"
Added Component: Designator=R4_Balancer2(RES 0402)
Add component (AddParameter): Name = "IsSMT"; Value = "NoSMT"; VariantName = "[No Variations]"
Add component (AddParameter): Name = "Value"; Value = "160"; VariantName = "[No Variations]"
Added Component: Designator=R5_Balancer1(RES 0402)
Add component (AddParameter): Name = "IsSMT"; Value = "NoSMT"; VariantName = "[No Variations]"
Add component (AddParameter): Name = "Value"; Value = "260"; VariantName = "[No Variations]"
Added Component: Designator=R5_Balancer2(RES 0402)
Add component (AddParameter): Name = "IsSMT"; Value = "NoSMT"; VariantName = "[No Variations]"
Add component (AddParameter): Name = "Value"; Value = "260"; VariantName = "[No Variations]"
Added Component: Designator=R6_Balancer1(RES 0402)
Add component (AddParameter): Name = "IsSMT"; Value = "NoSMT"; VariantName = "[No Variations]"
Add component (AddParameter): Name = "Value"; Value = "100"; VariantName = "[No Variations]"
Added Component: Designator=R6_Balancer2(RES 0402)
Add component (AddParameter): Name = "IsSMT"; Value = "NoSMT"; VariantName = "[No Variations]"
Add component (AddParameter): Name = "Value"; Value = "100"; VariantName = "[No Variations]"
Added Component: Designator=R7_Balancer1(RES 0402)
Add component (AddParameter): Name = "IsSMT"; Value = "NoSMT"; VariantName = "[No Variations]"
Add component (AddParameter): Name = "Value"; Value = "100"; VariantName = "[No Variations]"
Added Component: Designator=R7_Balancer2(RES 0402)
Add component (AddParameter): Name = "IsSMT"; Value = "NoSMT"; VariantName = "[No Variations]"
Add component (AddParameter): Name = "Value"; Value = "100"; VariantName = "[No Variations]"
Added Component: Designator=R8(RES 0402)
Add component (AddParameter): Name = "IsSMT"; Value = "NoSMT"; VariantName = "[No Variations]"
Add component (AddParameter): Name = "Value"; Value = "10k"; VariantName = "[No Variations]"
Added Component: Designator=R9(RES 0402)
Add component (AddParameter): Name = "IsSMT"; Value = "NoSMT"; VariantName = "[No Variations]"
Add component (AddParameter): Name = "Value"; Value = "10k"; VariantName = "[No Variations]"
Added Component: Designator=U3_Balancer1(VSON-8)
Added Component: Designator=U3_Balancer2(VSON-8)
Added Pin To Net: NetName=GND Pin=C9_Balancer1-1
Added Pin To Net: NetName=GND Pin=C9_Balancer2-1
Added Pin To Net: NetName=GND Pin=C10_Balancer1-1
Added Pin To Net: NetName=GND Pin=C10_Balancer2-1
Added Pin To Net: NetName=GND Pin=C11_Balancer1-1
Added Pin To Net: NetName=GND Pin=C11_Balancer2-1
Added Pin To Net: NetName=GND Pin=C12-2
Added Pin To Net: NetName=GND Pin=C13-2
Added Pin To Net: NetName=BAT_2S Pin=R4_Balancer1-1
Added Pin To Net: NetName=BAT_2S Pin=R4_Balancer2-1
Added Pin To Net: NetName=BAT_1S Pin=R5_Balancer2-1
Added Pin To Net: NetName=BAT_2S Pin=R6_Balancer1-2
Added Pin To Net: NetName=BAT_2S Pin=R6_Balancer2-2
Added Pin To Net: NetName=BAT_1S Pin=R7_Balancer2-1
Added Pin To Net: NetName=+3.3V Pin=R8-2
Added Pin To Net: NetName=GND Pin=R9-1
Added Pin To Net: NetName=GND Pin=U3_Balancer1-5
Added Pin To Net: NetName=GND Pin=U3_Balancer1-TH
Added Pin To Net: NetName=GND Pin=U3_Balancer1-TH
Added Pin To Net: NetName=GND Pin=U3_Balancer1-TH
Added Pin To Net: NetName=GND Pin=U3_Balancer1-TH
Added Pin To Net: NetName=GND Pin=U3_Balancer1-TH
Added Pin To Net: NetName=GND Pin=U3_Balancer2-5
Added Pin To Net: NetName=GND Pin=U3_Balancer2-TH
Added Pin To Net: NetName=GND Pin=U3_Balancer2-TH
Added Pin To Net: NetName=GND Pin=U3_Balancer2-TH
Added Pin To Net: NetName=GND Pin=U3_Balancer2-TH
Added Pin To Net: NetName=GND Pin=U3_Balancer2-TH
Change Net Name : Old Net Name=BAT_1S New Net Name=NetBAT1_BAT3_A
Added Pin To Net: NetName=NetBAT1_BAT4_A Pin=BAT1_BAT4-A
Added Pin To Net: NetName=NetBAT1_BAT4_A Pin=BAT1_BAT4-A
Added Pin To Net: NetName=NetBAT1_BAT4_A Pin=BAT1_BAT4-A
Added Pin To Net: NetName=NetBAT1_BAT4_A Pin=R2_BAT4-2
Added Pin To Net: NetName=NetBAT1_BAT4_A Pin=R3_BAT2-1
Added Pin To Net: NetName=NetBAT1_BAT4_A Pin=R5_Balancer1-1
Added Pin To Net: NetName=NetBAT1_BAT4_A Pin=R7_Balancer1-1
Added Pin To Net: NetName=NetBAT1_BAT4_A Pin=U2_BAT2-6
Added Net: Name=NetBAT1_BAT4_A
Added Pin To Net: NetName=NetC8_Balancer1_1 Pin=C8_Balancer1-1
Added Pin To Net: NetName=NetC8_Balancer1_1 Pin=C10_Balancer1-2
Added Pin To Net: NetName=NetC8_Balancer1_1 Pin=R5_Balancer1-2
Added Pin To Net: NetName=NetC8_Balancer1_1 Pin=U3_Balancer1-2
Added Net: Name=NetC8_Balancer1_1
Added Pin To Net: NetName=NetC8_Balancer1_2 Pin=C8_Balancer1-2
Added Pin To Net: NetName=NetC8_Balancer1_2 Pin=R4_Balancer1-2
Added Pin To Net: NetName=NetC8_Balancer1_2 Pin=U3_Balancer1-1
Added Net: Name=NetC8_Balancer1_2
Added Pin To Net: NetName=NetC8_Balancer2_1 Pin=C8_Balancer2-1
Added Pin To Net: NetName=NetC8_Balancer2_1 Pin=C10_Balancer2-2
Added Pin To Net: NetName=NetC8_Balancer2_1 Pin=R5_Balancer2-2
Added Pin To Net: NetName=NetC8_Balancer2_1 Pin=U3_Balancer2-2
Added Net: Name=NetC8_Balancer2_1
Added Pin To Net: NetName=NetC8_Balancer2_2 Pin=C8_Balancer2-2
Added Pin To Net: NetName=NetC8_Balancer2_2 Pin=R4_Balancer2-2
Added Pin To Net: NetName=NetC8_Balancer2_2 Pin=U3_Balancer2-1
Added Net: Name=NetC8_Balancer2_2
Added Pin To Net: NetName=NetC9_Balancer1_2 Pin=C9_Balancer1-2
Added Pin To Net: NetName=NetC9_Balancer1_2 Pin=R6_Balancer1-1
Added Pin To Net: NetName=NetC9_Balancer1_2 Pin=U3_Balancer1-7
Added Net: Name=NetC9_Balancer1_2
Added Pin To Net: NetName=NetC9_Balancer2_2 Pin=C9_Balancer2-2
Added Pin To Net: NetName=NetC9_Balancer2_2 Pin=R6_Balancer2-1
Added Pin To Net: NetName=NetC9_Balancer2_2 Pin=U3_Balancer2-7
Added Net: Name=NetC9_Balancer2_2
Added Pin To Net: NetName=NetC11_Balancer1_2 Pin=C11_Balancer1-2
Added Pin To Net: NetName=NetC11_Balancer1_2 Pin=U3_Balancer1-4
Added Net: Name=NetC11_Balancer1_2
Added Pin To Net: NetName=NetC11_Balancer2_2 Pin=C11_Balancer2-2
Added Pin To Net: NetName=NetC11_Balancer2_2 Pin=U3_Balancer2-4
Added Net: Name=NetC11_Balancer2_2
Added Pin To Net: NetName=NetC12_1 Pin=C12-1
Added Pin To Net: NetName=NetC12_1 Pin=U1-5
Added Pin To Net: NetName=NetC12_1 Pin=G1-3
Added Net: Name=NetC12_1
Added Pin To Net: NetName=NetC13_1 Pin=C13-1
Added Pin To Net: NetName=NetC13_1 Pin=G1-1
Added Pin To Net: NetName=NetC13_1 Pin=U1-6
Added Net: Name=NetC13_1
Added Pin To Net: NetName=NetR7_Balancer1_2 Pin=R7_Balancer1-2
Added Pin To Net: NetName=NetR7_Balancer1_2 Pin=U3_Balancer1-3
Added Net: Name=NetR7_Balancer1_2
Added Pin To Net: NetName=NetR7_Balancer2_2 Pin=R7_Balancer2-2
Added Pin To Net: NetName=NetR7_Balancer2_2 Pin=U3_Balancer2-3
Added Net: Name=NetR7_Balancer2_2
Added Pin To Net: NetName=NetR8_1 Pin=R8-1
Added Pin To Net: NetName=NetR8_1 Pin=U1-7
Added Net: Name=NetR8_1
Added Pin To Net: NetName=NetR9_2 Pin=R9-2
Added Pin To Net: NetName=NetR9_2 Pin=U1-44
Added Net: Name=NetR9_2
Added Pin To Net: NetName=NetU1_34 Pin=U1-34
Added Net: Name=NetU1_34
Added Pin To Net: NetName=NetU1_37 Pin=U1-37
Added Net: Name=NetU1_37
Added Pin To Net: NetName=NetU3_Balancer1_6 Pin=U3_Balancer1-6
Added Pin To Net: NetName=NetU3_Balancer1_6 Pin=U3_Balancer2-6
Added Net: Name=NetU3_Balancer1_6
Added Pin To Net: NetName=NetU3_Balancer1_8 Pin=U3_Balancer1-8
Added Pin To Net: NetName=NetU3_Balancer1_8 Pin=U3_Balancer2-8
Added Net: Name=NetU3_Balancer1_8
