Added Component: Designator=BAT1_U_BMS1(BAT_18650_CLIPS)
Added Component: Designator=BAT1_U_BMS2(BAT_18650_CLIPS)
Added Component: Designator=BAT1_U_BMS3(BAT_18650_CLIPS)
Added Component: Designator=BAT1_U_BMS4(BAT_18650_CLIPS)
Added Pin To Net: NetName=BAT_2S Pin=BAT1_U_BMS1-A
Added Pin To Net: NetName=BAT_2S Pin=BAT1_U_BMS1-A
Added Pin To Net: NetName=BAT_2S Pin=BAT1_U_BMS1-A
Added Pin To Net: NetName=BAT_1S Pin=BAT1_U_BMS1-K
Added Pin To Net: NetName=BAT_1S Pin=BAT1_U_BMS1-K
Added Pin To Net: NetName=BAT_1S Pin=BAT1_U_BMS1-K
Added Pin To Net: NetName=BAT_1S Pin=BAT1_U_BMS2-A
Added Pin To Net: NetName=BAT_1S Pin=BAT1_U_BMS2-A
Added Pin To Net: NetName=BAT_1S Pin=BAT1_U_BMS2-A
Added Pin To Net: NetName=BAT_2S Pin=BAT1_U_BMS3-A
Added Pin To Net: NetName=BAT_2S Pin=BAT1_U_BMS3-A
Added Pin To Net: NetName=BAT_2S Pin=BAT1_U_BMS3-A
Added Pin To Net: NetName=BAT_1S Pin=BAT1_U_BMS3-K
Added Pin To Net: NetName=BAT_1S Pin=BAT1_U_BMS3-K
Added Pin To Net: NetName=BAT_1S Pin=BAT1_U_BMS3-K
Added Pin To Net: NetName=BAT_1S Pin=BAT1_U_BMS4-A
Added Pin To Net: NetName=BAT_1S Pin=BAT1_U_BMS4-A
Added Pin To Net: NetName=BAT_1S Pin=BAT1_U_BMS4-A
Added Pin To Net: NetName=NetBAT1_U_BMS2_K Pin=BAT1_U_BMS2-K
Added Pin To Net: NetName=NetBAT1_U_BMS2_K Pin=BAT1_U_BMS2-K
Added Pin To Net: NetName=NetBAT1_U_BMS2_K Pin=BAT1_U_BMS2-K
Added Pin To Net: NetName=NetBAT1_U_BMS2_K Pin=BAT1_U_BMS4-K
Added Pin To Net: NetName=NetBAT1_U_BMS2_K Pin=BAT1_U_BMS4-K
Added Pin To Net: NetName=NetBAT1_U_BMS2_K Pin=BAT1_U_BMS4-K
Added Pin To Net: NetName=NetBAT1_U_BMS2_K Pin=VT1-2
Added Net: Name=NetBAT1_U_BMS2_K
Change Class Name : Old Net Name=Battery New Net Name=U_Battery
Added Class: Name=U_BMS1
Added Class: Name=U_BMS2
Added Class: Name=U_BMS3
Added Class: Name=U_BMS4
Added Class: Name=BMS
Change Room Name: Old Name=Battery New Name=U_BMS3
Change Room Scope: Old Scope=InComponentClass('Battery') New Scope=InComponentClass('U_BMS3')
Added Room: Name=U_Battery
Added Room: Name=U_BMS1
Added Room: Name=U_BMS2
Added Room: Name=U_BMS4
