Change Component Designator: OldDesignator=R? NewDesignator=R48
Added Component: Designator=R49(RES 0402)
Add component (AddParameter): Name = "IsSMT"; Value = "NoSMT"; VariantName = "[No Variations]"
Add component (AddParameter): Name = "Value"; Value = "0"; VariantName = "[No Variations]"
Added Component: Designator=X8(PicoBlade_2P)
Add component (AddParameter): Name = "isSMT"; Value = "NoSMT"; VariantName = "[No Variations]"
Add component (AddParameter): Name = "Purpose"; Value = "KillSwitch_1"; VariantName = "[No Variations]"
Added Component: Designator=X9(PicoBlade_2P)
Add component (AddParameter): Name = "isSMT"; Value = "NoSMT"; VariantName = "[No Variations]"
Add component (AddParameter): Name = "Purpose"; Value = "KillSwitch_2"; VariantName = "[No Variations]"
Added Component: Designator=X10(PicoBlade_2P)
Add component (AddParameter): Name = "isSMT"; Value = "NoSMT"; VariantName = "[No Variations]"
Add component (AddParameter): Name = "Purpose"; Value = "PWR_OFF"; VariantName = "[No Variations]"
Added Pin To Net: NetName=NetR13_1 Pin=R49-2
Added Pin To Net: NetName=RBF_GND Pin=X8-1
Added Pin To Net: NetName=NetR13_1 Pin=X8-2
Added Pin To Net: NetName=RBF_GND Pin=X9-1
Added Pin To Net: NetName=NetR13_1 Pin=X9-2
Added Pin To Net: NetName=RBF_GND Pin=X10-1
Change Net Name : Old Net Name=NetR?_1 New Net Name=NetR48_1
Added Pin To Net: NetName=NetR49_1 Pin=R49-1
Added Pin To Net: NetName=NetR49_1 Pin=X10-2
Added Net: Name=NetR49_1
