Removed Pin From Net: NetName=BAT_2S Pin=C14-1
Removed Pin From Net: NetName=GND Pin=C14-2
Removed Pin From Net: NetName=GND Pin=C15-2
Removed Pin From Net: NetName=GND Pin=C16-1
Removed Pin From Net: NetName=GND Pin=R25-1
Change Component Footprint: Designator=C17 Old Footprint=CERCAP 0402 New Footprint=CERCAP 0603
Change Component Footprint: Designator=C16 Old Footprint=CERCAP 0402 New Footprint=TECAP B
Change Component Footprint: Designator=L1 Old Footprint=IND 0603 New Footprint=IND-5x5
Change Component Footprint: Designator=R24 Old Footprint=RES 0402 New Footprint=RES 1210
Change Component Footprint: Designator=C15 Old Footprint=TECAP A New Footprint=CERCAP 0402
Change Component Footprint: Designator=C14 Old Footprint=TECAP A New Footprint=CERCAP 0603
Change Component Comment : Designator=C13 Old Comment=CERCAP 0402 * * X7R New Comment=CERCAP 0402 0.1uF * X7R
Change Component Comment : Designator=C17 Old Comment=CERCAP 0402 * * X7R New Comment=CERCAP 0603 4.7uF * X7R
Change Component Comment : Designator=C16 Old Comment=CERCAP 0402 * * X7R New Comment=TECAP B 47uF * X7R
Change Component Comment : Designator=L1 Old Comment=IND 0603 * New Comment=IND-5x5 15 uH
Change Component Comment : Designator=R26 Old Comment=RES 0402 * New Comment=RES 0402 19.1k
Change Component Comment : Designator=R24 Old Comment=RES 0402 * New Comment=RES 1210 15 mOhm
Change Component Comment : Designator=R25 Old Comment=RES 0402 * New Comment=RES 0402 100k
Change Component Comment : Designator=R27 Old Comment=RES 0402 * New Comment=RES 0402 143k
Change Component Comment : Designator=C15 Old Comment=TECAP A * * X7R New Comment=CERCAP 0402 0.1uF * X7R
Change Component Comment : Designator=C14 Old Comment=TECAP A * * X7R New Comment=CERCAP 0603 4.7uF * X7R
Change component parameters: Designator = "C13" ("C24"); Footprint = "CERCAP 0402"; UniqueID = "\BNUMWNXD\IYDYQZVL" ("\BNUMWNXD\IYDYQZVL")
Change component parameters (AddParameter): Name = "Diel"; Value = "X7R"; VariantName = "[No Variations]"
Change component parameters (AddParameter): Name = "IsSMT"; Value = "NoSMT"; VariantName = "[No Variations]"
Change component parameters (AddParameter): Name = "Value"; Value = "0.1uF"; VariantName = "[No Variations]"
Change component parameters (AddParameter): Name = "Voltage"; Value = ""; VariantName = "[No Variations]"
Change component parameters: Designator = "C14" ("C25"); Footprint = "TECAP A"; UniqueID = "\BNUMWNXD\QWWQOFSU" ("\BNUMWNXD\QWWQOFSU")
Change component parameters (AddParameter): Name = "Diel"; Value = "X7R"; VariantName = "[No Variations]"
Change component parameters (AddParameter): Name = "IsSMT"; Value = "NoSMT"; VariantName = "[No Variations]"
Change component parameters (AddParameter): Name = "Value"; Value = "4.7uF"; VariantName = "[No Variations]"
Change component parameters (AddParameter): Name = "Voltage"; Value = ""; VariantName = "[No Variations]"
Change component parameters: Designator = "C15" ("C26"); Footprint = "TECAP A"; UniqueID = "\BNUMWNXD\GPMOOPYT" ("\BNUMWNXD\GPMOOPYT")
Change component parameters (AddParameter): Name = "Diel"; Value = "X7R"; VariantName = "[No Variations]"
Change component parameters (AddParameter): Name = "IsSMT"; Value = "NoSMT"; VariantName = "[No Variations]"
Change component parameters (AddParameter): Name = "Value"; Value = "0.1uF"; VariantName = "[No Variations]"
Change component parameters (AddParameter): Name = "Voltage"; Value = ""; VariantName = "[No Variations]"
Change component parameters: Designator = "C16" ("C27"); Footprint = "CERCAP 0402"; UniqueID = "\BNUMWNXD\BKXLXUSK" ("\BNUMWNXD\BKXLXUSK")
Change component parameters (AddParameter): Name = "Diel"; Value = "X7R"; VariantName = "[No Variations]"
Change component parameters (AddParameter): Name = "IsSMT"; Value = "NoSMT"; VariantName = "[No Variations]"
Change component parameters (AddParameter): Name = "Value"; Value = "47uF"; VariantName = "[No Variations]"
Change component parameters (AddParameter): Name = "Voltage"; Value = ""; VariantName = "[No Variations]"
Change component parameters: Designator = "C17" ("C28"); Footprint = "CERCAP 0402"; UniqueID = "\BNUMWNXD\MKPCKBMD" ("\BNUMWNXD\MKPCKBMD")
Change component parameters (AddParameter): Name = "Diel"; Value = "X7R"; VariantName = "[No Variations]"
Change component parameters (AddParameter): Name = "IsSMT"; Value = "NoSMT"; VariantName = "[No Variations]"
Change component parameters (AddParameter): Name = "Value"; Value = "4.7uF"; VariantName = "[No Variations]"
Change component parameters (AddParameter): Name = "Voltage"; Value = ""; VariantName = "[No Variations]"
Change component parameters: Designator = "L1" ("L2"); Footprint = "IND 0603"; UniqueID = "\BNUMWNXD\UOOBPVYB" ("\BNUMWNXD\UOOBPVYB")
Change component parameters (AddParameter): Name = "IsSMT"; Value = "NoSMT"; VariantName = "[No Variations]"
Change component parameters (AddParameter): Name = "Value"; Value = "15 uH"; VariantName = "[No Variations]"
Change component parameters: Designator = "R24" ("R31"); Footprint = "RES 0402"; UniqueID = "\BNUMWNXD\OLIGCZJS" ("\BNUMWNXD\OLIGCZJS")
Change component parameters (AddParameter): Name = "IsSMT"; Value = "NoSMT"; VariantName = "[No Variations]"
Change component parameters (AddParameter): Name = "Value"; Value = "15 mOhm"; VariantName = "[No Variations]"
Change component parameters: Designator = "R25" ("R32"); Footprint = "RES 0402"; UniqueID = "\BNUMWNXD\OHVBOQNT" ("\BNUMWNXD\OHVBOQNT")
Change component parameters (AddParameter): Name = "IsSMT"; Value = "NoSMT"; VariantName = "[No Variations]"
Change component parameters (AddParameter): Name = "Value"; Value = "100k"; VariantName = "[No Variations]"
Change component parameters: Designator = "R26" ("R33"); Footprint = "RES 0402"; UniqueID = "\BNUMWNXD\KBJHFYDG" ("\BNUMWNXD\KBJHFYDG")
Change component parameters (AddParameter): Name = "IsSMT"; Value = "NoSMT"; VariantName = "[No Variations]"
Change component parameters (AddParameter): Name = "Value"; Value = "19.1k"; VariantName = "[No Variations]"
Change component parameters: Designator = "R27" ("R34"); Footprint = "RES 0402"; UniqueID = "\BNUMWNXD\UBGTNTPD" ("\BNUMWNXD\UBGTNTPD")
Change component parameters (AddParameter): Name = "IsSMT"; Value = "NoSMT"; VariantName = "[No Variations]"
Change component parameters (AddParameter): Name = "Value"; Value = "143k"; VariantName = "[No Variations]"
Added Component: Designator=C62(CERCAP 0402)
Add component (AddParameter): Name = "Diel"; Value = "X7R"; VariantName = "[No Variations]"
Add component (AddParameter): Name = "IsSMT"; Value = "NoSMT"; VariantName = "[No Variations]"
Add component (AddParameter): Name = "Value"; Value = "0.1uF"; VariantName = "[No Variations]"
Add component (AddParameter): Name = "Voltage"; Value = ""; VariantName = "[No Variations]"
Added Component: Designator=C63(CERCAP 0402)
Add component (AddParameter): Name = "Diel"; Value = "X7R"; VariantName = "[No Variations]"
Add component (AddParameter): Name = "IsSMT"; Value = "NoSMT"; VariantName = "[No Variations]"
Add component (AddParameter): Name = "Value"; Value = "1nF"; VariantName = "[No Variations]"
Add component (AddParameter): Name = "Voltage"; Value = ""; VariantName = "[No Variations]"
Added Component: Designator=C64(CERCAP 0402)
Add component (AddParameter): Name = "Diel"; Value = "X7R"; VariantName = "[No Variations]"
Add component (AddParameter): Name = "IsSMT"; Value = "NoSMT"; VariantName = "[No Variations]"
Add component (AddParameter): Name = "Value"; Value = "22pF"; VariantName = "[No Variations]"
Add component (AddParameter): Name = "Voltage"; Value = ""; VariantName = "[No Variations]"
Added Component: Designator=C65(TECAP B)
Add component (AddParameter): Name = "Diel"; Value = "X7R"; VariantName = "[No Variations]"
Add component (AddParameter): Name = "IsSMT"; Value = "NoSMT"; VariantName = "[No Variations]"
Add component (AddParameter): Name = "Value"; Value = "100uF"; VariantName = "[No Variations]"
Add component (AddParameter): Name = "Voltage"; Value = ""; VariantName = "[No Variations]"
Added Component: Designator=C66(CERCAP 0402)
Add component (AddParameter): Name = "Diel"; Value = "X7R"; VariantName = "[No Variations]"
Add component (AddParameter): Name = "IsSMT"; Value = "NoSMT"; VariantName = "[No Variations]"
Add component (AddParameter): Name = "Value"; Value = "X"; VariantName = "[No Variations]"
Add component (AddParameter): Name = "Voltage"; Value = ""; VariantName = "[No Variations]"
Added Component: Designator=C67(CERCAP 0402)
Add component (AddParameter): Name = "Diel"; Value = "X7R"; VariantName = "[No Variations]"
Add component (AddParameter): Name = "IsSMT"; Value = "NoSMT"; VariantName = "[No Variations]"
Add component (AddParameter): Name = "Value"; Value = "X"; VariantName = "[No Variations]"
Add component (AddParameter): Name = "Voltage"; Value = ""; VariantName = "[No Variations]"
Added Component: Designator=C68(CERCAP 0402)
Add component (AddParameter): Name = "Diel"; Value = "X7R"; VariantName = "[No Variations]"
Add component (AddParameter): Name = "IsSMT"; Value = "NoSMT"; VariantName = "[No Variations]"
Add component (AddParameter): Name = "Value"; Value = "120pF"; VariantName = "[No Variations]"
Add component (AddParameter): Name = "Voltage"; Value = ""; VariantName = "[No Variations]"
Added Component: Designator=C69(CERCAP 0402)
Add component (AddParameter): Name = "Diel"; Value = "X7R"; VariantName = "[No Variations]"
Add component (AddParameter): Name = "IsSMT"; Value = "NoSMT"; VariantName = "[No Variations]"
Add component (AddParameter): Name = "Value"; Value = "0.012uF"; VariantName = "[No Variations]"
Add component (AddParameter): Name = "Voltage"; Value = ""; VariantName = "[No Variations]"
Added Component: Designator=C70(CERCAP 0402)
Add component (AddParameter): Name = "Diel"; Value = "X7R"; VariantName = "[No Variations]"
Add component (AddParameter): Name = "IsSMT"; Value = "NoSMT"; VariantName = "[No Variations]"
Add component (AddParameter): Name = "Value"; Value = "0.1uF"; VariantName = "[No Variations]"
Add component (AddParameter): Name = "Voltage"; Value = ""; VariantName = "[No Variations]"
Added Component: Designator=C71(CERCAP 0402)
Add component (AddParameter): Name = "Diel"; Value = "X7R"; VariantName = "[No Variations]"
Add component (AddParameter): Name = "IsSMT"; Value = "NoSMT"; VariantName = "[No Variations]"
Add component (AddParameter): Name = "Value"; Value = "0.1uF"; VariantName = "[No Variations]"
Add component (AddParameter): Name = "Voltage"; Value = ""; VariantName = "[No Variations]"
Added Component: Designator=R63(RES 0402)
Add component (AddParameter): Name = "IsSMT"; Value = "NoSMT"; VariantName = "[No Variations]"
Add component (AddParameter): Name = "Value"; Value = "3.74k"; VariantName = "[No Variations]"
Added Component: Designator=R64(RES 0402)
Add component (AddParameter): Name = "IsSMT"; Value = "NoSMT"; VariantName = "[No Variations]"
Add component (AddParameter): Name = "Value"; Value = "5 Ohm"; VariantName = "[No Variations]"
Added Component: Designator=R65(RES 0402)
Add component (AddParameter): Name = "IsSMT"; Value = "NoSMT"; VariantName = "[No Variations]"
Add component (AddParameter): Name = "Value"; Value = "5 Ohm"; VariantName = "[No Variations]"
Added Component: Designator=U14(SOT-323-6 (SC-70))
Add component (AddParameter): Name = "IsSMT"; Value = "NoSMT"; VariantName = "[No Variations]"
Added Pin To Net: NetName=GND Pin=C14-1
Added Pin To Net: NetName=BAT_2S Pin=C14-2
Added Pin To Net: NetName=GND Pin=C15-1
Added Pin To Net: NetName=BAT_2S Pin=C15-2
Added Pin To Net: NetName=BAT_2S Pin=C16-1
Added Pin To Net: NetName=GND Pin=C16-2
Added Pin To Net: NetName=GND Pin=C17-1
Added Pin To Net: NetName=GND Pin=C62-1
Added Pin To Net: NetName=GND Pin=C63-1
Added Pin To Net: NetName=NetC22_2 Pin=C63-2
Added Pin To Net: NetName=GND Pin=C64-1
Added Pin To Net: NetName=NetC22_2 Pin=C64-2
Added Pin To Net: NetName=GND Pin=C65-2
Added Pin To Net: NetName=NetC22_2 Pin=C66-2
Added Pin To Net: NetName=GND Pin=C67-1
Added Pin To Net: NetName=GND Pin=C68-2
Added Pin To Net: NetName=GND Pin=C69-1
Added Pin To Net: NetName=GND Pin=C71-1
Added Pin To Net: NetName=VSYS Pin=C71-2
Added Pin To Net: NetName=NetC22_2 Pin=R24-2
Added Pin To Net: NetName=NetC22_2 Pin=R25-2
Added Pin To Net: NetName=NetC22_2 Pin=R64-1
Added Pin To Net: NetName=GND Pin=U14-1
Added Pin To Net: NetName=GND Pin=U14-2
Added Pin To Net: NetName=VSYS Pin=U14-3
Added Pin To Net: NetName=NetU8_3 Pin=U14-6
Added Pin To Net: NetName=NetC17_2 Pin=C17-2
Added Pin To Net: NetName=NetC17_2 Pin=C62-2
Added Pin To Net: NetName=NetC17_2 Pin=C65-1
Added Pin To Net: NetName=NetC17_2 Pin=L1-2
Added Pin To Net: NetName=NetC17_2 Pin=R24-1
Added Pin To Net: NetName=NetC17_2 Pin=R65-1
Added Net: Name=NetC17_2
Added Pin To Net: NetName=NetC66_1 Pin=C66-1
Added Pin To Net: NetName=NetC66_1 Pin=C67-2
Added Pin To Net: NetName=NetC66_1 Pin=R25-1
Added Pin To Net: NetName=NetC66_1 Pin=R26-2
Added Pin To Net: NetName=NetC66_1 Pin=U7-6
Added Net: Name=NetC66_1
Added Pin To Net: NetName=NetC68_1 Pin=C68-1
Added Pin To Net: NetName=NetC68_1 Pin=R63-2
Added Pin To Net: NetName=NetC68_1 Pin=U7-7
Added Net: Name=NetC68_1
Added Pin To Net: NetName=NetC69_2 Pin=C69-2
Added Pin To Net: NetName=NetC69_2 Pin=R63-1
Added Net: Name=NetC69_2
Added Pin To Net: NetName=NetC70_1 Pin=C70-1
Added Pin To Net: NetName=NetC70_1 Pin=R65-2
Added Pin To Net: NetName=NetC70_1 Pin=U14-4
Added Net: Name=NetC70_1
Added Pin To Net: NetName=NetC70_2 Pin=C70-2
Added Pin To Net: NetName=NetC70_2 Pin=R64-2
Added Pin To Net: NetName=NetC70_2 Pin=U14-5
Added Net: Name=NetC70_2
Added Pin To Net: NetName=NetR27_2 Pin=R27-2
Added Pin To Net: NetName=NetR27_2 Pin=U7-10
Added Net: Name=NetR27_2
Added Pin To Net: NetName=NetU7_8 Pin=U7-8
Added Pin To Net: NetName=NetU7_8 Pin=U8-1
Added Pin To Net: NetName=NetU7_8 Pin=U9-8
Added Net: Name=NetU7_8
Added Class: Name=ShuntAmp
