Added Component: Designator=BAT1_BAT1(BAT_18650_CLIPS)
Added Component: Designator=BAT1_BAT2(BAT_18650_CLIPS)
Added Component: Designator=BAT1_BAT3(BAT_18650_CLIPS)
Added Component: Designator=BAT1_BAT4(BAT_18650_CLIPS)
Added Pin To Net: NetName=BAT_2S Pin=BAT1_BAT1-A
Added Pin To Net: NetName=BAT_2S Pin=BAT1_BAT1-A
Added Pin To Net: NetName=BAT_2S Pin=BAT1_BAT1-A
Added Pin To Net: NetName=BAT_2S Pin=BAT1_BAT2-A
Added Pin To Net: NetName=BAT_2S Pin=BAT1_BAT2-A
Added Pin To Net: NetName=BAT_2S Pin=BAT1_BAT2-A
Added Pin To Net: NetName=BAT_1S Pin=BAT1_BAT1-K
Added Pin To Net: NetName=BAT_1S Pin=BAT1_BAT1-K
Added Pin To Net: NetName=BAT_1S Pin=BAT1_BAT1-K
Added Pin To Net: NetName=BAT_1S Pin=BAT1_BAT2-K
Added Pin To Net: NetName=BAT_1S Pin=BAT1_BAT2-K
Added Pin To Net: NetName=BAT_1S Pin=BAT1_BAT2-K
Added Pin To Net: NetName=BAT_1S Pin=BAT1_BAT3-A
Added Pin To Net: NetName=BAT_1S Pin=BAT1_BAT3-A
Added Pin To Net: NetName=BAT_1S Pin=BAT1_BAT3-A
Added Pin To Net: NetName=BAT_1S Pin=BAT1_BAT4-A
Added Pin To Net: NetName=BAT_1S Pin=BAT1_BAT4-A
Added Pin To Net: NetName=BAT_1S Pin=BAT1_BAT4-A
Added Net: Name=BAT_1S
Added Pin To Net: NetName=NetBAT1_BAT3_K Pin=BAT1_BAT3-K
Added Pin To Net: NetName=NetBAT1_BAT3_K Pin=BAT1_BAT3-K
Added Pin To Net: NetName=NetBAT1_BAT3_K Pin=BAT1_BAT3-K
Added Pin To Net: NetName=NetBAT1_BAT3_K Pin=BAT1_BAT4-K
Added Pin To Net: NetName=NetBAT1_BAT3_K Pin=BAT1_BAT4-K
Added Pin To Net: NetName=NetBAT1_BAT3_K Pin=BAT1_BAT4-K
Added Pin To Net: NetName=NetBAT1_BAT3_K Pin=VT1-2
Added Net: Name=NetBAT1_BAT3_K
Added Class: Name=BMS
