Change Net Name : Old Net Name=NetC22_2 New Net Name=5V_MAIN
Change Net Name : Old Net Name=NetC63_2 New Net Name=3V3_MAIN
Change Net Name : Old Net Name=NetR35_1 New Net Name=EPS_RST
Change Net Name : Old Net Name=NetR36_2 New Net Name=BOOT0
Change Net Name : Old Net Name=NetR38_2 New Net Name=SP_IN
Change Net Name : Old Net Name=NetR40_1 New Net Name=PWR_RX1A
Change Net Name : Old Net Name=NetR44_1 New Net Name=PWR_TX1A
Change Net Name : Old Net Name=NetR66_1 New Net Name=PWR_TX1
Change Net Name : Old Net Name=NetR67_1 New Net Name=PWR_RX1
Change Net Name : Old Net Name=NetR69_1 New Net Name=PWR_TX2
Change Net Name : Old Net Name=NetR75_1 New Net Name=PWR_RX2
Change Net Name : Old Net Name=NetR86_1 New Net Name=3V3_AUX1_EN
Change Net Name : Old Net Name=NetR87_1 New Net Name=5V_AUX1_EN
Change Net Name : Old Net Name=NetR100_2 New Net Name=VBAT_PC104
Change Net Name : Old Net Name=NetU10_29 New Net Name=I2C1_SCL
Change Net Name : Old Net Name=NetU10_34 New Net Name=SWDIO
Change Net Name : Old Net Name=NetU10_37 New Net Name=SWCLK
Change Net Name : Old Net Name=NetU10_40 New Net Name=I2C1_SDA
Change Net Name : Old Net Name=NetU10_45 New Net Name=I2C0_SCL
Change Net Name : Old Net Name=NetU10_46 New Net Name=I2C0_SDA
Change Net Name : Old Net Name=NetVT11_D1 New Net Name=3V3_AUX1
Change Net Name : Old Net Name=NetVT12_D1 New Net Name=5V_AUX1
