Change Component Comment : Designator=C25 Old Comment=CERCAP 0402 X * X7R New Comment=CERCAP 0402 X 50V X7R
Change Component Comment : Designator=C26 Old Comment=CERCAP 0402 X * X7R New Comment=CERCAP 0402 X 50V X7R
Change Component Comment : Designator=C66 Old Comment=CERCAP 0402 X * X7R New Comment=CERCAP 0402 X 50V X7R
Change Component Comment : Designator=C67 Old Comment=CERCAP 0402 X * X7R New Comment=CERCAP 0402 X 50V X7R
Change Component Comment : Designator=C1 Old Comment=CERCAP 0402 0.1uF * X7R New Comment=CERCAP 0402 0.1uF 50V X7R
Change Component Comment : Designator=C2 Old Comment=CERCAP 0402 0.1uF * X7R New Comment=CERCAP 0402 0.1uF 50V X7R
Change Component Comment : Designator=C3 Old Comment=CERCAP 0402 0.1uF * X7R New Comment=CERCAP 0402 0.1uF 50V X7R
Change Component Comment : Designator=C4 Old Comment=CERCAP 0402 0.1uF * X7R New Comment=CERCAP 0402 0.1uF 50V X7R
Change Component Comment : Designator=C5 Old Comment=CERCAP 0402 0.1uF * X7R New Comment=CERCAP 0402 0.1uF 50V X7R
Change Component Comment : Designator=C6 Old Comment=CERCAP 0402 0.1uF * X7R New Comment=CERCAP 0402 0.1uF 50V X7R
Change Component Comment : Designator=C7 Old Comment=CERCAP 0402 0.1uF * X7R New Comment=CERCAP 0402 0.1uF 50V X7R
Change Component Comment : Designator=C8 Old Comment=CERCAP 0402 0.1uF * X7R New Comment=CERCAP 0402 0.1uF 50V X7R
Change Component Comment : Designator=C9 Old Comment=CERCAP 0402 0.1uF * X7R New Comment=CERCAP 0402 0.1uF 50V X7R
Change Component Comment : Designator=C10 Old Comment=CERCAP 0402 0.1uF * X7R New Comment=CERCAP 0402 0.1uF 50V X7R
Change Component Comment : Designator=C11 Old Comment=CERCAP 0402 0.1uF * X7R New Comment=CERCAP 0402 0.1uF 50V X7R
Change Component Comment : Designator=C12 Old Comment=CERCAP 0402 0.1uF * X7R New Comment=CERCAP 0402 0.1uF 50V X7R
Change Component Comment : Designator=C13 Old Comment=CERCAP 0402 0.1uF * X7R New Comment=CERCAP 0402 0.1uF 50V X7R
Change Component Comment : Designator=C15 Old Comment=CERCAP 0402 0.1uF * X7R New Comment=CERCAP 0402 0.1uF 50V X7R
Change Component Comment : Designator=C18 Old Comment=CERCAP 0402 0.1uF * X7R New Comment=CERCAP 0402 0.1uF 50V X7R
Change Component Comment : Designator=C21 Old Comment=CERCAP 0402 0.1uF * X7R New Comment=CERCAP 0402 0.1uF 50V X7R
Change Component Comment : Designator=C29 Old Comment=CERCAP 0402 0.1uF * X7R New Comment=CERCAP 0402 0.1uF 50V X7R
Change Component Comment : Designator=C33 Old Comment=CERCAP 0402 0.1uF * X7R New Comment=CERCAP 0402 0.1uF 50V X7R
Change Component Comment : Designator=C34 Old Comment=CERCAP 0402 0.1uF * X7R New Comment=CERCAP 0402 0.1uF 50V X7R
Change Component Comment : Designator=C35 Old Comment=CERCAP 0402 0.1uF * X7R New Comment=CERCAP 0402 0.1uF 50V X7R
Change Component Comment : Designator=C36 Old Comment=CERCAP 0402 0.1uF * X7R New Comment=CERCAP 0402 0.1uF 50V X7R
Change Component Comment : Designator=C37 Old Comment=CERCAP 0402 0.1uF * X7R New Comment=CERCAP 0402 0.1uF 50V X7R
Change Component Comment : Designator=C42 Old Comment=CERCAP 0402 0.1uF * X7R New Comment=CERCAP 0402 0.1uF 50V X7R
Change Component Comment : Designator=C47 Old Comment=CERCAP 0402 0.1uF * X7R New Comment=CERCAP 0402 0.1uF 50V X7R
Change Component Comment : Designator=C48 Old Comment=CERCAP 0402 0.1uF * X7R New Comment=CERCAP 0402 0.1uF 50V X7R
Change Component Comment : Designator=C49 Old Comment=CERCAP 0402 0.1uF * X7R New Comment=CERCAP 0402 0.1uF 50V X7R
Change Component Comment : Designator=C54 Old Comment=CERCAP 0402 0.1uF * X7R New Comment=CERCAP 0402 0.1uF 50V X7R
Change Component Comment : Designator=C57 Old Comment=CERCAP 0402 0.1uF * X7R New Comment=CERCAP 0402 0.1uF 50V X7R
Change Component Comment : Designator=C58 Old Comment=CERCAP 0402 0.1uF * X7R New Comment=CERCAP 0402 0.1uF 50V X7R
Change Component Comment : Designator=C59 Old Comment=CERCAP 0402 0.1uF * X7R New Comment=CERCAP 0402 0.1uF 50V X7R
Change Component Comment : Designator=C61 Old Comment=CERCAP 0402 0.1uF * X7R New Comment=CERCAP 0402 0.1uF 50V X7R
Change Component Comment : Designator=C62 Old Comment=CERCAP 0402 0.1uF * X7R New Comment=CERCAP 0402 0.1uF 50V X7R
Change Component Comment : Designator=C70 Old Comment=CERCAP 0402 0.1uF * X7R New Comment=CERCAP 0402 0.1uF 50V X7R
Change Component Comment : Designator=C71 Old Comment=CERCAP 0402 0.1uF * X7R New Comment=CERCAP 0402 0.1uF 50V X7R
Change Component Comment : Designator=C73 Old Comment=CERCAP 0402 0.1uF * X7R New Comment=CERCAP 0402 0.1uF 50V X7R
Change Component Comment : Designator=C74 Old Comment=CERCAP 0402 0.1uF * X7R New Comment=CERCAP 0402 0.1uF 50V X7R
Change Component Comment : Designator=C75 Old Comment=CERCAP 0402 0.1uF * X7R New Comment=CERCAP 0402 0.1uF 50V X7R
Change Component Comment : Designator=C76 Old Comment=CERCAP 0402 0.1uF * X7R New Comment=CERCAP 0402 0.1uF 50V X7R
Change Component Comment : Designator=C77 Old Comment=CERCAP 0402 0.1uF * X7R New Comment=CERCAP 0402 0.1uF 50V X7R
Change Component Comment : Designator=C79 Old Comment=CERCAP 0402 0.1uF * X7R New Comment=CERCAP 0402 0.1uF 50V X7R
Change Component Comment : Designator=C81 Old Comment=CERCAP 0402 0.1uF * X7R New Comment=CERCAP 0402 0.1uF 50V X7R
Change Component Comment : Designator=C83 Old Comment=CERCAP 0402 0.1uF * X7R New Comment=CERCAP 0402 0.1uF 50V X7R
Change Component Comment : Designator=C84 Old Comment=CERCAP 0402 0.1uF * X7R New Comment=CERCAP 0402 0.1uF 50V X7R
Change Component Comment : Designator=C87 Old Comment=CERCAP 0402 0.1uF * X7R New Comment=CERCAP 0402 0.1uF 50V X7R
Change Component Comment : Designator=C88 Old Comment=CERCAP 0402 0.1uF * X7R New Comment=CERCAP 0402 0.1uF 50V X7R
Change Component Comment : Designator=C89 Old Comment=CERCAP 0402 0.1uF * X7R New Comment=CERCAP 0402 0.1uF 50V X7R
Change Component Comment : Designator=C90 Old Comment=CERCAP 0402 0.1uF * X7R New Comment=CERCAP 0402 0.1uF 50V X7R
Change Component Comment : Designator=C91 Old Comment=CERCAP 0402 0.1uF * X7R New Comment=CERCAP 0402 0.1uF 50V X7R
Change Component Comment : Designator=C94 Old Comment=CERCAP 0402 0.1uF * X7R New Comment=CERCAP 0402 0.1uF 50V X7R
Change Component Comment : Designator=C95 Old Comment=CERCAP 0402 0.1uF * X7R New Comment=CERCAP 0402 0.1uF 50V X7R
Change Component Comment : Designator=C28 Old Comment=CERCAP 0402 0.012uF * X7R New Comment=CERCAP 0402 0.012uF 50V X7R
Change Component Comment : Designator=C69 Old Comment=CERCAP 0402 0.012uF * X7R New Comment=CERCAP 0402 0.012uF 50V X7R
Change Component Comment : Designator=C22 Old Comment=CERCAP 0402 1nF * X7R New Comment=CERCAP 0402 1nF 50V X7R
Change Component Comment : Designator=C63 Old Comment=CERCAP 0402 1nF * X7R New Comment=CERCAP 0402 1nF 50V X7R
Change Component Comment : Designator=C38 Old Comment=CERCAP 0402 1uF * X7R New Comment=CERCAP 0402 1uF 50V X7R
Change Component Comment : Designator=C39 Old Comment=CERCAP 0402 1uF * X7R New Comment=CERCAP 0402 1uF 50V X7R
Change Component Comment : Designator=C43 Old Comment=CERCAP 0402 1uF * X7R New Comment=CERCAP 0402 1uF 50V X7R
Change Component Comment : Designator=C92 Old Comment=CERCAP 0603 1uF * X7R New Comment=CERCAP 0603 1uF 50V X7R
Change Component Comment : Designator=C41 Old Comment=CERCAP 0603 2.2uF * X7R New Comment=CERCAP 0603 2.2uF 50V X7R
Change Component Comment : Designator=C17 Old Comment=CERCAP 0603 4.7uF * X7R New Comment=CERCAP 0603 4.7uF 10V X7R
Change Component Comment : Designator=C20 Old Comment=CERCAP 0603 4.7uF * X7R New Comment=CERCAP 0603 4.7uF 10V X7R
Change Component Comment : Designator=C14 Old Comment=CERCAP 0603 4.7uF * X7R New Comment=CERCAP 0603 4.7uF 16V X7R
Change Component Comment : Designator=C60 Old Comment=CERCAP 0603 4.7uF * X7R New Comment=CERCAP 0603 4.7uF 16V X7R
Change Component Comment : Designator=C72 Old Comment=CERCAP 0603 4.7uF * X7R New Comment=CERCAP 0603 4.7uF 16V X7R
Change Component Comment : Designator=C78 Old Comment=CERCAP 0603 4.7uF * X7R New Comment=CERCAP 0603 4.7uF 16V X7R
Change Component Comment : Designator=C80 Old Comment=CERCAP 0603 4.7uF * X7R New Comment=CERCAP 0603 4.7uF 16V X7R
Change Component Comment : Designator=C82 Old Comment=CERCAP 0603 4.7uF * X7R New Comment=CERCAP 0603 4.7uF 16V X7R
Change Component Comment : Designator=C32 Old Comment=CERCAP 0603 4.7uF * X7R New Comment=CERCAP 0603 4.7uF 50V X7R
Change Component Comment : Designator=C93 Old Comment=CERCAP 0402 10pF * X7R New Comment=CERCAP 0402 10pF 50V X7R
Change Component Comment : Designator=C23 Old Comment=CERCAP 0402 22pF * X7R New Comment=CERCAP 0402 22pF 50V X7R
Change Component Comment : Designator=C30 Old Comment=CERCAP 0402 22pF * X7R New Comment=CERCAP 0402 22pF 50V X7R
Change Component Comment : Designator=C31 Old Comment=CERCAP 0402 22pF * X7R New Comment=CERCAP 0402 22pF 50V X7R
Change Component Comment : Designator=C46 Old Comment=CERCAP 0402 22pF * X7R New Comment=CERCAP 0402 22pF 50V X7R
Change Component Comment : Designator=C64 Old Comment=CERCAP 0402 22pF * X7R New Comment=CERCAP 0402 22pF 50V X7R
Change Component Comment : Designator=C55 Old Comment=CERCAP 0603 10uF * X7R New Comment=CERCAP 0603 4.7uF 10V X7R
Change Component Comment : Designator=C56 Old Comment=CERCAP 0603 10uF * X7R New Comment=CERCAP 0603 4.7uF 10V X7R
Change Component Comment : Designator=C50 Old Comment=CERCAP 0603 10uF * X7R New Comment=CERCAP 0603 4.7uF 16V X7R
Change Component Comment : Designator=C51 Old Comment=CERCAP 0603 10uF * X7R New Comment=CERCAP 0603 4.7uF 16V X7R
Change Component Comment : Designator=C52 Old Comment=CERCAP 0603 10uF * X7R New Comment=CERCAP 0603 4.7uF 16V X7R
Change Component Comment : Designator=C53 Old Comment=CERCAP 0603 10uF * X7R New Comment=CERCAP 0603 4.7uF 16V X7R
Change Component Comment : Designator=C40 Old Comment=CERCAP 0603 10uF * X7R New Comment=CERCAP 0603 10uF 50V X7R
Change Component Comment : Designator=C45 Old Comment=CERCAP 0603 10uF * X7R New Comment=CERCAP 0603 10uF 50V X7R
Change Component Comment : Designator=C86 Old Comment=CERCAP 0805 10uF * X7R New Comment=CERCAP 0805 10uF 50V X7R
Change Component Comment : Designator=C27 Old Comment=CERCAP 0402 120pF * X7R New Comment=CERCAP 0402 120pF 50V X7R
Change Component Comment : Designator=C68 Old Comment=CERCAP 0402 120pF * X7R New Comment=CERCAP 0402 120pF 50V X7R
Change component parameters: Designator = "C1" ("C8"); Footprint = "CERCAP 0402"; UniqueID = "\POBQOFNL\AFWSCSYD\ZKRUNIGN" ("\POBQOFNL\AFWSCSYD\ZKRUNIGN")
Change component parameters (AddParameter): Name = "Diel"; Value = "X7R"; VariantName = "[No Variations]"
Change component parameters (AddParameter): Name = "IsSMT"; Value = "NoSMT"; VariantName = "[No Variations]"
Change component parameters (AddParameter): Name = "Value"; Value = "0.1uF"; VariantName = "[No Variations]"
Change component parameters (AddParameter): Name = "Voltage"; Value = "50V"; VariantName = "[No Variations]"
Change component parameters: Designator = "C2" ("C9"); Footprint = "CERCAP 0402"; UniqueID = "\POBQOFNL\AFWSCSYD\AEVOFKNQ" ("\POBQOFNL\AFWSCSYD\AEVOFKNQ")
Change component parameters (AddParameter): Name = "Diel"; Value = "X7R"; VariantName = "[No Variations]"
Change component parameters (AddParameter): Name = "IsSMT"; Value = "NoSMT"; VariantName = "[No Variations]"
Change component parameters (AddParameter): Name = "Value"; Value = "0.1uF"; VariantName = "[No Variations]"
Change component parameters (AddParameter): Name = "Voltage"; Value = "50V"; VariantName = "[No Variations]"
Change component parameters: Designator = "C3" ("C10"); Footprint = "CERCAP 0402"; UniqueID = "\POBQOFNL\AFWSCSYD\YZBHBKZR" ("\POBQOFNL\AFWSCSYD\YZBHBKZR")
Change component parameters (AddParameter): Name = "Diel"; Value = "X7R"; VariantName = "[No Variations]"
Change component parameters (AddParameter): Name = "IsSMT"; Value = "NoSMT"; VariantName = "[No Variations]"
Change component parameters (AddParameter): Name = "Value"; Value = "0.1uF"; VariantName = "[No Variations]"
Change component parameters (AddParameter): Name = "Voltage"; Value = "50V"; VariantName = "[No Variations]"
Change component parameters: Designator = "C4" ("C11"); Footprint = "CERCAP 0402"; UniqueID = "\POBQOFNL\AFWSCSYD\WYPQYTEK" ("\POBQOFNL\AFWSCSYD\WYPQYTEK")
Change component parameters (AddParameter): Name = "Diel"; Value = "X7R"; VariantName = "[No Variations]"
Change component parameters (AddParameter): Name = "IsSMT"; Value = "NoSMT"; VariantName = "[No Variations]"
Change component parameters (AddParameter): Name = "Value"; Value = "0.1uF"; VariantName = "[No Variations]"
Change component parameters (AddParameter): Name = "Voltage"; Value = "50V"; VariantName = "[No Variations]"
Change component parameters: Designator = "C5" ("C8"); Footprint = "CERCAP 0402"; UniqueID = "\POBQOFNL\WDDHHQOE\ZKRUNIGN" ("\POBQOFNL\WDDHHQOE\ZKRUNIGN")
Change component parameters (AddParameter): Name = "Diel"; Value = "X7R"; VariantName = "[No Variations]"
Change component parameters (AddParameter): Name = "IsSMT"; Value = "NoSMT"; VariantName = "[No Variations]"
Change component parameters (AddParameter): Name = "Value"; Value = "0.1uF"; VariantName = "[No Variations]"
Change component parameters (AddParameter): Name = "Voltage"; Value = "50V"; VariantName = "[No Variations]"
Change component parameters: Designator = "C6" ("C9"); Footprint = "CERCAP 0402"; UniqueID = "\POBQOFNL\WDDHHQOE\AEVOFKNQ" ("\POBQOFNL\WDDHHQOE\AEVOFKNQ")
Change component parameters (AddParameter): Name = "Diel"; Value = "X7R"; VariantName = "[No Variations]"
Change component parameters (AddParameter): Name = "IsSMT"; Value = "NoSMT"; VariantName = "[No Variations]"
Change component parameters (AddParameter): Name = "Value"; Value = "0.1uF"; VariantName = "[No Variations]"
Change component parameters (AddParameter): Name = "Voltage"; Value = "50V"; VariantName = "[No Variations]"
Change component parameters: Designator = "C7" ("C10"); Footprint = "CERCAP 0402"; UniqueID = "\POBQOFNL\WDDHHQOE\YZBHBKZR" ("\POBQOFNL\WDDHHQOE\YZBHBKZR")
Change component parameters (AddParameter): Name = "Diel"; Value = "X7R"; VariantName = "[No Variations]"
Change component parameters (AddParameter): Name = "IsSMT"; Value = "NoSMT"; VariantName = "[No Variations]"
Change component parameters (AddParameter): Name = "Value"; Value = "0.1uF"; VariantName = "[No Variations]"
Change component parameters (AddParameter): Name = "Voltage"; Value = "50V"; VariantName = "[No Variations]"
Change component parameters: Designator = "C8" ("C11"); Footprint = "CERCAP 0402"; UniqueID = "\POBQOFNL\WDDHHQOE\WYPQYTEK" ("\POBQOFNL\WDDHHQOE\WYPQYTEK")
Change component parameters (AddParameter): Name = "Diel"; Value = "X7R"; VariantName = "[No Variations]"
Change component parameters (AddParameter): Name = "IsSMT"; Value = "NoSMT"; VariantName = "[No Variations]"
Change component parameters (AddParameter): Name = "Value"; Value = "0.1uF"; VariantName = "[No Variations]"
Change component parameters (AddParameter): Name = "Voltage"; Value = "50V"; VariantName = "[No Variations]"
Change component parameters: Designator = "C9" ("C1"); Footprint = "CERCAP 0402"; UniqueID = "\POBQOFNL\ZCIWPQNU\RCBNZDBN" ("\POBQOFNL\ZCIWPQNU\RCBNZDBN")
Change component parameters (AddParameter): Name = "Diel"; Value = "X7R"; VariantName = "[No Variations]"
Change component parameters (AddParameter): Name = "IsSMT"; Value = "NoSMT"; VariantName = "[No Variations]"
Change component parameters (AddParameter): Name = "Value"; Value = "0.1uF"; VariantName = "[No Variations]"
Change component parameters (AddParameter): Name = "Voltage"; Value = "50V"; VariantName = "[No Variations]"
Change component parameters: Designator = "C10" ("C1"); Footprint = "CERCAP 0402"; UniqueID = "\POBQOFNL\RAGIQHVG\RCBNZDBN" ("\POBQOFNL\RAGIQHVG\RCBNZDBN")
Change component parameters (AddParameter): Name = "Diel"; Value = "X7R"; VariantName = "[No Variations]"
Change component parameters (AddParameter): Name = "IsSMT"; Value = "NoSMT"; VariantName = "[No Variations]"
Change component parameters (AddParameter): Name = "Value"; Value = "0.1uF"; VariantName = "[No Variations]"
Change component parameters (AddParameter): Name = "Voltage"; Value = "50V"; VariantName = "[No Variations]"
Change component parameters: Designator = "C11" ("C1"); Footprint = "CERCAP 0402"; UniqueID = "\POBQOFNL\YBBYYYYI\RCBNZDBN" ("\POBQOFNL\YBBYYYYI\RCBNZDBN")
Change component parameters (AddParameter): Name = "Diel"; Value = "X7R"; VariantName = "[No Variations]"
Change component parameters (AddParameter): Name = "IsSMT"; Value = "NoSMT"; VariantName = "[No Variations]"
Change component parameters (AddParameter): Name = "Value"; Value = "0.1uF"; VariantName = "[No Variations]"
Change component parameters (AddParameter): Name = "Voltage"; Value = "50V"; VariantName = "[No Variations]"
Change component parameters: Designator = "C12" ("C1"); Footprint = "CERCAP 0402"; UniqueID = "\POBQOFNL\GDCXKFFE\RCBNZDBN" ("\POBQOFNL\GDCXKFFE\RCBNZDBN")
Change component parameters (AddParameter): Name = "Diel"; Value = "X7R"; VariantName = "[No Variations]"
Change component parameters (AddParameter): Name = "IsSMT"; Value = "NoSMT"; VariantName = "[No Variations]"
Change component parameters (AddParameter): Name = "Value"; Value = "0.1uF"; VariantName = "[No Variations]"
Change component parameters (AddParameter): Name = "Voltage"; Value = "50V"; VariantName = "[No Variations]"
Change component parameters: Designator = "C13" ("C24"); Footprint = "CERCAP 0402"; UniqueID = "\BNUMWNXD\IYDYQZVL" ("\BNUMWNXD\IYDYQZVL")
Change component parameters (AddParameter): Name = "Diel"; Value = "X7R"; VariantName = "[No Variations]"
Change component parameters (AddParameter): Name = "IsSMT"; Value = "NoSMT"; VariantName = "[No Variations]"
Change component parameters (AddParameter): Name = "Value"; Value = "0.1uF"; VariantName = "[No Variations]"
Change component parameters (AddParameter): Name = "Voltage"; Value = "50V"; VariantName = "[No Variations]"
Change component parameters: Designator = "C14" ("C25"); Footprint = "CERCAP 0603"; UniqueID = "\BNUMWNXD\QWWQOFSU" ("\BNUMWNXD\QWWQOFSU")
Change component parameters (AddParameter): Name = "Diel"; Value = "X7R"; VariantName = "[No Variations]"
Change component parameters (AddParameter): Name = "IsSMT"; Value = "NoSMT"; VariantName = "[No Variations]"
Change component parameters (AddParameter): Name = "Value"; Value = "4.7uF"; VariantName = "[No Variations]"
Change component parameters (AddParameter): Name = "Voltage"; Value = "16V"; VariantName = "[No Variations]"
Change component parameters: Designator = "C15" ("C26"); Footprint = "CERCAP 0402"; UniqueID = "\BNUMWNXD\GPMOOPYT" ("\BNUMWNXD\GPMOOPYT")
Change component parameters (AddParameter): Name = "Diel"; Value = "X7R"; VariantName = "[No Variations]"
Change component parameters (AddParameter): Name = "IsSMT"; Value = "NoSMT"; VariantName = "[No Variations]"
Change component parameters (AddParameter): Name = "Value"; Value = "0.1uF"; VariantName = "[No Variations]"
Change component parameters (AddParameter): Name = "Voltage"; Value = "50V"; VariantName = "[No Variations]"
Change component parameters: Designator = "C17" ("C28"); Footprint = "CERCAP 0603"; UniqueID = "\BNUMWNXD\MKPCKBMD" ("\BNUMWNXD\MKPCKBMD")
Change component parameters (AddParameter): Name = "Diel"; Value = "X7R"; VariantName = "[No Variations]"
Change component parameters (AddParameter): Name = "IsSMT"; Value = "NoSMT"; VariantName = "[No Variations]"
Change component parameters (AddParameter): Name = "Value"; Value = "4.7uF"; VariantName = "[No Variations]"
Change component parameters (AddParameter): Name = "Voltage"; Value = "10V"; VariantName = "[No Variations]"
Change component parameters: Designator = "C18" ("C29"); Footprint = "CERCAP 0402"; UniqueID = "\BNUMWNXD\OHAAGIVH" ("\BNUMWNXD\OHAAGIVH")
Change component parameters (AddParameter): Name = "Diel"; Value = "X7R"; VariantName = "[No Variations]"
Change component parameters (AddParameter): Name = "IsSMT"; Value = "NoSMT"; VariantName = "[No Variations]"
Change component parameters (AddParameter): Name = "Value"; Value = "0.1uF"; VariantName = "[No Variations]"
Change component parameters (AddParameter): Name = "Voltage"; Value = "50V"; VariantName = "[No Variations]"
Change component parameters: Designator = "C20" ("C38"); Footprint = "CERCAP 0603"; UniqueID = "\BNUMWNXD\XTRDXZJP" ("\BNUMWNXD\XTRDXZJP")
Change component parameters (AddParameter): Name = "Diel"; Value = "X7R"; VariantName = "[No Variations]"
Change component parameters (AddParameter): Name = "IsSMT"; Value = "NoSMT"; VariantName = "[No Variations]"
Change component parameters (AddParameter): Name = "Value"; Value = "4.7uF"; VariantName = "[No Variations]"
Change component parameters (AddParameter): Name = "Voltage"; Value = "10V"; VariantName = "[No Variations]"
Change component parameters: Designator = "C21" ("C39"); Footprint = "CERCAP 0402"; UniqueID = "\BNUMWNXD\LYJYDYOU" ("\BNUMWNXD\LYJYDYOU")
Change component parameters (AddParameter): Name = "Diel"; Value = "X7R"; VariantName = "[No Variations]"
Change component parameters (AddParameter): Name = "IsSMT"; Value = "NoSMT"; VariantName = "[No Variations]"
Change component parameters (AddParameter): Name = "Value"; Value = "0.1uF"; VariantName = "[No Variations]"
Change component parameters (AddParameter): Name = "Voltage"; Value = "50V"; VariantName = "[No Variations]"
Change component parameters: Designator = "C22" ("C40"); Footprint = "CERCAP 0402"; UniqueID = "\BNUMWNXD\DGEZOHOC" ("\BNUMWNXD\DGEZOHOC")
Change component parameters (AddParameter): Name = "Diel"; Value = "X7R"; VariantName = "[No Variations]"
Change component parameters (AddParameter): Name = "IsSMT"; Value = "NoSMT"; VariantName = "[No Variations]"
Change component parameters (AddParameter): Name = "Value"; Value = "1nF"; VariantName = "[No Variations]"
Change component parameters (AddParameter): Name = "Voltage"; Value = "50V"; VariantName = "[No Variations]"
Change component parameters: Designator = "C23" ("C41"); Footprint = "CERCAP 0402"; UniqueID = "\BNUMWNXD\SQTBOGDF" ("\BNUMWNXD\SQTBOGDF")
Change component parameters (AddParameter): Name = "Diel"; Value = "X7R"; VariantName = "[No Variations]"
Change component parameters (AddParameter): Name = "IsSMT"; Value = "NoSMT"; VariantName = "[No Variations]"
Change component parameters (AddParameter): Name = "Value"; Value = "22pF"; VariantName = "[No Variations]"
Change component parameters (AddParameter): Name = "Voltage"; Value = "50V"; VariantName = "[No Variations]"
Change component parameters: Designator = "C25" ("C32"); Footprint = "CERCAP 0402"; UniqueID = "\BNUMWNXD\EOVQUSZA" ("\BNUMWNXD\EOVQUSZA")
Change component parameters (AddParameter): Name = "Diel"; Value = "X7R"; VariantName = "[No Variations]"
Change component parameters (AddParameter): Name = "IsSMT"; Value = "NoSMT"; VariantName = "[No Variations]"
Change component parameters (AddParameter): Name = "Value"; Value = "X"; VariantName = "[No Variations]"
Change component parameters (AddParameter): Name = "Voltage"; Value = "50V"; VariantName = "[No Variations]"
Change component parameters: Designator = "C26" ("C36"); Footprint = "CERCAP 0402"; UniqueID = "\BNUMWNXD\IUCRQXKY" ("\BNUMWNXD\IUCRQXKY")
Change component parameters (AddParameter): Name = "Diel"; Value = "X7R"; VariantName = "[No Variations]"
Change component parameters (AddParameter): Name = "IsSMT"; Value = "NoSMT"; VariantName = "[No Variations]"
Change component parameters (AddParameter): Name = "Value"; Value = "X"; VariantName = "[No Variations]"
Change component parameters (AddParameter): Name = "Voltage"; Value = "50V"; VariantName = "[No Variations]"
Change component parameters: Designator = "C27" ("C37"); Footprint = "CERCAP 0402"; UniqueID = "\BNUMWNXD\SFQXKYJC" ("\BNUMWNXD\SFQXKYJC")
Change component parameters (AddParameter): Name = "Diel"; Value = "X7R"; VariantName = "[No Variations]"
Change component parameters (AddParameter): Name = "IsSMT"; Value = "NoSMT"; VariantName = "[No Variations]"
Change component parameters (AddParameter): Name = "Value"; Value = "120pF"; VariantName = "[No Variations]"
Change component parameters (AddParameter): Name = "Voltage"; Value = "50V"; VariantName = "[No Variations]"
Change component parameters: Designator = "C28" ("C33"); Footprint = "CERCAP 0402"; UniqueID = "\BNUMWNXD\HRMXYXUD" ("\BNUMWNXD\HRMXYXUD")
Change component parameters (AddParameter): Name = "Diel"; Value = "X7R"; VariantName = "[No Variations]"
Change component parameters (AddParameter): Name = "IsSMT"; Value = "NoSMT"; VariantName = "[No Variations]"
Change component parameters (AddParameter): Name = "Value"; Value = "0.012uF"; VariantName = "[No Variations]"
Change component parameters (AddParameter): Name = "Voltage"; Value = "50V"; VariantName = "[No Variations]"
Change component parameters: Designator = "C29" ("C57"); Footprint = "CERCAP 0402"; UniqueID = "\BNUMWNXD\NVPXESHC\YBWXQDGC" ("\BNUMWNXD\NVPXESHC\YBWXQDGC")
Change component parameters (AddParameter): Name = "Diel"; Value = "X7R"; VariantName = "[No Variations]"
Change component parameters (AddParameter): Name = "IsSMT"; Value = "NoSMT"; VariantName = "[No Variations]"
Change component parameters (AddParameter): Name = "Value"; Value = "0.1uF"; VariantName = "[No Variations]"
Change component parameters (AddParameter): Name = "Voltage"; Value = "50V"; VariantName = "[No Variations]"
Change component parameters: Designator = "C30" ("C12"); Footprint = "CERCAP 0402"; UniqueID = "\JGUQFWAN\KRQBMMYO" ("\JGUQFWAN\KRQBMMYO")
Change component parameters (AddParameter): Name = "Diel"; Value = "X7R"; VariantName = "[No Variations]"
Change component parameters (AddParameter): Name = "IsSMT"; Value = "NoSMT"; VariantName = "[No Variations]"
Change component parameters (AddParameter): Name = "Value"; Value = "22pF"; VariantName = "[No Variations]"
Change component parameters (AddParameter): Name = "Voltage"; Value = "50V"; VariantName = "[No Variations]"
Change component parameters: Designator = "C31" ("C13"); Footprint = "CERCAP 0402"; UniqueID = "\JGUQFWAN\ESMHJKWZ" ("\JGUQFWAN\ESMHJKWZ")
Change component parameters (AddParameter): Name = "Diel"; Value = "X7R"; VariantName = "[No Variations]"
Change component parameters (AddParameter): Name = "IsSMT"; Value = "NoSMT"; VariantName = "[No Variations]"
Change component parameters (AddParameter): Name = "Value"; Value = "22pF"; VariantName = "[No Variations]"
Change component parameters (AddParameter): Name = "Voltage"; Value = "50V"; VariantName = "[No Variations]"
Change component parameters: Designator = "C32" ("C2"); Footprint = "CERCAP 0603"; UniqueID = "\JGUQFWAN\DISDMQDE" ("\JGUQFWAN\DISDMQDE")
Change component parameters (AddParameter): Name = "Diel"; Value = "X7R"; VariantName = "[No Variations]"
Change component parameters (AddParameter): Name = "IsSMT"; Value = "NoSMT"; VariantName = "[No Variations]"
Change component parameters (AddParameter): Name = "Value"; Value = "4.7uF"; VariantName = "[No Variations]"
Change component parameters (AddParameter): Name = "Voltage"; Value = "50V"; VariantName = "[No Variations]"
Change component parameters: Designator = "C33" ("C3"); Footprint = "CERCAP 0402"; UniqueID = "\JGUQFWAN\VYSVRPKR" ("\JGUQFWAN\VYSVRPKR")
Change component parameters (AddParameter): Name = "Diel"; Value = "X7R"; VariantName = "[No Variations]"
Change component parameters (AddParameter): Name = "IsSMT"; Value = "NoSMT"; VariantName = "[No Variations]"
Change component parameters (AddParameter): Name = "Value"; Value = "0.1uF"; VariantName = "[No Variations]"
Change component parameters (AddParameter): Name = "Voltage"; Value = "50V"; VariantName = "[No Variations]"
Change component parameters: Designator = "C34" ("C4"); Footprint = "CERCAP 0402"; UniqueID = "\JGUQFWAN\IILPBREQ" ("\JGUQFWAN\IILPBREQ")
Change component parameters (AddParameter): Name = "Diel"; Value = "X7R"; VariantName = "[No Variations]"
Change component parameters (AddParameter): Name = "IsSMT"; Value = "NoSMT"; VariantName = "[No Variations]"
Change component parameters (AddParameter): Name = "Value"; Value = "0.1uF"; VariantName = "[No Variations]"
Change component parameters (AddParameter): Name = "Voltage"; Value = "50V"; VariantName = "[No Variations]"
Change component parameters: Designator = "C35" ("C5"); Footprint = "CERCAP 0402"; UniqueID = "\JGUQFWAN\NWPVTXAE" ("\JGUQFWAN\NWPVTXAE")
Change component parameters (AddParameter): Name = "Diel"; Value = "X7R"; VariantName = "[No Variations]"
Change component parameters (AddParameter): Name = "IsSMT"; Value = "NoSMT"; VariantName = "[No Variations]"
Change component parameters (AddParameter): Name = "Value"; Value = "0.1uF"; VariantName = "[No Variations]"
Change component parameters (AddParameter): Name = "Voltage"; Value = "50V"; VariantName = "[No Variations]"
Change component parameters: Designator = "C36" ("C6"); Footprint = "CERCAP 0402"; UniqueID = "\JGUQFWAN\HZVOFEZO" ("\JGUQFWAN\HZVOFEZO")
Change component parameters (AddParameter): Name = "Diel"; Value = "X7R"; VariantName = "[No Variations]"
Change component parameters (AddParameter): Name = "IsSMT"; Value = "NoSMT"; VariantName = "[No Variations]"
Change component parameters (AddParameter): Name = "Value"; Value = "0.1uF"; VariantName = "[No Variations]"
Change component parameters (AddParameter): Name = "Voltage"; Value = "50V"; VariantName = "[No Variations]"
Change component parameters: Designator = "C37" ("C7"); Footprint = "CERCAP 0402"; UniqueID = "\JGUQFWAN\BMHWOTDT" ("\JGUQFWAN\BMHWOTDT")
Change component parameters (AddParameter): Name = "Diel"; Value = "X7R"; VariantName = "[No Variations]"
Change component parameters (AddParameter): Name = "IsSMT"; Value = "NoSMT"; VariantName = "[No Variations]"
Change component parameters (AddParameter): Name = "Value"; Value = "0.1uF"; VariantName = "[No Variations]"
Change component parameters (AddParameter): Name = "Voltage"; Value = "50V"; VariantName = "[No Variations]"
Change component parameters: Designator = "C38" ("C14"); Footprint = "CERCAP 0402"; UniqueID = "\BTPQLRSA\GNBCGEOY" ("\BTPQLRSA\GNBCGEOY")
Change component parameters (AddParameter): Name = "Diel"; Value = "X7R"; VariantName = "[No Variations]"
Change component parameters (AddParameter): Name = "IsSMT"; Value = "NoSMT"; VariantName = "[No Variations]"
Change component parameters (AddParameter): Name = "Value"; Value = "1uF"; VariantName = "[No Variations]"
Change component parameters (AddParameter): Name = "Voltage"; Value = "50V"; VariantName = "[No Variations]"
Change component parameters: Designator = "C39" ("C15"); Footprint = "CERCAP 0402"; UniqueID = "\BTPQLRSA\VLJIZIQQ" ("\BTPQLRSA\VLJIZIQQ")
Change component parameters (AddParameter): Name = "Diel"; Value = "X7R"; VariantName = "[No Variations]"
Change component parameters (AddParameter): Name = "IsSMT"; Value = "NoSMT"; VariantName = "[No Variations]"
Change component parameters (AddParameter): Name = "Value"; Value = "1uF"; VariantName = "[No Variations]"
Change component parameters (AddParameter): Name = "Voltage"; Value = "50V"; VariantName = "[No Variations]"
Change component parameters: Designator = "C40" ("C16"); Footprint = "CERCAP 0603"; UniqueID = "\BTPQLRSA\KVDSYVBG" ("\BTPQLRSA\KVDSYVBG")
Change component parameters (AddParameter): Name = "Diel"; Value = "X7R"; VariantName = "[No Variations]"
Change component parameters (AddParameter): Name = "IsSMT"; Value = "NoSMT"; VariantName = "[No Variations]"
Change component parameters (AddParameter): Name = "Value"; Value = "10uF"; VariantName = "[No Variations]"
Change component parameters (AddParameter): Name = "Voltage"; Value = "50V"; VariantName = "[No Variations]"
Change component parameters: Designator = "C41" ("C17"); Footprint = "CERCAP 0603"; UniqueID = "\BTPQLRSA\OEWVLFEU" ("\BTPQLRSA\OEWVLFEU")
Change component parameters (AddParameter): Name = "Diel"; Value = "X7R"; VariantName = "[No Variations]"
Change component parameters (AddParameter): Name = "IsSMT"; Value = "NoSMT"; VariantName = "[No Variations]"
Change component parameters (AddParameter): Name = "Value"; Value = "2.2uF"; VariantName = "[No Variations]"
Change component parameters (AddParameter): Name = "Voltage"; Value = "50V"; VariantName = "[No Variations]"
Change component parameters: Designator = "C42" ("C18"); Footprint = "CERCAP 0402"; UniqueID = "\BTPQLRSA\HFLQVULI" ("\BTPQLRSA\HFLQVULI")
Change component parameters (AddParameter): Name = "Diel"; Value = "X7R"; VariantName = "[No Variations]"
Change component parameters (AddParameter): Name = "IsSMT"; Value = "NoSMT"; VariantName = "[No Variations]"
Change component parameters (AddParameter): Name = "Value"; Value = "0.1uF"; VariantName = "[No Variations]"
Change component parameters (AddParameter): Name = "Voltage"; Value = "50V"; VariantName = "[No Variations]"
Change component parameters: Designator = "C43" ("C19"); Footprint = "CERCAP 0402"; UniqueID = "\BTPQLRSA\LUWEQHIV" ("\BTPQLRSA\LUWEQHIV")
Change component parameters (AddParameter): Name = "Diel"; Value = "X7R"; VariantName = "[No Variations]"
Change component parameters (AddParameter): Name = "IsSMT"; Value = "NoSMT"; VariantName = "[No Variations]"
Change component parameters (AddParameter): Name = "Value"; Value = "1uF"; VariantName = "[No Variations]"
Change component parameters (AddParameter): Name = "Voltage"; Value = "50V"; VariantName = "[No Variations]"
Change component parameters: Designator = "C45" ("C21"); Footprint = "CERCAP 0603"; UniqueID = "\BTPQLRSA\KQKSLMRC" ("\BTPQLRSA\KQKSLMRC")
Change component parameters (AddParameter): Name = "Diel"; Value = "X7R"; VariantName = "[No Variations]"
Change component parameters (AddParameter): Name = "IsSMT"; Value = "NoSMT"; VariantName = "[No Variations]"
Change component parameters (AddParameter): Name = "Value"; Value = "10uF"; VariantName = "[No Variations]"
Change component parameters (AddParameter): Name = "Voltage"; Value = "50V"; VariantName = "[No Variations]"
Change component parameters: Designator = "C46" ("C22"); Footprint = "CERCAP 0402"; UniqueID = "\BTPQLRSA\ASZHWONT" ("\BTPQLRSA\ASZHWONT")
Change component parameters (AddParameter): Name = "Diel"; Value = "X7R"; VariantName = "[No Variations]"
Change component parameters (AddParameter): Name = "IsSMT"; Value = "NoSMT"; VariantName = "[No Variations]"
Change component parameters (AddParameter): Name = "Value"; Value = "22pF"; VariantName = "[No Variations]"
Change component parameters (AddParameter): Name = "Voltage"; Value = "50V"; VariantName = "[No Variations]"
Change component parameters: Designator = "C47" ("C23"); Footprint = "CERCAP 0402"; UniqueID = "\BTPQLRSA\FBCVFPIP" ("\BTPQLRSA\FBCVFPIP")
Change component parameters (AddParameter): Name = "Diel"; Value = "X7R"; VariantName = "[No Variations]"
Change component parameters (AddParameter): Name = "IsSMT"; Value = "NoSMT"; VariantName = "[No Variations]"
Change component parameters (AddParameter): Name = "Value"; Value = "0.1uF"; VariantName = "[No Variations]"
Change component parameters (AddParameter): Name = "Voltage"; Value = "50V"; VariantName = "[No Variations]"
Change component parameters: Designator = "C48" ("C56"); Footprint = "CERCAP 0402"; UniqueID = "\BTPQLRSA\MAKRRGRQ" ("\BTPQLRSA\MAKRRGRQ")
Change component parameters (AddParameter): Name = "Diel"; Value = "X7R"; VariantName = "[No Variations]"
Change component parameters (AddParameter): Name = "IsSMT"; Value = "NoSMT"; VariantName = "[No Variations]"
Change component parameters (AddParameter): Name = "Value"; Value = "0.1uF"; VariantName = "[No Variations]"
Change component parameters (AddParameter): Name = "Voltage"; Value = "50V"; VariantName = "[No Variations]"
Change component parameters: Designator = "C49" ("C57"); Footprint = "CERCAP 0402"; UniqueID = "\BNUMWNXD\IHJRUMDI\YBWXQDGC" ("\BNUMWNXD\IHJRUMDI\YBWXQDGC")
Change component parameters (AddParameter): Name = "Diel"; Value = "X7R"; VariantName = "[No Variations]"
Change component parameters (AddParameter): Name = "IsSMT"; Value = "NoSMT"; VariantName = "[No Variations]"
Change component parameters (AddParameter): Name = "Value"; Value = "0.1uF"; VariantName = "[No Variations]"
Change component parameters (AddParameter): Name = "Voltage"; Value = "50V"; VariantName = "[No Variations]"
Change component parameters: Designator = "C54" ("C61"); Footprint = "CERCAP 0402"; UniqueID = "\IRJSCQEN\YFEIJWJK" ("\IRJSCQEN\YFEIJWJK")
Change component parameters (AddParameter): Name = "Diel"; Value = "X7R"; VariantName = "[No Variations]"
Change component parameters (AddParameter): Name = "IsSMT"; Value = "NoSMT"; VariantName = "[No Variations]"
Change component parameters (AddParameter): Name = "Value"; Value = "0.1uF"; VariantName = "[No Variations]"
Change component parameters (AddParameter): Name = "Voltage"; Value = "50V"; VariantName = "[No Variations]"
Change component parameters: Designator = "C57" ("C64"); Footprint = "CERCAP 0402"; UniqueID = "\IRJSCQEN\AHBMWLML" ("\IRJSCQEN\AHBMWLML")
Change component parameters (AddParameter): Name = "Diel"; Value = "X7R"; VariantName = "[No Variations]"
Change component parameters (AddParameter): Name = "IsSMT"; Value = "NoSMT"; VariantName = "[No Variations]"
Change component parameters (AddParameter): Name = "Value"; Value = "0.1uF"; VariantName = "[No Variations]"
Change component parameters (AddParameter): Name = "Voltage"; Value = "50V"; VariantName = "[No Variations]"
Change component parameters: Designator = "C58" ("C57"); Footprint = "CERCAP 0402"; UniqueID = "\NYEOYEHG\XIEHPQUB\YBWXQDGC" ("\NYEOYEHG\XIEHPQUB\YBWXQDGC")
Change component parameters (AddParameter): Name = "Diel"; Value = "X7R"; VariantName = "[No Variations]"
Change component parameters (AddParameter): Name = "IsSMT"; Value = "NoSMT"; VariantName = "[No Variations]"
Change component parameters (AddParameter): Name = "Value"; Value = "0.1uF"; VariantName = "[No Variations]"
Change component parameters (AddParameter): Name = "Voltage"; Value = "50V"; VariantName = "[No Variations]"
Change component parameters: Designator = "C59" ("C42"); Footprint = "CERCAP 0402"; UniqueID = "\BTPQLRSA\EJZQULKF\WSSQHFEA" ("\BTPQLRSA\EJZQULKF\WSSQHFEA")
Change component parameters (AddParameter): Name = "Diel"; Value = "X7R"; VariantName = "[No Variations]"
Change component parameters (AddParameter): Name = "IsSMT"; Value = "NoSMT"; VariantName = "[No Variations]"
Change component parameters (AddParameter): Name = "Value"; Value = "0.1uF"; VariantName = "[No Variations]"
Change component parameters (AddParameter): Name = "Voltage"; Value = "50V"; VariantName = "[No Variations]"
Change component parameters: Designator = "C60" ("C43"); Footprint = "CERCAP 0603"; UniqueID = "\BNUMWNXD\BOGLJTYJ" ("\BNUMWNXD\BOGLJTYJ")
Change component parameters (AddParameter): Name = "Diel"; Value = "X7R"; VariantName = "[No Variations]"
Change component parameters (AddParameter): Name = "IsSMT"; Value = "NoSMT"; VariantName = "[No Variations]"
Change component parameters (AddParameter): Name = "Value"; Value = "4.7uF"; VariantName = "[No Variations]"
Change component parameters (AddParameter): Name = "Voltage"; Value = "16V"; VariantName = "[No Variations]"
Change component parameters: Designator = "C61" ("C44"); Footprint = "CERCAP 0402"; UniqueID = "\BNUMWNXD\NKYYLSQF" ("\BNUMWNXD\NKYYLSQF")
Change component parameters (AddParameter): Name = "Diel"; Value = "X7R"; VariantName = "[No Variations]"
Change component parameters (AddParameter): Name = "IsSMT"; Value = "NoSMT"; VariantName = "[No Variations]"
Change component parameters (AddParameter): Name = "Value"; Value = "0.1uF"; VariantName = "[No Variations]"
Change component parameters (AddParameter): Name = "Voltage"; Value = "50V"; VariantName = "[No Variations]"
Change component parameters: Designator = "C62" ("C45"); Footprint = "CERCAP 0402"; UniqueID = "\BNUMWNXD\MJBNJYNQ" ("\BNUMWNXD\MJBNJYNQ")
Change component parameters (AddParameter): Name = "Diel"; Value = "X7R"; VariantName = "[No Variations]"
Change component parameters (AddParameter): Name = "IsSMT"; Value = "NoSMT"; VariantName = "[No Variations]"
Change component parameters (AddParameter): Name = "Value"; Value = "0.1uF"; VariantName = "[No Variations]"
Change component parameters (AddParameter): Name = "Voltage"; Value = "50V"; VariantName = "[No Variations]"
Change component parameters: Designator = "C63" ("C46"); Footprint = "CERCAP 0402"; UniqueID = "\BNUMWNXD\CZLEOXUM" ("\BNUMWNXD\CZLEOXUM")
Change component parameters (AddParameter): Name = "Diel"; Value = "X7R"; VariantName = "[No Variations]"
Change component parameters (AddParameter): Name = "IsSMT"; Value = "NoSMT"; VariantName = "[No Variations]"
Change component parameters (AddParameter): Name = "Value"; Value = "1nF"; VariantName = "[No Variations]"
Change component parameters (AddParameter): Name = "Voltage"; Value = "50V"; VariantName = "[No Variations]"
Change component parameters: Designator = "C64" ("C47"); Footprint = "CERCAP 0402"; UniqueID = "\BNUMWNXD\BICUMCAQ" ("\BNUMWNXD\BICUMCAQ")
Change component parameters (AddParameter): Name = "Diel"; Value = "X7R"; VariantName = "[No Variations]"
Change component parameters (AddParameter): Name = "IsSMT"; Value = "NoSMT"; VariantName = "[No Variations]"
Change component parameters (AddParameter): Name = "Value"; Value = "22pF"; VariantName = "[No Variations]"
Change component parameters (AddParameter): Name = "Voltage"; Value = "50V"; VariantName = "[No Variations]"
Change component parameters: Designator = "C66" ("C49"); Footprint = "CERCAP 0402"; UniqueID = "\BNUMWNXD\SLRHTEWF" ("\BNUMWNXD\SLRHTEWF")
Change component parameters (AddParameter): Name = "Diel"; Value = "X7R"; VariantName = "[No Variations]"
Change component parameters (AddParameter): Name = "IsSMT"; Value = "NoSMT"; VariantName = "[No Variations]"
Change component parameters (AddParameter): Name = "Value"; Value = "X"; VariantName = "[No Variations]"
Change component parameters (AddParameter): Name = "Voltage"; Value = "50V"; VariantName = "[No Variations]"
Change component parameters: Designator = "C67" ("C50"); Footprint = "CERCAP 0402"; UniqueID = "\BNUMWNXD\YFYUYSIO" ("\BNUMWNXD\YFYUYSIO")
Change component parameters (AddParameter): Name = "Diel"; Value = "X7R"; VariantName = "[No Variations]"
Change component parameters (AddParameter): Name = "IsSMT"; Value = "NoSMT"; VariantName = "[No Variations]"
Change component parameters (AddParameter): Name = "Value"; Value = "X"; VariantName = "[No Variations]"
Change component parameters (AddParameter): Name = "Voltage"; Value = "50V"; VariantName = "[No Variations]"
Change component parameters: Designator = "C68" ("C51"); Footprint = "CERCAP 0402"; UniqueID = "\BNUMWNXD\ROXPVXBY" ("\BNUMWNXD\ROXPVXBY")
Change component parameters (AddParameter): Name = "Diel"; Value = "X7R"; VariantName = "[No Variations]"
Change component parameters (AddParameter): Name = "IsSMT"; Value = "NoSMT"; VariantName = "[No Variations]"
Change component parameters (AddParameter): Name = "Value"; Value = "120pF"; VariantName = "[No Variations]"
Change component parameters (AddParameter): Name = "Voltage"; Value = "50V"; VariantName = "[No Variations]"
Change component parameters: Designator = "C69" ("C52"); Footprint = "CERCAP 0402"; UniqueID = "\BNUMWNXD\JPVWKYDJ" ("\BNUMWNXD\JPVWKYDJ")
Change component parameters (AddParameter): Name = "Diel"; Value = "X7R"; VariantName = "[No Variations]"
Change component parameters (AddParameter): Name = "IsSMT"; Value = "NoSMT"; VariantName = "[No Variations]"
Change component parameters (AddParameter): Name = "Value"; Value = "0.012uF"; VariantName = "[No Variations]"
Change component parameters (AddParameter): Name = "Voltage"; Value = "50V"; VariantName = "[No Variations]"
Change component parameters: Designator = "C70" ("C35"); Footprint = "CERCAP 0402"; UniqueID = "\BTPQLRSA\EJZQULKF\VCYIJELI" ("\BTPQLRSA\EJZQULKF\VCYIJELI")
Change component parameters (AddParameter): Name = "Diel"; Value = "X7R"; VariantName = "[No Variations]"
Change component parameters (AddParameter): Name = "IsSMT"; Value = "NoSMT"; VariantName = "[No Variations]"
Change component parameters (AddParameter): Name = "Value"; Value = "0.1uF"; VariantName = "[No Variations]"
Change component parameters (AddParameter): Name = "Voltage"; Value = "50V"; VariantName = "[No Variations]"
Change component parameters: Designator = "C71" ("C73"); Footprint = "CERCAP 0402"; UniqueID = "\ZMEUMLQT\AMIQGALS" ("\ZMEUMLQT\AMIQGALS")
Change component parameters (AddParameter): Name = "Diel"; Value = "X7R"; VariantName = "[No Variations]"
Change component parameters (AddParameter): Name = "IsSMT"; Value = "NoSMT"; VariantName = "[No Variations]"
Change component parameters (AddParameter): Name = "Value"; Value = "0.1uF"; VariantName = "[No Variations]"
Change component parameters (AddParameter): Name = "Voltage"; Value = "50V"; VariantName = "[No Variations]"
Change component parameters: Designator = "C72" ("C65"); Footprint = "CERCAP 0603"; UniqueID = "\CGUBGAYV\WXQUUIOM" ("\CGUBGAYV\WXQUUIOM")
Change component parameters (AddParameter): Name = "Diel"; Value = "X7R"; VariantName = "[No Variations]"
Change component parameters (AddParameter): Name = "IsSMT"; Value = "NoSMT"; VariantName = "[No Variations]"
Change component parameters (AddParameter): Name = "Value"; Value = "4.7uF"; VariantName = "[No Variations]"
Change component parameters (AddParameter): Name = "Voltage"; Value = "16V"; VariantName = "[No Variations]"
Change component parameters: Designator = "C73" ("C54"); Footprint = "CERCAP 0402"; UniqueID = "\CSBXWPJF\MZFOZCGP" ("\CSBXWPJF\MZFOZCGP")
Change component parameters (AddParameter): Name = "Diel"; Value = "X7R"; VariantName = "[No Variations]"
Change component parameters (AddParameter): Name = "IsSMT"; Value = "NoSMT"; VariantName = "[No Variations]"
Change component parameters (AddParameter): Name = "Value"; Value = "0.1uF"; VariantName = "[No Variations]"
Change component parameters (AddParameter): Name = "Voltage"; Value = "50V"; VariantName = "[No Variations]"
Change component parameters: Designator = "C74" ("C54"); Footprint = "CERCAP 0402"; UniqueID = "\MAGJEHQF\MZFOZCGP" ("\MAGJEHQF\MZFOZCGP")
Change component parameters (AddParameter): Name = "Diel"; Value = "X7R"; VariantName = "[No Variations]"
Change component parameters (AddParameter): Name = "IsSMT"; Value = "NoSMT"; VariantName = "[No Variations]"
Change component parameters (AddParameter): Name = "Value"; Value = "0.1uF"; VariantName = "[No Variations]"
Change component parameters (AddParameter): Name = "Voltage"; Value = "50V"; VariantName = "[No Variations]"
Change component parameters: Designator = "C75" ("C55"); Footprint = "CERCAP 0402"; UniqueID = "\CSBXWPJF\AASAUIJE" ("\CSBXWPJF\AASAUIJE")
Change component parameters (AddParameter): Name = "Diel"; Value = "X7R"; VariantName = "[No Variations]"
Change component parameters (AddParameter): Name = "IsSMT"; Value = "NoSMT"; VariantName = "[No Variations]"
Change component parameters (AddParameter): Name = "Value"; Value = "0.1uF"; VariantName = "[No Variations]"
Change component parameters (AddParameter): Name = "Voltage"; Value = "50V"; VariantName = "[No Variations]"
Change component parameters: Designator = "C76" ("C55"); Footprint = "CERCAP 0402"; UniqueID = "\MAGJEHQF\AASAUIJE" ("\MAGJEHQF\AASAUIJE")
Change component parameters (AddParameter): Name = "Diel"; Value = "X7R"; VariantName = "[No Variations]"
Change component parameters (AddParameter): Name = "IsSMT"; Value = "NoSMT"; VariantName = "[No Variations]"
Change component parameters (AddParameter): Name = "Value"; Value = "0.1uF"; VariantName = "[No Variations]"
Change component parameters (AddParameter): Name = "Voltage"; Value = "50V"; VariantName = "[No Variations]"
Change component parameters: Designator = "C77" ("C66"); Footprint = "CERCAP 0402"; UniqueID = "\CGUBGAYV\QLDWBYKG" ("\CGUBGAYV\QLDWBYKG")
Change component parameters (AddParameter): Name = "Diel"; Value = "X7R"; VariantName = "[No Variations]"
Change component parameters (AddParameter): Name = "IsSMT"; Value = "NoSMT"; VariantName = "[No Variations]"
Change component parameters (AddParameter): Name = "Value"; Value = "0.1uF"; VariantName = "[No Variations]"
Change component parameters (AddParameter): Name = "Voltage"; Value = "50V"; VariantName = "[No Variations]"
Change component parameters: Designator = "C78" ("C67"); Footprint = "CERCAP 0603"; UniqueID = "\CGUBGAYV\IYOGJSIJ" ("\CGUBGAYV\IYOGJSIJ")
Change component parameters (AddParameter): Name = "Diel"; Value = "X7R"; VariantName = "[No Variations]"
Change component parameters (AddParameter): Name = "IsSMT"; Value = "NoSMT"; VariantName = "[No Variations]"
Change component parameters (AddParameter): Name = "Value"; Value = "4.7uF"; VariantName = "[No Variations]"
Change component parameters (AddParameter): Name = "Voltage"; Value = "16V"; VariantName = "[No Variations]"
Change component parameters: Designator = "C79" ("C68"); Footprint = "CERCAP 0402"; UniqueID = "\CGUBGAYV\IRLNRHIY" ("\CGUBGAYV\IRLNRHIY")
Change component parameters (AddParameter): Name = "Diel"; Value = "X7R"; VariantName = "[No Variations]"
Change component parameters (AddParameter): Name = "IsSMT"; Value = "NoSMT"; VariantName = "[No Variations]"
Change component parameters (AddParameter): Name = "Value"; Value = "0.1uF"; VariantName = "[No Variations]"
Change component parameters (AddParameter): Name = "Voltage"; Value = "50V"; VariantName = "[No Variations]"
Change component parameters: Designator = "C80" ("C69"); Footprint = "CERCAP 0603"; UniqueID = "\CGUBGAYV\NRRCJNEC" ("\CGUBGAYV\NRRCJNEC")
Change component parameters (AddParameter): Name = "Diel"; Value = "X7R"; VariantName = "[No Variations]"
Change component parameters (AddParameter): Name = "IsSMT"; Value = "NoSMT"; VariantName = "[No Variations]"
Change component parameters (AddParameter): Name = "Value"; Value = "4.7uF"; VariantName = "[No Variations]"
Change component parameters (AddParameter): Name = "Voltage"; Value = "16V"; VariantName = "[No Variations]"
Change component parameters: Designator = "C81" ("C70"); Footprint = "CERCAP 0402"; UniqueID = "\CGUBGAYV\UMBKBKKW" ("\CGUBGAYV\UMBKBKKW")
Change component parameters (AddParameter): Name = "Diel"; Value = "X7R"; VariantName = "[No Variations]"
Change component parameters (AddParameter): Name = "IsSMT"; Value = "NoSMT"; VariantName = "[No Variations]"
Change component parameters (AddParameter): Name = "Value"; Value = "0.1uF"; VariantName = "[No Variations]"
Change component parameters (AddParameter): Name = "Voltage"; Value = "50V"; VariantName = "[No Variations]"
Change component parameters: Designator = "C82" ("C71"); Footprint = "CERCAP 0603"; UniqueID = "\CGUBGAYV\LXEPCXRV" ("\CGUBGAYV\LXEPCXRV")
Change component parameters (AddParameter): Name = "Diel"; Value = "X7R"; VariantName = "[No Variations]"
Change component parameters (AddParameter): Name = "IsSMT"; Value = "NoSMT"; VariantName = "[No Variations]"
Change component parameters (AddParameter): Name = "Value"; Value = "4.7uF"; VariantName = "[No Variations]"
Change component parameters (AddParameter): Name = "Voltage"; Value = "16V"; VariantName = "[No Variations]"
Change component parameters: Designator = "C83" ("C72"); Footprint = "CERCAP 0402"; UniqueID = "\CGUBGAYV\DKCFCOEQ" ("\CGUBGAYV\DKCFCOEQ")
Change component parameters (AddParameter): Name = "Diel"; Value = "X7R"; VariantName = "[No Variations]"
Change component parameters (AddParameter): Name = "IsSMT"; Value = "NoSMT"; VariantName = "[No Variations]"
Change component parameters (AddParameter): Name = "Value"; Value = "0.1uF"; VariantName = "[No Variations]"
Change component parameters (AddParameter): Name = "Voltage"; Value = "50V"; VariantName = "[No Variations]"
Change component parameters: Designator = "C84" ("C73"); Footprint = "CERCAP 0402"; UniqueID = "\IKGBBCDS\AMIQGALS" ("\IKGBBCDS\AMIQGALS")
Change component parameters (AddParameter): Name = "Diel"; Value = "X7R"; VariantName = "[No Variations]"
Change component parameters (AddParameter): Name = "IsSMT"; Value = "NoSMT"; VariantName = "[No Variations]"
Change component parameters (AddParameter): Name = "Value"; Value = "0.1uF"; VariantName = "[No Variations]"
Change component parameters (AddParameter): Name = "Voltage"; Value = "50V"; VariantName = "[No Variations]"
Change component parameters: Designator = "C86" ("C74"); Footprint = "CERCAP 0805"; UniqueID = "\NBLBYELG\JIOUEUCQ" ("\NBLBYELG\JIOUEUCQ")
Change component parameters (AddParameter): Name = "Diel"; Value = "X7R"; VariantName = "[No Variations]"
Change component parameters (AddParameter): Name = "IsSMT"; Value = "NoSMT"; VariantName = "[No Variations]"
Change component parameters (AddParameter): Name = "Value"; Value = "10uF"; VariantName = "[No Variations]"
Change component parameters (AddParameter): Name = "Voltage"; Value = "50V"; VariantName = "[No Variations]"
Change component parameters: Designator = "C87" ("C75"); Footprint = "CERCAP 0402"; UniqueID = "\BNUMWNXD\YLCEMVTZ" ("\BNUMWNXD\YLCEMVTZ")
Change component parameters (AddParameter): Name = "Diel"; Value = "X7R"; VariantName = "[No Variations]"
Change component parameters (AddParameter): Name = "IsSMT"; Value = "NoSMT"; VariantName = "[No Variations]"
Change component parameters (AddParameter): Name = "Value"; Value = "0.1uF"; VariantName = "[No Variations]"
Change component parameters (AddParameter): Name = "Voltage"; Value = "50V"; VariantName = "[No Variations]"
Change component parameters: Designator = "C88" ("C76"); Footprint = "CERCAP 0402"; UniqueID = "\BNUMWNXD\ITFVOSEW" ("\BNUMWNXD\ITFVOSEW")
Change component parameters (AddParameter): Name = "Diel"; Value = "X7R"; VariantName = "[No Variations]"
Change component parameters (AddParameter): Name = "IsSMT"; Value = "NoSMT"; VariantName = "[No Variations]"
Change component parameters (AddParameter): Name = "Value"; Value = "0.1uF"; VariantName = "[No Variations]"
Change component parameters (AddParameter): Name = "Voltage"; Value = "50V"; VariantName = "[No Variations]"
Change component parameters: Designator = "C89" ("C77"); Footprint = "CERCAP 0402"; UniqueID = "\BNUMWNXD\WWLTJWYB" ("\BNUMWNXD\WWLTJWYB")
Change component parameters (AddParameter): Name = "Diel"; Value = "X7R"; VariantName = "[No Variations]"
Change component parameters (AddParameter): Name = "IsSMT"; Value = "NoSMT"; VariantName = "[No Variations]"
Change component parameters (AddParameter): Name = "Value"; Value = "0.1uF"; VariantName = "[No Variations]"
Change component parameters (AddParameter): Name = "Voltage"; Value = "50V"; VariantName = "[No Variations]"
Change component parameters: Designator = "C90" ("C78"); Footprint = "CERCAP 0402"; UniqueID = "\BNUMWNXD\HHIGYVHX" ("\BNUMWNXD\HHIGYVHX")
Change component parameters (AddParameter): Name = "Diel"; Value = "X7R"; VariantName = "[No Variations]"
Change component parameters (AddParameter): Name = "IsSMT"; Value = "NoSMT"; VariantName = "[No Variations]"
Change component parameters (AddParameter): Name = "Value"; Value = "0.1uF"; VariantName = "[No Variations]"
Change component parameters (AddParameter): Name = "Voltage"; Value = "50V"; VariantName = "[No Variations]"
Change component parameters: Designator = "C91" ("C79"); Footprint = "CERCAP 0402"; UniqueID = "\POBQOFNL\IINXTPEK\PBVYQSTQ" ("\POBQOFNL\IINXTPEK\PBVYQSTQ")
Change component parameters (AddParameter): Name = "Diel"; Value = "X7R"; VariantName = "[No Variations]"
Change component parameters (AddParameter): Name = "IsSMT"; Value = "NoSMT"; VariantName = "[No Variations]"
Change component parameters (AddParameter): Name = "Value"; Value = "0.1uF"; VariantName = "[No Variations]"
Change component parameters (AddParameter): Name = "Voltage"; Value = "50V"; VariantName = "[No Variations]"
Change component parameters: Designator = "C92" ("C80"); Footprint = "CERCAP 0603"; UniqueID = "\POBQOFNL\IINXTPEK\CGOTHMQI" ("\POBQOFNL\IINXTPEK\CGOTHMQI")
Change component parameters (AddParameter): Name = "Diel"; Value = "X7R"; VariantName = "[No Variations]"
Change component parameters (AddParameter): Name = "IsSMT"; Value = "NoSMT"; VariantName = "[No Variations]"
Change component parameters (AddParameter): Name = "Value"; Value = "1uF"; VariantName = "[No Variations]"
Change component parameters (AddParameter): Name = "Voltage"; Value = "50V"; VariantName = "[No Variations]"
Change component parameters: Designator = "C93" ("C81"); Footprint = "CERCAP 0402"; UniqueID = "\POBQOFNL\IINXTPEK\MDDCYATH" ("\POBQOFNL\IINXTPEK\MDDCYATH")
Change component parameters (AddParameter): Name = "Diel"; Value = "X7R"; VariantName = "[No Variations]"
Change component parameters (AddParameter): Name = "IsSMT"; Value = "NoSMT"; VariantName = "[No Variations]"
Change component parameters (AddParameter): Name = "Value"; Value = "10pF"; VariantName = "[No Variations]"
Change component parameters (AddParameter): Name = "Voltage"; Value = "50V"; VariantName = "[No Variations]"
Change component parameters: Designator = "C94" ("C82"); Footprint = "CERCAP 0402"; UniqueID = "\POBQOFNL\YAOUNPNR" ("\POBQOFNL\YAOUNPNR")
Change component parameters (AddParameter): Name = "Diel"; Value = "X7R"; VariantName = "[No Variations]"
Change component parameters (AddParameter): Name = "IsSMT"; Value = "NoSMT"; VariantName = "[No Variations]"
Change component parameters (AddParameter): Name = "Value"; Value = "0.1uF"; VariantName = "[No Variations]"
Change component parameters (AddParameter): Name = "Voltage"; Value = "50V"; VariantName = "[No Variations]"
Change component parameters: Designator = "C95" ("C83"); Footprint = "CERCAP 0402"; UniqueID = "\POBQOFNL\GVQWJQBF" ("\POBQOFNL\GVQWJQBF")
Change component parameters (AddParameter): Name = "Diel"; Value = "X7R"; VariantName = "[No Variations]"
Change component parameters (AddParameter): Name = "IsSMT"; Value = "NoSMT"; VariantName = "[No Variations]"
Change component parameters (AddParameter): Name = "Value"; Value = "0.1uF"; VariantName = "[No Variations]"
Change component parameters (AddParameter): Name = "Voltage"; Value = "50V"; VariantName = "[No Variations]"
Change component parameters: Designator = "C50" ("C53"); Footprint = "CERCAP 0603"; UniqueID = "\IRJSCQEN\MWBLUEON" ("\IRJSCQEN\MWBLUEON")
Change component parameters (AddParameter): Name = "Diel"; Value = "X7R"; VariantName = "[No Variations]"
Change component parameters (AddParameter): Name = "IsSMT"; Value = "NoSMT"; VariantName = "[No Variations]"
Change component parameters (AddParameter): Name = "Value"; Value = "4.7uF"; VariantName = "[No Variations]"
Change component parameters (AddParameter): Name = "Voltage"; Value = "16V"; VariantName = "[No Variations]"
Change component parameters: Designator = "C51" ("C58"); Footprint = "CERCAP 0603"; UniqueID = "\IRJSCQEN\WEIEEVRU" ("\IRJSCQEN\WEIEEVRU")
Change component parameters (AddParameter): Name = "Diel"; Value = "X7R"; VariantName = "[No Variations]"
Change component parameters (AddParameter): Name = "IsSMT"; Value = "NoSMT"; VariantName = "[No Variations]"
Change component parameters (AddParameter): Name = "Value"; Value = "4.7uF"; VariantName = "[No Variations]"
Change component parameters (AddParameter): Name = "Voltage"; Value = "16V"; VariantName = "[No Variations]"
Change component parameters: Designator = "C52" ("C59"); Footprint = "CERCAP 0603"; UniqueID = "\IRJSCQEN\FLNBDEWQ" ("\IRJSCQEN\FLNBDEWQ")
Change component parameters (AddParameter): Name = "Diel"; Value = "X7R"; VariantName = "[No Variations]"
Change component parameters (AddParameter): Name = "IsSMT"; Value = "NoSMT"; VariantName = "[No Variations]"
Change component parameters (AddParameter): Name = "Value"; Value = "4.7uF"; VariantName = "[No Variations]"
Change component parameters (AddParameter): Name = "Voltage"; Value = "16V"; VariantName = "[No Variations]"
Change component parameters: Designator = "C53" ("C60"); Footprint = "CERCAP 0603"; UniqueID = "\IRJSCQEN\WIIUAWKR" ("\IRJSCQEN\WIIUAWKR")
Change component parameters (AddParameter): Name = "Diel"; Value = "X7R"; VariantName = "[No Variations]"
Change component parameters (AddParameter): Name = "IsSMT"; Value = "NoSMT"; VariantName = "[No Variations]"
Change component parameters (AddParameter): Name = "Value"; Value = "4.7uF"; VariantName = "[No Variations]"
Change component parameters (AddParameter): Name = "Voltage"; Value = "16V"; VariantName = "[No Variations]"
Change component parameters: Designator = "C55" ("C62"); Footprint = "CERCAP 0603"; UniqueID = "\IRJSCQEN\ELWSHLKA" ("\IRJSCQEN\ELWSHLKA")
Change component parameters (AddParameter): Name = "Diel"; Value = "X7R"; VariantName = "[No Variations]"
Change component parameters (AddParameter): Name = "IsSMT"; Value = "NoSMT"; VariantName = "[No Variations]"
Change component parameters (AddParameter): Name = "Value"; Value = "4.7uF"; VariantName = "[No Variations]"
Change component parameters (AddParameter): Name = "Voltage"; Value = "10V"; VariantName = "[No Variations]"
Change component parameters: Designator = "C56" ("C63"); Footprint = "CERCAP 0603"; UniqueID = "\IRJSCQEN\UYOYPHZN" ("\IRJSCQEN\UYOYPHZN")
Change component parameters (AddParameter): Name = "Diel"; Value = "X7R"; VariantName = "[No Variations]"
Change component parameters (AddParameter): Name = "IsSMT"; Value = "NoSMT"; VariantName = "[No Variations]"
Change component parameters (AddParameter): Name = "Value"; Value = "4.7uF"; VariantName = "[No Variations]"
Change component parameters (AddParameter): Name = "Voltage"; Value = "10V"; VariantName = "[No Variations]"
