Removed Pin From Net: NetName=GND Pin=R49-1
Removed Pin From Net: NetName=GND Pin=R50-1
Removed Pin From Net: NetName=GND Pin=R51-1
Removed Pin From Net: NetName=GND Pin=R52-1
Removed Pin From Net: NetName=GND Pin=R53-1
Removed Pin From Net: NetName=GND Pin=R54-1
Removed Pin From Net: NetName=GND Pin=VD4-A
Removed Pin From Net: NetName=GND Pin=VD5-A
Removed Pin From Net: NetName=GND Pin=VD6-A
Removed Pin From Net: NetName=GND Pin=VD7-A
Removed Pin From Net: NetName=GND Pin=VD8-A
Removed Pin From Net: NetName=GND Pin=VD9-A
Removed Pin From Net: NetName=NetR38_2 Pin=VT7-2
Removed Pin From Net: NetName=NetR38_2 Pin=VT8-2
Removed Pin From Net: NetName=NetR38_2 Pin=VT9-2
Removed Pin From Net: NetName=NetR47_2 Pin=VT10-2
Removed Pin From Net: NetName=NetR47_2 Pin=VT11-2
Removed Pin From Net: NetName=NetR47_2 Pin=VT12-2
Removed Member From Class: ClassName=Connectors Member=R49
Removed Member From Class: ClassName=Connectors Member=R50
Removed Member From Class: ClassName=Connectors Member=R51
Removed Member From Class: ClassName=Connectors Member=R52
Removed Member From Class: ClassName=Connectors Member=R53
Removed Member From Class: ClassName=Connectors Member=R54
Removed Member From Class: ClassName=Connectors Member=VD4
Removed Member From Class: ClassName=Connectors Member=VD5
Removed Member From Class: ClassName=Connectors Member=VD6
Removed Member From Class: ClassName=Connectors Member=VD7
Removed Member From Class: ClassName=Connectors Member=VD8
Removed Member From Class: ClassName=Connectors Member=VD9
Removed Member From Class: ClassName=Connectors Member=VT7
Removed Member From Class: ClassName=Connectors Member=VT8
Removed Member From Class: ClassName=Connectors Member=VT9
Removed Member From Class: ClassName=Connectors Member=VT10
Removed Member From Class: ClassName=Connectors Member=VT11
Removed Member From Class: ClassName=Connectors Member=VT12
Added Pin To Net: NetName=NetR38_2 Pin=X2-3
Added Pin To Net: NetName=NetR38_2 Pin=X2-4
Added Pin To Net: NetName=NetR38_2 Pin=X3-3
Added Pin To Net: NetName=NetR38_2 Pin=X3-4
Added Pin To Net: NetName=NetR38_2 Pin=X4-3
Added Pin To Net: NetName=NetR38_2 Pin=X4-4
Added Pin To Net: NetName=NetR47_2 Pin=X5-3
Added Pin To Net: NetName=NetR47_2 Pin=X5-4
Added Pin To Net: NetName=NetR47_2 Pin=X6-3
Added Pin To Net: NetName=NetR47_2 Pin=X6-4
Added Pin To Net: NetName=NetR47_2 Pin=X7-3
Added Pin To Net: NetName=NetR47_2 Pin=X7-4
Added Room: Name=Connectors
