Removed Member From Class: ClassName=V_SYS_Regulator Member=C67
Removed Member From Class: ClassName=V_SYS_Regulator Member=C68
Removed Member From Class: ClassName=V_SYS_Regulator Member=C70
Removed Member From Class: ClassName=V_SYS_Regulator Member=C71
Removed Member From Class: ClassName=V_SYS_Regulator Member=U11
Change Component Designator: OldDesignator=C65 NewDesignator=C72
Change Component Designator: OldDesignator=C66 NewDesignator=C77
Change Component Designator: OldDesignator=C67 NewDesignator=C78
Change Component Designator: OldDesignator=C68 NewDesignator=C79
Change Component Designator: OldDesignator=C69 NewDesignator=C80
Change Component Designator: OldDesignator=C70 NewDesignator=C81
Change Component Designator: OldDesignator=C71 NewDesignator=C82
Change Component Designator: OldDesignator=C72 NewDesignator=C83
Change Component Designator: OldDesignator=U11 NewDesignator=U15
Change Component Designator: OldDesignator=U13 NewDesignator=U19
Added Member To Class: ClassName=V_SYS_Regulator Member=Component C78 (C67) CERCAP 0402 4.7uF * X7R
Added Member To Class: ClassName=V_SYS_Regulator Member=Component C79 (C68) CERCAP 0402 0.1uF * X7R
Added Member To Class: ClassName=V_SYS_Regulator Member=Component C81 (C70) CERCAP 0402 0.1uF * X7R
Added Member To Class: ClassName=V_SYS_Regulator Member=Component C82 (C71) CERCAP 0402 4.7uF * X7R
Added Member To Class: ClassName=V_SYS_Regulator Member=Component U15 (U11) LD1117-3.3
