Change Component Physical Designator: Old Designator=C35 New Designator=C70
Change Component Physical Designator: Old Designator=C42 New Designator=C59
Change Component Physical Designator: Old Designator=C57_OverCurrent_Protection_1 New Designator=C29
Change Component Physical Designator: Old Designator=C57_OverCurrent_Protection_3 New Designator=C58
Change Component Physical Designator: Old Designator=R10 New Designator=R100
Change Component Physical Designator: Old Designator=R11 New Designator=R101
Change Component Physical Designator: Old Designator=R12_AuxChannels1 New Designator=R86
Change Component Physical Designator: Old Designator=R12_AuxChannels2 New Designator=R87
Change Component Physical Designator: Old Designator=R42 New Designator=R98
Change Component Physical Designator: Old Designator=R43 New Designator=R99
Change Component Physical Designator: Old Designator=R52_OverCurrent_Protection_1 New Designator=R9
Change Component Physical Designator: Old Designator=R52_OverCurrent_Protection_3 New Designator=R88
Change Component Physical Designator: Old Designator=R58_OverCurrent_Protection_1 New Designator=R10
Change Component Physical Designator: Old Designator=R58_OverCurrent_Protection_3 New Designator=R89
Change Component Physical Designator: Old Designator=R59_OverCurrent_Protection_1 New Designator=R11
Change Component Physical Designator: Old Designator=R59_OverCurrent_Protection_3 New Designator=R90
Change Component Physical Designator: Old Designator=R60_OverCurrent_Protection_1 New Designator=R12
Change Component Physical Designator: Old Designator=R60_OverCurrent_Protection_3 New Designator=R91
Change Component Physical Designator: Old Designator=R61_OverCurrent_Protection_1 New Designator=R14
Change Component Physical Designator: Old Designator=R61_OverCurrent_Protection_3 New Designator=R92
Change Component Physical Designator: Old Designator=R62_OverCurrent_Protection_1 New Designator=R80
Change Component Physical Designator: Old Designator=R62_OverCurrent_Protection_3 New Designator=R93
Change Component Physical Designator: Old Designator=R63_OverCurrent_Protection_1 New Designator=R81
Change Component Physical Designator: Old Designator=R63_OverCurrent_Protection_3 New Designator=R94
Change Component Physical Designator: Old Designator=R64_OverCurrent_Protection_1 New Designator=R83
Change Component Physical Designator: Old Designator=R64_OverCurrent_Protection_3 New Designator=R95
Change Component Physical Designator: Old Designator=R65_OverCurrent_Protection_1 New Designator=R84
Change Component Physical Designator: Old Designator=R65_OverCurrent_Protection_3 New Designator=R96
Change Component Physical Designator: Old Designator=R66_OverCurrent_Protection_1 New Designator=R85
Change Component Physical Designator: Old Designator=R66_OverCurrent_Protection_3 New Designator=R97
Change Component Physical Designator: Old Designator=U7_OverCurrent_Protection_1 New Designator=U14
Change Component Physical Designator: Old Designator=U7_OverCurrent_Protection_1 New Designator=U14
Change Component Physical Designator: Old Designator=U7_OverCurrent_Protection_3 New Designator=U21
Change Component Physical Designator: Old Designator=U7_OverCurrent_Protection_3 New Designator=U21
Change Component Physical Designator: Old Designator=U8 New Designator=U22
Change Component Physical Designator: Old Designator=U12_OverCurrent_Protection_1 New Designator=U13
Change Component Physical Designator: Old Designator=U12_OverCurrent_Protection_1 New Designator=U13
Change Component Physical Designator: Old Designator=U12_OverCurrent_Protection_3 New Designator=U20
Change Component Physical Designator: Old Designator=U12_OverCurrent_Protection_3 New Designator=U20
Change Component Physical Designator: Old Designator=VT3 New Designator=VT14
Change Component Physical Designator: Old Designator=VT7_OverCurrent_Protection_1 New Designator=VT1
Change Component Physical Designator: Old Designator=VT7_OverCurrent_Protection_3 New Designator=VT13
Change Component Physical Designator: Old Designator=VT11 New Designator=VT15
Change Component Physical Designator: Old Designator=VT12_AuxChannels1 New Designator=VT11
Change Component Physical Designator: Old Designator=VT12_AuxChannels2 New Designator=VT12
