Removed Pin From Net: NetName=V_SYS_OverCurrent_Protection_1 Pin=C57_OverCurrent_Protection_1-2
Removed Pin From Net: NetName=V_SYS_OverCurrent_Protection_1 Pin=R58_OverCurrent_Protection_1-2
Removed Pin From Net: NetName=V_SYS_OverCurrent_Protection_1 Pin=R64_OverCurrent_Protection_1-2
Removed Pin From Net: NetName=V_SYS_OverCurrent_Protection_1 Pin=U7_OverCurrent_Protection_1-8
Removed Pin From Net: NetName=V_SYS_OverCurrent_Protection_1 Pin=U12_OverCurrent_Protection_1-8
Removed Pin From Net: NetName=BAT_2S Pin=X5-97
Removed Pin From Net: NetName=BAT_2S Pin=X5-98
Change Component Designator: OldDesignator=C57_OverCurrent_Protection_1 NewDesignator=C29
Change Component Designator: OldDesignator=R52_OverCurrent_Protection_1 NewDesignator=R9
Change Component Designator: OldDesignator=R58_OverCurrent_Protection_1 NewDesignator=R10
Change Component Designator: OldDesignator=R59_OverCurrent_Protection_1 NewDesignator=R11
Change Component Designator: OldDesignator=R60_OverCurrent_Protection_1 NewDesignator=R12
Change Component Designator: OldDesignator=R61_OverCurrent_Protection_1 NewDesignator=R14
Change Component Designator: OldDesignator=R62_OverCurrent_Protection_1 NewDesignator=R80
Change Component Designator: OldDesignator=R63_OverCurrent_Protection_1 NewDesignator=R81
Change Component Designator: OldDesignator=R64_OverCurrent_Protection_1 NewDesignator=R83
Change Component Designator: OldDesignator=R65_OverCurrent_Protection_1 NewDesignator=R84
Change Component Designator: OldDesignator=R66_OverCurrent_Protection_1 NewDesignator=R85
Change Component Designator: OldDesignator=U7_OverCurrent_Protection_1 NewDesignator=U14
Change Component Designator: OldDesignator=U12_OverCurrent_Protection_1 NewDesignator=U13
Change Component Designator: OldDesignator=VT7_OverCurrent_Protection_1 NewDesignator=VT1
Added Component: Designator=C58(CERCAP 0402)
Add component (AddParameter): Name = "Diel"; Value = "X7R"; VariantName = "[No Variations]"
Add component (AddParameter): Name = "IsSMT"; Value = "NoSMT"; VariantName = "[No Variations]"
Add component (AddParameter): Name = "Value"; Value = "0.1uF"; VariantName = "[No Variations]"
Add component (AddParameter): Name = "Voltage"; Value = ""; VariantName = "[No Variations]"
Added Component: Designator=C59(CERCAP 0402)
Add component (AddParameter): Name = "Diel"; Value = "X7R"; VariantName = "[No Variations]"
Add component (AddParameter): Name = "IsSMT"; Value = "NoSMT"; VariantName = "[No Variations]"
Add component (AddParameter): Name = "Value"; Value = "0.1uF"; VariantName = "[No Variations]"
Add component (AddParameter): Name = "Voltage"; Value = ""; VariantName = "[No Variations]"
Added Component: Designator=C70(CERCAP 0402)
Add component (AddParameter): Name = "Diel"; Value = "X7R"; VariantName = "[No Variations]"
Add component (AddParameter): Name = "IsSMT"; Value = "NoSMT"; VariantName = "[No Variations]"
Add component (AddParameter): Name = "Value"; Value = "0.1uF"; VariantName = "[No Variations]"
Add component (AddParameter): Name = "Voltage"; Value = ""; VariantName = "[No Variations]"
Added Component: Designator=R86(RES 0402)
Add component (AddParameter): Name = "IsSMT"; Value = "NoSMT"; VariantName = "[No Variations]"
Add component (AddParameter): Name = "Value"; Value = "10k"; VariantName = "[No Variations]"
Added Component: Designator=R87(RES 0402)
Add component (AddParameter): Name = "IsSMT"; Value = "NoSMT"; VariantName = "[No Variations]"
Add component (AddParameter): Name = "Value"; Value = "10k"; VariantName = "[No Variations]"
Added Component: Designator=R88(RES 0402)
Add component (AddParameter): Name = "IsSMT"; Value = "NoSMT"; VariantName = "[No Variations]"
Add component (AddParameter): Name = "Value"; Value = ""; VariantName = "[No Variations]"
Added Component: Designator=R89(RES 0402)
Add component (AddParameter): Name = "IsSMT"; Value = "NoSMT"; VariantName = "[No Variations]"
Add component (AddParameter): Name = "Value"; Value = "10k"; VariantName = "[No Variations]"
Added Component: Designator=R90(RES 0402)
Add component (AddParameter): Name = "IsSMT"; Value = "NoSMT"; VariantName = "[No Variations]"
Add component (AddParameter): Name = "Value"; Value = ""; VariantName = "[No Variations]"
Added Component: Designator=R91(RES 0402)
Add component (AddParameter): Name = "IsSMT"; Value = "NoSMT"; VariantName = "[No Variations]"
Add component (AddParameter): Name = "Value"; Value = ""; VariantName = "[No Variations]"
Added Component: Designator=R92(RES 0402)
Add component (AddParameter): Name = "IsSMT"; Value = "NoSMT"; VariantName = "[No Variations]"
Add component (AddParameter): Name = "Value"; Value = ""; VariantName = "[No Variations]"
Added Component: Designator=R93(RES 0402)
Add component (AddParameter): Name = "IsSMT"; Value = "NoSMT"; VariantName = "[No Variations]"
Add component (AddParameter): Name = "Value"; Value = ""; VariantName = "[No Variations]"
Added Component: Designator=R94(RES 0402)
Add component (AddParameter): Name = "IsSMT"; Value = "NoSMT"; VariantName = "[No Variations]"
Add component (AddParameter): Name = "Value"; Value = ""; VariantName = "[No Variations]"
Added Component: Designator=R95(RES 0402)
Add component (AddParameter): Name = "IsSMT"; Value = "NoSMT"; VariantName = "[No Variations]"
Add component (AddParameter): Name = "Value"; Value = ""; VariantName = "[No Variations]"
Added Component: Designator=R96(RES 0402)
Add component (AddParameter): Name = "IsSMT"; Value = "NoSMT"; VariantName = "[No Variations]"
Add component (AddParameter): Name = "Value"; Value = ""; VariantName = "[No Variations]"
Added Component: Designator=R97(RES 0402)
Add component (AddParameter): Name = "IsSMT"; Value = "NoSMT"; VariantName = "[No Variations]"
Add component (AddParameter): Name = "Value"; Value = ""; VariantName = "[No Variations]"
Added Component: Designator=R98(RES 0402)
Add component (AddParameter): Name = "IsSMT"; Value = "NoSMT"; VariantName = "[No Variations]"
Add component (AddParameter): Name = "Value"; Value = "5 Ohm"; VariantName = "[No Variations]"
Added Component: Designator=R99(RES 0402)
Add component (AddParameter): Name = "IsSMT"; Value = "NoSMT"; VariantName = "[No Variations]"
Add component (AddParameter): Name = "Value"; Value = "5 Ohm"; VariantName = "[No Variations]"
Added Component: Designator=R100(RES 0402)
Add component (AddParameter): Name = "IsSMT"; Value = "NoSMT"; VariantName = "[No Variations]"
Add component (AddParameter): Name = "Value"; Value = "X"; VariantName = "[No Variations]"
Added Component: Designator=R101(RES 0402)
Add component (AddParameter): Name = "IsSMT"; Value = "NoSMT"; VariantName = "[No Variations]"
Add component (AddParameter): Name = "Value"; Value = "10k"; VariantName = "[No Variations]"
Added Component: Designator=U20(DFN-8-2x2)
Added Component: Designator=U21(DFN-8-2x2)
Added Component: Designator=U22(SOT-323-6 (SC-70))
Add component (AddParameter): Name = "IsSMT"; Value = "NoSMT"; VariantName = "[No Variations]"
Added Component: Designator=VT11(SOT23-3)
Add component (AddParameter): Name = "IsSMT"; Value = "NoSMT"; VariantName = "[No Variations]"
Added Component: Designator=VT12(SOT23-3)
Add component (AddParameter): Name = "IsSMT"; Value = "NoSMT"; VariantName = "[No Variations]"
Added Component: Designator=VT13(SOT23-3)
Add component (AddParameter): Name = "IsSMT"; Value = "NoSMT"; VariantName = "[No Variations]"
Added Component: Designator=VT14(SOT23-3)
Add component (AddParameter): Name = "IsSMT"; Value = "NoSMT"; VariantName = "[No Variations]"
Added Component: Designator=VT15(SOT23-3)
Add component (AddParameter): Name = "IsSMT"; Value = "NoSMT"; VariantName = "[No Variations]"
Added Pin To Net: NetName=GND Pin=C58-1
Added Pin To Net: NetName=3V3_SYS Pin=C58-2
Added Pin To Net: NetName=GND Pin=C70-1
Added Pin To Net: NetName=IN-_OverCurrent_Protection_1 Pin=R86-2
Added Pin To Net: NetName=IN-_OverCurrent_Protection_2 Pin=R87-2
Added Pin To Net: NetName=3V3_SYS Pin=R89-2
Added Pin To Net: NetName=3V3_SYS Pin=R95-2
Added Pin To Net: NetName=GND Pin=R96-1
Added Pin To Net: NetName=GND Pin=R97-2
Added Pin To Net: NetName=BAT_2S Pin=R98-1
Added Pin To Net: NetName=CSN Pin=R99-1
Added Pin To Net: NetName=BAT_2S Pin=R101-2
Added Pin To Net: NetName=GND Pin=U20-4
Added Pin To Net: NetName=3V3_SYS Pin=U20-8
Added Pin To Net: NetName=GND Pin=U21-4
Added Pin To Net: NetName=3V3_SYS Pin=U21-8
Added Pin To Net: NetName=GND Pin=U22-1
Added Pin To Net: NetName=GND Pin=U22-2
Added Pin To Net: NetName=IN-_OverCurrent_Protection_1 Pin=VT11-2
Added Pin To Net: NetName=IN-_OverCurrent_Protection_2 Pin=VT12-2
Added Pin To Net: NetName=GND Pin=VT13-2
Added Pin To Net: NetName=BAT_2S Pin=VT14-2
Added Pin To Net: NetName=GND Pin=VT15-2
Added Pin To Net: NetName=NetR38_2 Pin=X4-3
Added Pin To Net: NetName=NetR38_2 Pin=X4-4
Added Pin To Net: NetName=NetR38_2 Pin=X6-3
Added Pin To Net: NetName=NetR38_2 Pin=X6-4
Added Pin To Net: NetName=NetR38_2 Pin=X7-3
Added Pin To Net: NetName=NetR38_2 Pin=X7-4
Change Net Name : Old Net Name=IN+_OverCurrent_Protection_1 New Net Name=NetC17_2
Change Net Name : Old Net Name=IN+_OverCurrent_Protection_2 New Net Name=NetC20_2
Change Net Name : Old Net Name=IN-_OverCurrent_Protection_1 New Net Name=NetC63_2
Change Net Name : Old Net Name=IN-_OverCurrent_Protection_2 New Net Name=NetC22_2
Change Net Name : Old Net Name=NetR52_OverCurrent_Protection_1_1 New Net Name=NetR9_1
Change Net Name : Old Net Name=NetR52_OverCurrent_Protection_1_2 New Net Name=NetR9_2
Change Net Name : Old Net Name=NetR58_OverCurrent_Protection_1_1 New Net Name=NetR10_1
Change Net Name : Old Net Name=NetR59_OverCurrent_Protection_1_1 New Net Name=NetR11_1
Change Net Name : Old Net Name=NetR59_OverCurrent_Protection_1_2 New Net Name=NetR11_2
Change Net Name : Old Net Name=NetR61_OverCurrent_Protection_1_1 New Net Name=NetR14_1
Change Net Name : Old Net Name=NetR62_OverCurrent_Protection_1_2 New Net Name=NetR80_2
Change Net Name : Old Net Name=NetR63_OverCurrent_Protection_1_2 New Net Name=NetR81_2
Change Net Name : Old Net Name=NetR64_OverCurrent_Protection_1_1 New Net Name=NetR83_1
Change Net Name : Old Net Name=NetU12_OverCurrent_Protection_1_1 New Net Name=NetU13_1
Change Net Name : Old Net Name=V_SYS_OverCurrent_Protection_1 New Net Name=3V3_SYS_OverCurrent_Protection_2
Added Pin To Net: NetName=3V3_SYS_OverCurrent_Protection_1 Pin=C29-2
Added Pin To Net: NetName=3V3_SYS_OverCurrent_Protection_1 Pin=R10-2
Added Pin To Net: NetName=3V3_SYS_OverCurrent_Protection_1 Pin=R83-2
Added Pin To Net: NetName=3V3_SYS_OverCurrent_Protection_1 Pin=U13-8
Added Pin To Net: NetName=3V3_SYS_OverCurrent_Protection_1 Pin=U14-8
Added Net: Name=3V3_SYS_OverCurrent_Protection_1
Added Pin To Net: NetName=NetC59_1 Pin=C59-1
Added Pin To Net: NetName=NetC59_1 Pin=R99-2
Added Pin To Net: NetName=NetC59_1 Pin=U22-4
Added Net: Name=NetC59_1
Added Pin To Net: NetName=NetC59_2 Pin=C59-2
Added Pin To Net: NetName=NetC59_2 Pin=R98-2
Added Pin To Net: NetName=NetC59_2 Pin=U22-5
Added Net: Name=NetC59_2
Added Pin To Net: NetName=NetC70_2 Pin=C70-2
Added Pin To Net: NetName=NetC70_2 Pin=U22-3
Added Net: Name=NetC70_2
Added Pin To Net: NetName=NetR86_1 Pin=R86-1
Added Pin To Net: NetName=NetR86_1 Pin=VT11-1
Added Net: Name=NetR86_1
Added Pin To Net: NetName=NetR87_1 Pin=R87-1
Added Pin To Net: NetName=NetR87_1 Pin=VT12-1
Added Net: Name=NetR87_1
Added Pin To Net: NetName=NetR88_1 Pin=R88-1
Added Pin To Net: NetName=NetR88_1 Pin=U20-3
Added Pin To Net: NetName=NetR88_1 Pin=U20-7
Added Net: Name=NetR88_1
Added Pin To Net: NetName=NetR88_2 Pin=R88-2
Added Pin To Net: NetName=NetR88_2 Pin=R91-2
Added Pin To Net: NetName=NetR88_2 Pin=U20-5
Added Net: Name=NetR88_2
Added Pin To Net: NetName=NetR89_1 Pin=R89-1
Added Pin To Net: NetName=NetR89_1 Pin=VT13-3
Added Pin To Net: NetName=NetR89_1 Pin=VT15-1
Added Net: Name=NetR89_1
Added Pin To Net: NetName=NetR90_1 Pin=R90-1
Added Pin To Net: NetName=NetR90_1 Pin=R92-2
Added Pin To Net: NetName=NetR90_1 Pin=U21-2
Added Net: Name=NetR90_1
Added Pin To Net: NetName=NetR90_2 Pin=R90-2
Added Pin To Net: NetName=NetR90_2 Pin=R91-1
Added Pin To Net: NetName=NetR90_2 Pin=U21-1
Added Net: Name=NetR90_2
Added Pin To Net: NetName=NetR92_1 Pin=R92-1
Added Pin To Net: NetName=NetR92_1 Pin=R93-1
Added Pin To Net: NetName=NetR92_1 Pin=U21-6
Added Net: Name=NetR92_1
Added Pin To Net: NetName=NetR93_2 Pin=R93-2
Added Pin To Net: NetName=NetR93_2 Pin=R94-1
Added Pin To Net: NetName=NetR93_2 Pin=U21-7
Added Net: Name=NetR93_2
Added Pin To Net: NetName=NetR94_2 Pin=R94-2
Added Pin To Net: NetName=NetR94_2 Pin=R96-2
Added Pin To Net: NetName=NetR94_2 Pin=U20-6
Added Net: Name=NetR94_2
Added Pin To Net: NetName=NetR95_1 Pin=R95-1
Added Pin To Net: NetName=NetR95_1 Pin=R97-1
Added Pin To Net: NetName=NetR95_1 Pin=U20-2
Added Net: Name=NetR95_1
Added Pin To Net: NetName=NetR100_1 Pin=R100-1
Added Pin To Net: NetName=NetR100_1 Pin=U21-3
Added Pin To Net: NetName=NetR100_1 Pin=VT14-3
Added Net: Name=NetR100_1
Added Pin To Net: NetName=NetR100_2 Pin=R100-2
Added Pin To Net: NetName=NetR100_2 Pin=U21-5
Added Pin To Net: NetName=NetR100_2 Pin=X5-97
Added Pin To Net: NetName=NetR100_2 Pin=X5-98
Added Net: Name=NetR100_2
Added Pin To Net: NetName=NetR101_1 Pin=R101-1
Added Pin To Net: NetName=NetR101_1 Pin=VT14-1
Added Pin To Net: NetName=NetR101_1 Pin=VT15-3
Added Net: Name=NetR101_1
Added Pin To Net: NetName=NetU20_1 Pin=U20-1
Added Pin To Net: NetName=NetU20_1 Pin=VT13-1
Added Net: Name=NetU20_1
Added Pin To Net: NetName=NetU22_6 Pin=U22-6
Added Net: Name=NetU22_6
Added Pin To Net: NetName=NetVT11_D1 Pin=VT11-3
Added Net: Name=NetVT11_D1
Added Pin To Net: NetName=NetVT12_D1 Pin=VT12-3
Added Net: Name=NetVT12_D1
Added Class: Name=AuxChannels1
Added Class: Name=AuxChannels2
Added Class: Name=Vbat_key
Added Class: Name=AuxChannels
Added Room: Name=AuxChannels1
Added Room: Name=AuxChannels2
Added Room: Name=Vbat_key
