Change Component Kind : Designator=TP1 Old Kind=Standard New Kind=Net Tie
Added Component: Designator=TP2(TestPoint_small)
Added Component: Designator=TP3(TestPoint_small)
Added Component: Designator=TP4(TestPoint_small)
Added Component: Designator=TP5(TestPoint_small)
Added Component: Designator=TP6(TestPoint_small)
Added Component: Designator=TP7(TestPoint_small)
Added Component: Designator=TP8(TestPoint_small)
Added Component: Designator=TP9(TestPoint_small)
Added Component: Designator=TP10(TestPoint_small)
Added Component: Designator=TP11(TestPoint_small)
Added Component: Designator=TP12(TestPoint_small)
Added Component: Designator=TP13(TestPoint_small)
Added Component: Designator=TP14(TestPoint_small)
Added Component: Designator=TP15(TestPoint_small)
Added Component: Designator=TP16(TestPoint_small)
Added Component: Designator=TP17(TestPoint_small)
Added Component: Designator=TP18(TestPoint_small)
Added Component: Designator=TP19(TestPoint_small)
Added Component: Designator=TP20(TestPoint_small)
Added Component: Designator=TP21(TestPoint_small)
Added Component: Designator=TP22(TestPoint_small)
Added Component: Designator=TP23(TestPoint_small)
Added Component: Designator=TP24(TestPoint_small)
Added Component: Designator=TP25(TestPoint_small)
Added Component: Designator=TP26(TestPoint_small)
Added Component: Designator=TP27(TestPoint_small)
Added Component: Designator=TP28(TestPoint_small)
Added Component: Designator=TP29(TestPoint_small)
Added Component: Designator=TP30(TestPoint_small)
Added Component: Designator=TP31(TestPoint_small)
Added Component: Designator=TP32(TestPoint_small)
Added Component: Designator=TP33(TestPoint_small)
Added Component: Designator=TP34(TestPoint_small)
Added Pin To Net: NetName=NetR65_1 Pin=TP2-1
Added Pin To Net: NetName=PWR_TX2 Pin=TP3-1
Added Pin To Net: NetName=PWR_RX2 Pin=TP4-1
Added Pin To Net: NetName=NetR62_1 Pin=TP5-1
Added Pin To Net: NetName=SWDIO Pin=TP6-1
Added Pin To Net: NetName=NetR50_1 Pin=TP7-1
Added Pin To Net: NetName=SWCLK Pin=TP8-1
Added Pin To Net: NetName=NetR33_1 Pin=TP9-1
Added Pin To Net: NetName=NetR9_1 Pin=TP11-1
Added Pin To Net: NetName=I2C1_SCL Pin=TP12-1
Added Pin To Net: NetName=PWR_TX1 Pin=TP13-1
Added Pin To Net: NetName=PWR_RX1 Pin=TP14-1
Added Pin To Net: NetName=USB_D_N Pin=TP15-1
Added Pin To Net: NetName=USB_D_P Pin=TP16-1
Added Pin To Net: NetName=NetR10_1 Pin=TP17-1
Added Pin To Net: NetName=NetR51_1 Pin=TP18-1
Added Pin To Net: NetName=NetR88_1 Pin=TP19-1
Added Pin To Net: NetName=NetR34_2 Pin=TP20-1
Added Pin To Net: NetName=I2C1_SDA Pin=TP21-1
Added Pin To Net: NetName=NetU10_41 Pin=TP22-1
Added Pin To Net: NetName=PWR_TX1A Pin=TP23-1
Added Pin To Net: NetName=PWR_RX1A Pin=TP24-1
Added Pin To Net: NetName=I2C0_SCL Pin=TP25-1
Added Pin To Net: NetName=I2C0_SDA Pin=TP26-1
Added Pin To Net: NetName=NetR52_1 Pin=TP27-1
Added Pin To Net: NetName=NetR89_1 Pin=TP28-1
Added Pin To Net: NetName=NetR64_2 Pin=TP29-1
Added Pin To Net: NetName=NetR78_2 Pin=TP30-1
Added Pin To Net: NetName=NetR61_2 Pin=TP31-1
Added Pin To Net: NetName=5V_AUX1_EN Pin=TP32-1
Added Pin To Net: NetName=3V3_AUX1_EN Pin=TP33-1
Added Pin To Net: NetName=NetR89_1 Pin=TP34-1
Change Net Name : Old Net Name=NetU10_41 New Net Name=NetTP22_1
Added Pin To Net: NetName=NetTP10_1 Pin=TP10-1
Added Pin To Net: NetName=NetTP10_1 Pin=U10-39
Added Net: Name=NetTP10_1
