Change Component Physical Designator: Old Designator=C24 New Designator=C13
Change Component Physical Designator: Old Designator=C25 New Designator=C14
Change Component Physical Designator: Old Designator=C26 New Designator=C15
Change Component Physical Designator: Old Designator=C27 New Designator=C16
Change Component Physical Designator: Old Designator=C28 New Designator=C17
Change Component Physical Designator: Old Designator=C35_ShuntAmp_12 New Designator=C71
Change Component Physical Designator: Old Designator=C42_ShuntAmp_12 New Designator=C70
Change Component Physical Designator: Old Designator=C45 New Designator=C62
Change Component Physical Designator: Old Designator=C46 New Designator=C63
Change Component Physical Designator: Old Designator=C47 New Designator=C64
Change Component Physical Designator: Old Designator=C48 New Designator=C65
Change Component Physical Designator: Old Designator=C49 New Designator=C66
Change Component Physical Designator: Old Designator=C50 New Designator=C67
Change Component Physical Designator: Old Designator=C51 New Designator=C68
Change Component Physical Designator: Old Designator=C52 New Designator=C69
Change Component Physical Designator: Old Designator=L2 New Designator=L1
Change Component Physical Designator: Old Designator=R31 New Designator=R24
Change Component Physical Designator: Old Designator=R32 New Designator=R25
Change Component Physical Designator: Old Designator=R33 New Designator=R26
Change Component Physical Designator: Old Designator=R34 New Designator=R27
Change Component Physical Designator: Old Designator=R42_ShuntAmp_12 New Designator=R64
Change Component Physical Designator: Old Designator=R43_ShuntAmp_12 New Designator=R65
Change Component Physical Designator: Old Designator=R44 New Designator=R63
Change Component Physical Designator: Old Designator=U5 New Designator=U7
Change Component Physical Designator: Old Designator=U8_ShuntAmp_12 New Designator=U14
