Added Component: Designator=U?_BAT1(DFN-8-2x3)
Add component (AddParameter): Name = "BuyLink1"; Value = ""; VariantName = "[No Variations]"
Add component (AddParameter): Name = "IsSMT"; Value = "NoSMT"; VariantName = "[No Variations]"
Add component (AddParameter): Name = "LCSC Part #"; Value = ""; VariantName = "[No Variations]"
Add component (AddParameter): Name = "Order"; Value = ""; VariantName = "[No Variations]"
Added Component: Designator=U?_BAT2(DFN-8-2x3)
Add component (AddParameter): Name = "BuyLink1"; Value = ""; VariantName = "[No Variations]"
Add component (AddParameter): Name = "IsSMT"; Value = "NoSMT"; VariantName = "[No Variations]"
Add component (AddParameter): Name = "LCSC Part #"; Value = ""; VariantName = "[No Variations]"
Add component (AddParameter): Name = "Order"; Value = ""; VariantName = "[No Variations]"
Added Component: Designator=U?_BAT3(DFN-8-2x3)
Add component (AddParameter): Name = "BuyLink1"; Value = ""; VariantName = "[No Variations]"
Add component (AddParameter): Name = "IsSMT"; Value = "NoSMT"; VariantName = "[No Variations]"
Add component (AddParameter): Name = "LCSC Part #"; Value = ""; VariantName = "[No Variations]"
Add component (AddParameter): Name = "Order"; Value = ""; VariantName = "[No Variations]"
Added Component: Designator=U?_BAT4(DFN-8-2x3)
Add component (AddParameter): Name = "BuyLink1"; Value = ""; VariantName = "[No Variations]"
Add component (AddParameter): Name = "IsSMT"; Value = "NoSMT"; VariantName = "[No Variations]"
Add component (AddParameter): Name = "LCSC Part #"; Value = ""; VariantName = "[No Variations]"
Add component (AddParameter): Name = "Order"; Value = ""; VariantName = "[No Variations]"
