Change Component Designator: OldDesignator=R73 NewDesignator=R114
Added Component: Designator=R109(RES 0402)
Add component (AddParameter): Name = "IsSMT"; Value = "NoSMT"; VariantName = "[No Variations]"
Add component (AddParameter): Name = "Value"; Value = "330"; VariantName = "[No Variations]"
Added Component: Designator=R113(RES 0402)
Add component (AddParameter): Name = "IsSMT"; Value = "NoSMT"; VariantName = "[No Variations]"
Add component (AddParameter): Name = "Value"; Value = "330"; VariantName = "[No Variations]"
Change Net Name : Old Net Name=NetR73_2 New Net Name=NetR114_2
Added Pin To Net: NetName=NetR50_1 Pin=R50-1
Added Pin To Net: NetName=NetR50_1 Pin=R109-2
Added Pin To Net: NetName=NetR50_1 Pin=X12-3
Added Net: Name=NetR50_1
Added Pin To Net: NetName=NetR62_1 Pin=R62-1
Added Pin To Net: NetName=NetR62_1 Pin=R113-1
Added Pin To Net: NetName=NetR62_1 Pin=X13-3
Added Net: Name=NetR62_1
Added Pin To Net: NetName=NetTP2_1 Pin=TP2-1
Added Pin To Net: NetName=NetTP2_1 Pin=U10-11
Added Net: Name=NetTP2_1
Added Pin To Net: NetName=NetTP7_1 Pin=TP7-1
Added Pin To Net: NetName=NetTP7_1 Pin=U10-15
Added Pin To Net: NetName=NetTP7_1 Pin=U22-6
Added Net: Name=NetTP7_1
Added Pin To Net: NetName=TEMP23 Pin=R109-1
Added Pin To Net: NetName=TEMP23 Pin=R113-2
Added Net: Name=TEMP23
