Removed Pin From Net: NetName=NetR1_1 Pin=VT1-1
Removed Pin From Net: NetName=NetVT1_D6 Pin=VT1-3
Removed Pin From Net: NetName=NetR1_1 Pin=VT2-1
Removed Pin From Net: NetName=NetVT1_D6 Pin=VT2-3
Change Component Footprint: Designator=VT1 Old Footprint=SOT23-3 New Footprint=DFN-8_3x3
Change Component Footprint: Designator=VT2 Old Footprint=SOT23-3 New Footprint=DFN-8_3x3
Added Pin To Net: NetName=NetBAT1_BAT3_K Pin=VT1-1
Added Pin To Net: NetName=NetBAT1_BAT3_K Pin=VT1-3
Added Pin To Net: NetName=NetR1_1 Pin=VT1-4
Added Pin To Net: NetName=NetVT1_D6 Pin=VT1-5
Added Pin To Net: NetName=NetVT1_D6 Pin=VT1-6
Added Pin To Net: NetName=NetVT1_D6 Pin=VT1-7
Added Pin To Net: NetName=NetVT1_D6 Pin=VT1-8
Added Pin To Net: NetName=NetVT1_D6 Pin=VT1-TH
Added Pin To Net: NetName=GND Pin=VT2-1
Added Pin To Net: NetName=GND Pin=VT2-3
Added Pin To Net: NetName=NetR1_1 Pin=VT2-4
Added Pin To Net: NetName=NetVT1_D6 Pin=VT2-5
Added Pin To Net: NetName=NetVT1_D6 Pin=VT2-6
Added Pin To Net: NetName=NetVT1_D6 Pin=VT2-7
Added Pin To Net: NetName=NetVT1_D6 Pin=VT2-8
Added Pin To Net: NetName=NetVT1_D6 Pin=VT2-TH
Added Class: Name=DC-step-down
