2021-10-28 18:11:34,572 [INFO] Activator:177 - 


2021-10-28 18:11:34,573 [INFO] Activator:178 - !SESSION log4j initialized
2021-10-28 18:11:37,973 [INFO] McuFinderGlobals:39 - Set McuFinder mode to 2 (CubeIDE integrated)
2021-10-28 18:11:38,741 [INFO] ApplicationProperties:181 - Using Application install path: D:\Soft\STM32CubeIDE\STM32CubeIDE\plugins\com.st.stm32cube.common.mx_6.3.0.202107141111
2021-10-28 18:11:38,788 [INFO] DbMcusXml:74 - Set database path to: D:\Soft\STM32CubeIDE\STM32CubeIDE\plugins\com.st.stm32cube.common.mx_6.3.0.202107141111\\db\/mcu/
2021-10-28 18:11:38,791 [INFO] DbBoardsPdsc:56 - Set plugin database path to: D:\Soft\STM32CubeIDE\STM32CubeIDE\plugins\com.st.stm32cube.common.mx_6.3.0.202107141111\\db\/plugins/boardmanager/
2021-10-28 18:11:38,791 [INFO] DbMcus:258 - Set plugin images path to: D:\Soft\STM32CubeIDE\STM32CubeIDE\plugins\com.st.stm32cube.common.mx_6.3.0.202107141111\\db\/plugins/mcufinder/images/
2021-10-28 18:11:38,792 [INFO] DbBoards:264 - Set plugin images path to: D:\Soft\STM32CubeIDE\STM32CubeIDE\plugins\com.st.stm32cube.common.mx_6.3.0.202107141111\\db\/plugins/mcufinder/images/
2021-10-28 18:11:38,793 [INFO] DbExamples:333 - Set plugin images path to: D:\Soft\STM32CubeIDE\STM32CubeIDE\plugins\com.st.stm32cube.common.mx_6.3.0.202107141111\\db\/plugins/mcufinder/images/
2021-10-28 18:11:38,816 [INFO] DbMcusAds:119 - Set database path to: C:\Users\Sergey\.stmcufinder\plugins\mcufinder//mcu/
2021-10-28 18:11:38,817 [INFO] DbMcusDocs:110 - Set database path to: C:\Users\Sergey\.stmcufinder\plugins\mcufinder//mcu/
2021-10-28 18:11:38,818 [INFO] DbMcusJson:64 - Set database path to: C:\Users\Sergey\.stmcufinder\plugins\mcufinder//mcu/
2021-10-28 18:11:38,818 [INFO] DbBoardsDocs:110 - Set database path to: C:\Users\Sergey\.stmcufinder\plugins\mcufinder//mcu/
2021-10-28 18:11:38,819 [INFO] DbBoardsJson:57 - Set database path to: C:\Users\Sergey\.stmcufinder\plugins\mcufinder//mcu/
2021-10-28 18:11:38,821 [INFO] CrossReferenceDbSqlite:196 - Set database path to: C:\Users\Sergey\.stmcufinder\plugins\mcufinder//mcu/cs/
2021-10-28 18:11:38,823 [INFO] DbExamplesSqlite:767 - Set database path to: C:\Users\Sergey\.stmcufinder\plugins\mcufinder//mcu/
2021-10-28 18:11:38,968 [INFO] RulesReader:57 - Compatibility file has been processed (242 Rules)
2021-10-28 18:11:39,195 [INFO] DbMcusXml:74 - Set database path to: D:\Soft\STM32CubeIDE\STM32CubeIDE\plugins\com.st.stm32cube.common.mx_6.3.0.202107141111\\db\/mcu/
2021-10-28 18:11:39,196 [INFO] DbBoardsPdsc:56 - Set plugin database path to: D:\Soft\STM32CubeIDE\STM32CubeIDE\plugins\com.st.stm32cube.common.mx_6.3.0.202107141111\\db\/plugins/boardmanager/
2021-10-28 18:11:39,196 [INFO] DbMcus:258 - Set plugin images path to: D:\Soft\STM32CubeIDE\STM32CubeIDE\plugins\com.st.stm32cube.common.mx_6.3.0.202107141111\\db\/plugins/mcufinder/images/
2021-10-28 18:11:39,196 [INFO] DbBoards:264 - Set plugin images path to: D:\Soft\STM32CubeIDE\STM32CubeIDE\plugins\com.st.stm32cube.common.mx_6.3.0.202107141111\\db\/plugins/mcufinder/images/
2021-10-28 18:11:39,196 [INFO] DbExamples:333 - Set plugin images path to: D:\Soft\STM32CubeIDE\STM32CubeIDE\plugins\com.st.stm32cube.common.mx_6.3.0.202107141111\\db\/plugins/mcufinder/images/
2021-10-28 18:11:39,196 [WARN] DbFile:35 - Overriding database path with different value: C:\Users\Sergey\.stmcufinder\plugins\mcufinder/ => C:\Users\Sergey\.stmcufinder\plugins\mcufinder
2021-10-28 18:11:39,196 [INFO] DbMcusAds:119 - Set database path to: C:\Users\Sergey\.stmcufinder\plugins\mcufinder//mcu/
2021-10-28 18:11:39,196 [WARN] DbFile:35 - Overriding database path with different value: C:\Users\Sergey\.stmcufinder\plugins\mcufinder/ => C:\Users\Sergey\.stmcufinder\plugins\mcufinder
2021-10-28 18:11:39,196 [INFO] DbMcusDocs:110 - Set database path to: C:\Users\Sergey\.stmcufinder\plugins\mcufinder//mcu/
2021-10-28 18:11:39,196 [WARN] DbFile:35 - Overriding database path with different value: C:\Users\Sergey\.stmcufinder\plugins\mcufinder/ => C:\Users\Sergey\.stmcufinder\plugins\mcufinder
2021-10-28 18:11:39,197 [INFO] DbMcusJson:64 - Set database path to: C:\Users\Sergey\.stmcufinder\plugins\mcufinder//mcu/
2021-10-28 18:11:39,197 [WARN] DbFile:35 - Overriding database path with different value: C:\Users\Sergey\.stmcufinder\plugins\mcufinder/ => C:\Users\Sergey\.stmcufinder\plugins\mcufinder
2021-10-28 18:11:39,197 [INFO] DbBoardsDocs:110 - Set database path to: C:\Users\Sergey\.stmcufinder\plugins\mcufinder//mcu/
2021-10-28 18:11:39,197 [WARN] DbFile:35 - Overriding database path with different value: C:\Users\Sergey\.stmcufinder\plugins\mcufinder/ => C:\Users\Sergey\.stmcufinder\plugins\mcufinder
2021-10-28 18:11:39,197 [INFO] DbBoardsJson:57 - Set database path to: C:\Users\Sergey\.stmcufinder\plugins\mcufinder//mcu/
2021-10-28 18:11:39,197 [WARN] DbFile:35 - Overriding database path with different value: C:\Users\Sergey\.stmcufinder\plugins\mcufinder/ => C:\Users\Sergey\.stmcufinder\plugins\mcufinder
2021-10-28 18:11:39,197 [WARN] DbFile:35 - Overriding database path with different value: C:\Users\Sergey\.stmcufinder\plugins\mcufinder/ => C:\Users\Sergey\.stmcufinder\plugins\mcufinder
2021-10-28 18:11:39,197 [INFO] CrossReferenceDbSqlite:196 - Set database path to: C:\Users\Sergey\.stmcufinder\plugins\mcufinder//mcu/cs/
2021-10-28 18:11:39,197 [WARN] DbFile:35 - Overriding database path with different value: C:\Users\Sergey\.stmcufinder\plugins\mcufinder/ => C:\Users\Sergey\.stmcufinder\plugins\mcufinder
2021-10-28 18:11:39,197 [INFO] DbExamplesSqlite:767 - Set database path to: C:\Users\Sergey\.stmcufinder\plugins\mcufinder//mcu/
2021-10-28 18:11:39,475 [INFO] MainPanel:214 - HeapMemory: 268435456
2021-10-28 18:11:39,709 [INFO] DbMcusXml:74 - Set database path to: D:\Soft\STM32CubeIDE\STM32CubeIDE\plugins\com.st.stm32cube.common.mx_6.3.0.202107141111\\db\/mcu/
2021-10-28 18:11:39,709 [INFO] DbBoardsPdsc:56 - Set plugin database path to: D:\Soft\STM32CubeIDE\STM32CubeIDE\plugins\com.st.stm32cube.common.mx_6.3.0.202107141111\\db\/plugins/boardmanager/
2021-10-28 18:11:39,710 [INFO] DbMcus:258 - Set plugin images path to: D:\Soft\STM32CubeIDE\STM32CubeIDE\plugins\com.st.stm32cube.common.mx_6.3.0.202107141111\\db\/plugins/mcufinder/images/
2021-10-28 18:11:39,710 [INFO] DbBoards:264 - Set plugin images path to: D:\Soft\STM32CubeIDE\STM32CubeIDE\plugins\com.st.stm32cube.common.mx_6.3.0.202107141111\\db\/plugins/mcufinder/images/
2021-10-28 18:11:39,710 [INFO] DbExamples:333 - Set plugin images path to: D:\Soft\STM32CubeIDE\STM32CubeIDE\plugins\com.st.stm32cube.common.mx_6.3.0.202107141111\\db\/plugins/mcufinder/images/
2021-10-28 18:11:39,713 [WARN] DbFile:35 - Overriding database path with different value: C:\Users\Sergey\.stmcufinder\plugins\mcufinder/ => C:\Users\Sergey\.stmcufinder\plugins\mcufinder
2021-10-28 18:11:39,713 [INFO] DbMcusAds:119 - Set database path to: C:\Users\Sergey\.stmcufinder\plugins\mcufinder//mcu/
2021-10-28 18:11:39,713 [WARN] DbFile:35 - Overriding database path with different value: C:\Users\Sergey\.stmcufinder\plugins\mcufinder/ => C:\Users\Sergey\.stmcufinder\plugins\mcufinder
2021-10-28 18:11:39,713 [INFO] DbMcusDocs:110 - Set database path to: C:\Users\Sergey\.stmcufinder\plugins\mcufinder//mcu/
2021-10-28 18:11:39,713 [WARN] DbFile:35 - Overriding database path with different value: C:\Users\Sergey\.stmcufinder\plugins\mcufinder/ => C:\Users\Sergey\.stmcufinder\plugins\mcufinder
2021-10-28 18:11:39,713 [INFO] DbMcusJson:64 - Set database path to: C:\Users\Sergey\.stmcufinder\plugins\mcufinder//mcu/
2021-10-28 18:11:39,714 [WARN] DbFile:35 - Overriding database path with different value: C:\Users\Sergey\.stmcufinder\plugins\mcufinder/ => C:\Users\Sergey\.stmcufinder\plugins\mcufinder
2021-10-28 18:11:39,714 [INFO] DbBoardsDocs:110 - Set database path to: C:\Users\Sergey\.stmcufinder\plugins\mcufinder//mcu/
2021-10-28 18:11:39,714 [WARN] DbFile:35 - Overriding database path with different value: C:\Users\Sergey\.stmcufinder\plugins\mcufinder/ => C:\Users\Sergey\.stmcufinder\plugins\mcufinder
2021-10-28 18:11:39,714 [INFO] DbBoardsJson:57 - Set database path to: C:\Users\Sergey\.stmcufinder\plugins\mcufinder//mcu/
2021-10-28 18:11:39,714 [WARN] DbFile:35 - Overriding database path with different value: C:\Users\Sergey\.stmcufinder\plugins\mcufinder/ => C:\Users\Sergey\.stmcufinder\plugins\mcufinder
2021-10-28 18:11:39,714 [WARN] DbFile:35 - Overriding database path with different value: C:\Users\Sergey\.stmcufinder\plugins\mcufinder/ => C:\Users\Sergey\.stmcufinder\plugins\mcufinder
2021-10-28 18:11:39,714 [INFO] CrossReferenceDbSqlite:196 - Set database path to: C:\Users\Sergey\.stmcufinder\plugins\mcufinder//mcu/cs/
2021-10-28 18:11:39,714 [WARN] DbFile:35 - Overriding database path with different value: C:\Users\Sergey\.stmcufinder\plugins\mcufinder/ => C:\Users\Sergey\.stmcufinder\plugins\mcufinder
2021-10-28 18:11:39,714 [INFO] DbExamplesSqlite:767 - Set database path to: C:\Users\Sergey\.stmcufinder\plugins\mcufinder//mcu/
2021-10-28 18:11:39,762 [INFO] ApplicationProperties:181 - Using Application install path: D:\Soft\STM32CubeIDE\STM32CubeIDE\plugins\com.st.stm32cube.common.mx_6.3.0.202107141111
2021-10-28 18:11:39,763 [INFO] PluginManage:188 - Search for loadable plugins [exclusion list=, ]
2021-10-28 18:11:39,766 [INFO] PluginManage:302 - Check plugin analytics
2021-10-28 18:11:39,907 [INFO] AnalyticsPlugin:257 - Accepted Software Licenses: 
2021-10-28 18:11:39,907 [INFO] AnalyticsPlugin:259 - Accepted CMSIS Pack Licenses: 
2021-10-28 18:11:39,907 [INFO] AnalyticsPlugin:261 - Accepted Firmware Licenses: FW.G0.1.5.0
2021-10-28 18:11:39,907 [INFO] PluginManage:352 - Loaded plugin analytics (category:tool,tabindex:-1)
2021-10-28 18:11:39,907 [INFO] PluginManage:302 - Check plugin clock
2021-10-28 18:11:39,927 [INFO] PluginManage:352 - Loaded plugin clock (category:base,tabindex:2)
2021-10-28 18:11:39,927 [INFO] PluginManage:302 - Check plugin ddr
2021-10-28 18:11:39,937 [INFO] PluginManage:352 - Loaded plugin ddr (category:tool,tabindex:6)
2021-10-28 18:11:39,938 [INFO] PluginManage:302 - Check plugin filemanager
2021-10-28 18:11:40,109 [INFO] PluginManage:352 - Loaded plugin filemanager (category:base,tabindex:10)
2021-10-28 18:11:40,109 [INFO] PluginManage:302 - Check plugin ipmanager
2021-10-28 18:11:40,123 [INFO] PluginManage:352 - Loaded plugin ipmanager (category:base,tabindex:5)
2021-10-28 18:11:40,123 [INFO] PluginManage:302 - Check plugin pinoutandconfiguration
2021-10-28 18:11:40,145 [INFO] PluginManage:352 - Loaded plugin pinoutandconfiguration (category:base,tabindex:1)
2021-10-28 18:11:40,146 [INFO] PluginManage:302 - Check plugin pinoutconfig
2021-10-28 18:11:40,195 [INFO] PluginManage:352 - Loaded plugin pinoutconfig (category:base,tabindex:0)
2021-10-28 18:11:40,195 [INFO] PluginManage:302 - Check plugin power
2021-10-28 18:11:40,229 [INFO] PluginManage:352 - Loaded plugin power (category:power,tabindex:4)
2021-10-28 18:11:40,229 [INFO] PluginManage:302 - Check plugin projectmanager
2021-10-28 18:11:40,245 [INFO] PluginManage:352 - Loaded plugin projectmanager (category:projectmanager,tabindex:3)
2021-10-28 18:11:40,245 [INFO] PluginManage:302 - Check plugin thirdparty
2021-10-28 18:11:40,433 [WARN] IntegrityCheckThread:78 - waiting for thirdparty lock release [integrity check]
2021-10-28 18:11:40,433 [INFO] PluginManage:352 - Loaded plugin thirdparty (category:base,tabindex:-1)
2021-10-28 18:11:40,434 [INFO] IntegrityCheckThread:80 - entering critical section [integrity check]
2021-10-28 18:11:40,434 [INFO] PluginManage:302 - Check plugin tools
2021-10-28 18:11:40,434 [INFO] ThirdPartyUpdaterWithRetryManager:66 - Updater plugin not ready yet. [1/15]
2021-10-28 18:11:40,470 [INFO] PluginManage:352 - Loaded plugin tools (category:base,tabindex:7)
2021-10-28 18:11:40,470 [INFO] PluginManage:302 - Check plugin tutovideos
2021-10-28 18:11:40,643 [INFO] PluginManage:352 - Loaded plugin tutovideos (category:base,tabindex:-1)
2021-10-28 18:11:40,643 [INFO] PluginManage:302 - Check plugin updater
2021-10-28 18:11:40,659 [INFO] PluginManage:352 - Loaded plugin updater (category:base,tabindex:12)
2021-10-28 18:11:40,660 [INFO] PluginManage:275 - PluginManage : Loaded plugins [13]
2021-10-28 18:11:40,991 [INFO] PinOutPanel:1463 - setPackage(No Configuration,No Configuration)
2021-10-28 18:11:41,143 [INFO] IPUIPlugin:74 - create IPUIPlugin
2021-10-28 18:11:41,143 [INFO] PluginManager:213 - loadIPPluginJar : add adc
2021-10-28 18:11:41,166 [INFO] IPUIPlugin:74 - create IPUIPlugin
2021-10-28 18:11:41,166 [INFO] PluginManager:213 - loadIPPluginJar : add aes
2021-10-28 18:11:41,190 [INFO] IPUIPlugin:74 - create IPUIPlugin
2021-10-28 18:11:41,190 [INFO] PluginManager:213 - loadIPPluginJar : add can
2021-10-28 18:11:41,205 [INFO] IPUIPlugin:74 - create IPUIPlugin
2021-10-28 18:11:41,205 [INFO] PluginManager:213 - loadIPPluginJar : add comp
2021-10-28 18:11:41,222 [INFO] IPUIPlugin:74 - create IPUIPlugin
2021-10-28 18:11:41,222 [INFO] PluginManager:213 - loadIPPluginJar : add cryp
2021-10-28 18:11:41,240 [INFO] IPUIPlugin:74 - create IPUIPlugin
2021-10-28 18:11:41,242 [INFO] PluginManager:213 - loadIPPluginJar : add dfsdm
2021-10-28 18:11:41,250 [INFO] IPUIPlugin:74 - create IPUIPlugin
2021-10-28 18:11:41,250 [INFO] PluginManager:213 - loadIPPluginJar : add dma
2021-10-28 18:11:41,274 [INFO] IPUIPlugin:74 - create IPUIPlugin
2021-10-28 18:11:41,274 [INFO] PluginManager:213 - loadIPPluginJar : add dma3
2021-10-28 18:11:41,287 [INFO] IPUIPlugin:74 - create IPUIPlugin
2021-10-28 18:11:41,287 [INFO] PluginManager:213 - loadIPPluginJar : add fatfs
2021-10-28 18:11:41,316 [INFO] IPUIPlugin:74 - create IPUIPlugin
2021-10-28 18:11:41,316 [INFO] PluginManager:213 - loadIPPluginJar : add fmc
2021-10-28 18:11:41,325 [INFO] IPUIPlugin:74 - create IPUIPlugin
2021-10-28 18:11:41,326 [INFO] PluginManager:213 - loadIPPluginJar : add freertos
2021-10-28 18:11:41,339 [INFO] IPUIPlugin:74 - create IPUIPlugin
2021-10-28 18:11:41,339 [INFO] PluginManager:213 - loadIPPluginJar : add genericplugin
2021-10-28 18:11:41,387 [INFO] IPUIPlugin:74 - create IPUIPlugin
2021-10-28 18:11:41,387 [INFO] PluginManager:213 - loadIPPluginJar : add gfxmmu
2021-10-28 18:11:41,456 [INFO] IPUIPlugin:74 - create IPUIPlugin
2021-10-28 18:11:41,456 [INFO] PluginManager:213 - loadIPPluginJar : add gic
2021-10-28 18:11:41,464 [INFO] IPUIPlugin:74 - create IPUIPlugin
2021-10-28 18:11:41,464 [INFO] PluginManager:213 - loadIPPluginJar : add gpio
2021-10-28 18:11:41,506 [INFO] IPUIPlugin:74 - create IPUIPlugin
2021-10-28 18:11:41,506 [INFO] PluginManager:213 - loadIPPluginJar : add gtzc
2021-10-28 18:11:41,523 [INFO] IPUIPlugin:74 - create IPUIPlugin
2021-10-28 18:11:41,523 [INFO] PluginManager:213 - loadIPPluginJar : add hash
2021-10-28 18:11:41,552 [INFO] IPUIPlugin:74 - create IPUIPlugin
2021-10-28 18:11:41,552 [INFO] PluginManager:213 - loadIPPluginJar : add i2c
2021-10-28 18:11:41,576 [INFO] IPUIPlugin:74 - create IPUIPlugin
2021-10-28 18:11:41,576 [INFO] PluginManager:213 - loadIPPluginJar : add i2s
2021-10-28 18:11:41,595 [INFO] IPUIPlugin:74 - create IPUIPlugin
2021-10-28 18:11:41,595 [INFO] PluginManager:213 - loadIPPluginJar : add ipddr
2021-10-28 18:11:41,645 [INFO] IPUIPlugin:74 - create IPUIPlugin
2021-10-28 18:11:41,645 [INFO] PluginManager:213 - loadIPPluginJar : add linkedlist
2021-10-28 18:11:41,665 [INFO] IPUIPlugin:74 - create IPUIPlugin
2021-10-28 18:11:41,665 [INFO] PluginManager:213 - loadIPPluginJar : add lorawan
2021-10-28 18:11:41,686 [INFO] IPUIPlugin:74 - create IPUIPlugin
2021-10-28 18:11:41,686 [INFO] PluginManager:213 - loadIPPluginJar : add ltdc
2021-10-28 18:11:41,694 [INFO] IPUIPlugin:74 - create IPUIPlugin
2021-10-28 18:11:41,694 [INFO] PluginManager:213 - loadIPPluginJar : add mdma
2021-10-28 18:11:41,701 [INFO] IPUIPlugin:74 - create IPUIPlugin
2021-10-28 18:11:41,701 [INFO] PluginManager:213 - loadIPPluginJar : add nvic
2021-10-28 18:11:41,722 [INFO] IPUIPlugin:74 - create IPUIPlugin
2021-10-28 18:11:41,723 [INFO] PluginManager:213 - loadIPPluginJar : add opamp
2021-10-28 18:11:41,757 [INFO] IPUIPlugin:74 - create IPUIPlugin
2021-10-28 18:11:41,757 [INFO] PluginManager:213 - loadIPPluginJar : add openamp
2021-10-28 18:11:41,781 [INFO] IPUIPlugin:74 - create IPUIPlugin
2021-10-28 18:11:41,781 [INFO] PluginManager:213 - loadIPPluginJar : add pdm2pcm
2021-10-28 18:11:41,790 [INFO] IPUIPlugin:74 - create IPUIPlugin
2021-10-28 18:11:41,792 [INFO] PluginManager:213 - loadIPPluginJar : add plateformsettings
2021-10-28 18:11:41,806 [INFO] IPUIPlugin:74 - create IPUIPlugin
2021-10-28 18:11:41,806 [INFO] PluginManager:213 - loadIPPluginJar : add quadspi
2021-10-28 18:11:41,822 [INFO] IPUIPlugin:74 - create IPUIPlugin
2021-10-28 18:11:41,823 [INFO] PluginManager:213 - loadIPPluginJar : add resmgrutility
2021-10-28 18:11:41,853 [INFO] IPUIPlugin:74 - create IPUIPlugin
2021-10-28 18:11:41,853 [INFO] PluginManager:213 - loadIPPluginJar : add sai
2021-10-28 18:11:41,875 [INFO] IPUIPlugin:74 - create IPUIPlugin
2021-10-28 18:11:41,875 [INFO] PluginManager:213 - loadIPPluginJar : add spi
2021-10-28 18:11:41,906 [INFO] IPUIPlugin:74 - create IPUIPlugin
2021-10-28 18:11:41,906 [INFO] PluginManager:213 - loadIPPluginJar : add stm32_wpan
2021-10-28 18:11:41,921 [INFO] IPUIPlugin:74 - create IPUIPlugin
2021-10-28 18:11:41,921 [INFO] PluginManager:213 - loadIPPluginJar : add tim
2021-10-28 18:11:41,956 [INFO] IPUIPlugin:74 - create IPUIPlugin
2021-10-28 18:11:41,956 [INFO] PluginManager:213 - loadIPPluginJar : add touchsensing
2021-10-28 18:11:41,971 [INFO] IPUIPlugin:74 - create IPUIPlugin
2021-10-28 18:11:41,972 [INFO] PluginManager:213 - loadIPPluginJar : add tracer_emb
2021-10-28 18:11:41,987 [INFO] IPUIPlugin:74 - create IPUIPlugin
2021-10-28 18:11:41,987 [INFO] PluginManager:213 - loadIPPluginJar : add ts
2021-10-28 18:11:42,002 [INFO] IPUIPlugin:74 - create IPUIPlugin
2021-10-28 18:11:42,002 [INFO] PluginManager:213 - loadIPPluginJar : add tsc
2021-10-28 18:11:42,016 [INFO] IPUIPlugin:74 - create IPUIPlugin
2021-10-28 18:11:42,016 [INFO] PluginManager:213 - loadIPPluginJar : add ucpd
2021-10-28 18:11:42,042 [INFO] IPUIPlugin:74 - create IPUIPlugin
2021-10-28 18:11:42,042 [INFO] PluginManager:213 - loadIPPluginJar : add usart
2021-10-28 18:11:42,064 [INFO] IPUIPlugin:74 - create IPUIPlugin
2021-10-28 18:11:42,064 [INFO] PluginManager:213 - loadIPPluginJar : add usbx
2021-10-28 18:11:42,433 [FATAL] Updater:294 - Updater called before beeing initialized
2021-10-28 18:11:42,511 [FATAL] Updater:294 - Updater called before beeing initialized
2021-10-28 18:11:42,514 [INFO] DbMcusAds:47 - JSON generation date=Thu Sep 30 10:55:09 SAMT 2021 (1632984909289)
2021-10-28 18:11:42,514 [FATAL] Updater:294 - Updater called before beeing initialized
2021-10-28 18:11:42,615 [WARN] DetailPanel:314 - Failed to get advertising image, set to default
2021-10-28 18:11:42,717 [FATAL] Updater:294 - Updater called before beeing initialized
2021-10-28 18:11:42,725 [FATAL] Updater:294 - Updater called before beeing initialized
2021-10-28 18:11:42,726 [FATAL] Updater:294 - Updater called before beeing initialized
2021-10-28 18:11:42,726 [WARN] DetailPanel:314 - Failed to get advertising image, set to default
2021-10-28 18:11:42,727 [FATAL] Updater:294 - Updater called before beeing initialized
2021-10-28 18:11:42,781 [ERROR] Updater:1075 - MainUpdater not yet initialized. External WinMGr cannot be set.
2021-10-28 18:11:42,792 [INFO] Updater:1012 - Updater Version found : 6.3.0
2021-10-28 18:11:42,813 [INFO] ApplicationProperties:181 - Using Application install path: D:\Soft\STM32CubeIDE\STM32CubeIDE\plugins\com.st.stm32cube.common.mx_6.3.0.202107141111
2021-10-28 18:11:43,172 [INFO] MainUpdater:2671 - connection check result : 10
2021-10-28 18:11:43,172 [INFO] MainUpdater:265 - Updater Check For Update Now.
2021-10-28 18:11:43,172 [INFO] MicroXplorer:478 - Change Database Version : DB.6.0.30
2021-10-28 18:11:43,316 [INFO] CheckServerUpdateThread:112 - End of CheckServer Thread
2021-10-28 18:11:43,427 [INFO] MainUpdater:2671 - connection check result : 10
2021-10-28 18:11:43,540 [WARN] PackLoader:238 - Cannot read IP mode file for RoweBots.I-CUBE-UNISONRTOS.5.5.0-4
2021-10-28 18:11:43,593 [WARN] PackLoader:238 - Cannot read IP mode file for STMicroelectronics.X-CUBE-MEMS1.9.0.0
2021-10-28 18:11:43,714 [WARN] PackLoader:238 - Cannot read IP mode file for STMicroelectronics.X-CUBE-AZRTOS-H7.1.1.0
2021-10-28 18:11:43,745 [WARN] PackLoader:238 - Cannot read IP mode file for SEGGER.I-CUBE-embOS.1.2.0
2021-10-28 18:11:43,778 [WARN] PackLoader:238 - Cannot read IP mode file for STMicroelectronics.X-CUBE-BLE1.6.2.1
2021-10-28 18:11:43,785 [WARN] PackLoader:238 - Cannot read IP mode file for STMicroelectronics.X-CUBE-BLE2.3.2.1
2021-10-28 18:11:43,791 [WARN] PackLoader:238 - Cannot read IP mode file for STMicroelectronics.X-CUBE-BLE2.3.2.2
2021-10-28 18:11:43,798 [WARN] PackLoader:238 - Cannot read IP mode file for STMicroelectronics.X-CUBE-NFC4.2.0.3
2021-10-28 18:11:43,804 [WARN] PackLoader:238 - Cannot read IP mode file for wolfSSL.I-CUBE-wolfSSL.4.8.0
2021-10-28 18:11:43,810 [WARN] PackLoader:238 - Cannot read IP mode file for STMicroelectronics.X-CUBE-TOUCHGFX.4.17.0
2021-10-28 18:11:43,817 [WARN] PackLoader:238 - Cannot read IP mode file for STMicroelectronics.X-CUBE-SFXS2LP1.3.1.0
2021-10-28 18:11:43,837 [WARN] PackLoader:238 - Cannot read IP mode file for STMicroelectronics.X-CUBE-AZRTOS-F4.1.0.0
2021-10-28 18:11:43,857 [WARN] PackLoader:238 - Cannot read IP mode file for STMicroelectronics.X-CUBE-AZRTOS-H7.2.0.0
2021-10-28 18:11:43,880 [WARN] PackLoader:238 - Cannot read IP mode file for STMicroelectronics.X-CUBE-AZRTOS-L4.1.0.0
2021-10-28 18:11:43,891 [WARN] PackLoader:238 - Cannot read IP mode file for STMicroelectronics.X-CUBE-TOF1.2.0.0
2021-10-28 18:11:43,907 [WARN] PackLoader:238 - Cannot read IP mode file for STMicroelectronics.X-CUBE-SUBG2.4.2.0
2021-10-28 18:11:43,917 [WARN] PackLoader:238 - Cannot read IP mode file for STMicroelectronics.X-CUBE-ALS.1.0.1
2021-10-28 18:11:43,931 [WARN] PackLoader:238 - Cannot read IP mode file for STMicroelectronics.X-CUBE-AI.7.0.0
2021-10-28 18:11:43,948 [WARN] PackLoader:238 - Cannot read IP mode file for STMicroelectronics.X-CUBE-ALGOBUILD.1.2.1
2021-10-28 18:11:43,955 [WARN] PackLoader:238 - Cannot read IP mode file for STMicroelectronics.X-CUBE-DISPLAY.1.0.0
2021-10-28 18:11:43,963 [WARN] PackLoader:238 - Cannot read IP mode file for STMicroelectronics.X-CUBE-EEPRMA1.3.1.0
2021-10-28 18:11:43,973 [WARN] PackLoader:238 - Cannot read IP mode file for STMicroelectronics.X-CUBE-GNSS1.5.2.0
2021-10-28 18:11:43,973 [INFO] ThirdParty:915 - Integrity check success = true
2021-10-28 18:11:43,973 [INFO] IntegrityCheckThread:94 - exiting critical section [integrity check]
2021-10-28 18:11:43,974 [INFO] IntegrityCheckThread:97 - End integrity checks thread
2021-10-28 18:11:43,995 [INFO] McuFinderGlobals:52 - Set McuFinderConnectedMode to false
2021-10-28 18:11:44,073 [INFO] CrossSelectorPresenter:1330 - Cross Selector saved comparison directory: C:\Users\Sergey\.stmcufinder\plugins\mcufinder\mcu\cs_comparisons_mx
2021-10-28 18:11:44,077 [INFO] MultiScanPanel:197 - Auto-refresh data requested => check proxy status ongoing
2021-10-28 18:11:44,077 [INFO] MultiScanPanel:201 - Proxy status is invalid
2021-10-28 18:11:44,079 [INFO] FinderPluginLoader:87 - Searching for filters in installed packs
2021-10-28 18:11:44,080 [INFO] DbMcusXml:100 - Load MCU database from D:\Soft\STM32CubeIDE\STM32CubeIDE\plugins\com.st.stm32cube.common.mx_6.3.0.202107141111\\db\/mcu/families.xml
2021-10-28 18:11:44,653 [INFO] DbMcusJson:93 - JSON generation date=Mon Jun 07 12:53:21 SAMT 2021 (1623056001)
2021-10-28 18:11:45,072 [INFO] DbMcus:175 - Found 1951 MCUs (1903 are supported by CubeMX, 1903 are visible in CubeMX)
2021-10-28 18:11:45,076 [INFO] ApiDb:251 - Load user favorites file C:\Users\Sergey/.stm32cubeide/favorites.mcus.txt: 1 item(s)
2021-10-28 18:11:45,076 [INFO] ApiDb:255 - User favorites MCUs=[STM32F030C6Tx]
2021-10-28 18:11:45,076 [INFO] DbMcus:187 - Set 1 / 1 favorites MCUs
2021-10-28 18:11:45,424 [INFO] DetailPanel:309 - Set advertising image to C:/Users/Sergey/STM32Cube/Repository/\en.Prom_NBSTM32U50921.jpg
2021-10-28 18:11:45,755 [INFO] DbBoardsPdsc:90 - Found 25 items
2021-10-28 18:11:45,767 [INFO] DbBoardsPdsc:90 - Found 9 items
2021-10-28 18:11:45,777 [INFO] DbBoardsPdsc:90 - Found 33 items
2021-10-28 18:11:45,782 [INFO] DbBoardsPdsc:90 - Found 1 items
2021-10-28 18:11:45,790 [INFO] DbBoardsPdsc:90 - Found 48 items
2021-10-28 18:11:45,799 [INFO] DbBoardsPdsc:90 - Found 43 items
2021-10-28 18:11:45,808 [INFO] DbBoardsPdsc:90 - Found 2 items
2021-10-28 18:11:45,819 [INFO] DbBoardsPdsc:90 - Found 5 items
2021-10-28 18:11:45,822 [WARN] DbBoardsPdsc:254 - Board STM32H7B3I-DK: unknown feature type=Audio, name=, username=Audio stereo codec with Headphone Amp (CS42L51-CNZ), n=1
2021-10-28 18:11:45,822 [WARN] DbBoardsPdsc:254 - Board STM32H735G-DK: unknown feature type=Audio, name=, username=Audio stereo codec with Headphone Amp (WM8994ECS/R), n=1
2021-10-28 18:11:45,829 [WARN] DbBoardsPdsc:254 - Board STM32H7B3I-EVAL: unknown feature type=Audio, name=, username=Multi-Channel Audio Codec (CS42L51-CNZ), n=1
2021-10-28 18:11:45,829 [WARN] DbBoardsPdsc:254 - Board STM32H7B3I-EVAL: unknown feature type=Meter, name=, username=Power-metering and Temperature-monitoring with sigma-delta modulators, n=1
2021-10-28 18:11:45,829 [WARN] DbBoardsPdsc:254 - Board STM32H7B3I-EVAL: unknown feature type=Motor, name=, username=Motor Control, n=1
2021-10-28 18:11:45,830 [WARN] DbBoardsPdsc:254 - Board STM32U575I-EV: unknown feature type=joystick, name=, username=4-direction joystick with selection button, n=1
2021-10-28 18:11:45,849 [INFO] DbBoardsJson:86 - JSON generation date=Tue Jun 01 09:52:40 SAMT 2021 (1622526760)
2021-10-28 18:11:45,853 [INFO] DbBoards:117 - Found 166 boards (163 are supported by CubeMX)
2021-10-28 18:11:45,866 [INFO] DbBoardsDocs:143 - JSON generation date=Tue Jun 01 09:52:40 SAMT 2021 (1622526760)
2021-10-28 18:11:45,885 [INFO] DbBoardsDocs:79 - Found 193 boards documents
2021-10-28 18:11:45,885 [WARN] DbBoards:127 - board B-L462E-CELL1 has no document id list !
2021-10-28 18:11:45,886 [WARN] DbBoards:127 - board B-L475E-IOT01A2 has no document id list !
2021-10-28 18:11:45,886 [WARN] DbBoards:127 - board B-U585I-IOT02A has no document id list !
2021-10-28 18:11:45,887 [WARN] DbBoards:127 - board NUCLEO-G0B1RE has no document id list !
2021-10-28 18:11:45,887 [WARN] DbBoards:127 - board NUCLEO-H743ZI has no document id list !
2021-10-28 18:11:45,887 [WARN] DbBoards:127 - board NUCLEO-L4A6ZG has no document id list !
2021-10-28 18:11:45,888 [WARN] DbBoards:127 - board NUCLEO-U575ZI-Q has no document id list !
2021-10-28 18:11:45,888 [WARN] DbBoards:127 - board NUCLEO-WB15CC has no document id list !
2021-10-28 18:11:45,888 [WARN] DbBoards:127 - board NUCLEO-WB55RG has no document id list !
2021-10-28 18:11:45,888 [WARN] DbBoards:127 - board NUCLEO-WL55JC2 has no document id list !
2021-10-28 18:11:45,888 [WARN] DbBoards:127 - board P-NUCLEO-WB55-Nucleo has no document id list !
2021-10-28 18:11:45,888 [WARN] DbBoards:127 - board P-NUCLEO-WB55-USBDongle has no document id list !
2021-10-28 18:11:45,888 [WARN] DbBoards:127 - board STEVAL-BFA001V1B has no document id list !
2021-10-28 18:11:45,888 [WARN] DbBoards:127 - board STEVAL-BFA001V2B has no document id list !
2021-10-28 18:11:45,888 [WARN] DbBoards:127 - board STEVAL-IDP005V1 has no document id list !
2021-10-28 18:11:45,888 [WARN] DbBoards:127 - board STEVAL-IDP005V2 has no document id list !
2021-10-28 18:11:45,888 [WARN] DbBoards:127 - board STEVAL-MKSBOX1V1 has no document id list !
2021-10-28 18:11:45,888 [WARN] DbBoards:127 - board STEVAL-STWINKT1 has no document id list !
2021-10-28 18:11:45,888 [WARN] DbBoards:127 - board STEVAL-STWINKT1B has no document id list !
2021-10-28 18:11:45,889 [WARN] DbBoards:127 - board STM32F401C-DISCO has no document id list !
2021-10-28 18:11:45,889 [WARN] DbBoards:127 - board STM32F769I-DISC1 has no document id list !
2021-10-28 18:11:45,890 [WARN] DbBoards:127 - board STM32G0C1E-EV has no document id list !
2021-10-28 18:11:45,890 [WARN] DbBoards:127 - board STM32G474E-EVAL1 has no document id list !
2021-10-28 18:11:45,890 [WARN] DbBoards:127 - board STM32H743I-EVAL2 has no document id list !
2021-10-28 18:11:45,890 [WARN] DbBoards:127 - board STM32H747I-DISC1 has no document id list !
2021-10-28 18:11:45,890 [WARN] DbBoards:127 - board STM32H753I-EVAL2 has no document id list !
2021-10-28 18:11:45,890 [WARN] DbBoards:127 - board STM32L-DISCOVERY has no document id list !
2021-10-28 18:11:45,891 [WARN] DbBoards:127 - board STM32MP157A-DK1 has no document id list !
2021-10-28 18:11:45,891 [WARN] DbBoards:127 - board STM32MP157D-DK1 has no document id list !
2021-10-28 18:11:45,891 [WARN] DbBoards:127 - board STM32MP157D-EV1 has no document id list !
2021-10-28 18:11:45,891 [WARN] DbBoards:127 - board STM32MP157F-DK2 has no document id list !
2021-10-28 18:11:45,891 [WARN] DbBoards:127 - board STM32MP157F-EV1 has no document id list !
2021-10-28 18:11:45,891 [WARN] DbBoards:127 - board STM32U575I-EV has no document id list !
2021-10-28 18:11:45,891 [WARN] DbBoards:127 - board STM32WB5MM-DK has no document id list !
2021-10-28 18:11:47,338 [INFO] ApiDb:251 - Load user favorites file C:\Users\Sergey/.stm32cubeide/favorites.boards.txt: 0 item(s)
2021-10-28 18:11:47,339 [INFO] ApiDb:255 - User favorites Boards=[]
2021-10-28 18:11:47,339 [INFO] DbBoards:206 - Set 0 / 0 favorites Boards
2021-10-28 18:12:02,735 [INFO] DbMcusDocs:143 - JSON generation date=Mon Jun 07 12:53:21 SAMT 2021 (1623056001)
2021-10-28 18:12:02,910 [INFO] DbMcusDocs:79 - Found 669 MCUs documents
2021-10-28 18:13:31,599 [INFO] MainUpdater:2671 - connection check result : 10
2021-10-28 18:13:31,599 [INFO] MainUpdater:2671 - connection check result : 10
2021-10-28 18:13:31,666 [INFO] MicroXplorer:448 - Change Database Path : 
2021-10-28 18:13:31,666 [INFO] MicroXplorer:478 - Change Database Version : DB.6.0.30
2021-10-28 18:13:31,666 [WARN] ThirdParty:813 - waiting for thirdparty lock release [close project]
2021-10-28 18:13:31,667 [INFO] ThirdParty:815 - entering critical section [close project]
2021-10-28 18:13:31,667 [INFO] ThirdParty:825 - exiting critical section [close project]
2021-10-28 18:13:31,669 [INFO] PinOutPanel:1463 - setPackage(No Configuration,No Configuration)
2021-10-28 18:13:31,669 [INFO] UtilMem:74 - Begin LoadConfig() Used Memory: 481202240 Bytes (502267904)
2021-10-28 18:13:31,670 [INFO] MicroXplorer:448 - Change Database Path : 
2021-10-28 18:13:31,670 [INFO] MicroXplorer:478 - Change Database Version : DB.6.0.30
2021-10-28 18:13:31,670 [INFO] OpenFileManager:313 - Change cursor
2021-10-28 18:13:32,708 [INFO] Context:592 - Trying to add GPIOservice into a context  which must be forbidden
2021-10-28 18:13:32,958 [INFO] ImportTextPane:167 - (OptionalMessage_ERROR) Unable to find key (Mcu.ThirdPartyNb) in loaded IOC file
2021-10-28 18:13:32,958 [INFO] ImportTextPane:167 - (OptionalMessage_ERROR) Unable to find key (Mcu.PinsNb) in loaded IOC file
2021-10-28 18:13:32,958 [INFO] ImportTextPane:167 - (OptionalMessage_ERROR) Unable to find key (Mcu.IPNb) in loaded IOC file
2021-10-28 18:13:32,997 [WARN] ApiManager:304 - Cannot register API 'Board Extension:S2868A1' from pack STMicroelectronics.X-CUBE-SFXS2LP1.3.1.0: no header file found
2021-10-28 18:13:32,997 [WARN] ApiManager:304 - Cannot register API 'Board Extension:S2868A2' from pack STMicroelectronics.X-CUBE-SFXS2LP1.3.1.0: no header file found
2021-10-28 18:13:32,997 [WARN] ApiManager:304 - Cannot register API 'Board Extension:S2915A1' from pack STMicroelectronics.X-CUBE-SFXS2LP1.3.1.0: no header file found
2021-10-28 18:13:33,007 [WARN] ModelIntegratedComponent:60 - No mode defined for component null
2021-10-28 18:13:33,007 [WARN] ModelIntegratedComponent:60 - No mode defined for component null
2021-10-28 18:13:33,007 [WARN] ModelIntegratedComponent:60 - No mode defined for component null
2021-10-28 18:13:33,007 [WARN] ModelIntegratedComponent:60 - No mode defined for component null
2021-10-28 18:13:33,007 [WARN] ModelIntegratedComponent:60 - No mode defined for component null
2021-10-28 18:13:33,007 [WARN] ModelIntegratedComponent:60 - No mode defined for component null
2021-10-28 18:13:33,008 [WARN] ModelIntegratedComponent:60 - No mode defined for component null
2021-10-28 18:13:33,008 [WARN] ModelIntegratedComponent:60 - No mode defined for component null
2021-10-28 18:13:33,008 [WARN] ModelIntegratedComponent:60 - No mode defined for component null
2021-10-28 18:13:33,008 [WARN] ModelIntegratedComponent:60 - No mode defined for component null
2021-10-28 18:13:33,008 [WARN] ModelIntegratedComponent:60 - No mode defined for component null
2021-10-28 18:13:33,008 [WARN] ModelIntegratedComponent:60 - No mode defined for component null
2021-10-28 18:13:33,008 [WARN] ModelIntegratedComponent:60 - No mode defined for component null
2021-10-28 18:13:33,008 [WARN] ModelIntegratedComponent:60 - No mode defined for component null
2021-10-28 18:13:33,008 [WARN] ModelIntegratedComponent:60 - No mode defined for component null
2021-10-28 18:13:33,008 [WARN] ModelIntegratedComponent:60 - No mode defined for component null
2021-10-28 18:13:33,008 [WARN] ModelIntegratedComponent:60 - No mode defined for component null
2021-10-28 18:13:33,008 [WARN] ModelIntegratedComponent:60 - No mode defined for component null
2021-10-28 18:13:33,008 [WARN] ModelIntegratedComponent:60 - No mode defined for component null
2021-10-28 18:13:33,008 [WARN] ModelIntegratedComponent:60 - No mode defined for component null
2021-10-28 18:13:33,008 [WARN] ModelIntegratedComponent:60 - No mode defined for component null
2021-10-28 18:13:33,008 [WARN] ModelIntegratedComponent:60 - No mode defined for component null
2021-10-28 18:13:33,008 [WARN] ModelIntegratedComponent:60 - No mode defined for component null
2021-10-28 18:13:33,008 [WARN] ModelIntegratedComponent:60 - No mode defined for component null
2021-10-28 18:13:33,008 [WARN] ModelIntegratedComponent:60 - No mode defined for component null
2021-10-28 18:13:33,009 [WARN] ModelIntegratedComponent:60 - No mode defined for component null
2021-10-28 18:13:33,009 [WARN] ModelIntegratedComponent:60 - No mode defined for component null
2021-10-28 18:13:33,009 [WARN] ModelIntegratedComponent:60 - No mode defined for component null
2021-10-28 18:13:33,009 [WARN] ModelIntegratedComponent:60 - No mode defined for component null
2021-10-28 18:13:33,009 [WARN] ModelIntegratedComponent:60 - No mode defined for component null
2021-10-28 18:13:33,009 [WARN] ModelIntegratedComponent:60 - No mode defined for component null
2021-10-28 18:13:33,093 [WARN] ApiManager:304 - Cannot register API 'Board Extension:IKS01A3' from pack STMicroelectronics.X-CUBE-MEMS1.9.0.0: no header file found
2021-10-28 18:13:33,093 [WARN] ApiManager:304 - Cannot register API 'Board Extension:IKS01A2' from pack STMicroelectronics.X-CUBE-MEMS1.9.0.0: no header file found
2021-10-28 18:13:33,093 [WARN] ApiManager:304 - Cannot register API 'Board Extension:IKS02A1' from pack STMicroelectronics.X-CUBE-MEMS1.9.0.0: no header file found
2021-10-28 18:13:33,099 [WARN] ApiManager:304 - Cannot register API 'Board Extension:S2868A1' from pack STMicroelectronics.X-CUBE-SUBG2.4.2.0: no header file found
2021-10-28 18:13:33,100 [WARN] ApiManager:304 - Cannot register API 'Board Extension:S2868A2' from pack STMicroelectronics.X-CUBE-SUBG2.4.2.0: no header file found
2021-10-28 18:13:33,100 [WARN] ApiManager:304 - Cannot register API 'Board Extension:S2915A1' from pack STMicroelectronics.X-CUBE-SUBG2.4.2.0: no header file found
2021-10-28 18:13:33,102 [INFO] RtosManager:484 - Registered RTOS mode: class=CMSIS, group=RTOS, mode=CMSIS_V1, owner=FREERTOS
2021-10-28 18:13:33,102 [INFO] RtosManager:484 - Registered RTOS mode: class=CMSIS, group=RTOS2, mode=CMSIS_V2, owner=FREERTOS
2021-10-28 18:13:33,102 [INFO] RtosManager:484 - Registered RTOS mode: class=RTOS, group=Core, mode=CMSIS_V1, owner=FREERTOS
2021-10-28 18:13:33,102 [INFO] RtosManager:484 - Registered RTOS mode: class=RTOS, group=Core, mode=CMSIS_V2, owner=FREERTOS
2021-10-28 18:13:33,102 [WARN] ModelIntegratedComponent:181 - Missing modes for component STMicroelectronics:FreeRTOS:0.0.1:STMicroelectronics:RTOS:FreeRTOS:Core:::10.2.0:
2021-10-28 18:13:33,102 [WARN] ModelIntegratedComponent:179 - Modes not found for component STMicroelectronics:USB_DEVICE:1.0.0:STMicroelectronics:USB::USB Device:Audio HS::1.0:USB_DEVICE_1_0_RESTRICTED_HS
2021-10-28 18:13:33,102 [WARN] ModelIntegratedComponent:185 - Modes not found for component STMicroelectronics:USB_DEVICE:1.0.0:STMicroelectronics:USB::USB Device:Audio HS::1.0:USB_DEVICE_1_0_RESTRICTED_HS
2021-10-28 18:13:33,102 [WARN] ModelIntegratedComponent:179 - Modes not found for component STMicroelectronics:USB_DEVICE:1.0.0:STMicroelectronics:USB::USB Device:CDC HS::1.0:USB_DEVICE_1_0_RESTRICTED_HS
2021-10-28 18:13:33,102 [WARN] ModelIntegratedComponent:185 - Modes not found for component STMicroelectronics:USB_DEVICE:1.0.0:STMicroelectronics:USB::USB Device:CDC HS::1.0:USB_DEVICE_1_0_RESTRICTED_HS
2021-10-28 18:13:33,102 [WARN] ModelIntegratedComponent:179 - Modes not found for component STMicroelectronics:USB_DEVICE:1.0.0:STMicroelectronics:USB::USB Device:DFU HS::1.0:USB_DEVICE_1_0_RESTRICTED_HS
2021-10-28 18:13:33,102 [WARN] ModelIntegratedComponent:185 - Modes not found for component STMicroelectronics:USB_DEVICE:1.0.0:STMicroelectronics:USB::USB Device:DFU HS::1.0:USB_DEVICE_1_0_RESTRICTED_HS
2021-10-28 18:13:33,102 [WARN] ModelIntegratedComponent:179 - Modes not found for component STMicroelectronics:USB_DEVICE:1.0.0:STMicroelectronics:USB::USB Device:HID HS::1.0:USB_DEVICE_1_0_RESTRICTED_HS
2021-10-28 18:13:33,102 [WARN] ModelIntegratedComponent:185 - Modes not found for component STMicroelectronics:USB_DEVICE:1.0.0:STMicroelectronics:USB::USB Device:HID HS::1.0:USB_DEVICE_1_0_RESTRICTED_HS
2021-10-28 18:13:33,103 [WARN] ModelIntegratedComponent:179 - Modes not found for component STMicroelectronics:USB_DEVICE:1.0.0:STMicroelectronics:USB::USB Device:Custom HID HS::1.0:USB_DEVICE_1_0_RESTRICTED_HS
2021-10-28 18:13:33,103 [WARN] ModelIntegratedComponent:185 - Modes not found for component STMicroelectronics:USB_DEVICE:1.0.0:STMicroelectronics:USB::USB Device:Custom HID HS::1.0:USB_DEVICE_1_0_RESTRICTED_HS
2021-10-28 18:13:33,103 [WARN] ModelIntegratedComponent:179 - Modes not found for component STMicroelectronics:USB_DEVICE:1.0.0:STMicroelectronics:USB::USB Device:MSC HS::1.0:USB_DEVICE_1_0_RESTRICTED_HS
2021-10-28 18:13:33,103 [WARN] ModelIntegratedComponent:185 - Modes not found for component STMicroelectronics:USB_DEVICE:1.0.0:STMicroelectronics:USB::USB Device:MSC HS::1.0:USB_DEVICE_1_0_RESTRICTED_HS
2021-10-28 18:13:33,107 [WARN] ApiManager:304 - Cannot register API 'Board Extension:EEPRMA1' from pack STMicroelectronics.X-CUBE-EEPRMA1.3.1.0: no header file found
2021-10-28 18:13:33,107 [WARN] ApiManager:304 - Cannot register API 'Board Extension:EEPRMA2' from pack STMicroelectronics.X-CUBE-EEPRMA1.3.1.0: no header file found
2021-10-28 18:13:33,107 [WARN] ApiManager:304 - Cannot register API 'Board Extension:GNSS1A1' from pack STMicroelectronics.X-CUBE-GNSS1.5.2.0: no header file found
2021-10-28 18:13:33,107 [WARN] ApiManager:304 - Cannot register API 'Board Support:Custom' from pack STMicroelectronics.X-CUBE-GNSS1.5.2.0: no header file found
2021-10-28 18:13:33,107 [WARN] ApiManager:304 - Cannot register API 'Data Exchange:lib_gnss' from pack STMicroelectronics.X-CUBE-GNSS1.5.2.0: no header file found
2021-10-28 18:13:33,108 [WARN] ApiManager:304 - Cannot register API 'Wireless:BlueNRG-MS' from pack STMicroelectronics.X-CUBE-BLE1.6.2.1: no header file found
2021-10-28 18:13:33,108 [WARN] ApiManager:304 - Cannot register API 'Wireless:BlueNRG-2' from pack STMicroelectronics.X-CUBE-BLE2.3.2.1: no header file found
2021-10-28 18:13:33,108 [WARN] ApiManager:304 - Cannot register API 'Wireless:BlueNRG-2' from pack STMicroelectronics.X-CUBE-BLE2.3.2.2: no header file found
2021-10-28 18:13:33,108 [WARN] ModelIntegratedComponent:179 - Modes not found for component STMicroelectronics:USB_HOST:1.0.0:STMicroelectronics:USB::USB Host:Audio HS::1.0:USB_HOST_1_0_RESTRICTED_HS
2021-10-28 18:13:33,109 [WARN] ModelIntegratedComponent:185 - Modes not found for component STMicroelectronics:USB_HOST:1.0.0:STMicroelectronics:USB::USB Host:Audio HS::1.0:USB_HOST_1_0_RESTRICTED_HS
2021-10-28 18:13:33,109 [WARN] ModelIntegratedComponent:179 - Modes not found for component STMicroelectronics:USB_HOST:1.0.0:STMicroelectronics:USB::USB Host:CDC HS::1.0:USB_HOST_1_0_RESTRICTED_HS
2021-10-28 18:13:33,109 [WARN] ModelIntegratedComponent:185 - Modes not found for component STMicroelectronics:USB_HOST:1.0.0:STMicroelectronics:USB::USB Host:CDC HS::1.0:USB_HOST_1_0_RESTRICTED_HS
2021-10-28 18:13:33,109 [WARN] ModelIntegratedComponent:179 - Modes not found for component STMicroelectronics:USB_HOST:1.0.0:STMicroelectronics:USB::USB Host:MSC HS::1.0:USB_HOST_1_0_RESTRICTED_HS
2021-10-28 18:13:33,109 [WARN] ModelIntegratedComponent:185 - Modes not found for component STMicroelectronics:USB_HOST:1.0.0:STMicroelectronics:USB::USB Host:MSC HS::1.0:USB_HOST_1_0_RESTRICTED_HS
2021-10-28 18:13:33,109 [WARN] ModelIntegratedComponent:179 - Modes not found for component STMicroelectronics:USB_HOST:1.0.0:STMicroelectronics:USB::USB Host:HID HS::1.0:USB_HOST_1_0_RESTRICTED_HS
2021-10-28 18:13:33,109 [WARN] ModelIntegratedComponent:185 - Modes not found for component STMicroelectronics:USB_HOST:1.0.0:STMicroelectronics:USB::USB Host:HID HS::1.0:USB_HOST_1_0_RESTRICTED_HS
2021-10-28 18:13:33,109 [WARN] ModelIntegratedComponent:179 - Modes not found for component STMicroelectronics:USB_HOST:1.0.0:STMicroelectronics:USB::USB Host:MTP HS::1.0:USB_HOST_1_0_RESTRICTED_HS
2021-10-28 18:13:33,109 [WARN] ModelIntegratedComponent:185 - Modes not found for component STMicroelectronics:USB_HOST:1.0.0:STMicroelectronics:USB::USB Host:MTP HS::1.0:USB_HOST_1_0_RESTRICTED_HS
2021-10-28 18:13:33,109 [WARN] ApiManager:304 - Cannot register API 'Board Extension:NFC04A1' from pack STMicroelectronics.X-CUBE-NFC4.2.0.3: no header file found
2021-10-28 18:13:33,639 [INFO] UtilMem:74 - End LoadConfig() Used Memory: 237540376 Bytes (502267904)
2021-10-28 18:13:33,654 [WARN] ThirdParty:779 - waiting for thirdparty lock release [change project]
2021-10-28 18:13:33,654 [INFO] ThirdParty:781 - entering critical section [change project]
2021-10-28 18:13:33,654 [INFO] ThirdParty:967 - CMSIS Pack Vendor :STMicroelectronics X-CUBE-SFXS2LP1 3.1.0
2021-10-28 18:13:33,654 [INFO] ThirdParty:967 - CMSIS Pack Vendor :RoweBots I-CUBE-UNISONRTOS 5.5.0-4
2021-10-28 18:13:33,654 [INFO] ThirdParty:967 - CMSIS Pack Vendor :STMicroelectronics X-CUBE-AZRTOS-F4 1.0.0
2021-10-28 18:13:33,654 [INFO] ThirdParty:967 - CMSIS Pack Vendor :STMicroelectronics USB_HOST 2.0.0
2021-10-28 18:13:33,654 [INFO] ThirdParty:967 - CMSIS Pack Vendor :STMicroelectronics X-CUBE-AZRTOS-H7 2.0.0
2021-10-28 18:13:33,654 [INFO] ThirdParty:967 - CMSIS Pack Vendor :STMicroelectronics X-CUBE-AZRTOS-L4 1.0.0
2021-10-28 18:13:33,654 [INFO] ThirdParty:967 - CMSIS Pack Vendor :STMicroelectronics USB_DEVICE 3.0.0
2021-10-28 18:13:33,654 [INFO] ThirdParty:967 - CMSIS Pack Vendor :STMicroelectronics X-CUBE-TOF1 2.0.0
2021-10-28 18:13:33,654 [INFO] ThirdParty:967 - CMSIS Pack Vendor :STMicroelectronics HAL Drivers 0.0.0
2021-10-28 18:13:33,654 [INFO] ThirdParty:967 - CMSIS Pack Vendor :STMicroelectronics MBEDTLS 2.16.2
2021-10-28 18:13:33,655 [INFO] ThirdParty:967 - CMSIS Pack Vendor :STMicroelectronics MBEDTLS 2.14.1
2021-10-28 18:13:33,655 [INFO] ThirdParty:967 - CMSIS Pack Vendor :STMicroelectronics X-CUBE-MEMS1 9.0.0
2021-10-28 18:13:33,655 [INFO] ThirdParty:967 - CMSIS Pack Vendor :STMicroelectronics X-CUBE-AZRTOS-H7 1.1.0
2021-10-28 18:13:33,655 [INFO] ThirdParty:967 - CMSIS Pack Vendor :STMicroelectronics X-CUBE-SUBG2 4.2.0
2021-10-28 18:13:33,655 [INFO] ThirdParty:967 - CMSIS Pack Vendor :STMicroelectronics X-CUBE-ALS 1.0.1
2021-10-28 18:13:33,655 [INFO] ThirdParty:967 - CMSIS Pack Vendor :STMicroelectronics USB_DEVICE 2.0.0
2021-10-28 18:13:33,655 [INFO] ThirdParty:967 - CMSIS Pack Vendor :STMicroelectronics X-CUBE-AI 7.0.0
2021-10-28 18:13:33,655 [INFO] ThirdParty:967 - CMSIS Pack Vendor :STMicroelectronics X-CUBE-ALGOBUILD 1.2.1
2021-10-28 18:13:33,655 [INFO] ThirdParty:967 - CMSIS Pack Vendor :STMicroelectronics X-CUBE-DISPLAY 1.0.0
2021-10-28 18:13:33,655 [INFO] ThirdParty:967 - CMSIS Pack Vendor :STMicroelectronics FreeRTOS 0.0.1
2021-10-28 18:13:33,655 [INFO] ThirdParty:967 - CMSIS Pack Vendor :STMicroelectronics USB_DEVICE 1.0.0
2021-10-28 18:13:33,655 [INFO] ThirdParty:967 - CMSIS Pack Vendor :SEGGER I-CUBE-embOS 1.2.0
2021-10-28 18:13:33,655 [INFO] ThirdParty:967 - CMSIS Pack Vendor :STMicroelectronics X-CUBE-EEPRMA1 3.1.0
2021-10-28 18:13:33,655 [INFO] ThirdParty:967 - CMSIS Pack Vendor :STMicroelectronics X-CUBE-GNSS1 5.2.0
2021-10-28 18:13:33,655 [INFO] ThirdParty:967 - CMSIS Pack Vendor :STMicroelectronics ThreadX 0.0.2
2021-10-28 18:13:33,655 [INFO] ThirdParty:967 - CMSIS Pack Vendor :STMicroelectronics lwIP 2.0.3
2021-10-28 18:13:33,655 [INFO] ThirdParty:967 - CMSIS Pack Vendor :STMicroelectronics lwIP 2.1.2
2021-10-28 18:13:33,655 [INFO] ThirdParty:967 - CMSIS Pack Vendor :STMicroelectronics X-CUBE-BLE1 6.2.1
2021-10-28 18:13:33,655 [INFO] ThirdParty:967 - CMSIS Pack Vendor :STMicroelectronics X-CUBE-BLE2 3.2.1
2021-10-28 18:13:33,655 [INFO] ThirdParty:967 - CMSIS Pack Vendor :STMicroelectronics X-CUBE-BLE2 3.2.2
2021-10-28 18:13:33,655 [INFO] ThirdParty:967 - CMSIS Pack Vendor :STMicroelectronics USB_HOST 1.0.0
2021-10-28 18:13:33,655 [INFO] ThirdParty:967 - CMSIS Pack Vendor :STMicroelectronics X-CUBE-NFC4 2.0.3
2021-10-28 18:13:33,655 [INFO] ThirdParty:967 - CMSIS Pack Vendor :wolfSSL I-CUBE-wolfSSL 4.8.0
2021-10-28 18:13:33,655 [INFO] ThirdParty:967 - CMSIS Pack Vendor :STMicroelectronics X-CUBE-TOUCHGFX 4.17.0
2021-10-28 18:13:33,655 [INFO] ThirdParty:967 - CMSIS Pack Vendor :STMicroelectronics PDM2PCM 3.1.0
2021-10-28 18:13:33,655 [INFO] ThirdParty:967 - CMSIS Pack Vendor :STMicroelectronics PDM2PCM 3.2.0
2021-10-28 18:13:33,655 [INFO] ThirdParty:967 - CMSIS Pack Vendor :STMicroelectronics PDM2PCM 3.3.0
2021-10-28 18:13:33,656 [INFO] ThirdParty:787 - exiting critical section [change project]
2021-10-28 18:13:33,875 [INFO] PinOutPanel:1463 - setPackage(No Configuration,No Configuration)
2021-10-28 18:13:33,876 [INFO] PinOutPanel:1463 - setPackage(STM32F401CCUx,UFQFPN48)
2021-10-28 18:13:34,132 [INFO] UtilMem:74 - Before build in PCC Used Memory: 207119728 Bytes (502267904)
2021-10-28 18:13:34,714 [INFO] UtilMem:74 - After build in PCC Used Memory: 290479472 Bytes (502267904)
2021-10-28 18:13:34,729 [INFO] IPUIPlugin:74 - create IPUIPlugin
2021-10-28 18:13:34,729 [INFO] IPUIPlugin:74 - create IPUIPlugin
2021-10-28 18:13:34,729 [INFO] IPUIPlugin:74 - create IPUIPlugin
2021-10-28 18:13:34,730 [INFO] IPUIPlugin:74 - create IPUIPlugin
2021-10-28 18:13:34,730 [INFO] IPUIPlugin:74 - create IPUIPlugin
2021-10-28 18:13:34,730 [INFO] IPUIPlugin:74 - create IPUIPlugin
2021-10-28 18:13:34,730 [INFO] IPUIPlugin:74 - create IPUIPlugin
2021-10-28 18:13:34,730 [INFO] IPUIPlugin:74 - create IPUIPlugin
2021-10-28 18:13:34,730 [INFO] IPUIPlugin:74 - create IPUIPlugin
2021-10-28 18:13:34,730 [INFO] IPUIPlugin:74 - create IPUIPlugin
2021-10-28 18:13:34,730 [INFO] IPUIPlugin:74 - create IPUIPlugin
2021-10-28 18:13:34,730 [INFO] IPUIPlugin:74 - create IPUIPlugin
2021-10-28 18:13:34,731 [INFO] IPUIPlugin:74 - create IPUIPlugin
2021-10-28 18:13:34,731 [INFO] IPUIPlugin:74 - create IPUIPlugin
2021-10-28 18:13:34,731 [INFO] IPUIPlugin:74 - create IPUIPlugin
2021-10-28 18:13:34,731 [INFO] IPUIPlugin:74 - create IPUIPlugin
2021-10-28 18:13:34,731 [INFO] IPUIPlugin:74 - create IPUIPlugin
2021-10-28 18:13:34,731 [INFO] IPUIPlugin:74 - create IPUIPlugin
2021-10-28 18:13:34,732 [INFO] IPUIPlugin:74 - create IPUIPlugin
2021-10-28 18:13:34,732 [INFO] IPUIPlugin:74 - create IPUIPlugin
2021-10-28 18:13:34,732 [INFO] IPUIPlugin:74 - create IPUIPlugin
2021-10-28 18:13:34,732 [INFO] IPUIPlugin:74 - create IPUIPlugin
2021-10-28 18:13:34,732 [INFO] IPUIPlugin:74 - create IPUIPlugin
2021-10-28 18:13:34,733 [INFO] IPUIPlugin:74 - create IPUIPlugin
2021-10-28 18:13:34,733 [INFO] IPUIPlugin:74 - create IPUIPlugin
2021-10-28 18:13:34,733 [INFO] IPUIPlugin:74 - create IPUIPlugin
2021-10-28 18:13:34,733 [INFO] IPUIPlugin:74 - create IPUIPlugin
2021-10-28 18:13:34,733 [INFO] IPUIPlugin:74 - create IPUIPlugin
2021-10-28 18:13:34,734 [INFO] IPUIPlugin:74 - create IPUIPlugin
2021-10-28 18:13:34,734 [INFO] IPUIPlugin:74 - create IPUIPlugin
2021-10-28 18:13:34,734 [INFO] IPUIPlugin:74 - create IPUIPlugin
2021-10-28 18:13:34,734 [INFO] IPUIPlugin:74 - create IPUIPlugin
2021-10-28 18:13:34,735 [INFO] IPUIPlugin:74 - create IPUIPlugin
2021-10-28 18:13:34,735 [INFO] IPUIPlugin:74 - create IPUIPlugin
2021-10-28 18:13:34,735 [INFO] IPUIPlugin:74 - create IPUIPlugin
2021-10-28 18:13:34,736 [INFO] IPUIPlugin:74 - create IPUIPlugin
2021-10-28 18:13:34,736 [INFO] IPUIPlugin:74 - create IPUIPlugin
2021-10-28 18:13:34,800 [INFO] ApiDbMcu:468 - Load IP Config File for PDM2PCM
2021-10-28 18:13:34,936 [INFO] OpenFileManager:333 - Restore cursor
2021-10-28 18:13:35,113 [INFO] UtilMem:74 - End SaveConfig() Used Memory: 385899888 Bytes (502267904)
2021-10-28 18:13:35,144 [INFO] UtilMem:74 - End SaveConfig() Used Memory: 403725680 Bytes (502267904)
2021-10-28 18:13:35,381 [INFO] BlockDiagram:2740 - set Specific Code input for plugin: NVIC
2021-10-28 18:13:35,381 [INFO] BlockDiagram:2740 - set Specific Code input for plugin: SYS
2021-10-28 18:13:35,381 [INFO] BlockDiagram:2740 - set Specific Code input for plugin: RCC
2021-10-28 18:13:35,381 [INFO] CodeGenerator:663 - code generatio: config db path: D:\Soft\STM32CubeIDE\STM32CubeIDE\plugins\com.st.stm32cube.common.mx_6.3.0.202107141111\\db\
2021-10-28 18:13:35,582 [INFO] CodeEngine:239 - oldGeneratedFile, C:\!MEGA\!myFiles\ArianSat-Stratosphere\SubSystems\Electrical Power System\Software\MXTmpFiles\license.tmp_save
2021-10-28 18:13:35,822 [INFO] CodeEngine:257 - Generated code: C:\!MEGA\!myFiles\ArianSat-Stratosphere\SubSystems\Electrical Power System\Software\MXTmpFiles\license.tmp
2021-10-28 18:13:35,977 [INFO] CodeEngine:239 - oldGeneratedFile, C:\!MEGA\!myFiles\ArianSat-Stratosphere\SubSystems\Electrical Power System\Software\Core\Src\stm32f4xx_it.c_save
2021-10-28 18:13:36,056 [INFO] CodeEngine:257 - Generated code: C:\!MEGA\!myFiles\ArianSat-Stratosphere\SubSystems\Electrical Power System\Software\Core\Src\stm32f4xx_it.c
2021-10-28 18:13:36,067 [INFO] CodeEngine:239 - oldGeneratedFile, C:\!MEGA\!myFiles\ArianSat-Stratosphere\SubSystems\Electrical Power System\Software\Core\Inc\stm32f4xx_it.h_save
2021-10-28 18:13:36,115 [INFO] CodeEngine:257 - Generated code: C:\!MEGA\!myFiles\ArianSat-Stratosphere\SubSystems\Electrical Power System\Software\Core\Inc\stm32f4xx_it.h
2021-10-28 18:13:36,134 [INFO] CodeEngine:239 - oldGeneratedFile, C:\!MEGA\!myFiles\ArianSat-Stratosphere\SubSystems\Electrical Power System\Software\Core\Src\stm32f4xx_hal_msp.c_save
2021-10-28 18:13:36,206 [INFO] CodeEngine:257 - Generated code: C:\!MEGA\!myFiles\ArianSat-Stratosphere\SubSystems\Electrical Power System\Software\Core\Src\stm32f4xx_hal_msp.c
2021-10-28 18:13:36,211 [INFO] CodeEngine:239 - oldGeneratedFile, C:\!MEGA\!myFiles\ArianSat-Stratosphere\SubSystems\Electrical Power System\Software\MXTmpFiles\system.tmp_save
2021-10-28 18:13:36,263 [INFO] CodeEngine:257 - Generated code: C:\!MEGA\!myFiles\ArianSat-Stratosphere\SubSystems\Electrical Power System\Software\MXTmpFiles\system.tmp
2021-10-28 18:13:36,284 [INFO] CodeEngine:239 - oldGeneratedFile, C:\!MEGA\!myFiles\ArianSat-Stratosphere\SubSystems\Electrical Power System\Software\Core\Inc\stm32f4xx_hal_conf.h_save
2021-10-28 18:13:36,353 [INFO] CodeEngine:257 - Generated code: C:\!MEGA\!myFiles\ArianSat-Stratosphere\SubSystems\Electrical Power System\Software\Core\Inc\stm32f4xx_hal_conf.h
2021-10-28 18:13:36,430 [INFO] CodeEngine:239 - oldGeneratedFile, C:\!MEGA\!myFiles\ArianSat-Stratosphere\SubSystems\Electrical Power System\Software\Core\Inc\main.h_save
2021-10-28 18:13:36,486 [INFO] CodeEngine:257 - Generated code: C:\!MEGA\!myFiles\ArianSat-Stratosphere\SubSystems\Electrical Power System\Software\Core\Inc\main.h
2021-10-28 18:13:36,497 [INFO] CodeEngine:239 - oldGeneratedFile, C:\!MEGA\!myFiles\ArianSat-Stratosphere\SubSystems\Electrical Power System\Software\Core\Src\main.c_save
2021-10-28 18:13:36,570 [INFO] CodeEngine:257 - Generated code: C:\!MEGA\!myFiles\ArianSat-Stratosphere\SubSystems\Electrical Power System\Software\Core\Src\main.c
2021-10-28 18:13:37,224 [INFO] ProjectBuilder:2578 - Time for Copy HAL[1] : 176mS.
2021-10-28 18:13:37,228 [INFO] ProjectBuilder:3622 - Project Generator version: 3.14.1
2021-10-28 18:13:37,515 [INFO] ConfigFileManager:1271 - The Die is : DIE423
2021-10-28 18:13:37,532 [INFO] ApiDbMcu:468 - Load IP Config File for FATFS
2021-10-28 18:13:37,578 [INFO] ApiDbMcu:468 - Load IP Config File for FREERTOS
2021-10-28 18:13:37,594 [INFO] ApiDbMcu:468 - Load IP Config File for LIBJPEG
2021-10-28 18:13:37,628 [INFO] ApiDbMcu:468 - Load IP Config File for MBEDTLS
2021-10-28 18:13:37,658 [INFO] ApiDbMcu:468 - Load IP Config File for USB_DEVICE
2021-10-28 18:13:37,669 [INFO] ApiDbMcu:468 - Load IP Config File for USB_HOST
2021-10-28 18:13:42,702 [INFO] ProjectBuilder:3789 - Time for Generating toolchain IDE Files: 5474mS.
2021-10-28 18:13:42,703 [INFO] ProjectBuilder:2457 - Time for Copy CMSIS : 1mS.
2021-10-28 18:13:42,704 [INFO] ProjectBuilder:2457 - Time for Copy CMSIS : 0mS.
2021-10-28 18:13:43,995 [INFO] McuFinderGlobals:52 - Set McuFinderConnectedMode to true
2021-10-28 18:13:43,997 [INFO] ApiDb:276 - Save user favorites file C:\Users\Sergey/.stm32cubeide/favorites.mcus.txt: 1 item(s)
2021-10-28 18:13:43,997 [INFO] ApiDb:280 - User favorites MCUs=[STM32F030C6Tx]
2021-10-28 18:15:18,943 [INFO] Gpio:254 - dependency for GPIO [RCC]
2021-10-28 18:15:19,823 [INFO] Gpio:254 - dependency for GPIO [RCC]
2021-10-28 18:15:19,868 [INFO] DmaTabbedPanel:198 - Cannot restore the selected Tab for DMA
2021-10-28 18:15:21,055 [INFO] Gpio:254 - dependency for GPIO [RCC]
2021-10-28 18:22:46,584 [INFO] MainUpdater:2671 - connection check result : 10
2021-10-28 18:22:46,630 [INFO] McuFinderGlobals:52 - Set McuFinderConnectedMode to false
2021-10-28 18:22:46,635 [INFO] CrossSelectorPresenter:1330 - Cross Selector saved comparison directory: C:\Users\Sergey\.stmcufinder\plugins\mcufinder\mcu\cs_comparisons_mx
2021-10-28 18:22:46,635 [INFO] MultiScanPanel:197 - Auto-refresh data requested => check proxy status ongoing
2021-10-28 18:22:46,635 [INFO] MultiScanPanel:201 - Proxy status is invalid
2021-10-28 18:22:46,636 [INFO] FinderPluginLoader:87 - Searching for filters in installed packs
2021-10-28 18:22:46,765 [INFO] DetailPanel:309 - Set advertising image to C:/Users/Sergey/STM32Cube/Repository/\en.Prom_NBSTM32U50921.jpg
2021-10-28 18:23:12,816 [INFO] MultiScanPanel:197 - Auto-refresh data requested => check proxy status ongoing
2021-10-28 18:23:12,816 [INFO] MultiScanPanel:201 - Proxy status is invalid
2021-10-28 18:23:12,857 [INFO] DetailPanel:309 - Set advertising image to C:/Users/Sergey/STM32Cube/Repository/\en.Prom_NBSTM32U50921.jpg
2021-10-28 18:25:10,627 [INFO] McuFinderGlobals:52 - Set McuFinderConnectedMode to true
2021-10-28 18:25:10,946 [INFO] ApiDb:276 - Save user favorites file C:\Users\Sergey/.stm32cubeide/favorites.mcus.txt: 1 item(s)
2021-10-28 18:25:10,946 [INFO] ApiDb:280 - User favorites MCUs=[STM32F030C6Tx]
2021-10-28 18:25:10,947 [INFO] ApiDb:276 - Save user favorites file C:\Users\Sergey/.stm32cubeide/favorites.boards.txt: 0 item(s)
2021-10-28 18:25:10,947 [INFO] ApiDb:280 - User favorites Boards=[]
2021-10-28 18:25:22,995 [WARN] IP:2125 - I2C_Coeff_DF not found: check if there is a RefParameter without a condition.
2021-10-28 18:25:22,996 [WARN] IP:2125 - Analog_Filter not found: check if there is a RefParameter without a condition.
2021-10-28 18:25:23,010 [WARN] IP:2125 - I2C_Coeff_DF not found: check if there is a RefParameter without a condition.
2021-10-28 18:25:23,010 [WARN] IP:2125 - Analog_Filter not found: check if there is a RefParameter without a condition.
2021-10-28 18:25:23,010 [WARN] IP:2125 - I2C_Coeff_DF not found: check if there is a RefParameter without a condition.
2021-10-28 18:25:23,011 [WARN] IP:2125 - Analog_Filter not found: check if there is a RefParameter without a condition.
2021-10-28 18:25:23,021 [WARN] IP:2125 - I2C_Coeff_DF not found: check if there is a RefParameter without a condition.
2021-10-28 18:25:23,021 [WARN] IP:2125 - Analog_Filter not found: check if there is a RefParameter without a condition.
2021-10-28 18:25:23,021 [WARN] IP:2125 - I2C_Coeff_DF not found: check if there is a RefParameter without a condition.
2021-10-28 18:25:23,021 [WARN] IP:2125 - Analog_Filter not found: check if there is a RefParameter without a condition.
2021-10-28 18:25:23,031 [WARN] IP:2125 - I2C_Coeff_DF not found: check if there is a RefParameter without a condition.
2021-10-28 18:25:23,031 [WARN] IP:2125 - Analog_Filter not found: check if there is a RefParameter without a condition.
2021-10-28 18:25:23,031 [WARN] IP:2125 - I2C_Coeff_DF not found: check if there is a RefParameter without a condition.
2021-10-28 18:25:23,032 [WARN] IP:2125 - Analog_Filter not found: check if there is a RefParameter without a condition.
2021-10-28 18:25:23,057 [WARN] IP:2125 - I2C_Coeff_DF not found: check if there is a RefParameter without a condition.
2021-10-28 18:25:23,057 [WARN] IP:2125 - Analog_Filter not found: check if there is a RefParameter without a condition.
2021-10-28 18:25:23,057 [WARN] IP:2125 - I2C_Coeff_DF not found: check if there is a RefParameter without a condition.
2021-10-28 18:25:23,058 [WARN] IP:2125 - Analog_Filter not found: check if there is a RefParameter without a condition.
2021-10-28 18:25:23,060 [WARN] IP:2125 - I2C_Coeff_DF not found: check if there is a RefParameter without a condition.
2021-10-28 18:25:23,060 [WARN] IP:2125 - Analog_Filter not found: check if there is a RefParameter without a condition.
2021-10-28 18:25:24,770 [WARN] IP:2125 - I2C_Coeff_DF not found: check if there is a RefParameter without a condition.
2021-10-28 18:25:24,771 [WARN] IP:2125 - Analog_Filter not found: check if there is a RefParameter without a condition.
2021-10-28 18:25:24,785 [WARN] IP:2125 - I2C_Coeff_DF not found: check if there is a RefParameter without a condition.
2021-10-28 18:25:24,785 [WARN] IP:2125 - Analog_Filter not found: check if there is a RefParameter without a condition.
2021-10-28 18:25:24,785 [WARN] IP:2125 - I2C_Coeff_DF not found: check if there is a RefParameter without a condition.
2021-10-28 18:25:24,785 [WARN] IP:2125 - Analog_Filter not found: check if there is a RefParameter without a condition.
2021-10-28 18:25:24,796 [WARN] IP:2125 - I2C_Coeff_DF not found: check if there is a RefParameter without a condition.
2021-10-28 18:25:24,796 [WARN] IP:2125 - Analog_Filter not found: check if there is a RefParameter without a condition.
2021-10-28 18:25:24,796 [WARN] IP:2125 - I2C_Coeff_DF not found: check if there is a RefParameter without a condition.
2021-10-28 18:25:24,796 [WARN] IP:2125 - Analog_Filter not found: check if there is a RefParameter without a condition.
2021-10-28 18:25:24,806 [WARN] IP:2125 - I2C_Coeff_DF not found: check if there is a RefParameter without a condition.
2021-10-28 18:25:24,806 [WARN] IP:2125 - Analog_Filter not found: check if there is a RefParameter without a condition.
2021-10-28 18:25:24,806 [WARN] IP:2125 - I2C_Coeff_DF not found: check if there is a RefParameter without a condition.
2021-10-28 18:25:24,807 [WARN] IP:2125 - Analog_Filter not found: check if there is a RefParameter without a condition.
2021-10-28 18:25:24,832 [WARN] IP:2125 - I2C_Coeff_DF not found: check if there is a RefParameter without a condition.
2021-10-28 18:25:24,832 [WARN] IP:2125 - Analog_Filter not found: check if there is a RefParameter without a condition.
2021-10-28 18:25:24,833 [WARN] IP:2125 - I2C_Coeff_DF not found: check if there is a RefParameter without a condition.
2021-10-28 18:25:24,833 [WARN] IP:2125 - Analog_Filter not found: check if there is a RefParameter without a condition.
2021-10-28 18:25:24,835 [WARN] IP:2125 - I2C_Coeff_DF not found: check if there is a RefParameter without a condition.
2021-10-28 18:25:24,835 [WARN] IP:2125 - Analog_Filter not found: check if there is a RefParameter without a condition.
2021-10-28 18:25:27,670 [WARN] IP:2125 - I2C_Coeff_DF not found: check if there is a RefParameter without a condition.
2021-10-28 18:25:27,671 [WARN] IP:2125 - Analog_Filter not found: check if there is a RefParameter without a condition.
2021-10-28 18:25:27,685 [WARN] IP:2125 - I2C_Coeff_DF not found: check if there is a RefParameter without a condition.
2021-10-28 18:25:27,685 [WARN] IP:2125 - Analog_Filter not found: check if there is a RefParameter without a condition.
2021-10-28 18:25:27,685 [WARN] IP:2125 - I2C_Coeff_DF not found: check if there is a RefParameter without a condition.
2021-10-28 18:25:27,685 [WARN] IP:2125 - Analog_Filter not found: check if there is a RefParameter without a condition.
2021-10-28 18:25:27,695 [WARN] IP:2125 - I2C_Coeff_DF not found: check if there is a RefParameter without a condition.
2021-10-28 18:25:27,695 [WARN] IP:2125 - Analog_Filter not found: check if there is a RefParameter without a condition.
2021-10-28 18:25:27,696 [WARN] IP:2125 - I2C_Coeff_DF not found: check if there is a RefParameter without a condition.
2021-10-28 18:25:27,696 [WARN] IP:2125 - Analog_Filter not found: check if there is a RefParameter without a condition.
2021-10-28 18:25:27,706 [WARN] IP:2125 - I2C_Coeff_DF not found: check if there is a RefParameter without a condition.
2021-10-28 18:25:27,706 [WARN] IP:2125 - Analog_Filter not found: check if there is a RefParameter without a condition.
2021-10-28 18:25:27,706 [WARN] IP:2125 - I2C_Coeff_DF not found: check if there is a RefParameter without a condition.
2021-10-28 18:25:27,706 [WARN] IP:2125 - Analog_Filter not found: check if there is a RefParameter without a condition.
2021-10-28 18:25:27,731 [WARN] IP:2125 - I2C_Coeff_DF not found: check if there is a RefParameter without a condition.
2021-10-28 18:25:27,731 [WARN] IP:2125 - Analog_Filter not found: check if there is a RefParameter without a condition.
2021-10-28 18:25:27,732 [WARN] IP:2125 - I2C_Coeff_DF not found: check if there is a RefParameter without a condition.
2021-10-28 18:25:27,732 [WARN] IP:2125 - Analog_Filter not found: check if there is a RefParameter without a condition.
2021-10-28 18:25:27,734 [WARN] IP:2125 - I2C_Coeff_DF not found: check if there is a RefParameter without a condition.
2021-10-28 18:25:27,734 [WARN] IP:2125 - Analog_Filter not found: check if there is a RefParameter without a condition.
2021-10-28 18:36:26,973 [INFO] UtilMem:74 - End SaveConfig() Used Memory: 441102192 Bytes (705691648)
2021-10-28 18:36:27,886 [INFO] UtilMem:74 - End SaveConfig() Used Memory: 464697200 Bytes (705691648)
2021-10-28 18:36:27,962 [INFO] UtilMem:74 - End SaveConfig() Used Memory: 487239536 Bytes (705691648)
2021-10-28 18:36:28,111 [INFO] ProjectBuilder:1968 - IP not ready for code generation: Clock
2021-10-28 18:36:29,892 [INFO] BlockDiagram:2740 - set Specific Code input for plugin: SPI
2021-10-28 18:36:29,892 [INFO] BlockDiagram:2740 - set Specific Code input for plugin: USB_OTG_FS
2021-10-28 18:36:29,892 [INFO] BlockDiagram:2740 - set Specific Code input for plugin: NVIC
2021-10-28 18:36:29,892 [INFO] BlockDiagram:2740 - set Specific Code input for plugin: USART
2021-10-28 18:36:29,892 [INFO] BlockDiagram:2740 - set Specific Code input for plugin: USART
2021-10-28 18:36:29,892 [INFO] BlockDiagram:2740 - set Specific Code input for plugin: SYS
2021-10-28 18:36:29,893 [INFO] BlockDiagram:2740 - set Specific Code input for plugin: GPIO
2021-10-28 18:36:29,893 [INFO] BlockDiagram:2740 - set Specific Code input for plugin: RCC
2021-10-28 18:36:29,893 [INFO] BlockDiagram:2740 - set Specific Code input for plugin: I2C
2021-10-28 18:36:29,893 [INFO] BlockDiagram:2740 - set Specific Code input for plugin: I2C
2021-10-28 18:36:29,893 [INFO] BlockDiagram:2740 - set Specific Code input for plugin: I2C
2021-10-28 18:36:29,893 [INFO] CodeGenerator:663 - code generatio: config db path: D:\Soft\STM32CubeIDE\STM32CubeIDE\plugins\com.st.stm32cube.common.mx_6.3.0.202107141111\\db\
2021-10-28 18:36:29,896 [WARN] IP:2125 - I2C_Coeff_DF not found: check if there is a RefParameter without a condition.
2021-10-28 18:36:29,896 [WARN] IP:2125 - Analog_Filter not found: check if there is a RefParameter without a condition.
2021-10-28 18:36:29,897 [WARN] IP:2125 - I2C_Coeff_DF not found: check if there is a RefParameter without a condition.
2021-10-28 18:36:29,897 [WARN] IP:2125 - Analog_Filter not found: check if there is a RefParameter without a condition.
2021-10-28 18:36:29,897 [WARN] IP:2125 - I2C_Coeff_DF not found: check if there is a RefParameter without a condition.
2021-10-28 18:36:29,897 [WARN] IP:2125 - Analog_Filter not found: check if there is a RefParameter without a condition.
2021-10-28 18:36:30,107 [INFO] CodeEngine:239 - oldGeneratedFile, C:\!MEGA\!myFiles\ArianSat-Stratosphere\SubSystems\Electrical Power System\Software\MXTmpFiles\license.tmp_save
2021-10-28 18:36:30,146 [INFO] CodeEngine:257 - Generated code: C:\!MEGA\!myFiles\ArianSat-Stratosphere\SubSystems\Electrical Power System\Software\MXTmpFiles\license.tmp
2021-10-28 18:36:30,280 [INFO] CodeEngine:239 - oldGeneratedFile, C:\!MEGA\!myFiles\ArianSat-Stratosphere\SubSystems\Electrical Power System\Software\MXTmpFiles\gpio.tmp_save
2021-10-28 18:36:30,324 [INFO] CodeEngine:257 - Generated code: C:\!MEGA\!myFiles\ArianSat-Stratosphere\SubSystems\Electrical Power System\Software\MXTmpFiles\gpio.tmp
2021-10-28 18:36:31,502 [WARN] IPConfigManager:2738 - Warning: the RefConfig PWREx_EnableUSBVoltageDetector is not available in your config.xml file
2021-10-28 18:36:31,598 [INFO] CodeEngine:239 - oldGeneratedFile, C:\!MEGA\!myFiles\ArianSat-Stratosphere\SubSystems\Electrical Power System\Software\Core\Src\stm32f4xx_it.c_save
2021-10-28 18:36:31,663 [INFO] CodeEngine:257 - Generated code: C:\!MEGA\!myFiles\ArianSat-Stratosphere\SubSystems\Electrical Power System\Software\Core\Src\stm32f4xx_it.c
2021-10-28 18:36:31,669 [INFO] CodeEngine:239 - oldGeneratedFile, C:\!MEGA\!myFiles\ArianSat-Stratosphere\SubSystems\Electrical Power System\Software\Core\Inc\stm32f4xx_it.h_save
2021-10-28 18:36:31,720 [INFO] CodeEngine:257 - Generated code: C:\!MEGA\!myFiles\ArianSat-Stratosphere\SubSystems\Electrical Power System\Software\Core\Inc\stm32f4xx_it.h
2021-10-28 18:36:31,733 [INFO] CodeEngine:239 - oldGeneratedFile, C:\!MEGA\!myFiles\ArianSat-Stratosphere\SubSystems\Electrical Power System\Software\Core\Src\stm32f4xx_hal_msp.c_save
2021-10-28 18:36:31,832 [INFO] CodeEngine:257 - Generated code: C:\!MEGA\!myFiles\ArianSat-Stratosphere\SubSystems\Electrical Power System\Software\Core\Src\stm32f4xx_hal_msp.c
2021-10-28 18:36:31,837 [INFO] CodeEngine:239 - oldGeneratedFile, C:\!MEGA\!myFiles\ArianSat-Stratosphere\SubSystems\Electrical Power System\Software\MXTmpFiles\system.tmp_save
2021-10-28 18:36:31,876 [INFO] CodeEngine:257 - Generated code: C:\!MEGA\!myFiles\ArianSat-Stratosphere\SubSystems\Electrical Power System\Software\MXTmpFiles\system.tmp
2021-10-28 18:36:31,888 [INFO] CodeEngine:239 - oldGeneratedFile, C:\!MEGA\!myFiles\ArianSat-Stratosphere\SubSystems\Electrical Power System\Software\Core\Inc\stm32f4xx_hal_conf.h_save
2021-10-28 18:36:31,958 [INFO] CodeEngine:257 - Generated code: C:\!MEGA\!myFiles\ArianSat-Stratosphere\SubSystems\Electrical Power System\Software\Core\Inc\stm32f4xx_hal_conf.h
2021-10-28 18:36:31,981 [WARN] IPConfigManager:3148 - IP not found : USB_OTG
2021-10-28 18:36:31,981 [WARN] CodeGenerator:3268 - IP not found : null
2021-10-28 18:36:31,991 [INFO] CodeEngine:239 - oldGeneratedFile, C:\!MEGA\!myFiles\ArianSat-Stratosphere\SubSystems\Electrical Power System\Software\Core\Inc\main.h_save
2021-10-28 18:36:32,045 [INFO] CodeEngine:257 - Generated code: C:\!MEGA\!myFiles\ArianSat-Stratosphere\SubSystems\Electrical Power System\Software\Core\Inc\main.h
2021-10-28 18:36:32,054 [INFO] CodeEngine:239 - oldGeneratedFile, C:\!MEGA\!myFiles\ArianSat-Stratosphere\SubSystems\Electrical Power System\Software\Core\Src\main.c_save
2021-10-28 18:36:32,151 [INFO] CodeEngine:257 - Generated code: C:\!MEGA\!myFiles\ArianSat-Stratosphere\SubSystems\Electrical Power System\Software\Core\Src\main.c
2021-10-28 18:36:32,709 [INFO] ProjectBuilder:2578 - Time for Copy HAL[1] : 118mS.
2021-10-28 18:36:32,712 [INFO] ProjectBuilder:3622 - Project Generator version: 3.14.1
2021-10-28 18:36:33,040 [INFO] ConfigFileManager:1271 - The Die is : DIE423
2021-10-28 18:36:34,248 [INFO] ProjectBuilder:3789 - Time for Generating toolchain IDE Files: 1536mS.
2021-10-28 18:36:34,248 [INFO] ProjectBuilder:2457 - Time for Copy CMSIS : 0mS.
2021-10-28 18:36:34,250 [INFO] ProjectBuilder:2457 - Time for Copy CMSIS : 0mS.
2021-11-01 17:27:16,254 [INFO] Activator:177 - 


2021-11-01 17:27:16,255 [INFO] Activator:178 - !SESSION log4j initialized
