Change Component Designator: OldDesignator=U? NewDesignator=U3
Change Component Designator: OldDesignator=U? NewDesignator=U4
Added Pin To Net: NetName=CPU_VDD Pin=C12-2
Added Pin To Net: NetName=NetCPU1_81 Pin=R23-1
Added Pin To Net: NetName=NetCPU1_80 Pin=U3-1
Added Pin To Net: NetName=CPU_VDD Pin=U3-5
Added Pin To Net: NetName=CPU_VDD Pin=U3-6
Added Pin To Net: NetName=NetCPU1_79 Pin=U3-11
Added Pin To Net: NetName=CPU_VDD Pin=U4-5
Added Pin To Net: NetName=CPU_VDD Pin=U4-8
Added Pin To Net: NetName=NetCPU1_80 Pin=U4-13
Added Pin To Net: NetName=NetCPU1_79 Pin=U4-14
Change Net Name : Old Net Name=CPU_VDD New Net Name=LSM_VCC
Change Net Name : Old Net Name=NetU?_4 New Net Name=NetU4_4
Change Net Name : Old Net Name=NetU?_7 New Net Name=NetU3_7
Change Net Name : Old Net Name=NetU?_8 New Net Name=NetU3_8
Change Net Name : Old Net Name=NetU?_9 New Net Name=NetU4_9
Change Net Name : Old Net Name=NetU?_12 New Net Name=NetU4_12
Added Pin To Net: NetName=NetR26_1 Pin=U3-10
Added Net: Name=NetR26_1
