Removed Pin From Net: NetName=NetCPU1_19 Pin=CPU1-51
Removed Pin From Net: NetName=NetCPU1_22 Pin=CPU1-52
Removed Pin From Net: NetName=NetCPU1_19 Pin=CPU1-64
Removed Pin From Net: NetName=NetCPU1_22 Pin=CPU1-65
Change Component Designator: OldDesignator=C3 NewDesignator=C12
Change Component Designator: OldDesignator=C4 NewDesignator=C3
Change Component Designator: OldDesignator=C5 NewDesignator=C4
Change Component Designator: OldDesignator=C17 NewDesignator=C9
Change Component Designator: OldDesignator=C18 NewDesignator=C10
Change Component Designator: OldDesignator=C19 NewDesignator=C11
Change Component Designator: OldDesignator=R2 NewDesignator=R23
Change Component Designator: OldDesignator=U3 NewDesignator=U4
Change Component Designator: OldDesignator=U10 NewDesignator=U3
Added Component: Designator=C5(CERCAP 0402)
Add component (AddParameter): Name = "Diel"; Value = "X7R"; VariantName = "[No Variations]"
Add component (AddParameter): Name = "IsSMT"; Value = "NoSMT"; VariantName = "[No Variations]"
Add component (AddParameter): Name = "Value"; Value = "0.1uF"; VariantName = "[No Variations]"
Add component (AddParameter): Name = "Voltage"; Value = ""; VariantName = "[No Variations]"
Added Component: Designator=C6(CERCAP 0402)
Add component (AddParameter): Name = "Diel"; Value = "X7R"; VariantName = "[No Variations]"
Add component (AddParameter): Name = "IsSMT"; Value = "NoSMT"; VariantName = "[No Variations]"
Add component (AddParameter): Name = "Value"; Value = "0.1uF"; VariantName = "[No Variations]"
Add component (AddParameter): Name = "Voltage"; Value = ""; VariantName = "[No Variations]"
Added Component: Designator=C7(CERCAP 0402)
Add component (AddParameter): Name = "Diel"; Value = "X7R"; VariantName = "[No Variations]"
Add component (AddParameter): Name = "IsSMT"; Value = "NoSMT"; VariantName = "[No Variations]"
Add component (AddParameter): Name = "Value"; Value = "0.1uF"; VariantName = "[No Variations]"
Add component (AddParameter): Name = "Voltage"; Value = ""; VariantName = "[No Variations]"
Added Component: Designator=C8(CERCAP 0402)
Add component (AddParameter): Name = "Diel"; Value = "X7R"; VariantName = "[No Variations]"
Add component (AddParameter): Name = "IsSMT"; Value = "NoSMT"; VariantName = "[No Variations]"
Add component (AddParameter): Name = "Value"; Value = "0.1uF"; VariantName = "[No Variations]"
Add component (AddParameter): Name = "Voltage"; Value = ""; VariantName = "[No Variations]"
Added Component: Designator=R1(RES 0402)
Add component (AddParameter): Name = "IsSMT"; Value = "NoSMT"; VariantName = "[No Variations]"
Add component (AddParameter): Name = "Value"; Value = "330"; VariantName = "[No Variations]"
Added Component: Designator=R2(RES 0402)
Add component (AddParameter): Name = "IsSMT"; Value = "NoSMT"; VariantName = "[No Variations]"
Add component (AddParameter): Name = "Value"; Value = "330"; VariantName = "[No Variations]"
Added Component: Designator=R3(RES 0402)
Add component (AddParameter): Name = "IsSMT"; Value = "NoSMT"; VariantName = "[No Variations]"
Add component (AddParameter): Name = "Value"; Value = "330"; VariantName = "[No Variations]"
Added Component: Designator=R4(RES 0402)
Add component (AddParameter): Name = "IsSMT"; Value = "NoSMT"; VariantName = "[No Variations]"
Add component (AddParameter): Name = "Value"; Value = "330"; VariantName = "[No Variations]"
Added Component: Designator=R5(RES 0402)
Add component (AddParameter): Name = "IsSMT"; Value = "NoSMT"; VariantName = "[No Variations]"
Add component (AddParameter): Name = "Value"; Value = "330"; VariantName = "[No Variations]"
Added Component: Designator=R6(RES 0402)
Add component (AddParameter): Name = "IsSMT"; Value = "NoSMT"; VariantName = "[No Variations]"
Add component (AddParameter): Name = "Value"; Value = "330"; VariantName = "[No Variations]"
Added Component: Designator=R7(RES 0402)
Add component (AddParameter): Name = "IsSMT"; Value = "NoSMT"; VariantName = "[No Variations]"
Add component (AddParameter): Name = "Value"; Value = "330"; VariantName = "[No Variations]"
Added Component: Designator=R8(RES 0402)
Add component (AddParameter): Name = "IsSMT"; Value = "NoSMT"; VariantName = "[No Variations]"
Add component (AddParameter): Name = "Value"; Value = "330"; VariantName = "[No Variations]"
Added Component: Designator=R9(RES 0402)
Add component (AddParameter): Name = "IsSMT"; Value = "NoSMT"; VariantName = "[No Variations]"
Add component (AddParameter): Name = "Value"; Value = "330"; VariantName = "[No Variations]"
Added Component: Designator=R10(RES 0402)
Add component (AddParameter): Name = "IsSMT"; Value = "NoSMT"; VariantName = "[No Variations]"
Add component (AddParameter): Name = "Value"; Value = "330"; VariantName = "[No Variations]"
Added Component: Designator=R11(RES 0402)
Add component (AddParameter): Name = "IsSMT"; Value = "NoSMT"; VariantName = "[No Variations]"
Add component (AddParameter): Name = "Value"; Value = "330"; VariantName = "[No Variations]"
Added Component: Designator=R12(RES 0402)
Add component (AddParameter): Name = "IsSMT"; Value = "NoSMT"; VariantName = "[No Variations]"
Add component (AddParameter): Name = "Value"; Value = "330"; VariantName = "[No Variations]"
Added Component: Designator=R13(RES 0402)
Add component (AddParameter): Name = "IsSMT"; Value = "NoSMT"; VariantName = "[No Variations]"
Add component (AddParameter): Name = "Value"; Value = ""; VariantName = "[No Variations]"
Added Component: Designator=R14(RES 0402)
Add component (AddParameter): Name = "IsSMT"; Value = "NoSMT"; VariantName = "[No Variations]"
Add component (AddParameter): Name = "Value"; Value = "330"; VariantName = "[No Variations]"
Added Component: Designator=R15(RES 0402)
Add component (AddParameter): Name = "IsSMT"; Value = "NoSMT"; VariantName = "[No Variations]"
Add component (AddParameter): Name = "Value"; Value = "X"; VariantName = "[No Variations]"
Added Component: Designator=R16(RES 0402)
Add component (AddParameter): Name = "IsSMT"; Value = "NoSMT"; VariantName = "[No Variations]"
Add component (AddParameter): Name = "Value"; Value = "X"; VariantName = "[No Variations]"
Added Component: Designator=R17(RES 0402)
Add component (AddParameter): Name = "IsSMT"; Value = "NoSMT"; VariantName = "[No Variations]"
Add component (AddParameter): Name = "Value"; Value = ""; VariantName = "[No Variations]"
Added Component: Designator=R18(RES 0402)
Add component (AddParameter): Name = "IsSMT"; Value = "NoSMT"; VariantName = "[No Variations]"
Add component (AddParameter): Name = "Value"; Value = ""; VariantName = "[No Variations]"
Added Component: Designator=R19(RES 0402)
Add component (AddParameter): Name = "IsSMT"; Value = "NoSMT"; VariantName = "[No Variations]"
Add component (AddParameter): Name = "Value"; Value = "330"; VariantName = "[No Variations]"
Added Component: Designator=R20(RES 0402)
Add component (AddParameter): Name = "IsSMT"; Value = "NoSMT"; VariantName = "[No Variations]"
Add component (AddParameter): Name = "Value"; Value = "X"; VariantName = "[No Variations]"
Added Component: Designator=R21(RES 0402)
Add component (AddParameter): Name = "IsSMT"; Value = "NoSMT"; VariantName = "[No Variations]"
Add component (AddParameter): Name = "Value"; Value = "X"; VariantName = "[No Variations]"
Added Component: Designator=R22(RES 0402)
Add component (AddParameter): Name = "IsSMT"; Value = "NoSMT"; VariantName = "[No Variations]"
Add component (AddParameter): Name = "Value"; Value = ""; VariantName = "[No Variations]"
Added Component: Designator=R24(RES 0402)
Add component (AddParameter): Name = "IsSMT"; Value = "NoSMT"; VariantName = "[No Variations]"
Add component (AddParameter): Name = "Value"; Value = "5.1k"; VariantName = "[No Variations]"
Added Component: Designator=R25(RES 0402)
Add component (AddParameter): Name = "IsSMT"; Value = "NoSMT"; VariantName = "[No Variations]"
Add component (AddParameter): Name = "Value"; Value = "5.1k"; VariantName = "[No Variations]"
Added Component: Designator=U1(SO-8)
Added Component: Designator=U2(SO-8)
Added Component: Designator=USB1(USB_Type-C)
Added Pin To Net: NetName=GND Pin=C5-1
Added Pin To Net: NetName=GND Pin=C6-1
Added Pin To Net: NetName=GND Pin=C7-1
Added Pin To Net: NetName=GND Pin=C8-1
Added Pin To Net: NetName=NetCPU1_55 Pin=R1-1
Added Pin To Net: NetName=NetCPU1_56 Pin=R2-1
Added Pin To Net: NetName=NetCPU1_86 Pin=R3-1
Added Pin To Net: NetName=NetCPU1_85 Pin=R4-1
Added Pin To Net: NetName=NetCPU1_32 Pin=R7-1
Added Pin To Net: NetName=NetCPU1_31 Pin=R8-1
Added Pin To Net: NetName=NetCPU1_34 Pin=R9-1
Added Pin To Net: NetName=NetCPU1_33 Pin=R10-1
Added Pin To Net: NetName=NetCPU1_22 Pin=R11-1
Added Pin To Net: NetName=NetCPU1_19 Pin=R12-1
Added Pin To Net: NetName=NetCPU1_83 Pin=R14-1
Added Pin To Net: NetName=NetCPU1_82 Pin=R15-1
Added Pin To Net: NetName=GND Pin=R16-1
Added Pin To Net: NetName=NetCPU1_82 Pin=R16-2
Added Pin To Net: NetName=NetCPU1_73 Pin=R19-1
Added Pin To Net: NetName=NetCPU1_72 Pin=R20-1
Added Pin To Net: NetName=GND Pin=R21-1
Added Pin To Net: NetName=NetCPU1_72 Pin=R21-2
Added Pin To Net: NetName=GND Pin=R24-1
Added Pin To Net: NetName=GND Pin=R25-1
Added Pin To Net: NetName=GND Pin=U1-2
Added Pin To Net: NetName=GND Pin=U2-2
Added Pin To Net: NetName=GND Pin=USB1-A1B12
Added Pin To Net: NetName=GND Pin=USB1-B1A12
Added Pin To Net: NetName=GND Pin=USB1-TH
Added Pin To Net: NetName=GND Pin=USB1-TH
Added Pin To Net: NetName=GND Pin=USB1-TH
Added Pin To Net: NetName=GND Pin=USB1-TH
Change Net Name : Old Net Name=NetC17_2 New Net Name=NetC9_2
Change Net Name : Old Net Name=NetR2_1 New Net Name=NetR23_1
Change Net Name : Old Net Name=NetR2_2 New Net Name=NetR23_2
Change Net Name : Old Net Name=NetU3_12 New Net Name=NetU4_12
Change Net Name : Old Net Name=NetU3_13 New Net Name=NetU4_13
Change Net Name : Old Net Name=NetU3_14 New Net Name=NetU4_14
Change Net Name : Old Net Name=NetU10_1 New Net Name=NetU3_1
Change Net Name : Old Net Name=NetU10_11 New Net Name=NetU3_11
Added Pin To Net: NetName=CAN_H_CAN_PHY1 Pin=R13-2
Added Pin To Net: NetName=CAN_H_CAN_PHY1 Pin=U1-7
Added Pin To Net: NetName=CAN_H_CAN_PHY1 Pin=X1-55
Added Net: Name=CAN_H_CAN_PHY1
Added Pin To Net: NetName=CAN_H_CAN_PHY2 Pin=R18-2
Added Pin To Net: NetName=CAN_H_CAN_PHY2 Pin=U2-7
Added Pin To Net: NetName=CAN_H_CAN_PHY2 Pin=X1-3
Added Net: Name=CAN_H_CAN_PHY2
Added Pin To Net: NetName=CAN_L_CAN_PHY1 Pin=R17-1
Added Pin To Net: NetName=CAN_L_CAN_PHY1 Pin=U1-6
Added Pin To Net: NetName=CAN_L_CAN_PHY1 Pin=X1-53
Added Net: Name=CAN_L_CAN_PHY1
Added Pin To Net: NetName=CAN_L_CAN_PHY2 Pin=R22-1
Added Pin To Net: NetName=CAN_L_CAN_PHY2 Pin=U2-6
Added Pin To Net: NetName=CAN_L_CAN_PHY2 Pin=X1-1
Added Net: Name=CAN_L_CAN_PHY2
Added Pin To Net: NetName=CAN_MP_CAN_PHY1 Pin=C6-2
Added Pin To Net: NetName=CAN_MP_CAN_PHY1 Pin=R13-1
Added Pin To Net: NetName=CAN_MP_CAN_PHY1 Pin=R17-2
Added Pin To Net: NetName=CAN_MP_CAN_PHY1 Pin=U1-5
Added Net: Name=CAN_MP_CAN_PHY1
Added Pin To Net: NetName=CAN_MP_CAN_PHY2 Pin=C8-2
Added Pin To Net: NetName=CAN_MP_CAN_PHY2 Pin=R18-1
Added Pin To Net: NetName=CAN_MP_CAN_PHY2 Pin=R22-2
Added Pin To Net: NetName=CAN_MP_CAN_PHY2 Pin=U2-5
Added Net: Name=CAN_MP_CAN_PHY2
Added Pin To Net: NetName=NetC5_2 Pin=C5-2
Added Pin To Net: NetName=NetC5_2 Pin=C7-2
Added Pin To Net: NetName=NetC5_2 Pin=U1-3
Added Pin To Net: NetName=NetC5_2 Pin=U2-3
Added Net: Name=NetC5_2
Added Pin To Net: NetName=NetCPU1_64 Pin=CPU1-64
Added Pin To Net: NetName=NetCPU1_64 Pin=R6-1
Added Net: Name=NetCPU1_64
Added Pin To Net: NetName=NetCPU1_65 Pin=CPU1-65
Added Pin To Net: NetName=NetCPU1_65 Pin=R5-1
Added Net: Name=NetCPU1_65
Added Pin To Net: NetName=NetR1_2 Pin=R1-2
Added Pin To Net: NetName=NetR1_2 Pin=X1-21
Added Net: Name=NetR1_2
Added Pin To Net: NetName=NetR2_2 Pin=R2-2
Added Pin To Net: NetName=NetR2_2 Pin=X1-23
Added Net: Name=NetR2_2
Added Pin To Net: NetName=NetR3_2 Pin=R3-2
Added Pin To Net: NetName=NetR3_2 Pin=X1-41
Added Net: Name=NetR3_2
Added Pin To Net: NetName=NetR4_2 Pin=R4-2
Added Pin To Net: NetName=NetR4_2 Pin=X1-43
Added Net: Name=NetR4_2
Added Pin To Net: NetName=NetR5_2 Pin=R5-2
Added Pin To Net: NetName=NetR5_2 Pin=X1-17
Added Net: Name=NetR5_2
Added Pin To Net: NetName=NetR6_2 Pin=R6-2
Added Pin To Net: NetName=NetR6_2 Pin=X1-18
Added Net: Name=NetR6_2
Added Pin To Net: NetName=NetR7_2 Pin=R7-2
Added Pin To Net: NetName=NetR7_2 Pin=X1-19
Added Net: Name=NetR7_2
Added Pin To Net: NetName=NetR8_2 Pin=R8-2
Added Pin To Net: NetName=NetR8_2 Pin=X1-20
Added Net: Name=NetR8_2
Added Pin To Net: NetName=NetR9_2 Pin=R9-2
Added Pin To Net: NetName=NetR9_2 Pin=X1-39
Added Net: Name=NetR9_2
Added Pin To Net: NetName=NetR10_2 Pin=R10-2
Added Pin To Net: NetName=NetR10_2 Pin=X1-40
Added Net: Name=NetR10_2
Added Pin To Net: NetName=NetR11_2 Pin=R11-2
Added Pin To Net: NetName=NetR11_2 Pin=X1-73
Added Net: Name=NetR11_2
Added Pin To Net: NetName=NetR12_2 Pin=R12-2
Added Pin To Net: NetName=NetR12_2 Pin=X1-74
Added Net: Name=NetR12_2
Added Pin To Net: NetName=NetR14_2 Pin=R14-2
Added Pin To Net: NetName=NetR14_2 Pin=U1-1
Added Net: Name=NetR14_2
Added Pin To Net: NetName=NetR15_2 Pin=R15-2
Added Pin To Net: NetName=NetR15_2 Pin=U1-4
Added Net: Name=NetR15_2
Added Pin To Net: NetName=NetR19_2 Pin=R19-2
Added Pin To Net: NetName=NetR19_2 Pin=U2-1
Added Net: Name=NetR19_2
Added Pin To Net: NetName=NetR20_2 Pin=R20-2
Added Pin To Net: NetName=NetR20_2 Pin=U2-4
Added Net: Name=NetR20_2
Added Pin To Net: NetName=NetR24_2 Pin=R24-2
Added Pin To Net: NetName=NetR24_2 Pin=USB1-A5
Added Net: Name=NetR24_2
Added Pin To Net: NetName=NetR25_2 Pin=R25-2
Added Pin To Net: NetName=NetR25_2 Pin=USB1-B5
Added Net: Name=NetR25_2
Added Pin To Net: NetName=NetU1_8 Pin=U1-8
Added Net: Name=NetU1_8
Added Pin To Net: NetName=NetU2_8 Pin=U2-8
Added Net: Name=NetU2_8
Added Pin To Net: NetName=NetUSB1_A4B9 Pin=USB1-A4B9
Added Pin To Net: NetName=NetUSB1_A4B9 Pin=USB1-B4A9
Added Net: Name=NetUSB1_A4B9
Added Pin To Net: NetName=USB_D_N Pin=CPU1-66
Added Pin To Net: NetName=USB_D_N Pin=USB1-A7
Added Pin To Net: NetName=USB_D_N Pin=USB1-B7
Added Net: Name=USB_D_N
Added Pin To Net: NetName=USB_D_P Pin=CPU1-67
Added Pin To Net: NetName=USB_D_P Pin=USB1-A6
Added Pin To Net: NetName=USB_D_P Pin=USB1-B6
Added Net: Name=USB_D_P
Added Class: Name=CAN_PHY1
Added Class: Name=CAN_PHY2
Added Class: Name=CAN_PHY
Added Room: Name=CAN_PHY1
Added Room: Name=CAN_PHY2
