Change Component Footprint: Designator=R32 Old Footprint=RES 0402 New Footprint=RES 0603
Change Component Footprint: Designator=R33 Old Footprint=RES 0402 New Footprint=RES 0603
Change Component Footprint: Designator=R34 Old Footprint=RES 0402 New Footprint=RES 0603
Change Component Footprint: Designator=R35 Old Footprint=RES 0402 New Footprint=RES 0603
Change Component Comment : Designator=R32 Old Comment=RES 0402 4.7k New Comment=RES 0603 4.7k
Change Component Comment : Designator=R33 Old Comment=RES 0402 4.7k New Comment=RES 0603 4.7k
Change Component Comment : Designator=R34 Old Comment=RES 0402 4.7k New Comment=RES 0603 4.7k
Change Component Comment : Designator=R35 Old Comment=RES 0402 4.7k New Comment=RES 0603 4.7k
Added Component: Designator=R?(RES 0402)
Add component (AddParameter): Name = "IsSMT"; Value = "NoSMT"; VariantName = "[No Variations]"
Add component (AddParameter): Name = "Value"; Value = "1M"; VariantName = "[No Variations]"
Added Component: Designator=R?(RES 0402)
Add component (AddParameter): Name = "IsSMT"; Value = "NoSMT"; VariantName = "[No Variations]"
Add component (AddParameter): Name = "Value"; Value = "1M"; VariantName = "[No Variations]"
Added Component: Designator=R?(RES 0402)
Add component (AddParameter): Name = "IsSMT"; Value = "NoSMT"; VariantName = "[No Variations]"
Add component (AddParameter): Name = "Value"; Value = "1M"; VariantName = "[No Variations]"
Added Component: Designator=R?(RES 0402)
Add component (AddParameter): Name = "IsSMT"; Value = "NoSMT"; VariantName = "[No Variations]"
Add component (AddParameter): Name = "Value"; Value = "1M"; VariantName = "[No Variations]"
Added Pin To Net: NetName=GND Pin=R?-1
Added Pin To Net: NetName=GND Pin=R?-1
Added Pin To Net: NetName=GND Pin=R?-1
Added Pin To Net: NetName=GND Pin=R?-1
Added Pin To Net: NetName=PIN1 Pin=R?-2
Added Net: Name=PIN1
Added Pin To Net: NetName=PIN2 Pin=R?-2
Added Net: Name=PIN2
Added Pin To Net: NetName=PIN3 Pin=R?-2
Added Net: Name=PIN3
Added Pin To Net: NetName=PIN4 Pin=R?-2
Added Net: Name=PIN4
