Added Component: Designator=microBus1_U_MikroBus2(MIKROBUS HOST)
Add component (AddParameter): Name = "IsSMT"; Value = "NoSMT"; VariantName = "[No Variations]"
Add component (AddParameter): Name = "Purpose"; Value = "Module?"; VariantName = "[No Variations]"
Added Pin To Net: NetName=GND Pin=microBus1_U_MikroBus2-8
Added Pin To Net: NetName=GND Pin=microBus1_U_MikroBus2-9
Added Pin To Net: NetName=NetmicroBus1_U_MikroBus2_1 Pin=microBus1_U_MikroBus2-1
Added Net: Name=NetmicroBus1_U_MikroBus2_1
Added Pin To Net: NetName=NetmicroBus1_U_MikroBus2_2 Pin=microBus1_U_MikroBus2-2
Added Net: Name=NetmicroBus1_U_MikroBus2_2
Added Pin To Net: NetName=NetmicroBus1_U_MikroBus2_3 Pin=microBus1_U_MikroBus2-3
Added Net: Name=NetmicroBus1_U_MikroBus2_3
Added Pin To Net: NetName=NetmicroBus1_U_MikroBus2_4 Pin=microBus1_U_MikroBus2-4
Added Net: Name=NetmicroBus1_U_MikroBus2_4
Added Pin To Net: NetName=NetmicroBus1_U_MikroBus2_5 Pin=microBus1_U_MikroBus2-5
Added Net: Name=NetmicroBus1_U_MikroBus2_5
Added Pin To Net: NetName=NetmicroBus1_U_MikroBus2_6 Pin=microBus1_U_MikroBus2-6
Added Net: Name=NetmicroBus1_U_MikroBus2_6
Added Pin To Net: NetName=NetmicroBus1_U_MikroBus2_7 Pin=microBus1_U_MikroBus2-7
Added Net: Name=NetmicroBus1_U_MikroBus2_7
Added Pin To Net: NetName=NetmicroBus1_U_MikroBus2_10 Pin=microBus1_U_MikroBus2-10
Added Net: Name=NetmicroBus1_U_MikroBus2_10
Added Pin To Net: NetName=NetmicroBus1_U_MikroBus2_11 Pin=microBus1_U_MikroBus2-11
Added Net: Name=NetmicroBus1_U_MikroBus2_11
Added Pin To Net: NetName=NetmicroBus1_U_MikroBus2_12 Pin=microBus1_U_MikroBus2-12
Added Net: Name=NetmicroBus1_U_MikroBus2_12
Added Pin To Net: NetName=NetmicroBus1_U_MikroBus2_13 Pin=microBus1_U_MikroBus2-13
Added Net: Name=NetmicroBus1_U_MikroBus2_13
Added Pin To Net: NetName=NetmicroBus1_U_MikroBus2_14 Pin=microBus1_U_MikroBus2-14
Added Net: Name=NetmicroBus1_U_MikroBus2_14
Added Pin To Net: NetName=NetmicroBus1_U_MikroBus2_15 Pin=microBus1_U_MikroBus2-15
Added Net: Name=NetmicroBus1_U_MikroBus2_15
Added Pin To Net: NetName=NetmicroBus1_U_MikroBus2_16 Pin=microBus1_U_MikroBus2-16
Added Net: Name=NetmicroBus1_U_MikroBus2_16
Added Class: Name=MikroBus
