Change Component Physical Designator: Old Designator=C5 New Designator=C9
Change Component Physical Designator: Old Designator=C6 New Designator=C10
Change Component Physical Designator: Old Designator=C7 New Designator=C11
Change Component Physical Designator: Old Designator=C8 New Designator=C12
Change Component Physical Designator: Old Designator=C9_CAN_PHY1 New Designator=C5
Change Component Physical Designator: Old Designator=C9_CAN_PHY2 New Designator=C7
Change Component Physical Designator: Old Designator=C10_CAN_PHY1 New Designator=C6
Change Component Physical Designator: Old Designator=C10_CAN_PHY2 New Designator=C8
Change Component Physical Designator: Old Designator=R13 New Designator=R23
Change Component Physical Designator: Old Designator=R14_CAN_PHY1 New Designator=R13
Change Component Physical Designator: Old Designator=R14_CAN_PHY2 New Designator=R18
Change Component Physical Designator: Old Designator=R15_CAN_PHY1 New Designator=R14
Change Component Physical Designator: Old Designator=R15_CAN_PHY2 New Designator=R19
Change Component Physical Designator: Old Designator=R16_CAN_PHY1 New Designator=R15
Change Component Physical Designator: Old Designator=R16_CAN_PHY2 New Designator=R20
Change Component Physical Designator: Old Designator=R17_CAN_PHY1 New Designator=R16
Change Component Physical Designator: Old Designator=R17_CAN_PHY2 New Designator=R21
Change Component Physical Designator: Old Designator=R18_CAN_PHY1 New Designator=R17
Change Component Physical Designator: Old Designator=R18_CAN_PHY2 New Designator=R22
Change Component Physical Designator: Old Designator=R23 New Designator=R24
Change Component Physical Designator: Old Designator=R24 New Designator=R25
Change Component Physical Designator: Old Designator=U1 New Designator=U3
Change Component Physical Designator: Old Designator=U2 New Designator=U4
Change Component Physical Designator: Old Designator=U3_CAN_PHY1 New Designator=U1
Change Component Physical Designator: Old Designator=U3_CAN_PHY2 New Designator=U2
